[3.184s] Invoking command in '/home/iartes/marvinAutonomousTester/ros2_marvin/src/topic_to_terminal': PYTHONPATH=/home/iartes/marvinAutonomousTester/build/topic_to_terminal/prefix_override:/home/iartes/marvinAutonomousTester/install/topic_to_terminal/lib/python3.10/site-packages:${PYTHONPATH} /usr/bin/python3 -W ignore:setup.py install is deprecated setup.py egg_info --egg-base ../../../build/topic_to_terminal build --build-base /home/iartes/marvinAutonomousTester/build/topic_to_terminal/build install --record /home/iartes/marvinAutonomousTester/build/topic_to_terminal/install.log --single-version-externally-managed install_data
[3.565s] running egg_info
[3.565s] creating ../../../build/topic_to_terminal/topic_to_terminal.egg-info
[3.578s] writing ../../../build/topic_to_terminal/topic_to_terminal.egg-info/PKG-INFO
[3.578s] writing dependency_links to ../../../build/topic_to_terminal/topic_to_terminal.egg-info/dependency_links.txt
[3.578s] writing entry points to ../../../build/topic_to_terminal/topic_to_terminal.egg-info/entry_points.txt
[3.578s] writing requirements to ../../../build/topic_to_terminal/topic_to_terminal.egg-info/requires.txt
[3.578s] writing top-level names to ../../../build/topic_to_terminal/topic_to_terminal.egg-info/top_level.txt
[3.579s] writing manifest file '../../../build/topic_to_terminal/topic_to_terminal.egg-info/SOURCES.txt'
[3.606s] reading manifest file '../../../build/topic_to_terminal/topic_to_terminal.egg-info/SOURCES.txt'
[3.607s] writing manifest file '../../../build/topic_to_terminal/topic_to_terminal.egg-info/SOURCES.txt'
[3.607s] running build
[3.607s] running build_py
[3.607s] creating /home/iartes/marvinAutonomousTester/build/topic_to_terminal/build
[3.607s] creating /home/iartes/marvinAutonomousTester/build/topic_to_terminal/build/lib
[3.607s] creating /home/iartes/marvinAutonomousTester/build/topic_to_terminal/build/lib/topic_to_terminal
[3.608s] copying topic_to_terminal/__init__.py -> /home/iartes/marvinAutonomousTester/build/topic_to_terminal/build/lib/topic_to_terminal
[3.608s] copying topic_to_terminal/node_to_terminal.py -> /home/iartes/marvinAutonomousTester/build/topic_to_terminal/build/lib/topic_to_terminal
[3.609s] running install
[3.614s] running install_lib
[3.630s] creating /home/iartes/marvinAutonomousTester/install/topic_to_terminal/lib/python3.10/site-packages/topic_to_terminal
[3.630s] copying /home/iartes/marvinAutonomousTester/build/topic_to_terminal/build/lib/topic_to_terminal/__init__.py -> /home/iartes/marvinAutonomousTester/install/topic_to_terminal/lib/python3.10/site-packages/topic_to_terminal
[3.631s] copying /home/iartes/marvinAutonomousTester/build/topic_to_terminal/build/lib/topic_to_terminal/node_to_terminal.py -> /home/iartes/marvinAutonomousTester/install/topic_to_terminal/lib/python3.10/site-packages/topic_to_terminal
[3.632s] byte-compiling /home/iartes/marvinAutonomousTester/install/topic_to_terminal/lib/python3.10/site-packages/topic_to_terminal/__init__.py to __init__.cpython-310.pyc
[3.633s] byte-compiling /home/iartes/marvinAutonomousTester/install/topic_to_terminal/lib/python3.10/site-packages/topic_to_terminal/node_to_terminal.py to node_to_terminal.cpython-310.pyc
[3.633s] running install_data
[3.634s] creating /home/iartes/marvinAutonomousTester/install/topic_to_terminal/share/ament_index
[3.634s] creating /home/iartes/marvinAutonomousTester/install/topic_to_terminal/share/ament_index/resource_index
[3.635s] creating /home/iartes/marvinAutonomousTester/install/topic_to_terminal/share/ament_index/resource_index/packages
[3.635s] copying resource/topic_to_terminal -> /home/iartes/marvinAutonomousTester/install/topic_to_terminal/share/ament_index/resource_index/packages
[3.636s] copying package.xml -> /home/iartes/marvinAutonomousTester/install/topic_to_terminal/share/topic_to_terminal
[3.637s] running install_egg_info
[3.652s] Copying ../../../build/topic_to_terminal/topic_to_terminal.egg-info to /home/iartes/marvinAutonomousTester/install/topic_to_terminal/lib/python3.10/site-packages/topic_to_terminal-0.0.0-py3.10.egg-info
[3.652s] running install_scripts
[3.961s] Installing terminal_sub script to /home/iartes/marvinAutonomousTester/install/topic_to_terminal/lib/topic_to_terminal
[3.961s] writing list of installed files to '/home/iartes/marvinAutonomousTester/build/topic_to_terminal/install.log'
[3.984s] Invoked command in '/home/iartes/marvinAutonomousTester/ros2_marvin/src/topic_to_terminal' returned '0': PYTHONPATH=/home/iartes/marvinAutonomousTester/build/topic_to_terminal/prefix_override:/home/iartes/marvinAutonomousTester/install/topic_to_terminal/lib/python3.10/site-packages:${PYTHONPATH} /usr/bin/python3 -W ignore:setup.py install is deprecated setup.py egg_info --egg-base ../../../build/topic_to_terminal build --build-base /home/iartes/marvinAutonomousTester/build/topic_to_terminal/build install --record /home/iartes/marvinAutonomousTester/build/topic_to_terminal/install.log --single-version-externally-managed install_data
