[0.976s] Invoking command in '/home/debora/IARTES/ProjFinal/ros2_marvin/src/mqtt_publish': PYTHONPATH=/home/debora/IARTES/ProjFinal/ros2_marvin/build/mqtt_publish/prefix_override:/home/debora/IARTES/ProjFinal/ros2_marvin/install/mqtt_publish/lib/python3.10/site-packages:${PYTHONPATH} /usr/bin/python3 -W ignore:setup.py install is deprecated setup.py egg_info --egg-base ../../build/mqtt_publish build --build-base /home/debora/IARTES/ProjFinal/ros2_marvin/build/mqtt_publish/build install --record /home/debora/IARTES/ProjFinal/ros2_marvin/build/mqtt_publish/install.log --single-version-externally-managed install_data
[1.198s] running egg_info
[1.214s] writing ../../build/mqtt_publish/mqtt_publish.egg-info/PKG-INFO
[1.215s] writing dependency_links to ../../build/mqtt_publish/mqtt_publish.egg-info/dependency_links.txt
[1.216s] writing entry points to ../../build/mqtt_publish/mqtt_publish.egg-info/entry_points.txt
[1.216s] writing requirements to ../../build/mqtt_publish/mqtt_publish.egg-info/requires.txt
[1.216s] writing top-level names to ../../build/mqtt_publish/mqtt_publish.egg-info/top_level.txt
[1.250s] reading manifest file '../../build/mqtt_publish/mqtt_publish.egg-info/SOURCES.txt'
[1.251s] writing manifest file '../../build/mqtt_publish/mqtt_publish.egg-info/SOURCES.txt'
[1.251s] running build
[1.252s] running build_py
[1.252s] copying mqtt_publish/__init__.py -> /home/debora/IARTES/ProjFinal/ros2_marvin/build/mqtt_publish/build/lib/mqtt_publish
[1.252s] copying mqtt_publish/mqtt_pub.py -> /home/debora/IARTES/ProjFinal/ros2_marvin/build/mqtt_publish/build/lib/mqtt_publish
[1.252s] running install
[1.257s] running install_lib
[1.276s] running install_data
[1.276s] copying resource/mqtt_publish -> /home/debora/IARTES/ProjFinal/ros2_marvin/install/mqtt_publish/share/ament_index/resource_index/packages
[1.277s] copying package.xml -> /home/debora/IARTES/ProjFinal/ros2_marvin/install/mqtt_publish/share/mqtt_publish
[1.277s] running install_egg_info
[1.302s] removing '/home/debora/IARTES/ProjFinal/ros2_marvin/install/mqtt_publish/lib/python3.10/site-packages/mqtt_publish-0.0.0-py3.10.egg-info' (and everything under it)
[1.302s] Copying ../../build/mqtt_publish/mqtt_publish.egg-info to /home/debora/IARTES/ProjFinal/ros2_marvin/install/mqtt_publish/lib/python3.10/site-packages/mqtt_publish-0.0.0-py3.10.egg-info
[1.303s] running install_scripts
[1.446s] Installing mqtt_publish script to /home/debora/IARTES/ProjFinal/ros2_marvin/install/mqtt_publish/lib/mqtt_publish
[1.447s] writing list of installed files to '/home/debora/IARTES/ProjFinal/ros2_marvin/build/mqtt_publish/install.log'
[1.486s] Invoked command in '/home/debora/IARTES/ProjFinal/ros2_marvin/src/mqtt_publish' returned '0': PYTHONPATH=/home/debora/IARTES/ProjFinal/ros2_marvin/build/mqtt_publish/prefix_override:/home/debora/IARTES/ProjFinal/ros2_marvin/install/mqtt_publish/lib/python3.10/site-packages:${PYTHONPATH} /usr/bin/python3 -W ignore:setup.py install is deprecated setup.py egg_info --egg-base ../../build/mqtt_publish build --build-base /home/debora/IARTES/ProjFinal/ros2_marvin/build/mqtt_publish/build install --record /home/debora/IARTES/ProjFinal/ros2_marvin/build/mqtt_publish/install.log --single-version-externally-managed install_data
