[0.450s] Invoking command in '/home/debora/IARTES/ProjFinal/ros2_marvin/src/build/marvin_description': CMAKE_PREFIX_PATH=${CMAKE_PREFIX_PATH}:/home/debora/ROS2Curso/ros2_ws/install/my_py_pkg:/home/debora/ws_moveit/install/moveit_configs_utils:/home/debora/install/moveit_configs_utils:/opt/ros/humble /usr/bin/cmake /home/debora/IARTES/ProjFinal/ros2_marvin/src/marvin_description -DCMAKE_INSTALL_PREFIX=/home/debora/IARTES/ProjFinal/ros2_marvin/src/install/marvin_description
[0.721s] -- The C compiler identification is GNU 11.4.0
[1.090s] -- The CXX compiler identification is GNU 11.4.0
[1.115s] -- Detecting C compiler ABI info
[1.278s] -- Detecting C compiler ABI info - done
[1.285s] -- Check for working C compiler: /usr/bin/cc - skipped
[1.285s] -- Detecting C compile features
[1.286s] -- Detecting C compile features - done
[1.293s] -- Detecting CXX compiler ABI info
[1.493s] -- Detecting CXX compiler ABI info - done
[1.503s] -- Check for working CXX compiler: /usr/bin/c++ - skipped
[1.503s] -- Detecting CXX compile features
[1.503s] -- Detecting CXX compile features - done
[1.537s] -- Found ament_cmake: 1.3.8 (/opt/ros/humble/share/ament_cmake/cmake)
[2.144s] -- Found Python3: /usr/bin/python3 (found version "3.10.12") found components: Interpreter 
[2.846s] -- Configuring done
[2.849s] -- Generating done
[2.851s] -- Build files have been written to: /home/debora/IARTES/ProjFinal/ros2_marvin/src/build/marvin_description
[2.868s] Invoked command in '/home/debora/IARTES/ProjFinal/ros2_marvin/src/build/marvin_description' returned '0': CMAKE_PREFIX_PATH=${CMAKE_PREFIX_PATH}:/home/debora/ROS2Curso/ros2_ws/install/my_py_pkg:/home/debora/ws_moveit/install/moveit_configs_utils:/home/debora/install/moveit_configs_utils:/opt/ros/humble /usr/bin/cmake /home/debora/IARTES/ProjFinal/ros2_marvin/src/marvin_description -DCMAKE_INSTALL_PREFIX=/home/debora/IARTES/ProjFinal/ros2_marvin/src/install/marvin_description
[2.869s] Invoking command in '/home/debora/IARTES/ProjFinal/ros2_marvin/src/build/marvin_description': CMAKE_PREFIX_PATH=${CMAKE_PREFIX_PATH}:/home/debora/ROS2Curso/ros2_ws/install/my_py_pkg:/home/debora/ws_moveit/install/moveit_configs_utils:/home/debora/install/moveit_configs_utils:/opt/ros/humble /usr/bin/cmake --build /home/debora/IARTES/ProjFinal/ros2_marvin/src/build/marvin_description -- -j4 -l4
[2.958s] Invoked command in '/home/debora/IARTES/ProjFinal/ros2_marvin/src/build/marvin_description' returned '0': CMAKE_PREFIX_PATH=${CMAKE_PREFIX_PATH}:/home/debora/ROS2Curso/ros2_ws/install/my_py_pkg:/home/debora/ws_moveit/install/moveit_configs_utils:/home/debora/install/moveit_configs_utils:/opt/ros/humble /usr/bin/cmake --build /home/debora/IARTES/ProjFinal/ros2_marvin/src/build/marvin_description -- -j4 -l4
[3.061s] Invoking command in '/home/debora/IARTES/ProjFinal/ros2_marvin/src/build/marvin_description': CMAKE_PREFIX_PATH=${CMAKE_PREFIX_PATH}:/home/debora/ROS2Curso/ros2_ws/install/my_py_pkg:/home/debora/ws_moveit/install/moveit_configs_utils:/home/debora/install/moveit_configs_utils:/opt/ros/humble /usr/bin/cmake --install /home/debora/IARTES/ProjFinal/ros2_marvin/src/build/marvin_description
[3.079s] -- Install configuration: ""
[3.080s] -- Installing: /home/debora/IARTES/ProjFinal/ros2_marvin/src/install/marvin_description/share/marvin_description/urdf
[3.080s] -- Installing: /home/debora/IARTES/ProjFinal/ros2_marvin/src/install/marvin_description/share/marvin_description/urdf/marvin.urdf
[3.080s] -- Installing: /home/debora/IARTES/ProjFinal/ros2_marvin/src/install/marvin_description/share/marvin_description/launch
[3.080s] -- Installing: /home/debora/IARTES/ProjFinal/ros2_marvin/src/install/marvin_description/share/marvin_description/launch/display.launch.xml
[3.080s] -- Installing: /home/debora/IARTES/ProjFinal/ros2_marvin/src/install/marvin_description/share/ament_index/resource_index/package_run_dependencies/marvin_description
[3.080s] -- Installing: /home/debora/IARTES/ProjFinal/ros2_marvin/src/install/marvin_description/share/ament_index/resource_index/parent_prefix_path/marvin_description
[3.080s] -- Installing: /home/debora/IARTES/ProjFinal/ros2_marvin/src/install/marvin_description/share/marvin_description/environment/ament_prefix_path.sh
[3.080s] -- Installing: /home/debora/IARTES/ProjFinal/ros2_marvin/src/install/marvin_description/share/marvin_description/environment/ament_prefix_path.dsv
[3.081s] -- Installing: /home/debora/IARTES/ProjFinal/ros2_marvin/src/install/marvin_description/share/marvin_description/environment/path.sh
[3.081s] -- Installing: /home/debora/IARTES/ProjFinal/ros2_marvin/src/install/marvin_description/share/marvin_description/environment/path.dsv
[3.081s] -- Installing: /home/debora/IARTES/ProjFinal/ros2_marvin/src/install/marvin_description/share/marvin_description/local_setup.bash
[3.081s] -- Installing: /home/debora/IARTES/ProjFinal/ros2_marvin/src/install/marvin_description/share/marvin_description/local_setup.sh
[3.081s] -- Installing: /home/debora/IARTES/ProjFinal/ros2_marvin/src/install/marvin_description/share/marvin_description/local_setup.zsh
[3.081s] -- Installing: /home/debora/IARTES/ProjFinal/ros2_marvin/src/install/marvin_description/share/marvin_description/local_setup.dsv
[3.082s] -- Installing: /home/debora/IARTES/ProjFinal/ros2_marvin/src/install/marvin_description/share/marvin_description/package.dsv
[3.082s] -- Installing: /home/debora/IARTES/ProjFinal/ros2_marvin/src/install/marvin_description/share/ament_index/resource_index/packages/marvin_description
[3.082s] -- Installing: /home/debora/IARTES/ProjFinal/ros2_marvin/src/install/marvin_description/share/marvin_description/cmake/marvin_descriptionConfig.cmake
[3.082s] -- Installing: /home/debora/IARTES/ProjFinal/ros2_marvin/src/install/marvin_description/share/marvin_description/cmake/marvin_descriptionConfig-version.cmake
[3.082s] -- Installing: /home/debora/IARTES/ProjFinal/ros2_marvin/src/install/marvin_description/share/marvin_description/package.xml
[3.090s] Invoked command in '/home/debora/IARTES/ProjFinal/ros2_marvin/src/build/marvin_description' returned '0': CMAKE_PREFIX_PATH=${CMAKE_PREFIX_PATH}:/home/debora/ROS2Curso/ros2_ws/install/my_py_pkg:/home/debora/ws_moveit/install/moveit_configs_utils:/home/debora/install/moveit_configs_utils:/opt/ros/humble /usr/bin/cmake --install /home/debora/IARTES/ProjFinal/ros2_marvin/src/build/marvin_description
