running egg_info
writing ../../build/action_robo_v1/action_robo_v1.egg-info/PKG-INFO
writing dependency_links to ../../build/action_robo_v1/action_robo_v1.egg-info/dependency_links.txt
writing entry points to ../../build/action_robo_v1/action_robo_v1.egg-info/entry_points.txt
writing requirements to ../../build/action_robo_v1/action_robo_v1.egg-info/requires.txt
writing top-level names to ../../build/action_robo_v1/action_robo_v1.egg-info/top_level.txt
reading manifest file '../../build/action_robo_v1/action_robo_v1.egg-info/SOURCES.txt'
adding license file 'LICENSE'
writing manifest file '../../build/action_robo_v1/action_robo_v1.egg-info/SOURCES.txt'
running build
running build_py
copying action_robo_v1/__init__.py -> /home/iartes/marvinAutonomousTester/build/action_robo_v1/build/lib/action_robo_v1
copying action_robo_v1/robo_action_server.py -> /home/iartes/marvinAutonomousTester/build/action_robo_v1/build/lib/action_robo_v1
copying action_robo_v1/robo_action_client.py -> /home/iartes/marvinAutonomousTester/build/action_robo_v1/build/lib/action_robo_v1
running install
running install_lib
running install_data
copying resource/action_robo_v1 -> /home/iartes/marvinAutonomousTester/install/action_robo_v1/share/ament_index/resource_index/packages
copying package.xml -> /home/iartes/marvinAutonomousTester/install/action_robo_v1/share/action_robo_v1
running install_egg_info
removing '/home/iartes/marvinAutonomousTester/install/action_robo_v1/lib/python3.10/site-packages/action_robo_v1-0.0.0-py3.10.egg-info' (and everything under it)
Copying ../../build/action_robo_v1/action_robo_v1.egg-info to /home/iartes/marvinAutonomousTester/install/action_robo_v1/lib/python3.10/site-packages/action_robo_v1-0.0.0-py3.10.egg-info
running install_scripts
Installing robo_action_client script to /home/iartes/marvinAutonomousTester/install/action_robo_v1/lib/action_robo_v1
Installing robo_action_server script to /home/iartes/marvinAutonomousTester/install/action_robo_v1/lib/action_robo_v1
writing list of installed files to '/home/iartes/marvinAutonomousTester/build/action_robo_v1/install.log'
