[0.105s] DEBUG:colcon:Command line arguments: ['/usr/bin/colcon', 'build']
[0.106s] DEBUG:colcon:Parsed command line arguments: Namespace(log_base=None, log_level=None, verb_name='build', build_base='build', install_base='install', merge_install=False, symlink_install=False, test_result_base=None, continue_on_error=False, executor='parallel', parallel_workers=4, event_handlers=None, ignore_user_meta=False, metas=['./colcon.meta'], base_paths=['.'], packages_ignore=None, packages_ignore_regex=None, paths=None, packages_up_to=None, packages_up_to_regex=None, packages_above=None, packages_above_and_dependencies=None, packages_above_depth=None, packages_select_by_dep=None, packages_skip_by_dep=None, packages_skip_up_to=None, packages_select_build_failed=False, packages_skip_build_finished=False, packages_select_test_failures=False, packages_skip_test_passed=False, packages_select=None, packages_skip=None, packages_select_regex=None, packages_skip_regex=None, packages_start=None, packages_end=None, allow_overriding=[], cmake_args=None, cmake_target=None, cmake_target_skip_unavailable=False, cmake_clean_cache=False, cmake_clean_first=False, cmake_force_configure=False, ament_cmake_args=None, catkin_cmake_args=None, catkin_skip_building_tests=False, mixin_files=None, mixin=None, verb_parser=<colcon_mixin.mixin.mixin_argument.MixinArgumentDecorator object at 0x7a7ec31609a0>, verb_extension=<colcon_core.verb.build.BuildVerb object at 0x7a7ec312bcd0>, main=<bound method BuildVerb.main of <colcon_core.verb.build.BuildVerb object at 0x7a7ec312bcd0>>, mixin_verb=('build',))
[0.146s] Level 1:colcon.colcon_core.package_discovery:discover_packages(colcon_meta) check parameters
[0.146s] Level 1:colcon.colcon_core.package_discovery:discover_packages(recursive) check parameters
[0.146s] Level 1:colcon.colcon_core.package_discovery:discover_packages(ignore) check parameters
[0.146s] Level 1:colcon.colcon_core.package_discovery:discover_packages(path) check parameters
[0.146s] Level 1:colcon.colcon_core.package_discovery:discover_packages(colcon_meta) discover
[0.146s] Level 1:colcon.colcon_core.package_discovery:discover_packages(recursive) discover
[0.146s] INFO:colcon.colcon_core.package_discovery:Crawling recursively for packages in '/home/debora/IARTES/ProjFinal/ros2_marvin'
[0.146s] Level 1:colcon.colcon_core.package_identification:_identify(.) by extensions ['ignore', 'ignore_ament_install']
[0.146s] Level 1:colcon.colcon_core.package_identification:_identify(.) by extension 'ignore'
[0.146s] Level 1:colcon.colcon_core.package_identification:_identify(.) by extension 'ignore_ament_install'
[0.146s] Level 1:colcon.colcon_core.package_identification:_identify(.) by extensions ['colcon_pkg']
[0.147s] Level 1:colcon.colcon_core.package_identification:_identify(.) by extension 'colcon_pkg'
[0.147s] Level 1:colcon.colcon_core.package_identification:_identify(.) by extensions ['colcon_meta']
[0.147s] Level 1:colcon.colcon_core.package_identification:_identify(.) by extension 'colcon_meta'
[0.147s] Level 1:colcon.colcon_core.package_identification:_identify(.) by extensions ['ros']
[0.147s] Level 1:colcon.colcon_core.package_identification:_identify(.) by extension 'ros'
[0.162s] Level 1:colcon.colcon_core.package_identification:_identify(.) by extensions ['cmake', 'python']
[0.162s] Level 1:colcon.colcon_core.package_identification:_identify(.) by extension 'cmake'
[0.162s] Level 1:colcon.colcon_core.package_identification:_identify(.) by extension 'python'
[0.162s] Level 1:colcon.colcon_core.package_identification:_identify(.) by extensions ['python_setup_py']
[0.162s] Level 1:colcon.colcon_core.package_identification:_identify(.) by extension 'python_setup_py'
[0.163s] Level 1:colcon.colcon_core.package_identification:_identify(build) by extensions ['ignore', 'ignore_ament_install']
[0.163s] Level 1:colcon.colcon_core.package_identification:_identify(build) by extension 'ignore'
[0.163s] Level 1:colcon.colcon_core.package_identification:_identify(build) ignored
[0.163s] Level 1:colcon.colcon_core.package_identification:_identify(install) by extensions ['ignore', 'ignore_ament_install']
[0.163s] Level 1:colcon.colcon_core.package_identification:_identify(install) by extension 'ignore'
[0.163s] Level 1:colcon.colcon_core.package_identification:_identify(install) ignored
[0.163s] Level 1:colcon.colcon_core.package_identification:_identify(log) by extensions ['ignore', 'ignore_ament_install']
[0.163s] Level 1:colcon.colcon_core.package_identification:_identify(log) by extension 'ignore'
[0.163s] Level 1:colcon.colcon_core.package_identification:_identify(log) ignored
[0.163s] Level 1:colcon.colcon_core.package_identification:_identify(src) by extensions ['ignore', 'ignore_ament_install']
[0.163s] Level 1:colcon.colcon_core.package_identification:_identify(src) by extension 'ignore'
[0.163s] Level 1:colcon.colcon_core.package_identification:_identify(src) by extension 'ignore_ament_install'
[0.163s] Level 1:colcon.colcon_core.package_identification:_identify(src) by extensions ['colcon_pkg']
[0.163s] Level 1:colcon.colcon_core.package_identification:_identify(src) by extension 'colcon_pkg'
[0.163s] Level 1:colcon.colcon_core.package_identification:_identify(src) by extensions ['colcon_meta']
[0.163s] Level 1:colcon.colcon_core.package_identification:_identify(src) by extension 'colcon_meta'
[0.163s] Level 1:colcon.colcon_core.package_identification:_identify(src) by extensions ['ros']
[0.163s] Level 1:colcon.colcon_core.package_identification:_identify(src) by extension 'ros'
[0.163s] Level 1:colcon.colcon_core.package_identification:_identify(src) by extensions ['cmake', 'python']
[0.163s] Level 1:colcon.colcon_core.package_identification:_identify(src) by extension 'cmake'
[0.163s] Level 1:colcon.colcon_core.package_identification:_identify(src) by extension 'python'
[0.163s] Level 1:colcon.colcon_core.package_identification:_identify(src) by extensions ['python_setup_py']
[0.164s] Level 1:colcon.colcon_core.package_identification:_identify(src) by extension 'python_setup_py'
[0.164s] Level 1:colcon.colcon_core.package_identification:_identify(src/marvin_bringup) by extensions ['ignore', 'ignore_ament_install']
[0.164s] Level 1:colcon.colcon_core.package_identification:_identify(src/marvin_bringup) by extension 'ignore'
[0.164s] Level 1:colcon.colcon_core.package_identification:_identify(src/marvin_bringup) by extension 'ignore_ament_install'
[0.164s] Level 1:colcon.colcon_core.package_identification:_identify(src/marvin_bringup) by extensions ['colcon_pkg']
[0.164s] Level 1:colcon.colcon_core.package_identification:_identify(src/marvin_bringup) by extension 'colcon_pkg'
[0.164s] Level 1:colcon.colcon_core.package_identification:_identify(src/marvin_bringup) by extensions ['colcon_meta']
[0.164s] Level 1:colcon.colcon_core.package_identification:_identify(src/marvin_bringup) by extension 'colcon_meta'
[0.164s] Level 1:colcon.colcon_core.package_identification:_identify(src/marvin_bringup) by extensions ['ros']
[0.164s] Level 1:colcon.colcon_core.package_identification:_identify(src/marvin_bringup) by extension 'ros'
[0.166s] DEBUG:colcon.colcon_core.package_identification:Package 'src/marvin_bringup' with type 'ros.ament_cmake' and name 'marvin_bringup'
[0.167s] Level 1:colcon.colcon_core.package_identification:_identify(src/marvin_description) by extensions ['ignore', 'ignore_ament_install']
[0.167s] Level 1:colcon.colcon_core.package_identification:_identify(src/marvin_description) by extension 'ignore'
[0.167s] Level 1:colcon.colcon_core.package_identification:_identify(src/marvin_description) by extension 'ignore_ament_install'
[0.167s] Level 1:colcon.colcon_core.package_identification:_identify(src/marvin_description) by extensions ['colcon_pkg']
[0.167s] Level 1:colcon.colcon_core.package_identification:_identify(src/marvin_description) by extension 'colcon_pkg'
[0.167s] Level 1:colcon.colcon_core.package_identification:_identify(src/marvin_description) by extensions ['colcon_meta']
[0.167s] Level 1:colcon.colcon_core.package_identification:_identify(src/marvin_description) by extension 'colcon_meta'
[0.167s] Level 1:colcon.colcon_core.package_identification:_identify(src/marvin_description) by extensions ['ros']
[0.167s] Level 1:colcon.colcon_core.package_identification:_identify(src/marvin_description) by extension 'ros'
[0.168s] DEBUG:colcon.colcon_core.package_identification:Package 'src/marvin_description' with type 'ros.ament_cmake' and name 'marvin_description'
[0.168s] Level 1:colcon.colcon_core.package_identification:_identify(src/mqtt_publish) by extensions ['ignore', 'ignore_ament_install']
[0.168s] Level 1:colcon.colcon_core.package_identification:_identify(src/mqtt_publish) by extension 'ignore'
[0.168s] Level 1:colcon.colcon_core.package_identification:_identify(src/mqtt_publish) by extension 'ignore_ament_install'
[0.168s] Level 1:colcon.colcon_core.package_identification:_identify(src/mqtt_publish) by extensions ['colcon_pkg']
[0.168s] Level 1:colcon.colcon_core.package_identification:_identify(src/mqtt_publish) by extension 'colcon_pkg'
[0.168s] Level 1:colcon.colcon_core.package_identification:_identify(src/mqtt_publish) by extensions ['colcon_meta']
[0.168s] Level 1:colcon.colcon_core.package_identification:_identify(src/mqtt_publish) by extension 'colcon_meta'
[0.168s] Level 1:colcon.colcon_core.package_identification:_identify(src/mqtt_publish) by extensions ['ros']
[0.168s] Level 1:colcon.colcon_core.package_identification:_identify(src/mqtt_publish) by extension 'ros'
[0.168s] DEBUG:colcon.colcon_core.package_identification:Package 'src/mqtt_publish' with type 'ros.ament_python' and name 'mqtt_publish'
[0.168s] Level 1:colcon.colcon_core.package_identification:_identify(src/topic_to_terminal) by extensions ['ignore', 'ignore_ament_install']
[0.169s] Level 1:colcon.colcon_core.package_identification:_identify(src/topic_to_terminal) by extension 'ignore'
[0.169s] Level 1:colcon.colcon_core.package_identification:_identify(src/topic_to_terminal) by extension 'ignore_ament_install'
[0.169s] Level 1:colcon.colcon_core.package_identification:_identify(src/topic_to_terminal) by extensions ['colcon_pkg']
[0.169s] Level 1:colcon.colcon_core.package_identification:_identify(src/topic_to_terminal) by extension 'colcon_pkg'
[0.169s] Level 1:colcon.colcon_core.package_identification:_identify(src/topic_to_terminal) by extensions ['colcon_meta']
[0.169s] Level 1:colcon.colcon_core.package_identification:_identify(src/topic_to_terminal) by extension 'colcon_meta'
[0.169s] Level 1:colcon.colcon_core.package_identification:_identify(src/topic_to_terminal) by extensions ['ros']
[0.169s] Level 1:colcon.colcon_core.package_identification:_identify(src/topic_to_terminal) by extension 'ros'
[0.169s] DEBUG:colcon.colcon_core.package_identification:Package 'src/topic_to_terminal' with type 'ros.ament_python' and name 'topic_to_terminal'
[0.169s] Level 1:colcon.colcon_core.package_discovery:discover_packages(recursive) using defaults
[0.170s] Level 1:colcon.colcon_core.package_discovery:discover_packages(ignore) discover
[0.170s] Level 1:colcon.colcon_core.package_discovery:discover_packages(ignore) using defaults
[0.170s] Level 1:colcon.colcon_core.package_discovery:discover_packages(path) discover
[0.170s] Level 1:colcon.colcon_core.package_discovery:discover_packages(path) using defaults
[0.191s] Level 1:colcon.colcon_core.package_discovery:discover_packages(prefix_path) check parameters
[0.191s] Level 1:colcon.colcon_core.package_discovery:discover_packages(prefix_path) discover
[0.196s] DEBUG:colcon.colcon_installed_package_information.package_discovery:Found 4 installed packages in /home/debora/IARTES/ProjFinal/ros2_marvin/install
[0.197s] DEBUG:colcon.colcon_installed_package_information.package_discovery:Found 45 installed packages in /home/debora/install
[0.199s] DEBUG:colcon.colcon_installed_package_information.package_discovery:Found 69 installed packages in /home/debora/ws_moveit/install
[0.201s] DEBUG:colcon.colcon_installed_package_information.package_discovery:Found 3 installed packages in /home/debora/ROS2Curso/ros2_ws/install
[0.202s] DEBUG:colcon.colcon_installed_package_information.package_discovery:Found 342 installed packages in /opt/ros/humble
[0.204s] Level 1:colcon.colcon_core.package_discovery:discover_packages(prefix_path) using defaults
[0.251s] Level 5:colcon.colcon_core.verb:set package 'marvin_description' build argument 'cmake_args' from command line to 'None'
[0.251s] Level 5:colcon.colcon_core.verb:set package 'marvin_description' build argument 'cmake_target' from command line to 'None'
[0.251s] Level 5:colcon.colcon_core.verb:set package 'marvin_description' build argument 'cmake_target_skip_unavailable' from command line to 'False'
[0.251s] Level 5:colcon.colcon_core.verb:set package 'marvin_description' build argument 'cmake_clean_cache' from command line to 'False'
[0.251s] Level 5:colcon.colcon_core.verb:set package 'marvin_description' build argument 'cmake_clean_first' from command line to 'False'
[0.251s] Level 5:colcon.colcon_core.verb:set package 'marvin_description' build argument 'cmake_force_configure' from command line to 'False'
[0.251s] Level 5:colcon.colcon_core.verb:set package 'marvin_description' build argument 'ament_cmake_args' from command line to 'None'
[0.251s] Level 5:colcon.colcon_core.verb:set package 'marvin_description' build argument 'catkin_cmake_args' from command line to 'None'
[0.251s] Level 5:colcon.colcon_core.verb:set package 'marvin_description' build argument 'catkin_skip_building_tests' from command line to 'False'
[0.251s] DEBUG:colcon.colcon_core.verb:Building package 'marvin_description' with the following arguments: {'ament_cmake_args': None, 'build_base': '/home/debora/IARTES/ProjFinal/ros2_marvin/build/marvin_description', 'catkin_cmake_args': None, 'catkin_skip_building_tests': False, 'cmake_args': None, 'cmake_clean_cache': False, 'cmake_clean_first': False, 'cmake_force_configure': False, 'cmake_target': None, 'cmake_target_skip_unavailable': False, 'install_base': '/home/debora/IARTES/ProjFinal/ros2_marvin/install/marvin_description', 'merge_install': False, 'path': '/home/debora/IARTES/ProjFinal/ros2_marvin/src/marvin_description', 'symlink_install': False, 'test_result_base': None}
[0.251s] Level 5:colcon.colcon_core.verb:set package 'mqtt_publish' build argument 'cmake_args' from command line to 'None'
[0.251s] Level 5:colcon.colcon_core.verb:set package 'mqtt_publish' build argument 'cmake_target' from command line to 'None'
[0.251s] Level 5:colcon.colcon_core.verb:set package 'mqtt_publish' build argument 'cmake_target_skip_unavailable' from command line to 'False'
[0.251s] Level 5:colcon.colcon_core.verb:set package 'mqtt_publish' build argument 'cmake_clean_cache' from command line to 'False'
[0.251s] Level 5:colcon.colcon_core.verb:set package 'mqtt_publish' build argument 'cmake_clean_first' from command line to 'False'
[0.251s] Level 5:colcon.colcon_core.verb:set package 'mqtt_publish' build argument 'cmake_force_configure' from command line to 'False'
[0.251s] Level 5:colcon.colcon_core.verb:set package 'mqtt_publish' build argument 'ament_cmake_args' from command line to 'None'
[0.251s] Level 5:colcon.colcon_core.verb:set package 'mqtt_publish' build argument 'catkin_cmake_args' from command line to 'None'
[0.251s] Level 5:colcon.colcon_core.verb:set package 'mqtt_publish' build argument 'catkin_skip_building_tests' from command line to 'False'
[0.251s] DEBUG:colcon.colcon_core.verb:Building package 'mqtt_publish' with the following arguments: {'ament_cmake_args': None, 'build_base': '/home/debora/IARTES/ProjFinal/ros2_marvin/build/mqtt_publish', 'catkin_cmake_args': None, 'catkin_skip_building_tests': False, 'cmake_args': None, 'cmake_clean_cache': False, 'cmake_clean_first': False, 'cmake_force_configure': False, 'cmake_target': None, 'cmake_target_skip_unavailable': False, 'install_base': '/home/debora/IARTES/ProjFinal/ros2_marvin/install/mqtt_publish', 'merge_install': False, 'path': '/home/debora/IARTES/ProjFinal/ros2_marvin/src/mqtt_publish', 'symlink_install': False, 'test_result_base': None}
[0.252s] Level 5:colcon.colcon_core.verb:set package 'topic_to_terminal' build argument 'cmake_args' from command line to 'None'
[0.252s] Level 5:colcon.colcon_core.verb:set package 'topic_to_terminal' build argument 'cmake_target' from command line to 'None'
[0.252s] Level 5:colcon.colcon_core.verb:set package 'topic_to_terminal' build argument 'cmake_target_skip_unavailable' from command line to 'False'
[0.252s] Level 5:colcon.colcon_core.verb:set package 'topic_to_terminal' build argument 'cmake_clean_cache' from command line to 'False'
[0.252s] Level 5:colcon.colcon_core.verb:set package 'topic_to_terminal' build argument 'cmake_clean_first' from command line to 'False'
[0.252s] Level 5:colcon.colcon_core.verb:set package 'topic_to_terminal' build argument 'cmake_force_configure' from command line to 'False'
[0.252s] Level 5:colcon.colcon_core.verb:set package 'topic_to_terminal' build argument 'ament_cmake_args' from command line to 'None'
[0.252s] Level 5:colcon.colcon_core.verb:set package 'topic_to_terminal' build argument 'catkin_cmake_args' from command line to 'None'
[0.252s] Level 5:colcon.colcon_core.verb:set package 'topic_to_terminal' build argument 'catkin_skip_building_tests' from command line to 'False'
[0.252s] DEBUG:colcon.colcon_core.verb:Building package 'topic_to_terminal' with the following arguments: {'ament_cmake_args': None, 'build_base': '/home/debora/IARTES/ProjFinal/ros2_marvin/build/topic_to_terminal', 'catkin_cmake_args': None, 'catkin_skip_building_tests': False, 'cmake_args': None, 'cmake_clean_cache': False, 'cmake_clean_first': False, 'cmake_force_configure': False, 'cmake_target': None, 'cmake_target_skip_unavailable': False, 'install_base': '/home/debora/IARTES/ProjFinal/ros2_marvin/install/topic_to_terminal', 'merge_install': False, 'path': '/home/debora/IARTES/ProjFinal/ros2_marvin/src/topic_to_terminal', 'symlink_install': False, 'test_result_base': None}
[0.252s] Level 5:colcon.colcon_core.verb:set package 'marvin_bringup' build argument 'cmake_args' from command line to 'None'
[0.252s] Level 5:colcon.colcon_core.verb:set package 'marvin_bringup' build argument 'cmake_target' from command line to 'None'
[0.252s] Level 5:colcon.colcon_core.verb:set package 'marvin_bringup' build argument 'cmake_target_skip_unavailable' from command line to 'False'
[0.252s] Level 5:colcon.colcon_core.verb:set package 'marvin_bringup' build argument 'cmake_clean_cache' from command line to 'False'
[0.252s] Level 5:colcon.colcon_core.verb:set package 'marvin_bringup' build argument 'cmake_clean_first' from command line to 'False'
[0.252s] Level 5:colcon.colcon_core.verb:set package 'marvin_bringup' build argument 'cmake_force_configure' from command line to 'False'
[0.252s] Level 5:colcon.colcon_core.verb:set package 'marvin_bringup' build argument 'ament_cmake_args' from command line to 'None'
[0.252s] Level 5:colcon.colcon_core.verb:set package 'marvin_bringup' build argument 'catkin_cmake_args' from command line to 'None'
[0.252s] Level 5:colcon.colcon_core.verb:set package 'marvin_bringup' build argument 'catkin_skip_building_tests' from command line to 'False'
[0.252s] DEBUG:colcon.colcon_core.verb:Building package 'marvin_bringup' with the following arguments: {'ament_cmake_args': None, 'build_base': '/home/debora/IARTES/ProjFinal/ros2_marvin/build/marvin_bringup', 'catkin_cmake_args': None, 'catkin_skip_building_tests': False, 'cmake_args': None, 'cmake_clean_cache': False, 'cmake_clean_first': False, 'cmake_force_configure': False, 'cmake_target': None, 'cmake_target_skip_unavailable': False, 'install_base': '/home/debora/IARTES/ProjFinal/ros2_marvin/install/marvin_bringup', 'merge_install': False, 'path': '/home/debora/IARTES/ProjFinal/ros2_marvin/src/marvin_bringup', 'symlink_install': False, 'test_result_base': None}
[0.252s] INFO:colcon.colcon_core.executor:Executing jobs using 'parallel' executor
[0.254s] DEBUG:colcon.colcon_parallel_executor.executor.parallel:run_until_complete
[0.254s] INFO:colcon.colcon_ros.task.ament_python.build:Building ROS package in '/home/debora/IARTES/ProjFinal/ros2_marvin/src/mqtt_publish' with build type 'ament_python'
[0.254s] Level 1:colcon.colcon_core.shell:create_environment_hook('mqtt_publish', 'ament_prefix_path')
[0.256s] INFO:colcon.colcon_core.plugin_system:Skipping extension 'colcon_core.shell.bat': Not used on non-Windows systems
[0.256s] INFO:colcon.colcon_core.shell:Creating environment hook '/home/debora/IARTES/ProjFinal/ros2_marvin/install/mqtt_publish/share/mqtt_publish/hook/ament_prefix_path.ps1'
[0.257s] INFO:colcon.colcon_core.shell:Creating environment descriptor '/home/debora/IARTES/ProjFinal/ros2_marvin/install/mqtt_publish/share/mqtt_publish/hook/ament_prefix_path.dsv'
[0.258s] INFO:colcon.colcon_core.shell:Creating environment hook '/home/debora/IARTES/ProjFinal/ros2_marvin/install/mqtt_publish/share/mqtt_publish/hook/ament_prefix_path.sh'
[0.259s] INFO:colcon.colcon_core.shell:Skip shell extension 'powershell' for command environment: Not usable outside of PowerShell
[0.259s] DEBUG:colcon.colcon_core.shell:Skip shell extension 'dsv' for command environment
[0.271s] INFO:colcon.colcon_ros.task.ament_python.build:Building ROS package in '/home/debora/IARTES/ProjFinal/ros2_marvin/src/topic_to_terminal' with build type 'ament_python'
[0.271s] Level 1:colcon.colcon_core.shell:create_environment_hook('topic_to_terminal', 'ament_prefix_path')
[0.271s] INFO:colcon.colcon_core.shell:Creating environment hook '/home/debora/IARTES/ProjFinal/ros2_marvin/install/topic_to_terminal/share/topic_to_terminal/hook/ament_prefix_path.ps1'
[0.272s] INFO:colcon.colcon_core.shell:Creating environment descriptor '/home/debora/IARTES/ProjFinal/ros2_marvin/install/topic_to_terminal/share/topic_to_terminal/hook/ament_prefix_path.dsv'
[0.273s] INFO:colcon.colcon_core.shell:Creating environment hook '/home/debora/IARTES/ProjFinal/ros2_marvin/install/topic_to_terminal/share/topic_to_terminal/hook/ament_prefix_path.sh'
[0.273s] INFO:colcon.colcon_core.shell:Skip shell extension 'powershell' for command environment: Not usable outside of PowerShell
[0.273s] DEBUG:colcon.colcon_core.shell:Skip shell extension 'dsv' for command environment
[0.287s] INFO:colcon.colcon_ros.task.ament_cmake.build:Building ROS package in '/home/debora/IARTES/ProjFinal/ros2_marvin/src/marvin_description' with build type 'ament_cmake'
[0.287s] INFO:colcon.colcon_cmake.task.cmake.build:Building CMake package in '/home/debora/IARTES/ProjFinal/ros2_marvin/src/marvin_description'
[0.288s] INFO:colcon.colcon_core.shell:Skip shell extension 'powershell' for command environment: Not usable outside of PowerShell
[0.288s] DEBUG:colcon.colcon_core.shell:Skip shell extension 'dsv' for command environment
[0.487s] INFO:colcon.colcon_core.task.python.build:Building Python package in '/home/debora/IARTES/ProjFinal/ros2_marvin/src/mqtt_publish'
[0.487s] INFO:colcon.colcon_core.shell:Skip shell extension 'powershell' for command environment: Not usable outside of PowerShell
[0.487s] DEBUG:colcon.colcon_core.shell:Skip shell extension 'dsv' for command environment
[0.676s] INFO:colcon.colcon_core.task.python.build:Building Python package in '/home/debora/IARTES/ProjFinal/ros2_marvin/src/topic_to_terminal'
[0.677s] INFO:colcon.colcon_core.shell:Skip shell extension 'powershell' for command environment: Not usable outside of PowerShell
[0.677s] DEBUG:colcon.colcon_core.shell:Skip shell extension 'dsv' for command environment
[0.690s] DEBUG:colcon.colcon_core.event_handler.log_command:Invoking command in '/home/debora/IARTES/ProjFinal/ros2_marvin/build/marvin_description': CMAKE_PREFIX_PATH=${CMAKE_PREFIX_PATH}:/home/debora/IARTES/ProjFinal/ros2_marvin/install/topic_to_terminal:/home/debora/IARTES/ProjFinal/ros2_marvin/install/mqtt_publish:/home/debora/ROS2Curso/ros2_ws/install/my_py_pkg:/home/debora/ws_moveit/install/moveit_configs_utils:/home/debora/install/moveit_configs_utils:/opt/ros/humble /usr/bin/cmake --build /home/debora/IARTES/ProjFinal/ros2_marvin/build/marvin_description -- -j4 -l4
[0.759s] DEBUG:colcon.colcon_core.event_handler.log_command:Invoked command in '/home/debora/IARTES/ProjFinal/ros2_marvin/build/marvin_description' returned '0': CMAKE_PREFIX_PATH=${CMAKE_PREFIX_PATH}:/home/debora/IARTES/ProjFinal/ros2_marvin/install/topic_to_terminal:/home/debora/IARTES/ProjFinal/ros2_marvin/install/mqtt_publish:/home/debora/ROS2Curso/ros2_ws/install/my_py_pkg:/home/debora/ws_moveit/install/moveit_configs_utils:/home/debora/install/moveit_configs_utils:/opt/ros/humble /usr/bin/cmake --build /home/debora/IARTES/ProjFinal/ros2_marvin/build/marvin_description -- -j4 -l4
[0.842s] DEBUG:colcon.colcon_core.event_handler.log_command:Invoking command in '/home/debora/IARTES/ProjFinal/ros2_marvin/build/marvin_description': CMAKE_PREFIX_PATH=${CMAKE_PREFIX_PATH}:/home/debora/IARTES/ProjFinal/ros2_marvin/install/topic_to_terminal:/home/debora/IARTES/ProjFinal/ros2_marvin/install/mqtt_publish:/home/debora/ROS2Curso/ros2_ws/install/my_py_pkg:/home/debora/ws_moveit/install/moveit_configs_utils:/home/debora/install/moveit_configs_utils:/opt/ros/humble /usr/bin/cmake --install /home/debora/IARTES/ProjFinal/ros2_marvin/build/marvin_description
[0.858s] Level 1:colcon.colcon_core.environment:create_environment_scripts_only(marvin_description)
[0.859s] DEBUG:colcon.colcon_core.event_handler.log_command:Invoked command in '/home/debora/IARTES/ProjFinal/ros2_marvin/build/marvin_description' returned '0': CMAKE_PREFIX_PATH=${CMAKE_PREFIX_PATH}:/home/debora/IARTES/ProjFinal/ros2_marvin/install/topic_to_terminal:/home/debora/IARTES/ProjFinal/ros2_marvin/install/mqtt_publish:/home/debora/ROS2Curso/ros2_ws/install/my_py_pkg:/home/debora/ws_moveit/install/moveit_configs_utils:/home/debora/install/moveit_configs_utils:/opt/ros/humble /usr/bin/cmake --install /home/debora/IARTES/ProjFinal/ros2_marvin/build/marvin_description
[0.862s] Level 1:colcon.colcon_core.environment:checking '/home/debora/IARTES/ProjFinal/ros2_marvin/install/marvin_description' for CMake module files
[0.862s] Level 1:colcon.colcon_core.environment:checking '/home/debora/IARTES/ProjFinal/ros2_marvin/install/marvin_description' for CMake config files
[0.862s] Level 1:colcon.colcon_core.shell:create_environment_hook('marvin_description', 'cmake_prefix_path')
[0.862s] INFO:colcon.colcon_core.shell:Creating environment hook '/home/debora/IARTES/ProjFinal/ros2_marvin/install/marvin_description/share/marvin_description/hook/cmake_prefix_path.ps1'
[0.863s] INFO:colcon.colcon_core.shell:Creating environment descriptor '/home/debora/IARTES/ProjFinal/ros2_marvin/install/marvin_description/share/marvin_description/hook/cmake_prefix_path.dsv'
[0.864s] INFO:colcon.colcon_core.shell:Creating environment hook '/home/debora/IARTES/ProjFinal/ros2_marvin/install/marvin_description/share/marvin_description/hook/cmake_prefix_path.sh'
[0.864s] Level 1:colcon.colcon_core.environment:checking '/home/debora/IARTES/ProjFinal/ros2_marvin/install/marvin_description/bin'
[0.864s] Level 1:colcon.colcon_core.environment:checking '/home/debora/IARTES/ProjFinal/ros2_marvin/install/marvin_description/lib/pkgconfig/marvin_description.pc'
[0.865s] Level 1:colcon.colcon_core.environment:checking '/home/debora/IARTES/ProjFinal/ros2_marvin/install/marvin_description/lib/python3.10/site-packages'
[0.865s] Level 1:colcon.colcon_core.environment:checking '/home/debora/IARTES/ProjFinal/ros2_marvin/install/marvin_description/bin'
[0.865s] INFO:colcon.colcon_core.shell:Creating package script '/home/debora/IARTES/ProjFinal/ros2_marvin/install/marvin_description/share/marvin_description/package.ps1'
[0.866s] INFO:colcon.colcon_core.shell:Creating package descriptor '/home/debora/IARTES/ProjFinal/ros2_marvin/install/marvin_description/share/marvin_description/package.dsv'
[0.867s] INFO:colcon.colcon_core.shell:Creating package script '/home/debora/IARTES/ProjFinal/ros2_marvin/install/marvin_description/share/marvin_description/package.sh'
[0.867s] INFO:colcon.colcon_core.shell:Creating package script '/home/debora/IARTES/ProjFinal/ros2_marvin/install/marvin_description/share/marvin_description/package.bash'
[0.868s] INFO:colcon.colcon_core.shell:Creating package script '/home/debora/IARTES/ProjFinal/ros2_marvin/install/marvin_description/share/marvin_description/package.zsh'
[0.869s] Level 1:colcon.colcon_core.environment:create_file_with_runtime_dependencies(/home/debora/IARTES/ProjFinal/ros2_marvin/install/marvin_description/share/colcon-core/packages/marvin_description)
[0.917s] Level 1:colcon.colcon_core.environment:create_environment_scripts_only(marvin_description)
[0.917s] Level 1:colcon.colcon_core.environment:checking '/home/debora/IARTES/ProjFinal/ros2_marvin/install/marvin_description' for CMake module files
[0.917s] Level 1:colcon.colcon_core.environment:checking '/home/debora/IARTES/ProjFinal/ros2_marvin/install/marvin_description' for CMake config files
[0.918s] Level 1:colcon.colcon_core.shell:create_environment_hook('marvin_description', 'cmake_prefix_path')
[0.918s] INFO:colcon.colcon_core.shell:Creating environment hook '/home/debora/IARTES/ProjFinal/ros2_marvin/install/marvin_description/share/marvin_description/hook/cmake_prefix_path.ps1'
[0.918s] INFO:colcon.colcon_core.shell:Creating environment descriptor '/home/debora/IARTES/ProjFinal/ros2_marvin/install/marvin_description/share/marvin_description/hook/cmake_prefix_path.dsv'
[0.919s] INFO:colcon.colcon_core.shell:Creating environment hook '/home/debora/IARTES/ProjFinal/ros2_marvin/install/marvin_description/share/marvin_description/hook/cmake_prefix_path.sh'
[0.919s] Level 1:colcon.colcon_core.environment:checking '/home/debora/IARTES/ProjFinal/ros2_marvin/install/marvin_description/bin'
[0.919s] Level 1:colcon.colcon_core.environment:checking '/home/debora/IARTES/ProjFinal/ros2_marvin/install/marvin_description/lib/pkgconfig/marvin_description.pc'
[0.920s] Level 1:colcon.colcon_core.environment:checking '/home/debora/IARTES/ProjFinal/ros2_marvin/install/marvin_description/lib/python3.10/site-packages'
[0.920s] Level 1:colcon.colcon_core.environment:checking '/home/debora/IARTES/ProjFinal/ros2_marvin/install/marvin_description/bin'
[0.920s] INFO:colcon.colcon_core.shell:Creating package script '/home/debora/IARTES/ProjFinal/ros2_marvin/install/marvin_description/share/marvin_description/package.ps1'
[0.921s] INFO:colcon.colcon_core.shell:Creating package descriptor '/home/debora/IARTES/ProjFinal/ros2_marvin/install/marvin_description/share/marvin_description/package.dsv'
[0.921s] INFO:colcon.colcon_core.shell:Creating package script '/home/debora/IARTES/ProjFinal/ros2_marvin/install/marvin_description/share/marvin_description/package.sh'
[0.922s] INFO:colcon.colcon_core.shell:Creating package script '/home/debora/IARTES/ProjFinal/ros2_marvin/install/marvin_description/share/marvin_description/package.bash'
[0.923s] INFO:colcon.colcon_core.shell:Creating package script '/home/debora/IARTES/ProjFinal/ros2_marvin/install/marvin_description/share/marvin_description/package.zsh'
[0.923s] Level 1:colcon.colcon_core.environment:create_file_with_runtime_dependencies(/home/debora/IARTES/ProjFinal/ros2_marvin/install/marvin_description/share/colcon-core/packages/marvin_description)
[1.309s] DEBUG:colcon.colcon_core.event_handler.log_command:Invoking command in '/home/debora/IARTES/ProjFinal/ros2_marvin/src/topic_to_terminal': PYTHONPATH=/home/debora/IARTES/ProjFinal/ros2_marvin/build/topic_to_terminal/prefix_override:/home/debora/IARTES/ProjFinal/ros2_marvin/install/topic_to_terminal/lib/python3.10/site-packages:${PYTHONPATH} /usr/bin/python3 -W ignore:setup.py install is deprecated setup.py egg_info --egg-base ../../build/topic_to_terminal build --build-base /home/debora/IARTES/ProjFinal/ros2_marvin/build/topic_to_terminal/build install --record /home/debora/IARTES/ProjFinal/ros2_marvin/build/topic_to_terminal/install.log --single-version-externally-managed install_data
[1.310s] DEBUG:colcon.colcon_core.event_handler.log_command:Invoking command in '/home/debora/IARTES/ProjFinal/ros2_marvin/src/mqtt_publish': PYTHONPATH=/home/debora/IARTES/ProjFinal/ros2_marvin/build/mqtt_publish/prefix_override:/home/debora/IARTES/ProjFinal/ros2_marvin/install/mqtt_publish/lib/python3.10/site-packages:${PYTHONPATH} /usr/bin/python3 -W ignore:setup.py install is deprecated setup.py egg_info --egg-base ../../build/mqtt_publish build --build-base /home/debora/IARTES/ProjFinal/ros2_marvin/build/mqtt_publish/build install --record /home/debora/IARTES/ProjFinal/ros2_marvin/build/mqtt_publish/install.log --single-version-externally-managed install_data
[1.837s] Level 1:colcon.colcon_core.environment:checking '/home/debora/IARTES/ProjFinal/ros2_marvin/install/topic_to_terminal' for CMake module files
[1.838s] DEBUG:colcon.colcon_core.event_handler.log_command:Invoked command in '/home/debora/IARTES/ProjFinal/ros2_marvin/src/topic_to_terminal' returned '0': PYTHONPATH=/home/debora/IARTES/ProjFinal/ros2_marvin/build/topic_to_terminal/prefix_override:/home/debora/IARTES/ProjFinal/ros2_marvin/install/topic_to_terminal/lib/python3.10/site-packages:${PYTHONPATH} /usr/bin/python3 -W ignore:setup.py install is deprecated setup.py egg_info --egg-base ../../build/topic_to_terminal build --build-base /home/debora/IARTES/ProjFinal/ros2_marvin/build/topic_to_terminal/build install --record /home/debora/IARTES/ProjFinal/ros2_marvin/build/topic_to_terminal/install.log --single-version-externally-managed install_data
[1.838s] Level 1:colcon.colcon_core.environment:checking '/home/debora/IARTES/ProjFinal/ros2_marvin/install/topic_to_terminal' for CMake config files
[1.839s] Level 1:colcon.colcon_core.environment:checking '/home/debora/IARTES/ProjFinal/ros2_marvin/install/topic_to_terminal/lib'
[1.839s] Level 1:colcon.colcon_core.environment:checking '/home/debora/IARTES/ProjFinal/ros2_marvin/install/topic_to_terminal/bin'
[1.839s] Level 1:colcon.colcon_core.environment:checking '/home/debora/IARTES/ProjFinal/ros2_marvin/install/topic_to_terminal/lib/pkgconfig/topic_to_terminal.pc'
[1.839s] Level 1:colcon.colcon_core.environment:checking '/home/debora/IARTES/ProjFinal/ros2_marvin/install/topic_to_terminal/lib/python3.10/site-packages'
[1.839s] Level 1:colcon.colcon_core.shell:create_environment_hook('topic_to_terminal', 'pythonpath')
[1.839s] INFO:colcon.colcon_core.shell:Creating environment hook '/home/debora/IARTES/ProjFinal/ros2_marvin/install/topic_to_terminal/share/topic_to_terminal/hook/pythonpath.ps1'
[1.840s] INFO:colcon.colcon_core.shell:Creating environment descriptor '/home/debora/IARTES/ProjFinal/ros2_marvin/install/topic_to_terminal/share/topic_to_terminal/hook/pythonpath.dsv'
[1.841s] INFO:colcon.colcon_core.shell:Creating environment hook '/home/debora/IARTES/ProjFinal/ros2_marvin/install/topic_to_terminal/share/topic_to_terminal/hook/pythonpath.sh'
[1.841s] Level 1:colcon.colcon_core.environment:checking '/home/debora/IARTES/ProjFinal/ros2_marvin/install/topic_to_terminal/bin'
[1.841s] Level 1:colcon.colcon_core.environment:create_environment_scripts_only(topic_to_terminal)
[1.842s] INFO:colcon.colcon_core.shell:Creating package script '/home/debora/IARTES/ProjFinal/ros2_marvin/install/topic_to_terminal/share/topic_to_terminal/package.ps1'
[1.842s] INFO:colcon.colcon_core.shell:Creating package descriptor '/home/debora/IARTES/ProjFinal/ros2_marvin/install/topic_to_terminal/share/topic_to_terminal/package.dsv'
[1.843s] INFO:colcon.colcon_core.shell:Creating package script '/home/debora/IARTES/ProjFinal/ros2_marvin/install/topic_to_terminal/share/topic_to_terminal/package.sh'
[1.843s] INFO:colcon.colcon_core.shell:Creating package script '/home/debora/IARTES/ProjFinal/ros2_marvin/install/topic_to_terminal/share/topic_to_terminal/package.bash'
[1.844s] INFO:colcon.colcon_core.shell:Creating package script '/home/debora/IARTES/ProjFinal/ros2_marvin/install/topic_to_terminal/share/topic_to_terminal/package.zsh'
[1.844s] Level 1:colcon.colcon_core.environment:create_file_with_runtime_dependencies(/home/debora/IARTES/ProjFinal/ros2_marvin/install/topic_to_terminal/share/colcon-core/packages/topic_to_terminal)
[1.857s] Level 1:colcon.colcon_core.environment:checking '/home/debora/IARTES/ProjFinal/ros2_marvin/install/mqtt_publish' for CMake module files
[1.857s] DEBUG:colcon.colcon_core.event_handler.log_command:Invoked command in '/home/debora/IARTES/ProjFinal/ros2_marvin/src/mqtt_publish' returned '0': PYTHONPATH=/home/debora/IARTES/ProjFinal/ros2_marvin/build/mqtt_publish/prefix_override:/home/debora/IARTES/ProjFinal/ros2_marvin/install/mqtt_publish/lib/python3.10/site-packages:${PYTHONPATH} /usr/bin/python3 -W ignore:setup.py install is deprecated setup.py egg_info --egg-base ../../build/mqtt_publish build --build-base /home/debora/IARTES/ProjFinal/ros2_marvin/build/mqtt_publish/build install --record /home/debora/IARTES/ProjFinal/ros2_marvin/build/mqtt_publish/install.log --single-version-externally-managed install_data
[1.858s] Level 1:colcon.colcon_core.environment:checking '/home/debora/IARTES/ProjFinal/ros2_marvin/install/mqtt_publish' for CMake config files
[1.858s] Level 1:colcon.colcon_core.environment:checking '/home/debora/IARTES/ProjFinal/ros2_marvin/install/mqtt_publish/lib'
[1.858s] Level 1:colcon.colcon_core.environment:checking '/home/debora/IARTES/ProjFinal/ros2_marvin/install/mqtt_publish/bin'
[1.858s] Level 1:colcon.colcon_core.environment:checking '/home/debora/IARTES/ProjFinal/ros2_marvin/install/mqtt_publish/lib/pkgconfig/mqtt_publish.pc'
[1.858s] Level 1:colcon.colcon_core.environment:checking '/home/debora/IARTES/ProjFinal/ros2_marvin/install/mqtt_publish/lib/python3.10/site-packages'
[1.858s] Level 1:colcon.colcon_core.shell:create_environment_hook('mqtt_publish', 'pythonpath')
[1.859s] INFO:colcon.colcon_core.shell:Creating environment hook '/home/debora/IARTES/ProjFinal/ros2_marvin/install/mqtt_publish/share/mqtt_publish/hook/pythonpath.ps1'
[1.859s] INFO:colcon.colcon_core.shell:Creating environment descriptor '/home/debora/IARTES/ProjFinal/ros2_marvin/install/mqtt_publish/share/mqtt_publish/hook/pythonpath.dsv'
[1.860s] INFO:colcon.colcon_core.shell:Creating environment hook '/home/debora/IARTES/ProjFinal/ros2_marvin/install/mqtt_publish/share/mqtt_publish/hook/pythonpath.sh'
[1.861s] Level 1:colcon.colcon_core.environment:checking '/home/debora/IARTES/ProjFinal/ros2_marvin/install/mqtt_publish/bin'
[1.861s] Level 1:colcon.colcon_core.environment:create_environment_scripts_only(mqtt_publish)
[1.861s] INFO:colcon.colcon_core.shell:Creating package script '/home/debora/IARTES/ProjFinal/ros2_marvin/install/mqtt_publish/share/mqtt_publish/package.ps1'
[1.862s] INFO:colcon.colcon_core.shell:Creating package descriptor '/home/debora/IARTES/ProjFinal/ros2_marvin/install/mqtt_publish/share/mqtt_publish/package.dsv'
[1.862s] INFO:colcon.colcon_core.shell:Creating package script '/home/debora/IARTES/ProjFinal/ros2_marvin/install/mqtt_publish/share/mqtt_publish/package.sh'
[1.863s] INFO:colcon.colcon_core.shell:Creating package script '/home/debora/IARTES/ProjFinal/ros2_marvin/install/mqtt_publish/share/mqtt_publish/package.bash'
[1.863s] INFO:colcon.colcon_core.shell:Creating package script '/home/debora/IARTES/ProjFinal/ros2_marvin/install/mqtt_publish/share/mqtt_publish/package.zsh'
[1.863s] Level 1:colcon.colcon_core.environment:create_file_with_runtime_dependencies(/home/debora/IARTES/ProjFinal/ros2_marvin/install/mqtt_publish/share/colcon-core/packages/mqtt_publish)
[1.864s] INFO:colcon.colcon_ros.task.ament_cmake.build:Building ROS package in '/home/debora/IARTES/ProjFinal/ros2_marvin/src/marvin_bringup' with build type 'ament_cmake'
[1.864s] INFO:colcon.colcon_cmake.task.cmake.build:Building CMake package in '/home/debora/IARTES/ProjFinal/ros2_marvin/src/marvin_bringup'
[1.864s] INFO:colcon.colcon_core.shell:Skip shell extension 'powershell' for command environment: Not usable outside of PowerShell
[1.864s] DEBUG:colcon.colcon_core.shell:Skip shell extension 'dsv' for command environment
[1.895s] DEBUG:colcon.colcon_core.event_handler.log_command:Invoking command in '/home/debora/IARTES/ProjFinal/ros2_marvin/build/marvin_bringup': AMENT_PREFIX_PATH=/home/debora/IARTES/ProjFinal/ros2_marvin/install/topic_to_terminal:/home/debora/IARTES/ProjFinal/ros2_marvin/install/mqtt_publish:/home/debora/IARTES/ProjFinal/ros2_marvin/install/marvin_bringup:/home/debora/ROS2Curso/ros2_ws/install/my_robot_bringup:/home/debora/ROS2Curso/ros2_ws/install/my_py_pkg:/home/debora/ROS2Curso/ros2_ws/install/my_cpp_pkg:/home/debora/ws_moveit/install/robotiq_hardware_tests:/home/debora/ws_moveit/install/robotiq_driver:/home/debora/ws_moveit/install/serial:/home/debora/ws_moveit/install/moveit2_tutorials:/home/debora/ws_moveit/install/moveit_visual_tools:/home/debora/ws_moveit/install/rviz_visual_tools:/home/debora/ws_moveit/install/moveit_task_constructor_visualization:/home/debora/ws_moveit/install/moveit_task_constructor_demo:/home/debora/ws_moveit/install/moveit_task_constructor_capabilities:/home/debora/ws_moveit/install/moveit_task_constructor_core:/home/debora/ws_moveit/install/rviz_marker_tools:/home/debora/ws_moveit/install/kortex_bringup:/home/debora/ws_moveit/install/kinova_gen3_7dof_robotiq_2f_85_moveit_config:/home/debora/ws_moveit/install/kinova_gen3_6dof_robotiq_2f_85_moveit_config:/home/debora/ws_moveit/install/kortex_description:/home/debora/ws_moveit/install/robotiq_description:/home/debora/ws_moveit/install/robotiq_controllers:/home/debora/ws_moveit/install/pilz_industrial_motion_planner_testutils:/home/debora/ws_moveit/install/moveit_runtime:/home/debora/ws_moveit/install/moveit:/home/debora/ws_moveit/install/moveit_planners:/home/debora/ws_moveit/install/pilz_industrial_motion_planner:/home/debora/ws_moveit/install/pick_ik:/home/debora/ws_moveit/install/moveit_task_constructor_msgs:/home/debora/ws_moveit/install/moveit_ros_control_interface:/home/debora/ws_moveit/install/moveit_plugins:/home/debora/ws_moveit/install/moveit_simple_controller_manager:/home/debora/ws_moveit/install/moveit_setup_assistant:/home/debora/ws_moveit/install/moveit_setup_srdf_plugins:/home/debora/ws_moveit/install/moveit_setup_core_plugins:/home/debora/ws_moveit/install/moveit_setup_controllers:/home/debora/ws_moveit/install/moveit_setup_app_plugins:/home/debora/ws_moveit/install/moveit_setup_framework:/home/debora/ws_moveit/install/moveit_servo:/home/debora/ws_moveit/install/moveit_ros:/home/debora/ws_moveit/install/moveit_ros_visualization:/home/debora/ws_moveit/install/moveit_py:/home/debora/ws_moveit/install/moveit_hybrid_planning:/home/debora/ws_moveit/install/moveit_ros_planning_interface:/home/debora/ws_moveit/install/moveit_ros_benchmarks:/home/debora/ws_moveit/install/moveit_ros_warehouse:/home/debora/ws_moveit/install/moveit_ros_robot_interaction:/home/debora/ws_moveit/install/moveit_ros_perception:/home/debora/ws_moveit/install/moveit_resources_prbt_pg70_support:/home/debora/ws_moveit/install/moveit_resources_prbt_moveit_config:/home/debora/ws_moveit/install/moveit_ros_move_group:/home/debora/ws_moveit/install/moveit_planners_ompl:/home/debora/ws_moveit/install/moveit_kinematics:/home/debora/ws_moveit/install/moveit_ros_planning:/home/debora/ws_moveit/install/moveit_ros_occupancy_map_monitor:/home/debora/ws_moveit/install/moveit_resources_prbt_support:/home/debora/ws_moveit/install/moveit_resources_prbt_ikfast_manipulator_plugin:/home/debora/ws_moveit/install/moveit_resources:/home/debora/ws_moveit/install/moveit_resources_pr2_description:/home/debora/ws_moveit/install/moveit_resources_panda_moveit_config:/home/debora/ws_moveit/install/dual_arm_panda_moveit_config:/home/debora/ws_moveit/install/moveit_resources_panda_description:/home/debora/ws_moveit/install/moveit_resources_fanuc_moveit_config:/home/debora/ws_moveit/install/moveit_resources_fanuc_description:/home/debora/ws_moveit/install/moveit_planners_stomp:/home/debora/ws_moveit/install/moveit_planners_chomp:/home/debora/ws_moveit/install/chomp_motion_planner:/home/debora/ws_moveit/install/moveit_core:/home/debora/ws_moveit/install/moveit_msgs:/home/debora/ws_moveit/install/moveit_configs_utils:/home/debora/ws_moveit/install/moveit_common:/home/debora/ws_moveit/install/kortex_driver:/home/debora/ws_moveit/install/kortex_api:/home/debora/install/pilz_industrial_motion_planner_testutils:/home/debora/install/moveit_runtime:/home/debora/install/moveit:/home/debora/install/moveit_planners:/home/debora/install/pilz_industrial_motion_planner:/home/debora/install/moveit_ros_control_interface:/home/debora/install/moveit_plugins:/home/debora/install/moveit_simple_controller_manager:/home/debora/install/moveit_setup_assistant:/home/debora/install/moveit_setup_srdf_plugins:/home/debora/install/moveit_setup_core_plugins:/home/debora/install/moveit_setup_controllers:/home/debora/install/moveit_setup_app_plugins:/home/debora/install/moveit_setup_framework:/home/debora/install/moveit_servo:/home/debora/install/moveit_ros:/home/debora/install/moveit_ros_visualization:/home/debora/install/moveit_hybrid_planning:/home/debora/install/moveit_ros_planning_interface:/home/debora/install/moveit_ros_benchmarks:/home/debora/install/moveit_ros_warehouse:/home/debora/install/moveit_ros_robot_interaction:/home/debora/install/moveit_ros_perception:/home/debora/install/moveit_resources_prbt_pg70_support:/home/debora/install/moveit_resources_prbt_moveit_config:/home/debora/install/moveit_ros_move_group:/home/debora/install/moveit_planners_ompl:/home/debora/install/moveit_ros_planning:/home/debora/install/moveit_ros_occupancy_map_monitor:/home/debora/install/moveit_resources_prbt_support:/home/debora/install/moveit_resources_prbt_ikfast_manipulator_plugin:/home/debora/install/moveit_resources:/home/debora/install/moveit_resources_pr2_description:/home/debora/install/moveit_resources_panda_moveit_config:/home/debora/install/moveit_resources_panda_description:/home/debora/install/moveit_resources_fanuc_moveit_config:/home/debora/install/moveit_resources_fanuc_description:/home/debora/install/moveit_planners_chomp:/home/debora/install/moveit_kinematics:/home/debora/install/moveit_chomp_optimizer_adapter:/home/debora/install/chomp_motion_planner:/home/debora/install/moveit_core:/home/debora/install/moveit_msgs:/home/debora/install/moveit_configs_utils:/home/debora/install/moveit_common:/opt/ros/humble CMAKE_PREFIX_PATH=${CMAKE_PREFIX_PATH}:/home/debora/IARTES/ProjFinal/ros2_marvin/install/topic_to_terminal:/home/debora/IARTES/ProjFinal/ros2_marvin/install/mqtt_publish:/home/debora/ROS2Curso/ros2_ws/install/my_py_pkg:/home/debora/ws_moveit/install/moveit_configs_utils:/home/debora/install/moveit_configs_utils:/opt/ros/humble /usr/bin/cmake --build /home/debora/IARTES/ProjFinal/ros2_marvin/build/marvin_bringup -- -j4 -l4
[2.148s] DEBUG:colcon.colcon_core.event_handler.log_command:Invoked command in '/home/debora/IARTES/ProjFinal/ros2_marvin/build/marvin_bringup' returned '0': AMENT_PREFIX_PATH=/home/debora/IARTES/ProjFinal/ros2_marvin/install/topic_to_terminal:/home/debora/IARTES/ProjFinal/ros2_marvin/install/mqtt_publish:/home/debora/IARTES/ProjFinal/ros2_marvin/install/marvin_bringup:/home/debora/ROS2Curso/ros2_ws/install/my_robot_bringup:/home/debora/ROS2Curso/ros2_ws/install/my_py_pkg:/home/debora/ROS2Curso/ros2_ws/install/my_cpp_pkg:/home/debora/ws_moveit/install/robotiq_hardware_tests:/home/debora/ws_moveit/install/robotiq_driver:/home/debora/ws_moveit/install/serial:/home/debora/ws_moveit/install/moveit2_tutorials:/home/debora/ws_moveit/install/moveit_visual_tools:/home/debora/ws_moveit/install/rviz_visual_tools:/home/debora/ws_moveit/install/moveit_task_constructor_visualization:/home/debora/ws_moveit/install/moveit_task_constructor_demo:/home/debora/ws_moveit/install/moveit_task_constructor_capabilities:/home/debora/ws_moveit/install/moveit_task_constructor_core:/home/debora/ws_moveit/install/rviz_marker_tools:/home/debora/ws_moveit/install/kortex_bringup:/home/debora/ws_moveit/install/kinova_gen3_7dof_robotiq_2f_85_moveit_config:/home/debora/ws_moveit/install/kinova_gen3_6dof_robotiq_2f_85_moveit_config:/home/debora/ws_moveit/install/kortex_description:/home/debora/ws_moveit/install/robotiq_description:/home/debora/ws_moveit/install/robotiq_controllers:/home/debora/ws_moveit/install/pilz_industrial_motion_planner_testutils:/home/debora/ws_moveit/install/moveit_runtime:/home/debora/ws_moveit/install/moveit:/home/debora/ws_moveit/install/moveit_planners:/home/debora/ws_moveit/install/pilz_industrial_motion_planner:/home/debora/ws_moveit/install/pick_ik:/home/debora/ws_moveit/install/moveit_task_constructor_msgs:/home/debora/ws_moveit/install/moveit_ros_control_interface:/home/debora/ws_moveit/install/moveit_plugins:/home/debora/ws_moveit/install/moveit_simple_controller_manager:/home/debora/ws_moveit/install/moveit_setup_assistant:/home/debora/ws_moveit/install/moveit_setup_srdf_plugins:/home/debora/ws_moveit/install/moveit_setup_core_plugins:/home/debora/ws_moveit/install/moveit_setup_controllers:/home/debora/ws_moveit/install/moveit_setup_app_plugins:/home/debora/ws_moveit/install/moveit_setup_framework:/home/debora/ws_moveit/install/moveit_servo:/home/debora/ws_moveit/install/moveit_ros:/home/debora/ws_moveit/install/moveit_ros_visualization:/home/debora/ws_moveit/install/moveit_py:/home/debora/ws_moveit/install/moveit_hybrid_planning:/home/debora/ws_moveit/install/moveit_ros_planning_interface:/home/debora/ws_moveit/install/moveit_ros_benchmarks:/home/debora/ws_moveit/install/moveit_ros_warehouse:/home/debora/ws_moveit/install/moveit_ros_robot_interaction:/home/debora/ws_moveit/install/moveit_ros_perception:/home/debora/ws_moveit/install/moveit_resources_prbt_pg70_support:/home/debora/ws_moveit/install/moveit_resources_prbt_moveit_config:/home/debora/ws_moveit/install/moveit_ros_move_group:/home/debora/ws_moveit/install/moveit_planners_ompl:/home/debora/ws_moveit/install/moveit_kinematics:/home/debora/ws_moveit/install/moveit_ros_planning:/home/debora/ws_moveit/install/moveit_ros_occupancy_map_monitor:/home/debora/ws_moveit/install/moveit_resources_prbt_support:/home/debora/ws_moveit/install/moveit_resources_prbt_ikfast_manipulator_plugin:/home/debora/ws_moveit/install/moveit_resources:/home/debora/ws_moveit/install/moveit_resources_pr2_description:/home/debora/ws_moveit/install/moveit_resources_panda_moveit_config:/home/debora/ws_moveit/install/dual_arm_panda_moveit_config:/home/debora/ws_moveit/install/moveit_resources_panda_description:/home/debora/ws_moveit/install/moveit_resources_fanuc_moveit_config:/home/debora/ws_moveit/install/moveit_resources_fanuc_description:/home/debora/ws_moveit/install/moveit_planners_stomp:/home/debora/ws_moveit/install/moveit_planners_chomp:/home/debora/ws_moveit/install/chomp_motion_planner:/home/debora/ws_moveit/install/moveit_core:/home/debora/ws_moveit/install/moveit_msgs:/home/debora/ws_moveit/install/moveit_configs_utils:/home/debora/ws_moveit/install/moveit_common:/home/debora/ws_moveit/install/kortex_driver:/home/debora/ws_moveit/install/kortex_api:/home/debora/install/pilz_industrial_motion_planner_testutils:/home/debora/install/moveit_runtime:/home/debora/install/moveit:/home/debora/install/moveit_planners:/home/debora/install/pilz_industrial_motion_planner:/home/debora/install/moveit_ros_control_interface:/home/debora/install/moveit_plugins:/home/debora/install/moveit_simple_controller_manager:/home/debora/install/moveit_setup_assistant:/home/debora/install/moveit_setup_srdf_plugins:/home/debora/install/moveit_setup_core_plugins:/home/debora/install/moveit_setup_controllers:/home/debora/install/moveit_setup_app_plugins:/home/debora/install/moveit_setup_framework:/home/debora/install/moveit_servo:/home/debora/install/moveit_ros:/home/debora/install/moveit_ros_visualization:/home/debora/install/moveit_hybrid_planning:/home/debora/install/moveit_ros_planning_interface:/home/debora/install/moveit_ros_benchmarks:/home/debora/install/moveit_ros_warehouse:/home/debora/install/moveit_ros_robot_interaction:/home/debora/install/moveit_ros_perception:/home/debora/install/moveit_resources_prbt_pg70_support:/home/debora/install/moveit_resources_prbt_moveit_config:/home/debora/install/moveit_ros_move_group:/home/debora/install/moveit_planners_ompl:/home/debora/install/moveit_ros_planning:/home/debora/install/moveit_ros_occupancy_map_monitor:/home/debora/install/moveit_resources_prbt_support:/home/debora/install/moveit_resources_prbt_ikfast_manipulator_plugin:/home/debora/install/moveit_resources:/home/debora/install/moveit_resources_pr2_description:/home/debora/install/moveit_resources_panda_moveit_config:/home/debora/install/moveit_resources_panda_description:/home/debora/install/moveit_resources_fanuc_moveit_config:/home/debora/install/moveit_resources_fanuc_description:/home/debora/install/moveit_planners_chomp:/home/debora/install/moveit_kinematics:/home/debora/install/moveit_chomp_optimizer_adapter:/home/debora/install/chomp_motion_planner:/home/debora/install/moveit_core:/home/debora/install/moveit_msgs:/home/debora/install/moveit_configs_utils:/home/debora/install/moveit_common:/opt/ros/humble CMAKE_PREFIX_PATH=${CMAKE_PREFIX_PATH}:/home/debora/IARTES/ProjFinal/ros2_marvin/install/topic_to_terminal:/home/debora/IARTES/ProjFinal/ros2_marvin/install/mqtt_publish:/home/debora/ROS2Curso/ros2_ws/install/my_py_pkg:/home/debora/ws_moveit/install/moveit_configs_utils:/home/debora/install/moveit_configs_utils:/opt/ros/humble /usr/bin/cmake --build /home/debora/IARTES/ProjFinal/ros2_marvin/build/marvin_bringup -- -j4 -l4
[2.190s] DEBUG:colcon.colcon_core.event_handler.log_command:Invoking command in '/home/debora/IARTES/ProjFinal/ros2_marvin/build/marvin_bringup': AMENT_PREFIX_PATH=/home/debora/IARTES/ProjFinal/ros2_marvin/install/topic_to_terminal:/home/debora/IARTES/ProjFinal/ros2_marvin/install/mqtt_publish:/home/debora/IARTES/ProjFinal/ros2_marvin/install/marvin_bringup:/home/debora/ROS2Curso/ros2_ws/install/my_robot_bringup:/home/debora/ROS2Curso/ros2_ws/install/my_py_pkg:/home/debora/ROS2Curso/ros2_ws/install/my_cpp_pkg:/home/debora/ws_moveit/install/robotiq_hardware_tests:/home/debora/ws_moveit/install/robotiq_driver:/home/debora/ws_moveit/install/serial:/home/debora/ws_moveit/install/moveit2_tutorials:/home/debora/ws_moveit/install/moveit_visual_tools:/home/debora/ws_moveit/install/rviz_visual_tools:/home/debora/ws_moveit/install/moveit_task_constructor_visualization:/home/debora/ws_moveit/install/moveit_task_constructor_demo:/home/debora/ws_moveit/install/moveit_task_constructor_capabilities:/home/debora/ws_moveit/install/moveit_task_constructor_core:/home/debora/ws_moveit/install/rviz_marker_tools:/home/debora/ws_moveit/install/kortex_bringup:/home/debora/ws_moveit/install/kinova_gen3_7dof_robotiq_2f_85_moveit_config:/home/debora/ws_moveit/install/kinova_gen3_6dof_robotiq_2f_85_moveit_config:/home/debora/ws_moveit/install/kortex_description:/home/debora/ws_moveit/install/robotiq_description:/home/debora/ws_moveit/install/robotiq_controllers:/home/debora/ws_moveit/install/pilz_industrial_motion_planner_testutils:/home/debora/ws_moveit/install/moveit_runtime:/home/debora/ws_moveit/install/moveit:/home/debora/ws_moveit/install/moveit_planners:/home/debora/ws_moveit/install/pilz_industrial_motion_planner:/home/debora/ws_moveit/install/pick_ik:/home/debora/ws_moveit/install/moveit_task_constructor_msgs:/home/debora/ws_moveit/install/moveit_ros_control_interface:/home/debora/ws_moveit/install/moveit_plugins:/home/debora/ws_moveit/install/moveit_simple_controller_manager:/home/debora/ws_moveit/install/moveit_setup_assistant:/home/debora/ws_moveit/install/moveit_setup_srdf_plugins:/home/debora/ws_moveit/install/moveit_setup_core_plugins:/home/debora/ws_moveit/install/moveit_setup_controllers:/home/debora/ws_moveit/install/moveit_setup_app_plugins:/home/debora/ws_moveit/install/moveit_setup_framework:/home/debora/ws_moveit/install/moveit_servo:/home/debora/ws_moveit/install/moveit_ros:/home/debora/ws_moveit/install/moveit_ros_visualization:/home/debora/ws_moveit/install/moveit_py:/home/debora/ws_moveit/install/moveit_hybrid_planning:/home/debora/ws_moveit/install/moveit_ros_planning_interface:/home/debora/ws_moveit/install/moveit_ros_benchmarks:/home/debora/ws_moveit/install/moveit_ros_warehouse:/home/debora/ws_moveit/install/moveit_ros_robot_interaction:/home/debora/ws_moveit/install/moveit_ros_perception:/home/debora/ws_moveit/install/moveit_resources_prbt_pg70_support:/home/debora/ws_moveit/install/moveit_resources_prbt_moveit_config:/home/debora/ws_moveit/install/moveit_ros_move_group:/home/debora/ws_moveit/install/moveit_planners_ompl:/home/debora/ws_moveit/install/moveit_kinematics:/home/debora/ws_moveit/install/moveit_ros_planning:/home/debora/ws_moveit/install/moveit_ros_occupancy_map_monitor:/home/debora/ws_moveit/install/moveit_resources_prbt_support:/home/debora/ws_moveit/install/moveit_resources_prbt_ikfast_manipulator_plugin:/home/debora/ws_moveit/install/moveit_resources:/home/debora/ws_moveit/install/moveit_resources_pr2_description:/home/debora/ws_moveit/install/moveit_resources_panda_moveit_config:/home/debora/ws_moveit/install/dual_arm_panda_moveit_config:/home/debora/ws_moveit/install/moveit_resources_panda_description:/home/debora/ws_moveit/install/moveit_resources_fanuc_moveit_config:/home/debora/ws_moveit/install/moveit_resources_fanuc_description:/home/debora/ws_moveit/install/moveit_planners_stomp:/home/debora/ws_moveit/install/moveit_planners_chomp:/home/debora/ws_moveit/install/chomp_motion_planner:/home/debora/ws_moveit/install/moveit_core:/home/debora/ws_moveit/install/moveit_msgs:/home/debora/ws_moveit/install/moveit_configs_utils:/home/debora/ws_moveit/install/moveit_common:/home/debora/ws_moveit/install/kortex_driver:/home/debora/ws_moveit/install/kortex_api:/home/debora/install/pilz_industrial_motion_planner_testutils:/home/debora/install/moveit_runtime:/home/debora/install/moveit:/home/debora/install/moveit_planners:/home/debora/install/pilz_industrial_motion_planner:/home/debora/install/moveit_ros_control_interface:/home/debora/install/moveit_plugins:/home/debora/install/moveit_simple_controller_manager:/home/debora/install/moveit_setup_assistant:/home/debora/install/moveit_setup_srdf_plugins:/home/debora/install/moveit_setup_core_plugins:/home/debora/install/moveit_setup_controllers:/home/debora/install/moveit_setup_app_plugins:/home/debora/install/moveit_setup_framework:/home/debora/install/moveit_servo:/home/debora/install/moveit_ros:/home/debora/install/moveit_ros_visualization:/home/debora/install/moveit_hybrid_planning:/home/debora/install/moveit_ros_planning_interface:/home/debora/install/moveit_ros_benchmarks:/home/debora/install/moveit_ros_warehouse:/home/debora/install/moveit_ros_robot_interaction:/home/debora/install/moveit_ros_perception:/home/debora/install/moveit_resources_prbt_pg70_support:/home/debora/install/moveit_resources_prbt_moveit_config:/home/debora/install/moveit_ros_move_group:/home/debora/install/moveit_planners_ompl:/home/debora/install/moveit_ros_planning:/home/debora/install/moveit_ros_occupancy_map_monitor:/home/debora/install/moveit_resources_prbt_support:/home/debora/install/moveit_resources_prbt_ikfast_manipulator_plugin:/home/debora/install/moveit_resources:/home/debora/install/moveit_resources_pr2_description:/home/debora/install/moveit_resources_panda_moveit_config:/home/debora/install/moveit_resources_panda_description:/home/debora/install/moveit_resources_fanuc_moveit_config:/home/debora/install/moveit_resources_fanuc_description:/home/debora/install/moveit_planners_chomp:/home/debora/install/moveit_kinematics:/home/debora/install/moveit_chomp_optimizer_adapter:/home/debora/install/chomp_motion_planner:/home/debora/install/moveit_core:/home/debora/install/moveit_msgs:/home/debora/install/moveit_configs_utils:/home/debora/install/moveit_common:/opt/ros/humble CMAKE_PREFIX_PATH=${CMAKE_PREFIX_PATH}:/home/debora/IARTES/ProjFinal/ros2_marvin/install/topic_to_terminal:/home/debora/IARTES/ProjFinal/ros2_marvin/install/mqtt_publish:/home/debora/ROS2Curso/ros2_ws/install/my_py_pkg:/home/debora/ws_moveit/install/moveit_configs_utils:/home/debora/install/moveit_configs_utils:/opt/ros/humble /usr/bin/cmake --install /home/debora/IARTES/ProjFinal/ros2_marvin/build/marvin_bringup
[2.249s] Level 1:colcon.colcon_core.environment:create_environment_scripts_only(marvin_bringup)
[2.250s] Level 1:colcon.colcon_core.environment:checking '/home/debora/IARTES/ProjFinal/ros2_marvin/install/marvin_bringup' for CMake module files
[2.250s] Level 1:colcon.colcon_core.environment:checking '/home/debora/IARTES/ProjFinal/ros2_marvin/install/marvin_bringup' for CMake config files
[2.250s] Level 1:colcon.colcon_core.shell:create_environment_hook('marvin_bringup', 'cmake_prefix_path')
[2.251s] INFO:colcon.colcon_core.shell:Creating environment hook '/home/debora/IARTES/ProjFinal/ros2_marvin/install/marvin_bringup/share/marvin_bringup/hook/cmake_prefix_path.ps1'
[2.251s] INFO:colcon.colcon_core.shell:Creating environment descriptor '/home/debora/IARTES/ProjFinal/ros2_marvin/install/marvin_bringup/share/marvin_bringup/hook/cmake_prefix_path.dsv'
[2.252s] DEBUG:colcon.colcon_core.event_handler.log_command:Invoked command in '/home/debora/IARTES/ProjFinal/ros2_marvin/build/marvin_bringup' returned '0': AMENT_PREFIX_PATH=/home/debora/IARTES/ProjFinal/ros2_marvin/install/topic_to_terminal:/home/debora/IARTES/ProjFinal/ros2_marvin/install/mqtt_publish:/home/debora/IARTES/ProjFinal/ros2_marvin/install/marvin_bringup:/home/debora/ROS2Curso/ros2_ws/install/my_robot_bringup:/home/debora/ROS2Curso/ros2_ws/install/my_py_pkg:/home/debora/ROS2Curso/ros2_ws/install/my_cpp_pkg:/home/debora/ws_moveit/install/robotiq_hardware_tests:/home/debora/ws_moveit/install/robotiq_driver:/home/debora/ws_moveit/install/serial:/home/debora/ws_moveit/install/moveit2_tutorials:/home/debora/ws_moveit/install/moveit_visual_tools:/home/debora/ws_moveit/install/rviz_visual_tools:/home/debora/ws_moveit/install/moveit_task_constructor_visualization:/home/debora/ws_moveit/install/moveit_task_constructor_demo:/home/debora/ws_moveit/install/moveit_task_constructor_capabilities:/home/debora/ws_moveit/install/moveit_task_constructor_core:/home/debora/ws_moveit/install/rviz_marker_tools:/home/debora/ws_moveit/install/kortex_bringup:/home/debora/ws_moveit/install/kinova_gen3_7dof_robotiq_2f_85_moveit_config:/home/debora/ws_moveit/install/kinova_gen3_6dof_robotiq_2f_85_moveit_config:/home/debora/ws_moveit/install/kortex_description:/home/debora/ws_moveit/install/robotiq_description:/home/debora/ws_moveit/install/robotiq_controllers:/home/debora/ws_moveit/install/pilz_industrial_motion_planner_testutils:/home/debora/ws_moveit/install/moveit_runtime:/home/debora/ws_moveit/install/moveit:/home/debora/ws_moveit/install/moveit_planners:/home/debora/ws_moveit/install/pilz_industrial_motion_planner:/home/debora/ws_moveit/install/pick_ik:/home/debora/ws_moveit/install/moveit_task_constructor_msgs:/home/debora/ws_moveit/install/moveit_ros_control_interface:/home/debora/ws_moveit/install/moveit_plugins:/home/debora/ws_moveit/install/moveit_simple_controller_manager:/home/debora/ws_moveit/install/moveit_setup_assistant:/home/debora/ws_moveit/install/moveit_setup_srdf_plugins:/home/debora/ws_moveit/install/moveit_setup_core_plugins:/home/debora/ws_moveit/install/moveit_setup_controllers:/home/debora/ws_moveit/install/moveit_setup_app_plugins:/home/debora/ws_moveit/install/moveit_setup_framework:/home/debora/ws_moveit/install/moveit_servo:/home/debora/ws_moveit/install/moveit_ros:/home/debora/ws_moveit/install/moveit_ros_visualization:/home/debora/ws_moveit/install/moveit_py:/home/debora/ws_moveit/install/moveit_hybrid_planning:/home/debora/ws_moveit/install/moveit_ros_planning_interface:/home/debora/ws_moveit/install/moveit_ros_benchmarks:/home/debora/ws_moveit/install/moveit_ros_warehouse:/home/debora/ws_moveit/install/moveit_ros_robot_interaction:/home/debora/ws_moveit/install/moveit_ros_perception:/home/debora/ws_moveit/install/moveit_resources_prbt_pg70_support:/home/debora/ws_moveit/install/moveit_resources_prbt_moveit_config:/home/debora/ws_moveit/install/moveit_ros_move_group:/home/debora/ws_moveit/install/moveit_planners_ompl:/home/debora/ws_moveit/install/moveit_kinematics:/home/debora/ws_moveit/install/moveit_ros_planning:/home/debora/ws_moveit/install/moveit_ros_occupancy_map_monitor:/home/debora/ws_moveit/install/moveit_resources_prbt_support:/home/debora/ws_moveit/install/moveit_resources_prbt_ikfast_manipulator_plugin:/home/debora/ws_moveit/install/moveit_resources:/home/debora/ws_moveit/install/moveit_resources_pr2_description:/home/debora/ws_moveit/install/moveit_resources_panda_moveit_config:/home/debora/ws_moveit/install/dual_arm_panda_moveit_config:/home/debora/ws_moveit/install/moveit_resources_panda_description:/home/debora/ws_moveit/install/moveit_resources_fanuc_moveit_config:/home/debora/ws_moveit/install/moveit_resources_fanuc_description:/home/debora/ws_moveit/install/moveit_planners_stomp:/home/debora/ws_moveit/install/moveit_planners_chomp:/home/debora/ws_moveit/install/chomp_motion_planner:/home/debora/ws_moveit/install/moveit_core:/home/debora/ws_moveit/install/moveit_msgs:/home/debora/ws_moveit/install/moveit_configs_utils:/home/debora/ws_moveit/install/moveit_common:/home/debora/ws_moveit/install/kortex_driver:/home/debora/ws_moveit/install/kortex_api:/home/debora/install/pilz_industrial_motion_planner_testutils:/home/debora/install/moveit_runtime:/home/debora/install/moveit:/home/debora/install/moveit_planners:/home/debora/install/pilz_industrial_motion_planner:/home/debora/install/moveit_ros_control_interface:/home/debora/install/moveit_plugins:/home/debora/install/moveit_simple_controller_manager:/home/debora/install/moveit_setup_assistant:/home/debora/install/moveit_setup_srdf_plugins:/home/debora/install/moveit_setup_core_plugins:/home/debora/install/moveit_setup_controllers:/home/debora/install/moveit_setup_app_plugins:/home/debora/install/moveit_setup_framework:/home/debora/install/moveit_servo:/home/debora/install/moveit_ros:/home/debora/install/moveit_ros_visualization:/home/debora/install/moveit_hybrid_planning:/home/debora/install/moveit_ros_planning_interface:/home/debora/install/moveit_ros_benchmarks:/home/debora/install/moveit_ros_warehouse:/home/debora/install/moveit_ros_robot_interaction:/home/debora/install/moveit_ros_perception:/home/debora/install/moveit_resources_prbt_pg70_support:/home/debora/install/moveit_resources_prbt_moveit_config:/home/debora/install/moveit_ros_move_group:/home/debora/install/moveit_planners_ompl:/home/debora/install/moveit_ros_planning:/home/debora/install/moveit_ros_occupancy_map_monitor:/home/debora/install/moveit_resources_prbt_support:/home/debora/install/moveit_resources_prbt_ikfast_manipulator_plugin:/home/debora/install/moveit_resources:/home/debora/install/moveit_resources_pr2_description:/home/debora/install/moveit_resources_panda_moveit_config:/home/debora/install/moveit_resources_panda_description:/home/debora/install/moveit_resources_fanuc_moveit_config:/home/debora/install/moveit_resources_fanuc_description:/home/debora/install/moveit_planners_chomp:/home/debora/install/moveit_kinematics:/home/debora/install/moveit_chomp_optimizer_adapter:/home/debora/install/chomp_motion_planner:/home/debora/install/moveit_core:/home/debora/install/moveit_msgs:/home/debora/install/moveit_configs_utils:/home/debora/install/moveit_common:/opt/ros/humble CMAKE_PREFIX_PATH=${CMAKE_PREFIX_PATH}:/home/debora/IARTES/ProjFinal/ros2_marvin/install/topic_to_terminal:/home/debora/IARTES/ProjFinal/ros2_marvin/install/mqtt_publish:/home/debora/ROS2Curso/ros2_ws/install/my_py_pkg:/home/debora/ws_moveit/install/moveit_configs_utils:/home/debora/install/moveit_configs_utils:/opt/ros/humble /usr/bin/cmake --install /home/debora/IARTES/ProjFinal/ros2_marvin/build/marvin_bringup
[2.252s] INFO:colcon.colcon_core.shell:Creating environment hook '/home/debora/IARTES/ProjFinal/ros2_marvin/install/marvin_bringup/share/marvin_bringup/hook/cmake_prefix_path.sh'
[2.252s] Level 1:colcon.colcon_core.environment:checking '/home/debora/IARTES/ProjFinal/ros2_marvin/install/marvin_bringup/bin'
[2.253s] Level 1:colcon.colcon_core.environment:checking '/home/debora/IARTES/ProjFinal/ros2_marvin/install/marvin_bringup/lib/pkgconfig/marvin_bringup.pc'
[2.253s] Level 1:colcon.colcon_core.environment:checking '/home/debora/IARTES/ProjFinal/ros2_marvin/install/marvin_bringup/lib/python3.10/site-packages'
[2.253s] Level 1:colcon.colcon_core.environment:checking '/home/debora/IARTES/ProjFinal/ros2_marvin/install/marvin_bringup/bin'
[2.253s] INFO:colcon.colcon_core.shell:Creating package script '/home/debora/IARTES/ProjFinal/ros2_marvin/install/marvin_bringup/share/marvin_bringup/package.ps1'
[2.253s] INFO:colcon.colcon_core.shell:Creating package descriptor '/home/debora/IARTES/ProjFinal/ros2_marvin/install/marvin_bringup/share/marvin_bringup/package.dsv'
[2.254s] INFO:colcon.colcon_core.shell:Creating package script '/home/debora/IARTES/ProjFinal/ros2_marvin/install/marvin_bringup/share/marvin_bringup/package.sh'
[2.254s] INFO:colcon.colcon_core.shell:Creating package script '/home/debora/IARTES/ProjFinal/ros2_marvin/install/marvin_bringup/share/marvin_bringup/package.bash'
[2.254s] INFO:colcon.colcon_core.shell:Creating package script '/home/debora/IARTES/ProjFinal/ros2_marvin/install/marvin_bringup/share/marvin_bringup/package.zsh'
[2.255s] Level 1:colcon.colcon_core.environment:create_file_with_runtime_dependencies(/home/debora/IARTES/ProjFinal/ros2_marvin/install/marvin_bringup/share/colcon-core/packages/marvin_bringup)
[2.308s] Level 1:colcon.colcon_core.environment:create_environment_scripts_only(marvin_bringup)
[2.308s] Level 1:colcon.colcon_core.environment:checking '/home/debora/IARTES/ProjFinal/ros2_marvin/install/marvin_bringup' for CMake module files
[2.309s] Level 1:colcon.colcon_core.environment:checking '/home/debora/IARTES/ProjFinal/ros2_marvin/install/marvin_bringup' for CMake config files
[2.309s] Level 1:colcon.colcon_core.shell:create_environment_hook('marvin_bringup', 'cmake_prefix_path')
[2.309s] INFO:colcon.colcon_core.shell:Creating environment hook '/home/debora/IARTES/ProjFinal/ros2_marvin/install/marvin_bringup/share/marvin_bringup/hook/cmake_prefix_path.ps1'
[2.310s] INFO:colcon.colcon_core.shell:Creating environment descriptor '/home/debora/IARTES/ProjFinal/ros2_marvin/install/marvin_bringup/share/marvin_bringup/hook/cmake_prefix_path.dsv'
[2.310s] INFO:colcon.colcon_core.shell:Creating environment hook '/home/debora/IARTES/ProjFinal/ros2_marvin/install/marvin_bringup/share/marvin_bringup/hook/cmake_prefix_path.sh'
[2.311s] Level 1:colcon.colcon_core.environment:checking '/home/debora/IARTES/ProjFinal/ros2_marvin/install/marvin_bringup/bin'
[2.311s] Level 1:colcon.colcon_core.environment:checking '/home/debora/IARTES/ProjFinal/ros2_marvin/install/marvin_bringup/lib/pkgconfig/marvin_bringup.pc'
[2.311s] Level 1:colcon.colcon_core.environment:checking '/home/debora/IARTES/ProjFinal/ros2_marvin/install/marvin_bringup/lib/python3.10/site-packages'
[2.311s] Level 1:colcon.colcon_core.environment:checking '/home/debora/IARTES/ProjFinal/ros2_marvin/install/marvin_bringup/bin'
[2.312s] INFO:colcon.colcon_core.shell:Creating package script '/home/debora/IARTES/ProjFinal/ros2_marvin/install/marvin_bringup/share/marvin_bringup/package.ps1'
[2.312s] INFO:colcon.colcon_core.shell:Creating package descriptor '/home/debora/IARTES/ProjFinal/ros2_marvin/install/marvin_bringup/share/marvin_bringup/package.dsv'
[2.313s] INFO:colcon.colcon_core.shell:Creating package script '/home/debora/IARTES/ProjFinal/ros2_marvin/install/marvin_bringup/share/marvin_bringup/package.sh'
[2.313s] INFO:colcon.colcon_core.shell:Creating package script '/home/debora/IARTES/ProjFinal/ros2_marvin/install/marvin_bringup/share/marvin_bringup/package.bash'
[2.313s] INFO:colcon.colcon_core.shell:Creating package script '/home/debora/IARTES/ProjFinal/ros2_marvin/install/marvin_bringup/share/marvin_bringup/package.zsh'
[2.314s] Level 1:colcon.colcon_core.environment:create_file_with_runtime_dependencies(/home/debora/IARTES/ProjFinal/ros2_marvin/install/marvin_bringup/share/colcon-core/packages/marvin_bringup)
[2.314s] DEBUG:colcon.colcon_parallel_executor.executor.parallel:closing loop
[2.314s] DEBUG:colcon.colcon_parallel_executor.executor.parallel:loop closed
[2.314s] DEBUG:colcon.colcon_parallel_executor.executor.parallel:run_until_complete finished with '0'
[2.314s] DEBUG:colcon.colcon_core.event_reactor:joining thread
[2.321s] INFO:colcon.colcon_core.plugin_system:Skipping extension 'colcon_notification.desktop_notification.terminal_notifier': Not used on non-Darwin systems
[2.321s] INFO:colcon.colcon_core.plugin_system:Skipping extension 'colcon_notification.desktop_notification.win32': Not used on non-Windows systems
[2.321s] INFO:colcon.colcon_notification.desktop_notification:Sending desktop notification using 'notify2'
[2.339s] DEBUG:colcon.colcon_core.event_reactor:joined thread
[2.339s] INFO:colcon.colcon_core.shell:Creating prefix script '/home/debora/IARTES/ProjFinal/ros2_marvin/install/local_setup.ps1'
[2.340s] INFO:colcon.colcon_core.shell:Creating prefix util module '/home/debora/IARTES/ProjFinal/ros2_marvin/install/_local_setup_util_ps1.py'
[2.341s] INFO:colcon.colcon_core.shell:Creating prefix chain script '/home/debora/IARTES/ProjFinal/ros2_marvin/install/setup.ps1'
[2.345s] INFO:colcon.colcon_core.shell:Creating prefix script '/home/debora/IARTES/ProjFinal/ros2_marvin/install/local_setup.sh'
[2.346s] INFO:colcon.colcon_core.shell:Creating prefix util module '/home/debora/IARTES/ProjFinal/ros2_marvin/install/_local_setup_util_sh.py'
[2.346s] INFO:colcon.colcon_core.shell:Creating prefix chain script '/home/debora/IARTES/ProjFinal/ros2_marvin/install/setup.sh'
[2.353s] INFO:colcon.colcon_core.shell:Creating prefix script '/home/debora/IARTES/ProjFinal/ros2_marvin/install/local_setup.bash'
[2.354s] INFO:colcon.colcon_core.shell:Creating prefix chain script '/home/debora/IARTES/ProjFinal/ros2_marvin/install/setup.bash'
[2.359s] INFO:colcon.colcon_core.shell:Creating prefix script '/home/debora/IARTES/ProjFinal/ros2_marvin/install/local_setup.zsh'
[2.360s] INFO:colcon.colcon_core.shell:Creating prefix chain script '/home/debora/IARTES/ProjFinal/ros2_marvin/install/setup.zsh'
