[2.028s] Invoking command in '/home/debora/IARTES/ProjFinal/ros2_marvin/src/topic_to_terminal': PYTHONPATH=/home/debora/IARTES/ProjFinal/ros2_marvin/src/build/topic_to_terminal/prefix_override:/home/debora/IARTES/ProjFinal/ros2_marvin/src/install/topic_to_terminal/lib/python3.10/site-packages:${PYTHONPATH} /usr/bin/python3 -W ignore:setup.py install is deprecated setup.py egg_info --egg-base ../build/topic_to_terminal build --build-base /home/debora/IARTES/ProjFinal/ros2_marvin/src/build/topic_to_terminal/build install --record /home/debora/IARTES/ProjFinal/ros2_marvin/src/build/topic_to_terminal/install.log --single-version-externally-managed install_data
[2.362s] running egg_info
[2.362s] creating ../build/topic_to_terminal/topic_to_terminal.egg-info
[2.381s] writing ../build/topic_to_terminal/topic_to_terminal.egg-info/PKG-INFO
[2.382s] writing dependency_links to ../build/topic_to_terminal/topic_to_terminal.egg-info/dependency_links.txt
[2.382s] writing entry points to ../build/topic_to_terminal/topic_to_terminal.egg-info/entry_points.txt
[2.382s] writing requirements to ../build/topic_to_terminal/topic_to_terminal.egg-info/requires.txt
[2.382s] writing top-level names to ../build/topic_to_terminal/topic_to_terminal.egg-info/top_level.txt
[2.382s] writing manifest file '../build/topic_to_terminal/topic_to_terminal.egg-info/SOURCES.txt'
[2.419s] reading manifest file '../build/topic_to_terminal/topic_to_terminal.egg-info/SOURCES.txt'
[2.421s] writing manifest file '../build/topic_to_terminal/topic_to_terminal.egg-info/SOURCES.txt'
[2.423s] running build
[2.423s] running build_py
[2.423s] creating /home/debora/IARTES/ProjFinal/ros2_marvin/src/build/topic_to_terminal/build
[2.423s] creating /home/debora/IARTES/ProjFinal/ros2_marvin/src/build/topic_to_terminal/build/lib
[2.423s] creating /home/debora/IARTES/ProjFinal/ros2_marvin/src/build/topic_to_terminal/build/lib/topic_to_terminal
[2.423s] copying topic_to_terminal/__init__.py -> /home/debora/IARTES/ProjFinal/ros2_marvin/src/build/topic_to_terminal/build/lib/topic_to_terminal
[2.423s] copying topic_to_terminal/node_to_terminal.py -> /home/debora/IARTES/ProjFinal/ros2_marvin/src/build/topic_to_terminal/build/lib/topic_to_terminal
[2.424s] running install
[2.450s] running install_lib
[2.450s] creating /home/debora/IARTES/ProjFinal/ros2_marvin/src/install/topic_to_terminal/lib/python3.10/site-packages/topic_to_terminal
[2.450s] copying /home/debora/IARTES/ProjFinal/ros2_marvin/src/build/topic_to_terminal/build/lib/topic_to_terminal/__init__.py -> /home/debora/IARTES/ProjFinal/ros2_marvin/src/install/topic_to_terminal/lib/python3.10/site-packages/topic_to_terminal
[2.451s] copying /home/debora/IARTES/ProjFinal/ros2_marvin/src/build/topic_to_terminal/build/lib/topic_to_terminal/node_to_terminal.py -> /home/debora/IARTES/ProjFinal/ros2_marvin/src/install/topic_to_terminal/lib/python3.10/site-packages/topic_to_terminal
[2.451s] byte-compiling /home/debora/IARTES/ProjFinal/ros2_marvin/src/install/topic_to_terminal/lib/python3.10/site-packages/topic_to_terminal/__init__.py to __init__.cpython-310.pyc
[2.451s] byte-compiling /home/debora/IARTES/ProjFinal/ros2_marvin/src/install/topic_to_terminal/lib/python3.10/site-packages/topic_to_terminal/node_to_terminal.py to node_to_terminal.cpython-310.pyc
[2.451s] running install_data
[2.451s] creating /home/debora/IARTES/ProjFinal/ros2_marvin/src/install/topic_to_terminal/share/ament_index
[2.451s] creating /home/debora/IARTES/ProjFinal/ros2_marvin/src/install/topic_to_terminal/share/ament_index/resource_index
[2.451s] creating /home/debora/IARTES/ProjFinal/ros2_marvin/src/install/topic_to_terminal/share/ament_index/resource_index/packages
[2.451s] copying resource/topic_to_terminal -> /home/debora/IARTES/ProjFinal/ros2_marvin/src/install/topic_to_terminal/share/ament_index/resource_index/packages
[2.451s] copying package.xml -> /home/debora/IARTES/ProjFinal/ros2_marvin/src/install/topic_to_terminal/share/topic_to_terminal
[2.451s] running install_egg_info
[2.475s] Copying ../build/topic_to_terminal/topic_to_terminal.egg-info to /home/debora/IARTES/ProjFinal/ros2_marvin/src/install/topic_to_terminal/lib/python3.10/site-packages/topic_to_terminal-0.0.0-py3.10.egg-info
[2.475s] running install_scripts
[2.603s] Installing terminal_sub script to /home/debora/IARTES/ProjFinal/ros2_marvin/src/install/topic_to_terminal/lib/topic_to_terminal
[2.603s] writing list of installed files to '/home/debora/IARTES/ProjFinal/ros2_marvin/src/build/topic_to_terminal/install.log'
[2.643s] Invoked command in '/home/debora/IARTES/ProjFinal/ros2_marvin/src/topic_to_terminal' returned '0': PYTHONPATH=/home/debora/IARTES/ProjFinal/ros2_marvin/src/build/topic_to_terminal/prefix_override:/home/debora/IARTES/ProjFinal/ros2_marvin/src/install/topic_to_terminal/lib/python3.10/site-packages:${PYTHONPATH} /usr/bin/python3 -W ignore:setup.py install is deprecated setup.py egg_info --egg-base ../build/topic_to_terminal build --build-base /home/debora/IARTES/ProjFinal/ros2_marvin/src/build/topic_to_terminal/build install --record /home/debora/IARTES/ProjFinal/ros2_marvin/src/build/topic_to_terminal/install.log --single-version-externally-managed install_data
