-- Install configuration: ""
-- Up-to-date: /home/iartes/marvinAutonomousTester/install/marvin_description/share/marvin_description/urdf
-- Up-to-date: /home/iartes/marvinAutonomousTester/install/marvin_description/share/marvin_description/urdf/ur3e_robotiq_2f_85_urdf.xacro
-- Up-to-date: /home/iartes/marvinAutonomousTester/install/marvin_description/share/marvin_description/urdf/ur3e_urdf.xacro
-- Up-to-date: /home/iartes/marvinAutonomousTester/install/marvin_description/share/marvin_description/urdf/ur3e_urdf (copy).xacro
-- Up-to-date: /home/iartes/marvinAutonomousTester/install/marvin_description/share/marvin_description/urdf/robotiq_2f_85_urdf.xacro
-- Up-to-date: /home/iartes/marvinAutonomousTester/install/marvin_description/share/marvin_description/worlds
-- Up-to-date: /home/iartes/marvinAutonomousTester/install/marvin_description/share/marvin_description/worlds/marvin.world
-- Up-to-date: /home/iartes/marvinAutonomousTester/install/marvin_description/share/ament_index/resource_index/package_run_dependencies/marvin_description
-- Up-to-date: /home/iartes/marvinAutonomousTester/install/marvin_description/share/ament_index/resource_index/parent_prefix_path/marvin_description
-- Up-to-date: /home/iartes/marvinAutonomousTester/install/marvin_description/share/marvin_description/environment/ament_prefix_path.sh
-- Up-to-date: /home/iartes/marvinAutonomousTester/install/marvin_description/share/marvin_description/environment/ament_prefix_path.dsv
-- Up-to-date: /home/iartes/marvinAutonomousTester/install/marvin_description/share/marvin_description/environment/path.sh
-- Up-to-date: /home/iartes/marvinAutonomousTester/install/marvin_description/share/marvin_description/environment/path.dsv
-- Up-to-date: /home/iartes/marvinAutonomousTester/install/marvin_description/share/marvin_description/local_setup.bash
-- Up-to-date: /home/iartes/marvinAutonomousTester/install/marvin_description/share/marvin_description/local_setup.sh
-- Up-to-date: /home/iartes/marvinAutonomousTester/install/marvin_description/share/marvin_description/local_setup.zsh
-- Up-to-date: /home/iartes/marvinAutonomousTester/install/marvin_description/share/marvin_description/local_setup.dsv
-- Installing: /home/iartes/marvinAutonomousTester/install/marvin_description/share/marvin_description/package.dsv
-- Up-to-date: /home/iartes/marvinAutonomousTester/install/marvin_description/share/ament_index/resource_index/packages/marvin_description
-- Up-to-date: /home/iartes/marvinAutonomousTester/install/marvin_description/share/marvin_description/cmake/marvin_descriptionConfig.cmake
-- Up-to-date: /home/iartes/marvinAutonomousTester/install/marvin_description/share/marvin_description/cmake/marvin_descriptionConfig-version.cmake
-- Up-to-date: /home/iartes/marvinAutonomousTester/install/marvin_description/share/marvin_description/package.xml
