[0.055s] Invoking command in '/home/iartes/marvinAutonomousTester/build/marvin_description': CMAKE_PREFIX_PATH=${CMAKE_PREFIX_PATH}:/home/iartes/chess_manipulator/install/chess_manipulator:/home/iartes/ws_moveit2/install/moveit_configs_utils:/home/iartes/ws_moveit2/install/launch_param_builder:/opt/ros/humble /usr/bin/cmake --build /home/iartes/marvinAutonomousTester/build/marvin_description -- -j8 -l8
[0.863s] Invoked command in '/home/iartes/marvinAutonomousTester/build/marvin_description' returned '0': CMAKE_PREFIX_PATH=${CMAKE_PREFIX_PATH}:/home/iartes/chess_manipulator/install/chess_manipulator:/home/iartes/ws_moveit2/install/moveit_configs_utils:/home/iartes/ws_moveit2/install/launch_param_builder:/opt/ros/humble /usr/bin/cmake --build /home/iartes/marvinAutonomousTester/build/marvin_description -- -j8 -l8
[1.031s] Invoking command in '/home/iartes/marvinAutonomousTester/build/marvin_description': CMAKE_PREFIX_PATH=${CMAKE_PREFIX_PATH}:/home/iartes/chess_manipulator/install/chess_manipulator:/home/iartes/ws_moveit2/install/moveit_configs_utils:/home/iartes/ws_moveit2/install/launch_param_builder:/opt/ros/humble /usr/bin/cmake --install /home/iartes/marvinAutonomousTester/build/marvin_description
[1.046s] -- Install configuration: ""
[1.046s] -- Up-to-date: /home/iartes/marvinAutonomousTester/install/marvin_description/share/marvin_description/urdf
[1.047s] -- Up-to-date: /home/iartes/marvinAutonomousTester/install/marvin_description/share/marvin_description/urdf/ur3e_robotiq_2f_85_urdf.xacro
[1.047s] -- Up-to-date: /home/iartes/marvinAutonomousTester/install/marvin_description/share/marvin_description/urdf/ur3e_urdf.xacro
[1.047s] -- Up-to-date: /home/iartes/marvinAutonomousTester/install/marvin_description/share/marvin_description/urdf/ur3e_urdf (copy).xacro
[1.047s] -- Up-to-date: /home/iartes/marvinAutonomousTester/install/marvin_description/share/marvin_description/urdf/robotiq_2f_85_urdf.xacro
[1.047s] -- Up-to-date: /home/iartes/marvinAutonomousTester/install/marvin_description/share/marvin_description/worlds
[1.047s] -- Up-to-date: /home/iartes/marvinAutonomousTester/install/marvin_description/share/marvin_description/worlds/marvin.world
[1.047s] -- Up-to-date: /home/iartes/marvinAutonomousTester/install/marvin_description/share/ament_index/resource_index/package_run_dependencies/marvin_description
[1.047s] -- Up-to-date: /home/iartes/marvinAutonomousTester/install/marvin_description/share/ament_index/resource_index/parent_prefix_path/marvin_description
[1.047s] -- Up-to-date: /home/iartes/marvinAutonomousTester/install/marvin_description/share/marvin_description/environment/ament_prefix_path.sh
[1.047s] -- Up-to-date: /home/iartes/marvinAutonomousTester/install/marvin_description/share/marvin_description/environment/ament_prefix_path.dsv
[1.047s] -- Up-to-date: /home/iartes/marvinAutonomousTester/install/marvin_description/share/marvin_description/environment/path.sh
[1.047s] -- Up-to-date: /home/iartes/marvinAutonomousTester/install/marvin_description/share/marvin_description/environment/path.dsv
[1.047s] -- Up-to-date: /home/iartes/marvinAutonomousTester/install/marvin_description/share/marvin_description/local_setup.bash
[1.048s] -- Up-to-date: /home/iartes/marvinAutonomousTester/install/marvin_description/share/marvin_description/local_setup.sh
[1.048s] -- Up-to-date: /home/iartes/marvinAutonomousTester/install/marvin_description/share/marvin_description/local_setup.zsh
[1.048s] -- Up-to-date: /home/iartes/marvinAutonomousTester/install/marvin_description/share/marvin_description/local_setup.dsv
[1.048s] -- Installing: /home/iartes/marvinAutonomousTester/install/marvin_description/share/marvin_description/package.dsv
[1.048s] -- Up-to-date: /home/iartes/marvinAutonomousTester/install/marvin_description/share/ament_index/resource_index/packages/marvin_description
[1.048s] -- Up-to-date: /home/iartes/marvinAutonomousTester/install/marvin_description/share/marvin_description/cmake/marvin_descriptionConfig.cmake
[1.048s] -- Up-to-date: /home/iartes/marvinAutonomousTester/install/marvin_description/share/marvin_description/cmake/marvin_descriptionConfig-version.cmake
[1.048s] -- Up-to-date: /home/iartes/marvinAutonomousTester/install/marvin_description/share/marvin_description/package.xml
[1.056s] Invoked command in '/home/iartes/marvinAutonomousTester/build/marvin_description' returned '0': CMAKE_PREFIX_PATH=${CMAKE_PREFIX_PATH}:/home/iartes/chess_manipulator/install/chess_manipulator:/home/iartes/ws_moveit2/install/moveit_configs_utils:/home/iartes/ws_moveit2/install/launch_param_builder:/opt/ros/humble /usr/bin/cmake --install /home/iartes/marvinAutonomousTester/build/marvin_description
