[0.543s] Invoking command in '/home/iartes/marvinAutonomousTester/build/action_marvin_interfaces': CMAKE_PREFIX_PATH=${CMAKE_PREFIX_PATH}:/home/iartes/chess_manipulator/install/chess_manipulator:/home/iartes/ws_moveit2/install/moveit_configs_utils:/home/iartes/ws_moveit2/install/launch_param_builder:/opt/ros/humble /usr/bin/cmake /home/iartes/marvinAutonomousTester/comunicacao_android_ros2/action_marvin_interfaces -DCMAKE_INSTALL_PREFIX=/home/iartes/marvinAutonomousTester/install/action_marvin_interfaces
[0.880s] -- The C compiler identification is GNU 11.4.0
[0.880s] -- The CXX compiler identification is GNU 11.4.0
[0.880s] -- Detecting C compiler ABI info
[0.880s] -- Detecting C compiler ABI info - done
[0.880s] -- Check for working C compiler: /usr/bin/cc - skipped
[0.881s] -- Detecting C compile features
[0.881s] -- Detecting C compile features - done
[0.881s] -- Detecting CXX compiler ABI info
[0.881s] -- Detecting CXX compiler ABI info - done
[0.881s] -- Check for working CXX compiler: /usr/bin/c++ - skipped
[0.881s] -- Detecting CXX compile features
[0.881s] -- Detecting CXX compile features - done
[0.881s] -- Found ament_cmake: 1.3.9 (/opt/ros/humble/share/ament_cmake/cmake)
[1.104s] -- Found Python3: /usr/bin/python3 (found version "3.10.12") found components: Interpreter 
[1.868s] -- Found rosidl_default_generators: 1.2.0 (/opt/ros/humble/share/rosidl_default_generators/cmake)
[1.892s] -- Using all available rosidl_typesupport_c: rosidl_typesupport_fastrtps_c;rosidl_typesupport_introspection_c
[1.917s] -- Found rosidl_adapter: 3.1.5 (/opt/ros/humble/share/rosidl_adapter/cmake)
[2.426s] -- Using all available rosidl_typesupport_cpp: rosidl_typesupport_fastrtps_cpp;rosidl_typesupport_introspection_cpp
[3.489s] -- Found ament_cmake_ros: 0.10.0 (/opt/ros/humble/share/ament_cmake_ros/cmake)
[3.961s] -- Using all available rosidl_typesupport_c: rosidl_typesupport_fastrtps_c;rosidl_typesupport_introspection_c
[4.203s] -- Using all available rosidl_typesupport_cpp: rosidl_typesupport_fastrtps_cpp;rosidl_typesupport_introspection_cpp
[4.236s] -- Found PythonInterp: /usr/bin/python3 (found suitable version "3.10.12", minimum required is "3.6") 
[4.240s] -- Found python_cmake_module: 0.10.0 (/opt/ros/humble/share/python_cmake_module/cmake)
[4.280s] -- Found PythonLibs: /usr/lib/x86_64-linux-gnu/libpython3.10.so (found suitable version "3.10.12", minimum required is "3.5") 
[4.280s] -- Using PYTHON_EXECUTABLE: /usr/bin/python3
[4.281s] -- Using PYTHON_INCLUDE_DIRS: /usr/include/python3.10
[4.281s] -- Using PYTHON_LIBRARIES: /usr/lib/x86_64-linux-gnu/libpython3.10.so
[4.296s] -- Found PythonExtra: .so  
[4.367s] -- Found ament_lint_auto: 0.12.11 (/opt/ros/humble/share/ament_lint_auto/cmake)
[4.403s] -- Added test 'lint_cmake' to check CMake code style
[4.404s] -- Added test 'xmllint' to check XML markup files
[4.407s] -- Configuring done
[4.426s] -- Generating done
[4.429s] -- Build files have been written to: /home/iartes/marvinAutonomousTester/build/action_marvin_interfaces
[4.435s] Invoked command in '/home/iartes/marvinAutonomousTester/build/action_marvin_interfaces' returned '0': CMAKE_PREFIX_PATH=${CMAKE_PREFIX_PATH}:/home/iartes/chess_manipulator/install/chess_manipulator:/home/iartes/ws_moveit2/install/moveit_configs_utils:/home/iartes/ws_moveit2/install/launch_param_builder:/opt/ros/humble /usr/bin/cmake /home/iartes/marvinAutonomousTester/comunicacao_android_ros2/action_marvin_interfaces -DCMAKE_INSTALL_PREFIX=/home/iartes/marvinAutonomousTester/install/action_marvin_interfaces
[4.436s] Invoking command in '/home/iartes/marvinAutonomousTester/build/action_marvin_interfaces': CMAKE_PREFIX_PATH=${CMAKE_PREFIX_PATH}:/home/iartes/chess_manipulator/install/chess_manipulator:/home/iartes/ws_moveit2/install/moveit_configs_utils:/home/iartes/ws_moveit2/install/launch_param_builder:/opt/ros/humble /usr/bin/cmake --build /home/iartes/marvinAutonomousTester/build/action_marvin_interfaces -- -j8 -l8
[4.475s] [  3%] [34m[1mGenerating C code for ROS interfaces[0m
[4.486s] [  6%] [34m[1mGenerating C++ code for ROS interfaces[0m
[4.494s] [  6%] Built target ament_cmake_python_copy_action_marvin_interfaces
[4.659s] running egg_info
[4.660s] creating action_marvin_interfaces.egg-info
[4.673s] writing action_marvin_interfaces.egg-info/PKG-INFO
[4.673s] writing dependency_links to action_marvin_interfaces.egg-info/dependency_links.txt
[4.673s] writing top-level names to action_marvin_interfaces.egg-info/top_level.txt
[4.673s] writing manifest file 'action_marvin_interfaces.egg-info/SOURCES.txt'
[4.708s] reading manifest file 'action_marvin_interfaces.egg-info/SOURCES.txt'
[4.708s] writing manifest file 'action_marvin_interfaces.egg-info/SOURCES.txt'
[4.733s] [  6%] Built target ament_cmake_python_build_action_marvin_interfaces_egg
[4.829s] [  6%] Built target action_marvin_interfaces__cpp
[4.833s] [  9%] [32mBuilding C object CMakeFiles/action_marvin_interfaces__rosidl_generator_c.dir/rosidl_generator_c/action_marvin_interfaces/action/detail/hover__functions.c.o[0m
[4.840s] [ 12%] [34m[1mGenerating C++ type support dispatch for ROS interfaces[0m
[4.844s] [ 19%] [34m[1mGenerating C++ introspection for ROS interfaces[0m
[4.844s] [ 19%] [34m[1mGenerating C++ type support for eProsima Fast-RTPS[0m
[5.051s] [ 22%] [32m[1mLinking C shared library libaction_marvin_interfaces__rosidl_generator_c.so[0m
[5.086s] [ 22%] Built target action_marvin_interfaces__rosidl_generator_c
[5.098s] [ 25%] [34m[1mGenerating C type support dispatch for ROS interfaces[0m
[5.099s] [ 29%] [34m[1mGenerating C introspection for ROS interfaces[0m
[5.102s] [ 32%] [34m[1mGenerating C type support for eProsima Fast-RTPS[0m
[5.426s] [ 35%] [32mBuilding CXX object CMakeFiles/action_marvin_interfaces__rosidl_typesupport_cpp.dir/rosidl_typesupport_cpp/action_marvin_interfaces/action/hover__type_support.cpp.o[0m
[6.036s] [ 38%] [32mBuilding CXX object CMakeFiles/action_marvin_interfaces__rosidl_typesupport_introspection_cpp.dir/rosidl_typesupport_introspection_cpp/action_marvin_interfaces/action/detail/hover__type_support.cpp.o[0m
[6.048s] [ 41%] [32mBuilding CXX object CMakeFiles/action_marvin_interfaces__rosidl_typesupport_fastrtps_c.dir/rosidl_typesupport_fastrtps_c/action_marvin_interfaces/action/detail/hover__type_support_c.cpp.o[0m
[6.065s] [ 45%] [32mBuilding CXX object CMakeFiles/action_marvin_interfaces__rosidl_typesupport_fastrtps_cpp.dir/rosidl_typesupport_fastrtps_cpp/action_marvin_interfaces/action/detail/dds_fastrtps/hover__type_support.cpp.o[0m
[6.136s] [ 48%] [32mBuilding CXX object CMakeFiles/action_marvin_interfaces__rosidl_typesupport_c.dir/rosidl_typesupport_c/action_marvin_interfaces/action/hover__type_support.cpp.o[0m
[6.202s] [ 51%] [32m[1mLinking CXX shared library libaction_marvin_interfaces__rosidl_typesupport_c.so[0m
[6.220s] [ 54%] [32mBuilding C object CMakeFiles/action_marvin_interfaces__rosidl_typesupport_introspection_c.dir/rosidl_typesupport_introspection_c/action_marvin_interfaces/action/detail/hover__type_support.c.o[0m
[6.223s] [ 58%] [32m[1mLinking CXX shared library libaction_marvin_interfaces__rosidl_typesupport_cpp.so[0m
[6.261s] [ 58%] Built target action_marvin_interfaces__rosidl_typesupport_c
[6.267s] [ 58%] Built target action_marvin_interfaces__rosidl_typesupport_cpp
[6.279s] [ 61%] [32m[1mLinking C shared library libaction_marvin_interfaces__rosidl_typesupport_introspection_c.so[0m
[6.310s] [ 61%] Built target action_marvin_interfaces__rosidl_typesupport_introspection_c
[6.397s] [ 64%] [32m[1mLinking CXX shared library libaction_marvin_interfaces__rosidl_typesupport_fastrtps_c.so[0m
[6.450s] [ 67%] [32m[1mLinking CXX shared library libaction_marvin_interfaces__rosidl_typesupport_introspection_cpp.so[0m
[6.461s] [ 67%] Built target action_marvin_interfaces__rosidl_typesupport_fastrtps_c
[6.468s] [ 70%] [32m[1mLinking CXX shared library libaction_marvin_interfaces__rosidl_typesupport_fastrtps_cpp.so[0m
[6.512s] [ 70%] Built target action_marvin_interfaces__rosidl_typesupport_introspection_cpp
[6.528s] [ 70%] Built target action_marvin_interfaces__rosidl_typesupport_fastrtps_cpp
[6.549s] [ 70%] Built target action_marvin_interfaces
[6.570s] [ 74%] [34m[1mGenerating Python code for ROS interfaces[0m
[7.146s] [ 74%] Built target action_marvin_interfaces__py
[7.166s] [ 77%] [32mBuilding C object CMakeFiles/action_marvin_interfaces__rosidl_generator_py.dir/rosidl_generator_py/action_marvin_interfaces/action/_hover_s.c.o[0m
[7.286s] [ 80%] [32m[1mLinking C shared library rosidl_generator_py/action_marvin_interfaces/libaction_marvin_interfaces__rosidl_generator_py.so[0m
[7.322s] [ 80%] Built target action_marvin_interfaces__rosidl_generator_py
[7.344s] [ 90%] [32mBuilding C object CMakeFiles/action_marvin_interfaces__rosidl_typesupport_c__pyext.dir/rosidl_generator_py/action_marvin_interfaces/_action_marvin_interfaces_s.ep.rosidl_typesupport_c.c.o[0m
[7.344s] [ 90%] [32mBuilding C object CMakeFiles/action_marvin_interfaces__rosidl_typesupport_fastrtps_c__pyext.dir/rosidl_generator_py/action_marvin_interfaces/_action_marvin_interfaces_s.ep.rosidl_typesupport_fastrtps_c.c.o[0m
[7.345s] [ 90%] [32mBuilding C object CMakeFiles/action_marvin_interfaces__rosidl_typesupport_introspection_c__pyext.dir/rosidl_generator_py/action_marvin_interfaces/_action_marvin_interfaces_s.ep.rosidl_typesupport_introspection_c.c.o[0m
[7.430s] [100%] [32m[1mLinking C shared library rosidl_generator_py/action_marvin_interfaces/action_marvin_interfaces_s__rosidl_typesupport_introspection_c.cpython-310-x86_64-linux-gnu.so[0m
[7.430s] [100%] [32m[1mLinking C shared library rosidl_generator_py/action_marvin_interfaces/action_marvin_interfaces_s__rosidl_typesupport_c.cpython-310-x86_64-linux-gnu.so[0m
[7.430s] [100%] [32m[1mLinking C shared library rosidl_generator_py/action_marvin_interfaces/action_marvin_interfaces_s__rosidl_typesupport_fastrtps_c.cpython-310-x86_64-linux-gnu.so[0m
[7.466s] [100%] Built target action_marvin_interfaces__rosidl_typesupport_introspection_c__pyext
[7.466s] [100%] Built target action_marvin_interfaces__rosidl_typesupport_fastrtps_c__pyext
[7.466s] [100%] Built target action_marvin_interfaces__rosidl_typesupport_c__pyext
[7.476s] Invoked command in '/home/iartes/marvinAutonomousTester/build/action_marvin_interfaces' returned '0': CMAKE_PREFIX_PATH=${CMAKE_PREFIX_PATH}:/home/iartes/chess_manipulator/install/chess_manipulator:/home/iartes/ws_moveit2/install/moveit_configs_utils:/home/iartes/ws_moveit2/install/launch_param_builder:/opt/ros/humble /usr/bin/cmake --build /home/iartes/marvinAutonomousTester/build/action_marvin_interfaces -- -j8 -l8
[7.577s] Invoking command in '/home/iartes/marvinAutonomousTester/build/action_marvin_interfaces': CMAKE_PREFIX_PATH=${CMAKE_PREFIX_PATH}:/home/iartes/chess_manipulator/install/chess_manipulator:/home/iartes/ws_moveit2/install/moveit_configs_utils:/home/iartes/ws_moveit2/install/launch_param_builder:/opt/ros/humble /usr/bin/cmake --install /home/iartes/marvinAutonomousTester/build/action_marvin_interfaces
[7.584s] -- Install configuration: ""
[7.585s] -- Installing: /home/iartes/marvinAutonomousTester/install/action_marvin_interfaces/share/ament_index/resource_index/rosidl_interfaces/action_marvin_interfaces
[7.585s] -- Installing: /home/iartes/marvinAutonomousTester/install/action_marvin_interfaces/include/action_marvin_interfaces/action_marvin_interfaces
[7.585s] -- Installing: /home/iartes/marvinAutonomousTester/install/action_marvin_interfaces/include/action_marvin_interfaces/action_marvin_interfaces/msg
[7.585s] -- Installing: /home/iartes/marvinAutonomousTester/install/action_marvin_interfaces/include/action_marvin_interfaces/action_marvin_interfaces/msg/rosidl_generator_c__visibility_control.h
[7.585s] -- Installing: /home/iartes/marvinAutonomousTester/install/action_marvin_interfaces/include/action_marvin_interfaces/action_marvin_interfaces/action
[7.585s] -- Installing: /home/iartes/marvinAutonomousTester/install/action_marvin_interfaces/include/action_marvin_interfaces/action_marvin_interfaces/action/hover.h
[7.585s] -- Installing: /home/iartes/marvinAutonomousTester/install/action_marvin_interfaces/include/action_marvin_interfaces/action_marvin_interfaces/action/detail
[7.585s] -- Installing: /home/iartes/marvinAutonomousTester/install/action_marvin_interfaces/include/action_marvin_interfaces/action_marvin_interfaces/action/detail/hover__struct.h
[7.585s] -- Installing: /home/iartes/marvinAutonomousTester/install/action_marvin_interfaces/include/action_marvin_interfaces/action_marvin_interfaces/action/detail/hover__type_support.h
[7.585s] -- Installing: /home/iartes/marvinAutonomousTester/install/action_marvin_interfaces/include/action_marvin_interfaces/action_marvin_interfaces/action/detail/hover__functions.c
[7.585s] -- Installing: /home/iartes/marvinAutonomousTester/install/action_marvin_interfaces/include/action_marvin_interfaces/action_marvin_interfaces/action/detail/hover__functions.h
[7.585s] -- Installing: /home/iartes/marvinAutonomousTester/install/action_marvin_interfaces/share/action_marvin_interfaces/environment/library_path.sh
[7.585s] -- Installing: /home/iartes/marvinAutonomousTester/install/action_marvin_interfaces/share/action_marvin_interfaces/environment/library_path.dsv
[7.585s] -- Installing: /home/iartes/marvinAutonomousTester/install/action_marvin_interfaces/lib/libaction_marvin_interfaces__rosidl_generator_c.so
[7.585s] -- Set runtime path of "/home/iartes/marvinAutonomousTester/install/action_marvin_interfaces/lib/libaction_marvin_interfaces__rosidl_generator_c.so" to ""
[7.585s] -- Up-to-date: /home/iartes/marvinAutonomousTester/install/action_marvin_interfaces/include/action_marvin_interfaces/action_marvin_interfaces
[7.585s] -- Up-to-date: /home/iartes/marvinAutonomousTester/install/action_marvin_interfaces/include/action_marvin_interfaces/action_marvin_interfaces/msg
[7.586s] -- Installing: /home/iartes/marvinAutonomousTester/install/action_marvin_interfaces/include/action_marvin_interfaces/action_marvin_interfaces/msg/rosidl_typesupport_fastrtps_c__visibility_control.h
[7.586s] -- Up-to-date: /home/iartes/marvinAutonomousTester/install/action_marvin_interfaces/include/action_marvin_interfaces/action_marvin_interfaces/action
[7.586s] -- Up-to-date: /home/iartes/marvinAutonomousTester/install/action_marvin_interfaces/include/action_marvin_interfaces/action_marvin_interfaces/action/detail
[7.586s] -- Installing: /home/iartes/marvinAutonomousTester/install/action_marvin_interfaces/include/action_marvin_interfaces/action_marvin_interfaces/action/detail/hover__rosidl_typesupport_fastrtps_c.h
[7.586s] -- Installing: /home/iartes/marvinAutonomousTester/install/action_marvin_interfaces/lib/libaction_marvin_interfaces__rosidl_typesupport_fastrtps_c.so
[7.586s] -- Set runtime path of "/home/iartes/marvinAutonomousTester/install/action_marvin_interfaces/lib/libaction_marvin_interfaces__rosidl_typesupport_fastrtps_c.so" to ""
[7.586s] -- Up-to-date: /home/iartes/marvinAutonomousTester/install/action_marvin_interfaces/include/action_marvin_interfaces/action_marvin_interfaces
[7.586s] -- Up-to-date: /home/iartes/marvinAutonomousTester/install/action_marvin_interfaces/include/action_marvin_interfaces/action_marvin_interfaces/msg
[7.586s] -- Installing: /home/iartes/marvinAutonomousTester/install/action_marvin_interfaces/include/action_marvin_interfaces/action_marvin_interfaces/msg/rosidl_typesupport_introspection_c__visibility_control.h
[7.586s] -- Up-to-date: /home/iartes/marvinAutonomousTester/install/action_marvin_interfaces/include/action_marvin_interfaces/action_marvin_interfaces/action
[7.586s] -- Up-to-date: /home/iartes/marvinAutonomousTester/install/action_marvin_interfaces/include/action_marvin_interfaces/action_marvin_interfaces/action/detail
[7.586s] -- Installing: /home/iartes/marvinAutonomousTester/install/action_marvin_interfaces/include/action_marvin_interfaces/action_marvin_interfaces/action/detail/hover__type_support.c
[7.586s] -- Installing: /home/iartes/marvinAutonomousTester/install/action_marvin_interfaces/include/action_marvin_interfaces/action_marvin_interfaces/action/detail/hover__rosidl_typesupport_introspection_c.h
[7.586s] -- Installing: /home/iartes/marvinAutonomousTester/install/action_marvin_interfaces/lib/libaction_marvin_interfaces__rosidl_typesupport_introspection_c.so
[7.586s] -- Set runtime path of "/home/iartes/marvinAutonomousTester/install/action_marvin_interfaces/lib/libaction_marvin_interfaces__rosidl_typesupport_introspection_c.so" to ""
[7.586s] -- Installing: /home/iartes/marvinAutonomousTester/install/action_marvin_interfaces/lib/libaction_marvin_interfaces__rosidl_typesupport_c.so
[7.586s] -- Set runtime path of "/home/iartes/marvinAutonomousTester/install/action_marvin_interfaces/lib/libaction_marvin_interfaces__rosidl_typesupport_c.so" to ""
[7.587s] -- Up-to-date: /home/iartes/marvinAutonomousTester/install/action_marvin_interfaces/include/action_marvin_interfaces/action_marvin_interfaces
[7.587s] -- Up-to-date: /home/iartes/marvinAutonomousTester/install/action_marvin_interfaces/include/action_marvin_interfaces/action_marvin_interfaces/action
[7.587s] -- Installing: /home/iartes/marvinAutonomousTester/install/action_marvin_interfaces/include/action_marvin_interfaces/action_marvin_interfaces/action/hover.hpp
[7.587s] -- Up-to-date: /home/iartes/marvinAutonomousTester/install/action_marvin_interfaces/include/action_marvin_interfaces/action_marvin_interfaces/action/detail
[7.587s] -- Installing: /home/iartes/marvinAutonomousTester/install/action_marvin_interfaces/include/action_marvin_interfaces/action_marvin_interfaces/action/detail/hover__traits.hpp
[7.587s] -- Installing: /home/iartes/marvinAutonomousTester/install/action_marvin_interfaces/include/action_marvin_interfaces/action_marvin_interfaces/action/detail/hover__struct.hpp
[7.587s] -- Installing: /home/iartes/marvinAutonomousTester/install/action_marvin_interfaces/include/action_marvin_interfaces/action_marvin_interfaces/action/detail/hover__builder.hpp
[7.587s] -- Up-to-date: /home/iartes/marvinAutonomousTester/install/action_marvin_interfaces/include/action_marvin_interfaces/action_marvin_interfaces
[7.587s] -- Up-to-date: /home/iartes/marvinAutonomousTester/install/action_marvin_interfaces/include/action_marvin_interfaces/action_marvin_interfaces/msg
[7.587s] -- Installing: /home/iartes/marvinAutonomousTester/install/action_marvin_interfaces/include/action_marvin_interfaces/action_marvin_interfaces/msg/rosidl_typesupport_fastrtps_cpp__visibility_control.h
[7.587s] -- Up-to-date: /home/iartes/marvinAutonomousTester/install/action_marvin_interfaces/include/action_marvin_interfaces/action_marvin_interfaces/action
[7.587s] -- Up-to-date: /home/iartes/marvinAutonomousTester/install/action_marvin_interfaces/include/action_marvin_interfaces/action_marvin_interfaces/action/detail
[7.587s] -- Installing: /home/iartes/marvinAutonomousTester/install/action_marvin_interfaces/include/action_marvin_interfaces/action_marvin_interfaces/action/detail/hover__rosidl_typesupport_fastrtps_cpp.hpp
[7.587s] -- Installing: /home/iartes/marvinAutonomousTester/install/action_marvin_interfaces/include/action_marvin_interfaces/action_marvin_interfaces/action/detail/dds_fastrtps
[7.587s] -- Installing: /home/iartes/marvinAutonomousTester/install/action_marvin_interfaces/lib/libaction_marvin_interfaces__rosidl_typesupport_fastrtps_cpp.so
[7.587s] -- Set runtime path of "/home/iartes/marvinAutonomousTester/install/action_marvin_interfaces/lib/libaction_marvin_interfaces__rosidl_typesupport_fastrtps_cpp.so" to ""
[7.587s] -- Up-to-date: /home/iartes/marvinAutonomousTester/install/action_marvin_interfaces/include/action_marvin_interfaces/action_marvin_interfaces
[7.587s] -- Up-to-date: /home/iartes/marvinAutonomousTester/install/action_marvin_interfaces/include/action_marvin_interfaces/action_marvin_interfaces/action
[7.587s] -- Up-to-date: /home/iartes/marvinAutonomousTester/install/action_marvin_interfaces/include/action_marvin_interfaces/action_marvin_interfaces/action/detail
[7.587s] -- Installing: /home/iartes/marvinAutonomousTester/install/action_marvin_interfaces/include/action_marvin_interfaces/action_marvin_interfaces/action/detail/hover__rosidl_typesupport_introspection_cpp.hpp
[7.587s] -- Installing: /home/iartes/marvinAutonomousTester/install/action_marvin_interfaces/include/action_marvin_interfaces/action_marvin_interfaces/action/detail/hover__type_support.cpp
[7.588s] -- Installing: /home/iartes/marvinAutonomousTester/install/action_marvin_interfaces/lib/libaction_marvin_interfaces__rosidl_typesupport_introspection_cpp.so
[7.588s] -- Set runtime path of "/home/iartes/marvinAutonomousTester/install/action_marvin_interfaces/lib/libaction_marvin_interfaces__rosidl_typesupport_introspection_cpp.so" to ""
[7.588s] -- Installing: /home/iartes/marvinAutonomousTester/install/action_marvin_interfaces/lib/libaction_marvin_interfaces__rosidl_typesupport_cpp.so
[7.588s] -- Set runtime path of "/home/iartes/marvinAutonomousTester/install/action_marvin_interfaces/lib/libaction_marvin_interfaces__rosidl_typesupport_cpp.so" to ""
[7.588s] -- Installing: /home/iartes/marvinAutonomousTester/install/action_marvin_interfaces/share/action_marvin_interfaces/environment/pythonpath.sh
[7.588s] -- Installing: /home/iartes/marvinAutonomousTester/install/action_marvin_interfaces/share/action_marvin_interfaces/environment/pythonpath.dsv
[7.588s] -- Installing: /home/iartes/marvinAutonomousTester/install/action_marvin_interfaces/local/lib/python3.10/dist-packages/action_marvin_interfaces-0.0.0-py3.10.egg-info
[7.588s] -- Installing: /home/iartes/marvinAutonomousTester/install/action_marvin_interfaces/local/lib/python3.10/dist-packages/action_marvin_interfaces-0.0.0-py3.10.egg-info/SOURCES.txt
[7.588s] -- Installing: /home/iartes/marvinAutonomousTester/install/action_marvin_interfaces/local/lib/python3.10/dist-packages/action_marvin_interfaces-0.0.0-py3.10.egg-info/PKG-INFO
[7.588s] -- Installing: /home/iartes/marvinAutonomousTester/install/action_marvin_interfaces/local/lib/python3.10/dist-packages/action_marvin_interfaces-0.0.0-py3.10.egg-info/top_level.txt
[7.588s] -- Installing: /home/iartes/marvinAutonomousTester/install/action_marvin_interfaces/local/lib/python3.10/dist-packages/action_marvin_interfaces-0.0.0-py3.10.egg-info/dependency_links.txt
[7.588s] -- Installing: /home/iartes/marvinAutonomousTester/install/action_marvin_interfaces/local/lib/python3.10/dist-packages/action_marvin_interfaces
[7.588s] -- Installing: /home/iartes/marvinAutonomousTester/install/action_marvin_interfaces/local/lib/python3.10/dist-packages/action_marvin_interfaces/__init__.py
[7.588s] -- Installing: /home/iartes/marvinAutonomousTester/install/action_marvin_interfaces/local/lib/python3.10/dist-packages/action_marvin_interfaces/action_marvin_interfaces_s__rosidl_typesupport_fastrtps_c.cpython-310-x86_64-linux-gnu.so
[7.589s] -- Installing: /home/iartes/marvinAutonomousTester/install/action_marvin_interfaces/local/lib/python3.10/dist-packages/action_marvin_interfaces/libaction_marvin_interfaces__rosidl_generator_py.so
[7.589s] -- Installing: /home/iartes/marvinAutonomousTester/install/action_marvin_interfaces/local/lib/python3.10/dist-packages/action_marvin_interfaces/action_marvin_interfaces_s__rosidl_typesupport_introspection_c.cpython-310-x86_64-linux-gnu.so
[7.589s] -- Installing: /home/iartes/marvinAutonomousTester/install/action_marvin_interfaces/local/lib/python3.10/dist-packages/action_marvin_interfaces/_action_marvin_interfaces_s.ep.rosidl_typesupport_c.c
[7.589s] -- Installing: /home/iartes/marvinAutonomousTester/install/action_marvin_interfaces/local/lib/python3.10/dist-packages/action_marvin_interfaces/_action_marvin_interfaces_s.ep.rosidl_typesupport_introspection_c.c
[7.589s] -- Installing: /home/iartes/marvinAutonomousTester/install/action_marvin_interfaces/local/lib/python3.10/dist-packages/action_marvin_interfaces/action_marvin_interfaces_s__rosidl_typesupport_c.cpython-310-x86_64-linux-gnu.so
[7.589s] -- Installing: /home/iartes/marvinAutonomousTester/install/action_marvin_interfaces/local/lib/python3.10/dist-packages/action_marvin_interfaces/_action_marvin_interfaces_s.ep.rosidl_typesupport_fastrtps_c.c
[7.589s] -- Installing: /home/iartes/marvinAutonomousTester/install/action_marvin_interfaces/local/lib/python3.10/dist-packages/action_marvin_interfaces/action
[7.589s] -- Installing: /home/iartes/marvinAutonomousTester/install/action_marvin_interfaces/local/lib/python3.10/dist-packages/action_marvin_interfaces/action/__init__.py
[7.589s] -- Installing: /home/iartes/marvinAutonomousTester/install/action_marvin_interfaces/local/lib/python3.10/dist-packages/action_marvin_interfaces/action/_hover_s.c
[7.589s] -- Installing: /home/iartes/marvinAutonomousTester/install/action_marvin_interfaces/local/lib/python3.10/dist-packages/action_marvin_interfaces/action/_hover.py
[7.626s] Listing '/home/iartes/marvinAutonomousTester/install/action_marvin_interfaces/local/lib/python3.10/dist-packages/action_marvin_interfaces'...
[7.626s] Compiling '/home/iartes/marvinAutonomousTester/install/action_marvin_interfaces/local/lib/python3.10/dist-packages/action_marvin_interfaces/__init__.py'...
[7.626s] Listing '/home/iartes/marvinAutonomousTester/install/action_marvin_interfaces/local/lib/python3.10/dist-packages/action_marvin_interfaces/action'...
[7.626s] Compiling '/home/iartes/marvinAutonomousTester/install/action_marvin_interfaces/local/lib/python3.10/dist-packages/action_marvin_interfaces/action/__init__.py'...
[7.626s] Compiling '/home/iartes/marvinAutonomousTester/install/action_marvin_interfaces/local/lib/python3.10/dist-packages/action_marvin_interfaces/action/_hover.py'...
[7.629s] -- Installing: /home/iartes/marvinAutonomousTester/install/action_marvin_interfaces/local/lib/python3.10/dist-packages/action_marvin_interfaces/action_marvin_interfaces_s__rosidl_typesupport_fastrtps_c.cpython-310-x86_64-linux-gnu.so
[7.629s] -- Set runtime path of "/home/iartes/marvinAutonomousTester/install/action_marvin_interfaces/local/lib/python3.10/dist-packages/action_marvin_interfaces/action_marvin_interfaces_s__rosidl_typesupport_fastrtps_c.cpython-310-x86_64-linux-gnu.so" to ""
[7.629s] -- Installing: /home/iartes/marvinAutonomousTester/install/action_marvin_interfaces/local/lib/python3.10/dist-packages/action_marvin_interfaces/action_marvin_interfaces_s__rosidl_typesupport_introspection_c.cpython-310-x86_64-linux-gnu.so
[7.629s] -- Set runtime path of "/home/iartes/marvinAutonomousTester/install/action_marvin_interfaces/local/lib/python3.10/dist-packages/action_marvin_interfaces/action_marvin_interfaces_s__rosidl_typesupport_introspection_c.cpython-310-x86_64-linux-gnu.so" to ""
[7.629s] -- Installing: /home/iartes/marvinAutonomousTester/install/action_marvin_interfaces/local/lib/python3.10/dist-packages/action_marvin_interfaces/action_marvin_interfaces_s__rosidl_typesupport_c.cpython-310-x86_64-linux-gnu.so
[7.630s] -- Set runtime path of "/home/iartes/marvinAutonomousTester/install/action_marvin_interfaces/local/lib/python3.10/dist-packages/action_marvin_interfaces/action_marvin_interfaces_s__rosidl_typesupport_c.cpython-310-x86_64-linux-gnu.so" to ""
[7.630s] -- Installing: /home/iartes/marvinAutonomousTester/install/action_marvin_interfaces/lib/libaction_marvin_interfaces__rosidl_generator_py.so
[7.630s] -- Set runtime path of "/home/iartes/marvinAutonomousTester/install/action_marvin_interfaces/lib/libaction_marvin_interfaces__rosidl_generator_py.so" to ""
[7.630s] -- Installing: /home/iartes/marvinAutonomousTester/install/action_marvin_interfaces/share/action_marvin_interfaces/action/Hover.idl
[7.630s] -- Installing: /home/iartes/marvinAutonomousTester/install/action_marvin_interfaces/share/action_marvin_interfaces/action/Hover.action
[7.630s] -- Installing: /home/iartes/marvinAutonomousTester/install/action_marvin_interfaces/share/ament_index/resource_index/package_run_dependencies/action_marvin_interfaces
[7.630s] -- Installing: /home/iartes/marvinAutonomousTester/install/action_marvin_interfaces/share/ament_index/resource_index/parent_prefix_path/action_marvin_interfaces
[7.630s] -- Installing: /home/iartes/marvinAutonomousTester/install/action_marvin_interfaces/share/action_marvin_interfaces/environment/ament_prefix_path.sh
[7.630s] -- Installing: /home/iartes/marvinAutonomousTester/install/action_marvin_interfaces/share/action_marvin_interfaces/environment/ament_prefix_path.dsv
[7.630s] -- Installing: /home/iartes/marvinAutonomousTester/install/action_marvin_interfaces/share/action_marvin_interfaces/environment/path.sh
[7.630s] -- Installing: /home/iartes/marvinAutonomousTester/install/action_marvin_interfaces/share/action_marvin_interfaces/environment/path.dsv
[7.630s] -- Installing: /home/iartes/marvinAutonomousTester/install/action_marvin_interfaces/share/action_marvin_interfaces/local_setup.bash
[7.630s] -- Installing: /home/iartes/marvinAutonomousTester/install/action_marvin_interfaces/share/action_marvin_interfaces/local_setup.sh
[7.631s] -- Installing: /home/iartes/marvinAutonomousTester/install/action_marvin_interfaces/share/action_marvin_interfaces/local_setup.zsh
[7.631s] -- Installing: /home/iartes/marvinAutonomousTester/install/action_marvin_interfaces/share/action_marvin_interfaces/local_setup.dsv
[7.631s] -- Installing: /home/iartes/marvinAutonomousTester/install/action_marvin_interfaces/share/action_marvin_interfaces/package.dsv
[7.631s] -- Installing: /home/iartes/marvinAutonomousTester/install/action_marvin_interfaces/share/ament_index/resource_index/packages/action_marvin_interfaces
[7.631s] -- Installing: /home/iartes/marvinAutonomousTester/install/action_marvin_interfaces/share/action_marvin_interfaces/cmake/export_action_marvin_interfaces__rosidl_generator_cExport.cmake
[7.631s] -- Installing: /home/iartes/marvinAutonomousTester/install/action_marvin_interfaces/share/action_marvin_interfaces/cmake/export_action_marvin_interfaces__rosidl_generator_cExport-noconfig.cmake
[7.631s] -- Installing: /home/iartes/marvinAutonomousTester/install/action_marvin_interfaces/share/action_marvin_interfaces/cmake/export_action_marvin_interfaces__rosidl_typesupport_fastrtps_cExport.cmake
[7.631s] -- Installing: /home/iartes/marvinAutonomousTester/install/action_marvin_interfaces/share/action_marvin_interfaces/cmake/export_action_marvin_interfaces__rosidl_typesupport_fastrtps_cExport-noconfig.cmake
[7.631s] -- Installing: /home/iartes/marvinAutonomousTester/install/action_marvin_interfaces/share/action_marvin_interfaces/cmake/action_marvin_interfaces__rosidl_typesupport_introspection_cExport.cmake
[7.631s] -- Installing: /home/iartes/marvinAutonomousTester/install/action_marvin_interfaces/share/action_marvin_interfaces/cmake/action_marvin_interfaces__rosidl_typesupport_introspection_cExport-noconfig.cmake
[7.631s] -- Installing: /home/iartes/marvinAutonomousTester/install/action_marvin_interfaces/share/action_marvin_interfaces/cmake/action_marvin_interfaces__rosidl_typesupport_cExport.cmake
[7.631s] -- Installing: /home/iartes/marvinAutonomousTester/install/action_marvin_interfaces/share/action_marvin_interfaces/cmake/action_marvin_interfaces__rosidl_typesupport_cExport-noconfig.cmake
[7.631s] -- Installing: /home/iartes/marvinAutonomousTester/install/action_marvin_interfaces/share/action_marvin_interfaces/cmake/export_action_marvin_interfaces__rosidl_generator_cppExport.cmake
[7.631s] -- Installing: /home/iartes/marvinAutonomousTester/install/action_marvin_interfaces/share/action_marvin_interfaces/cmake/export_action_marvin_interfaces__rosidl_typesupport_fastrtps_cppExport.cmake
[7.632s] -- Installing: /home/iartes/marvinAutonomousTester/install/action_marvin_interfaces/share/action_marvin_interfaces/cmake/export_action_marvin_interfaces__rosidl_typesupport_fastrtps_cppExport-noconfig.cmake
[7.632s] -- Installing: /home/iartes/marvinAutonomousTester/install/action_marvin_interfaces/share/action_marvin_interfaces/cmake/action_marvin_interfaces__rosidl_typesupport_introspection_cppExport.cmake
[7.632s] -- Installing: /home/iartes/marvinAutonomousTester/install/action_marvin_interfaces/share/action_marvin_interfaces/cmake/action_marvin_interfaces__rosidl_typesupport_introspection_cppExport-noconfig.cmake
[7.632s] -- Installing: /home/iartes/marvinAutonomousTester/install/action_marvin_interfaces/share/action_marvin_interfaces/cmake/action_marvin_interfaces__rosidl_typesupport_cppExport.cmake
[7.632s] -- Installing: /home/iartes/marvinAutonomousTester/install/action_marvin_interfaces/share/action_marvin_interfaces/cmake/action_marvin_interfaces__rosidl_typesupport_cppExport-noconfig.cmake
[7.632s] -- Installing: /home/iartes/marvinAutonomousTester/install/action_marvin_interfaces/share/action_marvin_interfaces/cmake/export_action_marvin_interfaces__rosidl_generator_pyExport.cmake
[7.632s] -- Installing: /home/iartes/marvinAutonomousTester/install/action_marvin_interfaces/share/action_marvin_interfaces/cmake/export_action_marvin_interfaces__rosidl_generator_pyExport-noconfig.cmake
[7.632s] -- Installing: /home/iartes/marvinAutonomousTester/install/action_marvin_interfaces/share/action_marvin_interfaces/cmake/rosidl_cmake-extras.cmake
[7.632s] -- Installing: /home/iartes/marvinAutonomousTester/install/action_marvin_interfaces/share/action_marvin_interfaces/cmake/ament_cmake_export_dependencies-extras.cmake
[7.632s] -- Installing: /home/iartes/marvinAutonomousTester/install/action_marvin_interfaces/share/action_marvin_interfaces/cmake/ament_cmake_export_include_directories-extras.cmake
[7.632s] -- Installing: /home/iartes/marvinAutonomousTester/install/action_marvin_interfaces/share/action_marvin_interfaces/cmake/ament_cmake_export_libraries-extras.cmake
[7.632s] -- Installing: /home/iartes/marvinAutonomousTester/install/action_marvin_interfaces/share/action_marvin_interfaces/cmake/ament_cmake_export_targets-extras.cmake
[7.632s] -- Installing: /home/iartes/marvinAutonomousTester/install/action_marvin_interfaces/share/action_marvin_interfaces/cmake/rosidl_cmake_export_typesupport_targets-extras.cmake
[7.632s] -- Installing: /home/iartes/marvinAutonomousTester/install/action_marvin_interfaces/share/action_marvin_interfaces/cmake/rosidl_cmake_export_typesupport_libraries-extras.cmake
[7.632s] -- Installing: /home/iartes/marvinAutonomousTester/install/action_marvin_interfaces/share/action_marvin_interfaces/cmake/action_marvin_interfacesConfig.cmake
[7.633s] -- Installing: /home/iartes/marvinAutonomousTester/install/action_marvin_interfaces/share/action_marvin_interfaces/cmake/action_marvin_interfacesConfig-version.cmake
[7.633s] -- Installing: /home/iartes/marvinAutonomousTester/install/action_marvin_interfaces/share/action_marvin_interfaces/package.xml
[7.635s] Invoked command in '/home/iartes/marvinAutonomousTester/build/action_marvin_interfaces' returned '0': CMAKE_PREFIX_PATH=${CMAKE_PREFIX_PATH}:/home/iartes/chess_manipulator/install/chess_manipulator:/home/iartes/ws_moveit2/install/moveit_configs_utils:/home/iartes/ws_moveit2/install/launch_param_builder:/opt/ros/humble /usr/bin/cmake --install /home/iartes/marvinAutonomousTester/build/action_marvin_interfaces
