[0.035s] Invoking command in '/home/debora/IARTES/ProjFinal/ros2_marvin/build/marvin_bringup': AMENT_PREFIX_PATH=/home/debora/IARTES/ProjFinal/ros2_marvin/install/topic_to_terminal:/home/debora/IARTES/ProjFinal/ros2_marvin/install/mqtt_publish:${AMENT_PREFIX_PATH} CMAKE_PREFIX_PATH=${CMAKE_PREFIX_PATH}:/home/debora/ROS2Curso/ros2_ws/install/my_py_pkg:/home/debora/ws_moveit/install/moveit_configs_utils:/home/debora/install/moveit_configs_utils:/opt/ros/humble PYTHONPATH=/home/debora/IARTES/ProjFinal/ros2_marvin/install/topic_to_terminal/lib/python3.10/site-packages:/home/debora/IARTES/ProjFinal/ros2_marvin/install/mqtt_publish/lib/python3.10/site-packages:${PYTHONPATH} /usr/bin/cmake --build /home/debora/IARTES/ProjFinal/ros2_marvin/build/marvin_bringup -- -j4 -l4
[0.130s] Invoked command in '/home/debora/IARTES/ProjFinal/ros2_marvin/build/marvin_bringup' returned '0': AMENT_PREFIX_PATH=/home/debora/IARTES/ProjFinal/ros2_marvin/install/topic_to_terminal:/home/debora/IARTES/ProjFinal/ros2_marvin/install/mqtt_publish:${AMENT_PREFIX_PATH} CMAKE_PREFIX_PATH=${CMAKE_PREFIX_PATH}:/home/debora/ROS2Curso/ros2_ws/install/my_py_pkg:/home/debora/ws_moveit/install/moveit_configs_utils:/home/debora/install/moveit_configs_utils:/opt/ros/humble PYTHONPATH=/home/debora/IARTES/ProjFinal/ros2_marvin/install/topic_to_terminal/lib/python3.10/site-packages:/home/debora/IARTES/ProjFinal/ros2_marvin/install/mqtt_publish/lib/python3.10/site-packages:${PYTHONPATH} /usr/bin/cmake --build /home/debora/IARTES/ProjFinal/ros2_marvin/build/marvin_bringup -- -j4 -l4
[0.186s] Invoking command in '/home/debora/IARTES/ProjFinal/ros2_marvin/build/marvin_bringup': AMENT_PREFIX_PATH=/home/debora/IARTES/ProjFinal/ros2_marvin/install/topic_to_terminal:/home/debora/IARTES/ProjFinal/ros2_marvin/install/mqtt_publish:${AMENT_PREFIX_PATH} CMAKE_PREFIX_PATH=${CMAKE_PREFIX_PATH}:/home/debora/ROS2Curso/ros2_ws/install/my_py_pkg:/home/debora/ws_moveit/install/moveit_configs_utils:/home/debora/install/moveit_configs_utils:/opt/ros/humble PYTHONPATH=/home/debora/IARTES/ProjFinal/ros2_marvin/install/topic_to_terminal/lib/python3.10/site-packages:/home/debora/IARTES/ProjFinal/ros2_marvin/install/mqtt_publish/lib/python3.10/site-packages:${PYTHONPATH} /usr/bin/cmake --install /home/debora/IARTES/ProjFinal/ros2_marvin/build/marvin_bringup
[0.198s] -- Install configuration: ""
[0.200s] -- Execute custom install script
[0.201s] -- Up-to-date symlink: /home/debora/IARTES/ProjFinal/ros2_marvin/install/marvin_bringup/share/marvin_bringup/launch/marvin_control.launch.py
[0.201s] -- Up-to-date symlink: /home/debora/IARTES/ProjFinal/ros2_marvin/install/marvin_bringup/share/ament_index/resource_index/package_run_dependencies/marvin_bringup
[0.202s] -- Up-to-date symlink: /home/debora/IARTES/ProjFinal/ros2_marvin/install/marvin_bringup/share/ament_index/resource_index/parent_prefix_path/marvin_bringup
[0.202s] -- Up-to-date symlink: /home/debora/IARTES/ProjFinal/ros2_marvin/install/marvin_bringup/share/marvin_bringup/environment/ament_prefix_path.sh
[0.202s] -- Up-to-date symlink: /home/debora/IARTES/ProjFinal/ros2_marvin/install/marvin_bringup/share/marvin_bringup/environment/ament_prefix_path.dsv
[0.203s] -- Up-to-date symlink: /home/debora/IARTES/ProjFinal/ros2_marvin/install/marvin_bringup/share/marvin_bringup/environment/path.sh
[0.203s] -- Up-to-date symlink: /home/debora/IARTES/ProjFinal/ros2_marvin/install/marvin_bringup/share/marvin_bringup/environment/path.dsv
[0.204s] -- Up-to-date symlink: /home/debora/IARTES/ProjFinal/ros2_marvin/install/marvin_bringup/share/marvin_bringup/local_setup.bash
[0.204s] -- Up-to-date symlink: /home/debora/IARTES/ProjFinal/ros2_marvin/install/marvin_bringup/share/marvin_bringup/local_setup.sh
[0.204s] -- Up-to-date symlink: /home/debora/IARTES/ProjFinal/ros2_marvin/install/marvin_bringup/share/marvin_bringup/local_setup.zsh
[0.205s] -- Up-to-date symlink: /home/debora/IARTES/ProjFinal/ros2_marvin/install/marvin_bringup/share/marvin_bringup/local_setup.dsv
[0.205s] -- Symlinking: /home/debora/IARTES/ProjFinal/ros2_marvin/install/marvin_bringup/share/marvin_bringup/package.dsv
[0.220s] -- Up-to-date symlink: /home/debora/IARTES/ProjFinal/ros2_marvin/install/marvin_bringup/share/ament_index/resource_index/packages/marvin_bringup
[0.221s] -- Up-to-date symlink: /home/debora/IARTES/ProjFinal/ros2_marvin/install/marvin_bringup/share/marvin_bringup/cmake/marvin_bringupConfig.cmake
[0.222s] -- Up-to-date symlink: /home/debora/IARTES/ProjFinal/ros2_marvin/install/marvin_bringup/share/marvin_bringup/cmake/marvin_bringupConfig-version.cmake
[0.222s] -- Up-to-date symlink: /home/debora/IARTES/ProjFinal/ros2_marvin/install/marvin_bringup/share/marvin_bringup/package.xml
[0.224s] Invoked command in '/home/debora/IARTES/ProjFinal/ros2_marvin/build/marvin_bringup' returned '0': AMENT_PREFIX_PATH=/home/debora/IARTES/ProjFinal/ros2_marvin/install/topic_to_terminal:/home/debora/IARTES/ProjFinal/ros2_marvin/install/mqtt_publish:${AMENT_PREFIX_PATH} CMAKE_PREFIX_PATH=${CMAKE_PREFIX_PATH}:/home/debora/ROS2Curso/ros2_ws/install/my_py_pkg:/home/debora/ws_moveit/install/moveit_configs_utils:/home/debora/install/moveit_configs_utils:/opt/ros/humble PYTHONPATH=/home/debora/IARTES/ProjFinal/ros2_marvin/install/topic_to_terminal/lib/python3.10/site-packages:/home/debora/IARTES/ProjFinal/ros2_marvin/install/mqtt_publish/lib/python3.10/site-packages:${PYTHONPATH} /usr/bin/cmake --install /home/debora/IARTES/ProjFinal/ros2_marvin/build/marvin_bringup
