[1.076s] Invoking command in '/home/debora/IARTES/ProjFinal/ros2_marvin/src/mqtt_publish': PYTHONPATH=/home/debora/IARTES/ProjFinal/ros2_marvin/build/mqtt_publish/prefix_override:/home/debora/IARTES/ProjFinal/ros2_marvin/install/mqtt_publish/lib/python3.10/site-packages:${PYTHONPATH} /usr/bin/python3 -W ignore:setup.py install is deprecated setup.py egg_info --egg-base ../../build/mqtt_publish build --build-base /home/debora/IARTES/ProjFinal/ros2_marvin/build/mqtt_publish/build install --record /home/debora/IARTES/ProjFinal/ros2_marvin/build/mqtt_publish/install.log --single-version-externally-managed install_data
[1.341s] running egg_info
[1.360s] writing ../../build/mqtt_publish/mqtt_publish.egg-info/PKG-INFO
[1.361s] writing dependency_links to ../../build/mqtt_publish/mqtt_publish.egg-info/dependency_links.txt
[1.361s] writing entry points to ../../build/mqtt_publish/mqtt_publish.egg-info/entry_points.txt
[1.361s] writing requirements to ../../build/mqtt_publish/mqtt_publish.egg-info/requires.txt
[1.362s] writing top-level names to ../../build/mqtt_publish/mqtt_publish.egg-info/top_level.txt
[1.398s] reading manifest file '../../build/mqtt_publish/mqtt_publish.egg-info/SOURCES.txt'
[1.399s] writing manifest file '../../build/mqtt_publish/mqtt_publish.egg-info/SOURCES.txt'
[1.399s] running build
[1.399s] running build_py
[1.399s] copying mqtt_publish/__init__.py -> /home/debora/IARTES/ProjFinal/ros2_marvin/build/mqtt_publish/build/lib/mqtt_publish
[1.399s] copying mqtt_publish/mqtt_pub.py -> /home/debora/IARTES/ProjFinal/ros2_marvin/build/mqtt_publish/build/lib/mqtt_publish
[1.399s] running install
[1.405s] running install_lib
[1.419s] running install_data
[1.420s] copying resource/mqtt_publish -> /home/debora/IARTES/ProjFinal/ros2_marvin/install/mqtt_publish/share/ament_index/resource_index/packages
[1.420s] copying package.xml -> /home/debora/IARTES/ProjFinal/ros2_marvin/install/mqtt_publish/share/mqtt_publish
[1.420s] running install_egg_info
[1.435s] removing '/home/debora/IARTES/ProjFinal/ros2_marvin/install/mqtt_publish/lib/python3.10/site-packages/mqtt_publish-0.0.0-py3.10.egg-info' (and everything under it)
[1.435s] Copying ../../build/mqtt_publish/mqtt_publish.egg-info to /home/debora/IARTES/ProjFinal/ros2_marvin/install/mqtt_publish/lib/python3.10/site-packages/mqtt_publish-0.0.0-py3.10.egg-info
[1.436s] running install_scripts
[1.583s] Installing mqtt_publish script to /home/debora/IARTES/ProjFinal/ros2_marvin/install/mqtt_publish/lib/mqtt_publish
[1.584s] writing list of installed files to '/home/debora/IARTES/ProjFinal/ros2_marvin/build/mqtt_publish/install.log'
[1.619s] Invoked command in '/home/debora/IARTES/ProjFinal/ros2_marvin/src/mqtt_publish' returned '0': PYTHONPATH=/home/debora/IARTES/ProjFinal/ros2_marvin/build/mqtt_publish/prefix_override:/home/debora/IARTES/ProjFinal/ros2_marvin/install/mqtt_publish/lib/python3.10/site-packages:${PYTHONPATH} /usr/bin/python3 -W ignore:setup.py install is deprecated setup.py egg_info --egg-base ../../build/mqtt_publish build --build-base /home/debora/IARTES/ProjFinal/ros2_marvin/build/mqtt_publish/build install --record /home/debora/IARTES/ProjFinal/ros2_marvin/build/mqtt_publish/install.log --single-version-externally-managed install_data
