[2.082s] Invoking command in '/home/iartes/marvinAutonomousTester/ros2_marvin/src/marvin_control': PYTHONPATH=/home/iartes/marvinAutonomousTester/build/marvin_control/prefix_override:/home/iartes/marvinAutonomousTester/install/marvin_control/lib/python3.10/site-packages:${PYTHONPATH} /usr/bin/python3 -W ignore:setup.py install is deprecated setup.py egg_info --egg-base ../../../build/marvin_control build --build-base /home/iartes/marvinAutonomousTester/build/marvin_control/build install --record /home/iartes/marvinAutonomousTester/build/marvin_control/install.log --single-version-externally-managed install_data
[2.368s] running egg_info
[2.389s] writing ../../../build/marvin_control/marvin_control.egg-info/PKG-INFO
[2.389s] writing dependency_links to ../../../build/marvin_control/marvin_control.egg-info/dependency_links.txt
[2.389s] writing entry points to ../../../build/marvin_control/marvin_control.egg-info/entry_points.txt
[2.390s] writing requirements to ../../../build/marvin_control/marvin_control.egg-info/requires.txt
[2.390s] writing top-level names to ../../../build/marvin_control/marvin_control.egg-info/top_level.txt
[2.429s] reading manifest file '../../../build/marvin_control/marvin_control.egg-info/SOURCES.txt'
[2.430s] writing manifest file '../../../build/marvin_control/marvin_control.egg-info/SOURCES.txt'
[2.430s] running build
[2.430s] running build_py
[2.430s] copying marvin_control/__init__.py -> /home/iartes/marvinAutonomousTester/build/marvin_control/build/lib/marvin_control
[2.431s] copying marvin_control/marvin_controller.py -> /home/iartes/marvinAutonomousTester/build/marvin_control/build/lib/marvin_control
[2.431s] running install
[2.438s] running install_lib
[2.459s] running install_data
[2.459s] copying resource/marvin_control -> /home/iartes/marvinAutonomousTester/install/marvin_control/share/ament_index/resource_index/packages
[2.459s] copying package.xml -> /home/iartes/marvinAutonomousTester/install/marvin_control/share/marvin_control
[2.459s] running install_egg_info
[2.479s] removing '/home/iartes/marvinAutonomousTester/install/marvin_control/lib/python3.10/site-packages/marvin_control-0.0.0-py3.10.egg-info' (and everything under it)
[2.480s] Copying ../../../build/marvin_control/marvin_control.egg-info to /home/iartes/marvinAutonomousTester/install/marvin_control/lib/python3.10/site-packages/marvin_control-0.0.0-py3.10.egg-info
[2.480s] running install_scripts
[2.636s] Installing marvin_controller script to /home/iartes/marvinAutonomousTester/install/marvin_control/lib/marvin_control
[2.637s] writing list of installed files to '/home/iartes/marvinAutonomousTester/build/marvin_control/install.log'
[2.664s] Invoked command in '/home/iartes/marvinAutonomousTester/ros2_marvin/src/marvin_control' returned '0': PYTHONPATH=/home/iartes/marvinAutonomousTester/build/marvin_control/prefix_override:/home/iartes/marvinAutonomousTester/install/marvin_control/lib/python3.10/site-packages:${PYTHONPATH} /usr/bin/python3 -W ignore:setup.py install is deprecated setup.py egg_info --egg-base ../../../build/marvin_control build --build-base /home/iartes/marvinAutonomousTester/build/marvin_control/build install --record /home/iartes/marvinAutonomousTester/build/marvin_control/install.log --single-version-externally-managed install_data
