[0.178s] DEBUG:colcon:Command line arguments: ['/usr/bin/colcon', 'build']
[0.178s] DEBUG:colcon:Parsed command line arguments: Namespace(log_base=None, log_level=None, verb_name='build', build_base='build', install_base='install', merge_install=False, symlink_install=False, test_result_base=None, continue_on_error=False, executor='parallel', parallel_workers=4, event_handlers=None, ignore_user_meta=False, metas=['./colcon.meta'], base_paths=['.'], packages_ignore=None, packages_ignore_regex=None, paths=None, packages_up_to=None, packages_up_to_regex=None, packages_above=None, packages_above_and_dependencies=None, packages_above_depth=None, packages_select_by_dep=None, packages_skip_by_dep=None, packages_skip_up_to=None, packages_select_build_failed=False, packages_skip_build_finished=False, packages_select_test_failures=False, packages_skip_test_passed=False, packages_select=None, packages_skip=None, packages_select_regex=None, packages_skip_regex=None, packages_start=None, packages_end=None, allow_overriding=[], cmake_args=None, cmake_target=None, cmake_target_skip_unavailable=False, cmake_clean_cache=False, cmake_clean_first=False, cmake_force_configure=False, ament_cmake_args=None, catkin_cmake_args=None, catkin_skip_building_tests=False, mixin_files=None, mixin=None, verb_parser=<colcon_mixin.mixin.mixin_argument.MixinArgumentDecorator object at 0x7a16a4244880>, verb_extension=<colcon_core.verb.build.BuildVerb object at 0x7a16a4370fa0>, main=<bound method BuildVerb.main of <colcon_core.verb.build.BuildVerb object at 0x7a16a4370fa0>>, mixin_verb=('build',))
[0.223s] Level 1:colcon.colcon_core.package_discovery:discover_packages(colcon_meta) check parameters
[0.223s] Level 1:colcon.colcon_core.package_discovery:discover_packages(recursive) check parameters
[0.223s] Level 1:colcon.colcon_core.package_discovery:discover_packages(ignore) check parameters
[0.223s] Level 1:colcon.colcon_core.package_discovery:discover_packages(path) check parameters
[0.223s] Level 1:colcon.colcon_core.package_discovery:discover_packages(colcon_meta) discover
[0.223s] Level 1:colcon.colcon_core.package_discovery:discover_packages(recursive) discover
[0.223s] INFO:colcon.colcon_core.package_discovery:Crawling recursively for packages in '/home/debora/IARTES/ProjFinal/ros2_marvin'
[0.223s] Level 1:colcon.colcon_core.package_identification:_identify(.) by extensions ['ignore', 'ignore_ament_install']
[0.223s] Level 1:colcon.colcon_core.package_identification:_identify(.) by extension 'ignore'
[0.223s] Level 1:colcon.colcon_core.package_identification:_identify(.) by extension 'ignore_ament_install'
[0.223s] Level 1:colcon.colcon_core.package_identification:_identify(.) by extensions ['colcon_pkg']
[0.223s] Level 1:colcon.colcon_core.package_identification:_identify(.) by extension 'colcon_pkg'
[0.223s] Level 1:colcon.colcon_core.package_identification:_identify(.) by extensions ['colcon_meta']
[0.223s] Level 1:colcon.colcon_core.package_identification:_identify(.) by extension 'colcon_meta'
[0.223s] Level 1:colcon.colcon_core.package_identification:_identify(.) by extensions ['ros']
[0.224s] Level 1:colcon.colcon_core.package_identification:_identify(.) by extension 'ros'
[0.236s] Level 1:colcon.colcon_core.package_identification:_identify(.) by extensions ['cmake', 'python']
[0.236s] Level 1:colcon.colcon_core.package_identification:_identify(.) by extension 'cmake'
[0.236s] Level 1:colcon.colcon_core.package_identification:_identify(.) by extension 'python'
[0.236s] Level 1:colcon.colcon_core.package_identification:_identify(.) by extensions ['python_setup_py']
[0.236s] Level 1:colcon.colcon_core.package_identification:_identify(.) by extension 'python_setup_py'
[0.236s] Level 1:colcon.colcon_core.package_identification:_identify(build) by extensions ['ignore', 'ignore_ament_install']
[0.236s] Level 1:colcon.colcon_core.package_identification:_identify(build) by extension 'ignore'
[0.236s] Level 1:colcon.colcon_core.package_identification:_identify(build) ignored
[0.236s] Level 1:colcon.colcon_core.package_identification:_identify(install) by extensions ['ignore', 'ignore_ament_install']
[0.236s] Level 1:colcon.colcon_core.package_identification:_identify(install) by extension 'ignore'
[0.236s] Level 1:colcon.colcon_core.package_identification:_identify(install) ignored
[0.236s] Level 1:colcon.colcon_core.package_identification:_identify(log) by extensions ['ignore', 'ignore_ament_install']
[0.236s] Level 1:colcon.colcon_core.package_identification:_identify(log) by extension 'ignore'
[0.236s] Level 1:colcon.colcon_core.package_identification:_identify(log) ignored
[0.236s] Level 1:colcon.colcon_core.package_identification:_identify(src) by extensions ['ignore', 'ignore_ament_install']
[0.236s] Level 1:colcon.colcon_core.package_identification:_identify(src) by extension 'ignore'
[0.236s] Level 1:colcon.colcon_core.package_identification:_identify(src) by extension 'ignore_ament_install'
[0.237s] Level 1:colcon.colcon_core.package_identification:_identify(src) by extensions ['colcon_pkg']
[0.237s] Level 1:colcon.colcon_core.package_identification:_identify(src) by extension 'colcon_pkg'
[0.237s] Level 1:colcon.colcon_core.package_identification:_identify(src) by extensions ['colcon_meta']
[0.237s] Level 1:colcon.colcon_core.package_identification:_identify(src) by extension 'colcon_meta'
[0.237s] Level 1:colcon.colcon_core.package_identification:_identify(src) by extensions ['ros']
[0.237s] Level 1:colcon.colcon_core.package_identification:_identify(src) by extension 'ros'
[0.237s] Level 1:colcon.colcon_core.package_identification:_identify(src) by extensions ['cmake', 'python']
[0.237s] Level 1:colcon.colcon_core.package_identification:_identify(src) by extension 'cmake'
[0.237s] Level 1:colcon.colcon_core.package_identification:_identify(src) by extension 'python'
[0.237s] Level 1:colcon.colcon_core.package_identification:_identify(src) by extensions ['python_setup_py']
[0.237s] Level 1:colcon.colcon_core.package_identification:_identify(src) by extension 'python_setup_py'
[0.237s] Level 1:colcon.colcon_core.package_identification:_identify(src/marvin_bringup) by extensions ['ignore', 'ignore_ament_install']
[0.237s] Level 1:colcon.colcon_core.package_identification:_identify(src/marvin_bringup) by extension 'ignore'
[0.237s] Level 1:colcon.colcon_core.package_identification:_identify(src/marvin_bringup) by extension 'ignore_ament_install'
[0.237s] Level 1:colcon.colcon_core.package_identification:_identify(src/marvin_bringup) by extensions ['colcon_pkg']
[0.237s] Level 1:colcon.colcon_core.package_identification:_identify(src/marvin_bringup) by extension 'colcon_pkg'
[0.237s] Level 1:colcon.colcon_core.package_identification:_identify(src/marvin_bringup) by extensions ['colcon_meta']
[0.237s] Level 1:colcon.colcon_core.package_identification:_identify(src/marvin_bringup) by extension 'colcon_meta'
[0.237s] Level 1:colcon.colcon_core.package_identification:_identify(src/marvin_bringup) by extensions ['ros']
[0.237s] Level 1:colcon.colcon_core.package_identification:_identify(src/marvin_bringup) by extension 'ros'
[0.239s] DEBUG:colcon.colcon_core.package_identification:Package 'src/marvin_bringup' with type 'ros.ament_cmake' and name 'marvin_bringup'
[0.239s] Level 1:colcon.colcon_core.package_identification:_identify(src/mqtt_publish) by extensions ['ignore', 'ignore_ament_install']
[0.239s] Level 1:colcon.colcon_core.package_identification:_identify(src/mqtt_publish) by extension 'ignore'
[0.239s] Level 1:colcon.colcon_core.package_identification:_identify(src/mqtt_publish) by extension 'ignore_ament_install'
[0.239s] Level 1:colcon.colcon_core.package_identification:_identify(src/mqtt_publish) by extensions ['colcon_pkg']
[0.239s] Level 1:colcon.colcon_core.package_identification:_identify(src/mqtt_publish) by extension 'colcon_pkg'
[0.239s] Level 1:colcon.colcon_core.package_identification:_identify(src/mqtt_publish) by extensions ['colcon_meta']
[0.239s] Level 1:colcon.colcon_core.package_identification:_identify(src/mqtt_publish) by extension 'colcon_meta'
[0.239s] Level 1:colcon.colcon_core.package_identification:_identify(src/mqtt_publish) by extensions ['ros']
[0.239s] Level 1:colcon.colcon_core.package_identification:_identify(src/mqtt_publish) by extension 'ros'
[0.240s] DEBUG:colcon.colcon_core.package_identification:Package 'src/mqtt_publish' with type 'ros.ament_python' and name 'mqtt_publish'
[0.240s] Level 1:colcon.colcon_core.package_identification:_identify(src/topic_to_terminal) by extensions ['ignore', 'ignore_ament_install']
[0.240s] Level 1:colcon.colcon_core.package_identification:_identify(src/topic_to_terminal) by extension 'ignore'
[0.240s] Level 1:colcon.colcon_core.package_identification:_identify(src/topic_to_terminal) by extension 'ignore_ament_install'
[0.240s] Level 1:colcon.colcon_core.package_identification:_identify(src/topic_to_terminal) by extensions ['colcon_pkg']
[0.240s] Level 1:colcon.colcon_core.package_identification:_identify(src/topic_to_terminal) by extension 'colcon_pkg'
[0.240s] Level 1:colcon.colcon_core.package_identification:_identify(src/topic_to_terminal) by extensions ['colcon_meta']
[0.240s] Level 1:colcon.colcon_core.package_identification:_identify(src/topic_to_terminal) by extension 'colcon_meta'
[0.240s] Level 1:colcon.colcon_core.package_identification:_identify(src/topic_to_terminal) by extensions ['ros']
[0.240s] Level 1:colcon.colcon_core.package_identification:_identify(src/topic_to_terminal) by extension 'ros'
[0.240s] DEBUG:colcon.colcon_core.package_identification:Package 'src/topic_to_terminal' with type 'ros.ament_python' and name 'topic_to_terminal'
[0.240s] Level 1:colcon.colcon_core.package_discovery:discover_packages(recursive) using defaults
[0.240s] Level 1:colcon.colcon_core.package_discovery:discover_packages(ignore) discover
[0.240s] Level 1:colcon.colcon_core.package_discovery:discover_packages(ignore) using defaults
[0.240s] Level 1:colcon.colcon_core.package_discovery:discover_packages(path) discover
[0.240s] Level 1:colcon.colcon_core.package_discovery:discover_packages(path) using defaults
[0.259s] Level 1:colcon.colcon_core.package_discovery:discover_packages(prefix_path) check parameters
[0.259s] Level 1:colcon.colcon_core.package_discovery:discover_packages(prefix_path) discover
[0.264s] DEBUG:colcon.colcon_installed_package_information.package_discovery:Found 3 installed packages in /home/debora/IARTES/ProjFinal/ros2_marvin/install
[0.265s] DEBUG:colcon.colcon_installed_package_information.package_discovery:Found 45 installed packages in /home/debora/install
[0.267s] DEBUG:colcon.colcon_installed_package_information.package_discovery:Found 69 installed packages in /home/debora/ws_moveit/install
[0.269s] DEBUG:colcon.colcon_installed_package_information.package_discovery:Found 3 installed packages in /home/debora/ROS2Curso/ros2_ws/install
[0.272s] DEBUG:colcon.colcon_installed_package_information.package_discovery:Found 342 installed packages in /opt/ros/humble
[0.273s] Level 1:colcon.colcon_core.package_discovery:discover_packages(prefix_path) using defaults
[0.375s] Level 5:colcon.colcon_core.verb:set package 'mqtt_publish' build argument 'cmake_args' from command line to 'None'
[0.375s] Level 5:colcon.colcon_core.verb:set package 'mqtt_publish' build argument 'cmake_target' from command line to 'None'
[0.375s] Level 5:colcon.colcon_core.verb:set package 'mqtt_publish' build argument 'cmake_target_skip_unavailable' from command line to 'False'
[0.375s] Level 5:colcon.colcon_core.verb:set package 'mqtt_publish' build argument 'cmake_clean_cache' from command line to 'False'
[0.375s] Level 5:colcon.colcon_core.verb:set package 'mqtt_publish' build argument 'cmake_clean_first' from command line to 'False'
[0.375s] Level 5:colcon.colcon_core.verb:set package 'mqtt_publish' build argument 'cmake_force_configure' from command line to 'False'
[0.375s] Level 5:colcon.colcon_core.verb:set package 'mqtt_publish' build argument 'ament_cmake_args' from command line to 'None'
[0.375s] Level 5:colcon.colcon_core.verb:set package 'mqtt_publish' build argument 'catkin_cmake_args' from command line to 'None'
[0.375s] Level 5:colcon.colcon_core.verb:set package 'mqtt_publish' build argument 'catkin_skip_building_tests' from command line to 'False'
[0.375s] DEBUG:colcon.colcon_core.verb:Building package 'mqtt_publish' with the following arguments: {'ament_cmake_args': None, 'build_base': '/home/debora/IARTES/ProjFinal/ros2_marvin/build/mqtt_publish', 'catkin_cmake_args': None, 'catkin_skip_building_tests': False, 'cmake_args': None, 'cmake_clean_cache': False, 'cmake_clean_first': False, 'cmake_force_configure': False, 'cmake_target': None, 'cmake_target_skip_unavailable': False, 'install_base': '/home/debora/IARTES/ProjFinal/ros2_marvin/install/mqtt_publish', 'merge_install': False, 'path': '/home/debora/IARTES/ProjFinal/ros2_marvin/src/mqtt_publish', 'symlink_install': False, 'test_result_base': None}
[0.376s] Level 5:colcon.colcon_core.verb:set package 'topic_to_terminal' build argument 'cmake_args' from command line to 'None'
[0.376s] Level 5:colcon.colcon_core.verb:set package 'topic_to_terminal' build argument 'cmake_target' from command line to 'None'
[0.376s] Level 5:colcon.colcon_core.verb:set package 'topic_to_terminal' build argument 'cmake_target_skip_unavailable' from command line to 'False'
[0.376s] Level 5:colcon.colcon_core.verb:set package 'topic_to_terminal' build argument 'cmake_clean_cache' from command line to 'False'
[0.376s] Level 5:colcon.colcon_core.verb:set package 'topic_to_terminal' build argument 'cmake_clean_first' from command line to 'False'
[0.376s] Level 5:colcon.colcon_core.verb:set package 'topic_to_terminal' build argument 'cmake_force_configure' from command line to 'False'
[0.376s] Level 5:colcon.colcon_core.verb:set package 'topic_to_terminal' build argument 'ament_cmake_args' from command line to 'None'
[0.376s] Level 5:colcon.colcon_core.verb:set package 'topic_to_terminal' build argument 'catkin_cmake_args' from command line to 'None'
[0.376s] Level 5:colcon.colcon_core.verb:set package 'topic_to_terminal' build argument 'catkin_skip_building_tests' from command line to 'False'
[0.376s] DEBUG:colcon.colcon_core.verb:Building package 'topic_to_terminal' with the following arguments: {'ament_cmake_args': None, 'build_base': '/home/debora/IARTES/ProjFinal/ros2_marvin/build/topic_to_terminal', 'catkin_cmake_args': None, 'catkin_skip_building_tests': False, 'cmake_args': None, 'cmake_clean_cache': False, 'cmake_clean_first': False, 'cmake_force_configure': False, 'cmake_target': None, 'cmake_target_skip_unavailable': False, 'install_base': '/home/debora/IARTES/ProjFinal/ros2_marvin/install/topic_to_terminal', 'merge_install': False, 'path': '/home/debora/IARTES/ProjFinal/ros2_marvin/src/topic_to_terminal', 'symlink_install': False, 'test_result_base': None}
[0.376s] Level 5:colcon.colcon_core.verb:set package 'marvin_bringup' build argument 'cmake_args' from command line to 'None'
[0.376s] Level 5:colcon.colcon_core.verb:set package 'marvin_bringup' build argument 'cmake_target' from command line to 'None'
[0.376s] Level 5:colcon.colcon_core.verb:set package 'marvin_bringup' build argument 'cmake_target_skip_unavailable' from command line to 'False'
[0.376s] Level 5:colcon.colcon_core.verb:set package 'marvin_bringup' build argument 'cmake_clean_cache' from command line to 'False'
[0.377s] Level 5:colcon.colcon_core.verb:set package 'marvin_bringup' build argument 'cmake_clean_first' from command line to 'False'
[0.377s] Level 5:colcon.colcon_core.verb:set package 'marvin_bringup' build argument 'cmake_force_configure' from command line to 'False'
[0.377s] Level 5:colcon.colcon_core.verb:set package 'marvin_bringup' build argument 'ament_cmake_args' from command line to 'None'
[0.377s] Level 5:colcon.colcon_core.verb:set package 'marvin_bringup' build argument 'catkin_cmake_args' from command line to 'None'
[0.377s] Level 5:colcon.colcon_core.verb:set package 'marvin_bringup' build argument 'catkin_skip_building_tests' from command line to 'False'
[0.377s] DEBUG:colcon.colcon_core.verb:Building package 'marvin_bringup' with the following arguments: {'ament_cmake_args': None, 'build_base': '/home/debora/IARTES/ProjFinal/ros2_marvin/build/marvin_bringup', 'catkin_cmake_args': None, 'catkin_skip_building_tests': False, 'cmake_args': None, 'cmake_clean_cache': False, 'cmake_clean_first': False, 'cmake_force_configure': False, 'cmake_target': None, 'cmake_target_skip_unavailable': False, 'install_base': '/home/debora/IARTES/ProjFinal/ros2_marvin/install/marvin_bringup', 'merge_install': False, 'path': '/home/debora/IARTES/ProjFinal/ros2_marvin/src/marvin_bringup', 'symlink_install': False, 'test_result_base': None}
[0.377s] INFO:colcon.colcon_core.executor:Executing jobs using 'parallel' executor
[0.379s] DEBUG:colcon.colcon_parallel_executor.executor.parallel:run_until_complete
[0.379s] INFO:colcon.colcon_ros.task.ament_python.build:Building ROS package in '/home/debora/IARTES/ProjFinal/ros2_marvin/src/mqtt_publish' with build type 'ament_python'
[0.380s] Level 1:colcon.colcon_core.shell:create_environment_hook('mqtt_publish', 'ament_prefix_path')
[0.382s] INFO:colcon.colcon_core.plugin_system:Skipping extension 'colcon_core.shell.bat': Not used on non-Windows systems
[0.382s] INFO:colcon.colcon_core.shell:Creating environment hook '/home/debora/IARTES/ProjFinal/ros2_marvin/install/mqtt_publish/share/mqtt_publish/hook/ament_prefix_path.ps1'
[0.383s] INFO:colcon.colcon_core.shell:Creating environment descriptor '/home/debora/IARTES/ProjFinal/ros2_marvin/install/mqtt_publish/share/mqtt_publish/hook/ament_prefix_path.dsv'
[0.383s] INFO:colcon.colcon_core.shell:Creating environment hook '/home/debora/IARTES/ProjFinal/ros2_marvin/install/mqtt_publish/share/mqtt_publish/hook/ament_prefix_path.sh'
[0.384s] INFO:colcon.colcon_core.shell:Skip shell extension 'powershell' for command environment: Not usable outside of PowerShell
[0.384s] DEBUG:colcon.colcon_core.shell:Skip shell extension 'dsv' for command environment
[0.395s] INFO:colcon.colcon_ros.task.ament_python.build:Building ROS package in '/home/debora/IARTES/ProjFinal/ros2_marvin/src/topic_to_terminal' with build type 'ament_python'
[0.396s] Level 1:colcon.colcon_core.shell:create_environment_hook('topic_to_terminal', 'ament_prefix_path')
[0.396s] INFO:colcon.colcon_core.shell:Creating environment hook '/home/debora/IARTES/ProjFinal/ros2_marvin/install/topic_to_terminal/share/topic_to_terminal/hook/ament_prefix_path.ps1'
[0.397s] INFO:colcon.colcon_core.shell:Creating environment descriptor '/home/debora/IARTES/ProjFinal/ros2_marvin/install/topic_to_terminal/share/topic_to_terminal/hook/ament_prefix_path.dsv'
[0.397s] INFO:colcon.colcon_core.shell:Creating environment hook '/home/debora/IARTES/ProjFinal/ros2_marvin/install/topic_to_terminal/share/topic_to_terminal/hook/ament_prefix_path.sh'
[0.398s] INFO:colcon.colcon_core.shell:Skip shell extension 'powershell' for command environment: Not usable outside of PowerShell
[0.398s] DEBUG:colcon.colcon_core.shell:Skip shell extension 'dsv' for command environment
[0.656s] INFO:colcon.colcon_core.task.python.build:Building Python package in '/home/debora/IARTES/ProjFinal/ros2_marvin/src/mqtt_publish'
[0.657s] INFO:colcon.colcon_core.shell:Skip shell extension 'powershell' for command environment: Not usable outside of PowerShell
[0.657s] DEBUG:colcon.colcon_core.shell:Skip shell extension 'dsv' for command environment
[0.845s] INFO:colcon.colcon_core.task.python.build:Building Python package in '/home/debora/IARTES/ProjFinal/ros2_marvin/src/topic_to_terminal'
[0.845s] INFO:colcon.colcon_core.shell:Skip shell extension 'powershell' for command environment: Not usable outside of PowerShell
[0.845s] DEBUG:colcon.colcon_core.shell:Skip shell extension 'dsv' for command environment
[1.726s] DEBUG:colcon.colcon_core.event_handler.log_command:Invoking command in '/home/debora/IARTES/ProjFinal/ros2_marvin/src/mqtt_publish': PYTHONPATH=/home/debora/IARTES/ProjFinal/ros2_marvin/build/mqtt_publish/prefix_override:/home/debora/IARTES/ProjFinal/ros2_marvin/install/mqtt_publish/lib/python3.10/site-packages:${PYTHONPATH} /usr/bin/python3 -W ignore:setup.py install is deprecated setup.py egg_info --egg-base ../../build/mqtt_publish build --build-base /home/debora/IARTES/ProjFinal/ros2_marvin/build/mqtt_publish/build install --record /home/debora/IARTES/ProjFinal/ros2_marvin/build/mqtt_publish/install.log --single-version-externally-managed install_data
[1.731s] DEBUG:colcon.colcon_core.event_handler.log_command:Invoking command in '/home/debora/IARTES/ProjFinal/ros2_marvin/src/topic_to_terminal': PYTHONPATH=/home/debora/IARTES/ProjFinal/ros2_marvin/build/topic_to_terminal/prefix_override:/home/debora/IARTES/ProjFinal/ros2_marvin/install/topic_to_terminal/lib/python3.10/site-packages:${PYTHONPATH} /usr/bin/python3 -W ignore:setup.py install is deprecated setup.py egg_info --egg-base ../../build/topic_to_terminal build --build-base /home/debora/IARTES/ProjFinal/ros2_marvin/build/topic_to_terminal/build install --record /home/debora/IARTES/ProjFinal/ros2_marvin/build/topic_to_terminal/install.log --single-version-externally-managed install_data
[2.174s] DEBUG:colcon.colcon_core.event_handler.log_command:Invoked command in '/home/debora/IARTES/ProjFinal/ros2_marvin/src/mqtt_publish' returned '0': PYTHONPATH=/home/debora/IARTES/ProjFinal/ros2_marvin/build/mqtt_publish/prefix_override:/home/debora/IARTES/ProjFinal/ros2_marvin/install/mqtt_publish/lib/python3.10/site-packages:${PYTHONPATH} /usr/bin/python3 -W ignore:setup.py install is deprecated setup.py egg_info --egg-base ../../build/mqtt_publish build --build-base /home/debora/IARTES/ProjFinal/ros2_marvin/build/mqtt_publish/build install --record /home/debora/IARTES/ProjFinal/ros2_marvin/build/mqtt_publish/install.log --single-version-externally-managed install_data
[2.177s] Level 1:colcon.colcon_core.environment:checking '/home/debora/IARTES/ProjFinal/ros2_marvin/install/mqtt_publish' for CMake module files
[2.177s] Level 1:colcon.colcon_core.environment:checking '/home/debora/IARTES/ProjFinal/ros2_marvin/install/mqtt_publish' for CMake config files
[2.178s] Level 1:colcon.colcon_core.environment:checking '/home/debora/IARTES/ProjFinal/ros2_marvin/install/mqtt_publish/lib'
[2.178s] Level 1:colcon.colcon_core.environment:checking '/home/debora/IARTES/ProjFinal/ros2_marvin/install/mqtt_publish/bin'
[2.178s] Level 1:colcon.colcon_core.environment:checking '/home/debora/IARTES/ProjFinal/ros2_marvin/install/mqtt_publish/lib/pkgconfig/mqtt_publish.pc'
[2.178s] Level 1:colcon.colcon_core.environment:checking '/home/debora/IARTES/ProjFinal/ros2_marvin/install/mqtt_publish/lib/python3.10/site-packages'
[2.179s] Level 1:colcon.colcon_core.shell:create_environment_hook('mqtt_publish', 'pythonpath')
[2.179s] INFO:colcon.colcon_core.shell:Creating environment hook '/home/debora/IARTES/ProjFinal/ros2_marvin/install/mqtt_publish/share/mqtt_publish/hook/pythonpath.ps1'
[2.179s] INFO:colcon.colcon_core.shell:Creating environment descriptor '/home/debora/IARTES/ProjFinal/ros2_marvin/install/mqtt_publish/share/mqtt_publish/hook/pythonpath.dsv'
[2.180s] INFO:colcon.colcon_core.shell:Creating environment hook '/home/debora/IARTES/ProjFinal/ros2_marvin/install/mqtt_publish/share/mqtt_publish/hook/pythonpath.sh'
[2.180s] Level 1:colcon.colcon_core.environment:checking '/home/debora/IARTES/ProjFinal/ros2_marvin/install/mqtt_publish/bin'
[2.180s] Level 1:colcon.colcon_core.environment:create_environment_scripts_only(mqtt_publish)
[2.181s] INFO:colcon.colcon_core.shell:Creating package script '/home/debora/IARTES/ProjFinal/ros2_marvin/install/mqtt_publish/share/mqtt_publish/package.ps1'
[2.181s] INFO:colcon.colcon_core.shell:Creating package descriptor '/home/debora/IARTES/ProjFinal/ros2_marvin/install/mqtt_publish/share/mqtt_publish/package.dsv'
[2.182s] INFO:colcon.colcon_core.shell:Creating package script '/home/debora/IARTES/ProjFinal/ros2_marvin/install/mqtt_publish/share/mqtt_publish/package.sh'
[2.182s] INFO:colcon.colcon_core.shell:Creating package script '/home/debora/IARTES/ProjFinal/ros2_marvin/install/mqtt_publish/share/mqtt_publish/package.bash'
[2.183s] INFO:colcon.colcon_core.shell:Creating package script '/home/debora/IARTES/ProjFinal/ros2_marvin/install/mqtt_publish/share/mqtt_publish/package.zsh'
[2.183s] Level 1:colcon.colcon_core.environment:create_file_with_runtime_dependencies(/home/debora/IARTES/ProjFinal/ros2_marvin/install/mqtt_publish/share/colcon-core/packages/mqtt_publish)
[2.185s] Level 1:colcon.colcon_core.environment:checking '/home/debora/IARTES/ProjFinal/ros2_marvin/install/topic_to_terminal' for CMake module files
[2.186s] DEBUG:colcon.colcon_core.event_handler.log_command:Invoked command in '/home/debora/IARTES/ProjFinal/ros2_marvin/src/topic_to_terminal' returned '0': PYTHONPATH=/home/debora/IARTES/ProjFinal/ros2_marvin/build/topic_to_terminal/prefix_override:/home/debora/IARTES/ProjFinal/ros2_marvin/install/topic_to_terminal/lib/python3.10/site-packages:${PYTHONPATH} /usr/bin/python3 -W ignore:setup.py install is deprecated setup.py egg_info --egg-base ../../build/topic_to_terminal build --build-base /home/debora/IARTES/ProjFinal/ros2_marvin/build/topic_to_terminal/build install --record /home/debora/IARTES/ProjFinal/ros2_marvin/build/topic_to_terminal/install.log --single-version-externally-managed install_data
[2.186s] Level 1:colcon.colcon_core.environment:checking '/home/debora/IARTES/ProjFinal/ros2_marvin/install/topic_to_terminal' for CMake config files
[2.186s] Level 1:colcon.colcon_core.environment:checking '/home/debora/IARTES/ProjFinal/ros2_marvin/install/topic_to_terminal/lib'
[2.186s] Level 1:colcon.colcon_core.environment:checking '/home/debora/IARTES/ProjFinal/ros2_marvin/install/topic_to_terminal/bin'
[2.186s] Level 1:colcon.colcon_core.environment:checking '/home/debora/IARTES/ProjFinal/ros2_marvin/install/topic_to_terminal/lib/pkgconfig/topic_to_terminal.pc'
[2.186s] Level 1:colcon.colcon_core.environment:checking '/home/debora/IARTES/ProjFinal/ros2_marvin/install/topic_to_terminal/lib/python3.10/site-packages'
[2.186s] Level 1:colcon.colcon_core.shell:create_environment_hook('topic_to_terminal', 'pythonpath')
[2.187s] INFO:colcon.colcon_core.shell:Creating environment hook '/home/debora/IARTES/ProjFinal/ros2_marvin/install/topic_to_terminal/share/topic_to_terminal/hook/pythonpath.ps1'
[2.187s] INFO:colcon.colcon_core.shell:Creating environment descriptor '/home/debora/IARTES/ProjFinal/ros2_marvin/install/topic_to_terminal/share/topic_to_terminal/hook/pythonpath.dsv'
[2.187s] INFO:colcon.colcon_core.shell:Creating environment hook '/home/debora/IARTES/ProjFinal/ros2_marvin/install/topic_to_terminal/share/topic_to_terminal/hook/pythonpath.sh'
[2.188s] Level 1:colcon.colcon_core.environment:checking '/home/debora/IARTES/ProjFinal/ros2_marvin/install/topic_to_terminal/bin'
[2.188s] Level 1:colcon.colcon_core.environment:create_environment_scripts_only(topic_to_terminal)
[2.188s] INFO:colcon.colcon_core.shell:Creating package script '/home/debora/IARTES/ProjFinal/ros2_marvin/install/topic_to_terminal/share/topic_to_terminal/package.ps1'
[2.188s] INFO:colcon.colcon_core.shell:Creating package descriptor '/home/debora/IARTES/ProjFinal/ros2_marvin/install/topic_to_terminal/share/topic_to_terminal/package.dsv'
[2.189s] INFO:colcon.colcon_core.shell:Creating package script '/home/debora/IARTES/ProjFinal/ros2_marvin/install/topic_to_terminal/share/topic_to_terminal/package.sh'
[2.189s] INFO:colcon.colcon_core.shell:Creating package script '/home/debora/IARTES/ProjFinal/ros2_marvin/install/topic_to_terminal/share/topic_to_terminal/package.bash'
[2.189s] INFO:colcon.colcon_core.shell:Creating package script '/home/debora/IARTES/ProjFinal/ros2_marvin/install/topic_to_terminal/share/topic_to_terminal/package.zsh'
[2.190s] Level 1:colcon.colcon_core.environment:create_file_with_runtime_dependencies(/home/debora/IARTES/ProjFinal/ros2_marvin/install/topic_to_terminal/share/colcon-core/packages/topic_to_terminal)
[2.190s] INFO:colcon.colcon_ros.task.ament_cmake.build:Building ROS package in '/home/debora/IARTES/ProjFinal/ros2_marvin/src/marvin_bringup' with build type 'ament_cmake'
[2.190s] INFO:colcon.colcon_cmake.task.cmake.build:Building CMake package in '/home/debora/IARTES/ProjFinal/ros2_marvin/src/marvin_bringup'
[2.191s] INFO:colcon.colcon_core.shell:Skip shell extension 'powershell' for command environment: Not usable outside of PowerShell
[2.191s] DEBUG:colcon.colcon_core.shell:Skip shell extension 'dsv' for command environment
[2.226s] DEBUG:colcon.colcon_core.event_handler.log_command:Invoking command in '/home/debora/IARTES/ProjFinal/ros2_marvin/build/marvin_bringup': AMENT_PREFIX_PATH=/home/debora/IARTES/ProjFinal/ros2_marvin/install/topic_to_terminal:/home/debora/IARTES/ProjFinal/ros2_marvin/install/mqtt_publish:/home/debora/IARTES/ProjFinal/ros2_marvin/install/marvin_bringup:/home/debora/ROS2Curso/ros2_ws/install/my_robot_bringup:/home/debora/ROS2Curso/ros2_ws/install/my_py_pkg:/home/debora/ROS2Curso/ros2_ws/install/my_cpp_pkg:/home/debora/ws_moveit/install/robotiq_hardware_tests:/home/debora/ws_moveit/install/robotiq_driver:/home/debora/ws_moveit/install/serial:/home/debora/ws_moveit/install/moveit2_tutorials:/home/debora/ws_moveit/install/moveit_visual_tools:/home/debora/ws_moveit/install/rviz_visual_tools:/home/debora/ws_moveit/install/moveit_task_constructor_visualization:/home/debora/ws_moveit/install/moveit_task_constructor_demo:/home/debora/ws_moveit/install/moveit_task_constructor_capabilities:/home/debora/ws_moveit/install/moveit_task_constructor_core:/home/debora/ws_moveit/install/rviz_marker_tools:/home/debora/ws_moveit/install/kortex_bringup:/home/debora/ws_moveit/install/kinova_gen3_7dof_robotiq_2f_85_moveit_config:/home/debora/ws_moveit/install/kinova_gen3_6dof_robotiq_2f_85_moveit_config:/home/debora/ws_moveit/install/kortex_description:/home/debora/ws_moveit/install/robotiq_description:/home/debora/ws_moveit/install/robotiq_controllers:/home/debora/ws_moveit/install/pilz_industrial_motion_planner_testutils:/home/debora/ws_moveit/install/moveit_runtime:/home/debora/ws_moveit/install/moveit:/home/debora/ws_moveit/install/moveit_planners:/home/debora/ws_moveit/install/pilz_industrial_motion_planner:/home/debora/ws_moveit/install/pick_ik:/home/debora/ws_moveit/install/moveit_task_constructor_msgs:/home/debora/ws_moveit/install/moveit_ros_control_interface:/home/debora/ws_moveit/install/moveit_plugins:/home/debora/ws_moveit/install/moveit_simple_controller_manager:/home/debora/ws_moveit/install/moveit_setup_assistant:/home/debora/ws_moveit/install/moveit_setup_srdf_plugins:/home/debora/ws_moveit/install/moveit_setup_core_plugins:/home/debora/ws_moveit/install/moveit_setup_controllers:/home/debora/ws_moveit/install/moveit_setup_app_plugins:/home/debora/ws_moveit/install/moveit_setup_framework:/home/debora/ws_moveit/install/moveit_servo:/home/debora/ws_moveit/install/moveit_ros:/home/debora/ws_moveit/install/moveit_ros_visualization:/home/debora/ws_moveit/install/moveit_py:/home/debora/ws_moveit/install/moveit_hybrid_planning:/home/debora/ws_moveit/install/moveit_ros_planning_interface:/home/debora/ws_moveit/install/moveit_ros_benchmarks:/home/debora/ws_moveit/install/moveit_ros_warehouse:/home/debora/ws_moveit/install/moveit_ros_robot_interaction:/home/debora/ws_moveit/install/moveit_ros_perception:/home/debora/ws_moveit/install/moveit_resources_prbt_pg70_support:/home/debora/ws_moveit/install/moveit_resources_prbt_moveit_config:/home/debora/ws_moveit/install/moveit_ros_move_group:/home/debora/ws_moveit/install/moveit_planners_ompl:/home/debora/ws_moveit/install/moveit_kinematics:/home/debora/ws_moveit/install/moveit_ros_planning:/home/debora/ws_moveit/install/moveit_ros_occupancy_map_monitor:/home/debora/ws_moveit/install/moveit_resources_prbt_support:/home/debora/ws_moveit/install/moveit_resources_prbt_ikfast_manipulator_plugin:/home/debora/ws_moveit/install/moveit_resources:/home/debora/ws_moveit/install/moveit_resources_pr2_description:/home/debora/ws_moveit/install/moveit_resources_panda_moveit_config:/home/debora/ws_moveit/install/dual_arm_panda_moveit_config:/home/debora/ws_moveit/install/moveit_resources_panda_description:/home/debora/ws_moveit/install/moveit_resources_fanuc_moveit_config:/home/debora/ws_moveit/install/moveit_resources_fanuc_description:/home/debora/ws_moveit/install/moveit_planners_stomp:/home/debora/ws_moveit/install/moveit_planners_chomp:/home/debora/ws_moveit/install/chomp_motion_planner:/home/debora/ws_moveit/install/moveit_core:/home/debora/ws_moveit/install/moveit_msgs:/home/debora/ws_moveit/install/moveit_configs_utils:/home/debora/ws_moveit/install/moveit_common:/home/debora/ws_moveit/install/kortex_driver:/home/debora/ws_moveit/install/kortex_api:/home/debora/install/pilz_industrial_motion_planner_testutils:/home/debora/install/moveit_runtime:/home/debora/install/moveit:/home/debora/install/moveit_planners:/home/debora/install/pilz_industrial_motion_planner:/home/debora/install/moveit_ros_control_interface:/home/debora/install/moveit_plugins:/home/debora/install/moveit_simple_controller_manager:/home/debora/install/moveit_setup_assistant:/home/debora/install/moveit_setup_srdf_plugins:/home/debora/install/moveit_setup_core_plugins:/home/debora/install/moveit_setup_controllers:/home/debora/install/moveit_setup_app_plugins:/home/debora/install/moveit_setup_framework:/home/debora/install/moveit_servo:/home/debora/install/moveit_ros:/home/debora/install/moveit_ros_visualization:/home/debora/install/moveit_hybrid_planning:/home/debora/install/moveit_ros_planning_interface:/home/debora/install/moveit_ros_benchmarks:/home/debora/install/moveit_ros_warehouse:/home/debora/install/moveit_ros_robot_interaction:/home/debora/install/moveit_ros_perception:/home/debora/install/moveit_resources_prbt_pg70_support:/home/debora/install/moveit_resources_prbt_moveit_config:/home/debora/install/moveit_ros_move_group:/home/debora/install/moveit_planners_ompl:/home/debora/install/moveit_ros_planning:/home/debora/install/moveit_ros_occupancy_map_monitor:/home/debora/install/moveit_resources_prbt_support:/home/debora/install/moveit_resources_prbt_ikfast_manipulator_plugin:/home/debora/install/moveit_resources:/home/debora/install/moveit_resources_pr2_description:/home/debora/install/moveit_resources_panda_moveit_config:/home/debora/install/moveit_resources_panda_description:/home/debora/install/moveit_resources_fanuc_moveit_config:/home/debora/install/moveit_resources_fanuc_description:/home/debora/install/moveit_planners_chomp:/home/debora/install/moveit_kinematics:/home/debora/install/moveit_chomp_optimizer_adapter:/home/debora/install/chomp_motion_planner:/home/debora/install/moveit_core:/home/debora/install/moveit_msgs:/home/debora/install/moveit_configs_utils:/home/debora/install/moveit_common:/opt/ros/humble CMAKE_PREFIX_PATH=${CMAKE_PREFIX_PATH}:/home/debora/IARTES/ProjFinal/ros2_marvin/install/topic_to_terminal:/home/debora/IARTES/ProjFinal/ros2_marvin/install/mqtt_publish:/home/debora/ROS2Curso/ros2_ws/install/my_py_pkg:/home/debora/ws_moveit/install/moveit_configs_utils:/home/debora/install/moveit_configs_utils:/opt/ros/humble /usr/bin/cmake /home/debora/IARTES/ProjFinal/ros2_marvin/src/marvin_bringup -DCMAKE_INSTALL_PREFIX=/home/debora/IARTES/ProjFinal/ros2_marvin/install/marvin_bringup
[2.428s] DEBUG:colcon.colcon_core.event_handler.log_command:Invoked command in '/home/debora/IARTES/ProjFinal/ros2_marvin/build/marvin_bringup' returned '0': AMENT_PREFIX_PATH=/home/debora/IARTES/ProjFinal/ros2_marvin/install/topic_to_terminal:/home/debora/IARTES/ProjFinal/ros2_marvin/install/mqtt_publish:/home/debora/IARTES/ProjFinal/ros2_marvin/install/marvin_bringup:/home/debora/ROS2Curso/ros2_ws/install/my_robot_bringup:/home/debora/ROS2Curso/ros2_ws/install/my_py_pkg:/home/debora/ROS2Curso/ros2_ws/install/my_cpp_pkg:/home/debora/ws_moveit/install/robotiq_hardware_tests:/home/debora/ws_moveit/install/robotiq_driver:/home/debora/ws_moveit/install/serial:/home/debora/ws_moveit/install/moveit2_tutorials:/home/debora/ws_moveit/install/moveit_visual_tools:/home/debora/ws_moveit/install/rviz_visual_tools:/home/debora/ws_moveit/install/moveit_task_constructor_visualization:/home/debora/ws_moveit/install/moveit_task_constructor_demo:/home/debora/ws_moveit/install/moveit_task_constructor_capabilities:/home/debora/ws_moveit/install/moveit_task_constructor_core:/home/debora/ws_moveit/install/rviz_marker_tools:/home/debora/ws_moveit/install/kortex_bringup:/home/debora/ws_moveit/install/kinova_gen3_7dof_robotiq_2f_85_moveit_config:/home/debora/ws_moveit/install/kinova_gen3_6dof_robotiq_2f_85_moveit_config:/home/debora/ws_moveit/install/kortex_description:/home/debora/ws_moveit/install/robotiq_description:/home/debora/ws_moveit/install/robotiq_controllers:/home/debora/ws_moveit/install/pilz_industrial_motion_planner_testutils:/home/debora/ws_moveit/install/moveit_runtime:/home/debora/ws_moveit/install/moveit:/home/debora/ws_moveit/install/moveit_planners:/home/debora/ws_moveit/install/pilz_industrial_motion_planner:/home/debora/ws_moveit/install/pick_ik:/home/debora/ws_moveit/install/moveit_task_constructor_msgs:/home/debora/ws_moveit/install/moveit_ros_control_interface:/home/debora/ws_moveit/install/moveit_plugins:/home/debora/ws_moveit/install/moveit_simple_controller_manager:/home/debora/ws_moveit/install/moveit_setup_assistant:/home/debora/ws_moveit/install/moveit_setup_srdf_plugins:/home/debora/ws_moveit/install/moveit_setup_core_plugins:/home/debora/ws_moveit/install/moveit_setup_controllers:/home/debora/ws_moveit/install/moveit_setup_app_plugins:/home/debora/ws_moveit/install/moveit_setup_framework:/home/debora/ws_moveit/install/moveit_servo:/home/debora/ws_moveit/install/moveit_ros:/home/debora/ws_moveit/install/moveit_ros_visualization:/home/debora/ws_moveit/install/moveit_py:/home/debora/ws_moveit/install/moveit_hybrid_planning:/home/debora/ws_moveit/install/moveit_ros_planning_interface:/home/debora/ws_moveit/install/moveit_ros_benchmarks:/home/debora/ws_moveit/install/moveit_ros_warehouse:/home/debora/ws_moveit/install/moveit_ros_robot_interaction:/home/debora/ws_moveit/install/moveit_ros_perception:/home/debora/ws_moveit/install/moveit_resources_prbt_pg70_support:/home/debora/ws_moveit/install/moveit_resources_prbt_moveit_config:/home/debora/ws_moveit/install/moveit_ros_move_group:/home/debora/ws_moveit/install/moveit_planners_ompl:/home/debora/ws_moveit/install/moveit_kinematics:/home/debora/ws_moveit/install/moveit_ros_planning:/home/debora/ws_moveit/install/moveit_ros_occupancy_map_monitor:/home/debora/ws_moveit/install/moveit_resources_prbt_support:/home/debora/ws_moveit/install/moveit_resources_prbt_ikfast_manipulator_plugin:/home/debora/ws_moveit/install/moveit_resources:/home/debora/ws_moveit/install/moveit_resources_pr2_description:/home/debora/ws_moveit/install/moveit_resources_panda_moveit_config:/home/debora/ws_moveit/install/dual_arm_panda_moveit_config:/home/debora/ws_moveit/install/moveit_resources_panda_description:/home/debora/ws_moveit/install/moveit_resources_fanuc_moveit_config:/home/debora/ws_moveit/install/moveit_resources_fanuc_description:/home/debora/ws_moveit/install/moveit_planners_stomp:/home/debora/ws_moveit/install/moveit_planners_chomp:/home/debora/ws_moveit/install/chomp_motion_planner:/home/debora/ws_moveit/install/moveit_core:/home/debora/ws_moveit/install/moveit_msgs:/home/debora/ws_moveit/install/moveit_configs_utils:/home/debora/ws_moveit/install/moveit_common:/home/debora/ws_moveit/install/kortex_driver:/home/debora/ws_moveit/install/kortex_api:/home/debora/install/pilz_industrial_motion_planner_testutils:/home/debora/install/moveit_runtime:/home/debora/install/moveit:/home/debora/install/moveit_planners:/home/debora/install/pilz_industrial_motion_planner:/home/debora/install/moveit_ros_control_interface:/home/debora/install/moveit_plugins:/home/debora/install/moveit_simple_controller_manager:/home/debora/install/moveit_setup_assistant:/home/debora/install/moveit_setup_srdf_plugins:/home/debora/install/moveit_setup_core_plugins:/home/debora/install/moveit_setup_controllers:/home/debora/install/moveit_setup_app_plugins:/home/debora/install/moveit_setup_framework:/home/debora/install/moveit_servo:/home/debora/install/moveit_ros:/home/debora/install/moveit_ros_visualization:/home/debora/install/moveit_hybrid_planning:/home/debora/install/moveit_ros_planning_interface:/home/debora/install/moveit_ros_benchmarks:/home/debora/install/moveit_ros_warehouse:/home/debora/install/moveit_ros_robot_interaction:/home/debora/install/moveit_ros_perception:/home/debora/install/moveit_resources_prbt_pg70_support:/home/debora/install/moveit_resources_prbt_moveit_config:/home/debora/install/moveit_ros_move_group:/home/debora/install/moveit_planners_ompl:/home/debora/install/moveit_ros_planning:/home/debora/install/moveit_ros_occupancy_map_monitor:/home/debora/install/moveit_resources_prbt_support:/home/debora/install/moveit_resources_prbt_ikfast_manipulator_plugin:/home/debora/install/moveit_resources:/home/debora/install/moveit_resources_pr2_description:/home/debora/install/moveit_resources_panda_moveit_config:/home/debora/install/moveit_resources_panda_description:/home/debora/install/moveit_resources_fanuc_moveit_config:/home/debora/install/moveit_resources_fanuc_description:/home/debora/install/moveit_planners_chomp:/home/debora/install/moveit_kinematics:/home/debora/install/moveit_chomp_optimizer_adapter:/home/debora/install/chomp_motion_planner:/home/debora/install/moveit_core:/home/debora/install/moveit_msgs:/home/debora/install/moveit_configs_utils:/home/debora/install/moveit_common:/opt/ros/humble CMAKE_PREFIX_PATH=${CMAKE_PREFIX_PATH}:/home/debora/IARTES/ProjFinal/ros2_marvin/install/topic_to_terminal:/home/debora/IARTES/ProjFinal/ros2_marvin/install/mqtt_publish:/home/debora/ROS2Curso/ros2_ws/install/my_py_pkg:/home/debora/ws_moveit/install/moveit_configs_utils:/home/debora/install/moveit_configs_utils:/opt/ros/humble /usr/bin/cmake /home/debora/IARTES/ProjFinal/ros2_marvin/src/marvin_bringup -DCMAKE_INSTALL_PREFIX=/home/debora/IARTES/ProjFinal/ros2_marvin/install/marvin_bringup
[2.429s] DEBUG:colcon.colcon_core.event_handler.log_command:Invoking command in '/home/debora/IARTES/ProjFinal/ros2_marvin/build/marvin_bringup': AMENT_PREFIX_PATH=/home/debora/IARTES/ProjFinal/ros2_marvin/install/topic_to_terminal:/home/debora/IARTES/ProjFinal/ros2_marvin/install/mqtt_publish:/home/debora/IARTES/ProjFinal/ros2_marvin/install/marvin_bringup:/home/debora/ROS2Curso/ros2_ws/install/my_robot_bringup:/home/debora/ROS2Curso/ros2_ws/install/my_py_pkg:/home/debora/ROS2Curso/ros2_ws/install/my_cpp_pkg:/home/debora/ws_moveit/install/robotiq_hardware_tests:/home/debora/ws_moveit/install/robotiq_driver:/home/debora/ws_moveit/install/serial:/home/debora/ws_moveit/install/moveit2_tutorials:/home/debora/ws_moveit/install/moveit_visual_tools:/home/debora/ws_moveit/install/rviz_visual_tools:/home/debora/ws_moveit/install/moveit_task_constructor_visualization:/home/debora/ws_moveit/install/moveit_task_constructor_demo:/home/debora/ws_moveit/install/moveit_task_constructor_capabilities:/home/debora/ws_moveit/install/moveit_task_constructor_core:/home/debora/ws_moveit/install/rviz_marker_tools:/home/debora/ws_moveit/install/kortex_bringup:/home/debora/ws_moveit/install/kinova_gen3_7dof_robotiq_2f_85_moveit_config:/home/debora/ws_moveit/install/kinova_gen3_6dof_robotiq_2f_85_moveit_config:/home/debora/ws_moveit/install/kortex_description:/home/debora/ws_moveit/install/robotiq_description:/home/debora/ws_moveit/install/robotiq_controllers:/home/debora/ws_moveit/install/pilz_industrial_motion_planner_testutils:/home/debora/ws_moveit/install/moveit_runtime:/home/debora/ws_moveit/install/moveit:/home/debora/ws_moveit/install/moveit_planners:/home/debora/ws_moveit/install/pilz_industrial_motion_planner:/home/debora/ws_moveit/install/pick_ik:/home/debora/ws_moveit/install/moveit_task_constructor_msgs:/home/debora/ws_moveit/install/moveit_ros_control_interface:/home/debora/ws_moveit/install/moveit_plugins:/home/debora/ws_moveit/install/moveit_simple_controller_manager:/home/debora/ws_moveit/install/moveit_setup_assistant:/home/debora/ws_moveit/install/moveit_setup_srdf_plugins:/home/debora/ws_moveit/install/moveit_setup_core_plugins:/home/debora/ws_moveit/install/moveit_setup_controllers:/home/debora/ws_moveit/install/moveit_setup_app_plugins:/home/debora/ws_moveit/install/moveit_setup_framework:/home/debora/ws_moveit/install/moveit_servo:/home/debora/ws_moveit/install/moveit_ros:/home/debora/ws_moveit/install/moveit_ros_visualization:/home/debora/ws_moveit/install/moveit_py:/home/debora/ws_moveit/install/moveit_hybrid_planning:/home/debora/ws_moveit/install/moveit_ros_planning_interface:/home/debora/ws_moveit/install/moveit_ros_benchmarks:/home/debora/ws_moveit/install/moveit_ros_warehouse:/home/debora/ws_moveit/install/moveit_ros_robot_interaction:/home/debora/ws_moveit/install/moveit_ros_perception:/home/debora/ws_moveit/install/moveit_resources_prbt_pg70_support:/home/debora/ws_moveit/install/moveit_resources_prbt_moveit_config:/home/debora/ws_moveit/install/moveit_ros_move_group:/home/debora/ws_moveit/install/moveit_planners_ompl:/home/debora/ws_moveit/install/moveit_kinematics:/home/debora/ws_moveit/install/moveit_ros_planning:/home/debora/ws_moveit/install/moveit_ros_occupancy_map_monitor:/home/debora/ws_moveit/install/moveit_resources_prbt_support:/home/debora/ws_moveit/install/moveit_resources_prbt_ikfast_manipulator_plugin:/home/debora/ws_moveit/install/moveit_resources:/home/debora/ws_moveit/install/moveit_resources_pr2_description:/home/debora/ws_moveit/install/moveit_resources_panda_moveit_config:/home/debora/ws_moveit/install/dual_arm_panda_moveit_config:/home/debora/ws_moveit/install/moveit_resources_panda_description:/home/debora/ws_moveit/install/moveit_resources_fanuc_moveit_config:/home/debora/ws_moveit/install/moveit_resources_fanuc_description:/home/debora/ws_moveit/install/moveit_planners_stomp:/home/debora/ws_moveit/install/moveit_planners_chomp:/home/debora/ws_moveit/install/chomp_motion_planner:/home/debora/ws_moveit/install/moveit_core:/home/debora/ws_moveit/install/moveit_msgs:/home/debora/ws_moveit/install/moveit_configs_utils:/home/debora/ws_moveit/install/moveit_common:/home/debora/ws_moveit/install/kortex_driver:/home/debora/ws_moveit/install/kortex_api:/home/debora/install/pilz_industrial_motion_planner_testutils:/home/debora/install/moveit_runtime:/home/debora/install/moveit:/home/debora/install/moveit_planners:/home/debora/install/pilz_industrial_motion_planner:/home/debora/install/moveit_ros_control_interface:/home/debora/install/moveit_plugins:/home/debora/install/moveit_simple_controller_manager:/home/debora/install/moveit_setup_assistant:/home/debora/install/moveit_setup_srdf_plugins:/home/debora/install/moveit_setup_core_plugins:/home/debora/install/moveit_setup_controllers:/home/debora/install/moveit_setup_app_plugins:/home/debora/install/moveit_setup_framework:/home/debora/install/moveit_servo:/home/debora/install/moveit_ros:/home/debora/install/moveit_ros_visualization:/home/debora/install/moveit_hybrid_planning:/home/debora/install/moveit_ros_planning_interface:/home/debora/install/moveit_ros_benchmarks:/home/debora/install/moveit_ros_warehouse:/home/debora/install/moveit_ros_robot_interaction:/home/debora/install/moveit_ros_perception:/home/debora/install/moveit_resources_prbt_pg70_support:/home/debora/install/moveit_resources_prbt_moveit_config:/home/debora/install/moveit_ros_move_group:/home/debora/install/moveit_planners_ompl:/home/debora/install/moveit_ros_planning:/home/debora/install/moveit_ros_occupancy_map_monitor:/home/debora/install/moveit_resources_prbt_support:/home/debora/install/moveit_resources_prbt_ikfast_manipulator_plugin:/home/debora/install/moveit_resources:/home/debora/install/moveit_resources_pr2_description:/home/debora/install/moveit_resources_panda_moveit_config:/home/debora/install/moveit_resources_panda_description:/home/debora/install/moveit_resources_fanuc_moveit_config:/home/debora/install/moveit_resources_fanuc_description:/home/debora/install/moveit_planners_chomp:/home/debora/install/moveit_kinematics:/home/debora/install/moveit_chomp_optimizer_adapter:/home/debora/install/chomp_motion_planner:/home/debora/install/moveit_core:/home/debora/install/moveit_msgs:/home/debora/install/moveit_configs_utils:/home/debora/install/moveit_common:/opt/ros/humble CMAKE_PREFIX_PATH=${CMAKE_PREFIX_PATH}:/home/debora/IARTES/ProjFinal/ros2_marvin/install/topic_to_terminal:/home/debora/IARTES/ProjFinal/ros2_marvin/install/mqtt_publish:/home/debora/ROS2Curso/ros2_ws/install/my_py_pkg:/home/debora/ws_moveit/install/moveit_configs_utils:/home/debora/install/moveit_configs_utils:/opt/ros/humble /usr/bin/cmake --build /home/debora/IARTES/ProjFinal/ros2_marvin/build/marvin_bringup -- -j4 -l4
[2.505s] DEBUG:colcon.colcon_core.event_handler.log_command:Invoked command in '/home/debora/IARTES/ProjFinal/ros2_marvin/build/marvin_bringup' returned '0': AMENT_PREFIX_PATH=/home/debora/IARTES/ProjFinal/ros2_marvin/install/topic_to_terminal:/home/debora/IARTES/ProjFinal/ros2_marvin/install/mqtt_publish:/home/debora/IARTES/ProjFinal/ros2_marvin/install/marvin_bringup:/home/debora/ROS2Curso/ros2_ws/install/my_robot_bringup:/home/debora/ROS2Curso/ros2_ws/install/my_py_pkg:/home/debora/ROS2Curso/ros2_ws/install/my_cpp_pkg:/home/debora/ws_moveit/install/robotiq_hardware_tests:/home/debora/ws_moveit/install/robotiq_driver:/home/debora/ws_moveit/install/serial:/home/debora/ws_moveit/install/moveit2_tutorials:/home/debora/ws_moveit/install/moveit_visual_tools:/home/debora/ws_moveit/install/rviz_visual_tools:/home/debora/ws_moveit/install/moveit_task_constructor_visualization:/home/debora/ws_moveit/install/moveit_task_constructor_demo:/home/debora/ws_moveit/install/moveit_task_constructor_capabilities:/home/debora/ws_moveit/install/moveit_task_constructor_core:/home/debora/ws_moveit/install/rviz_marker_tools:/home/debora/ws_moveit/install/kortex_bringup:/home/debora/ws_moveit/install/kinova_gen3_7dof_robotiq_2f_85_moveit_config:/home/debora/ws_moveit/install/kinova_gen3_6dof_robotiq_2f_85_moveit_config:/home/debora/ws_moveit/install/kortex_description:/home/debora/ws_moveit/install/robotiq_description:/home/debora/ws_moveit/install/robotiq_controllers:/home/debora/ws_moveit/install/pilz_industrial_motion_planner_testutils:/home/debora/ws_moveit/install/moveit_runtime:/home/debora/ws_moveit/install/moveit:/home/debora/ws_moveit/install/moveit_planners:/home/debora/ws_moveit/install/pilz_industrial_motion_planner:/home/debora/ws_moveit/install/pick_ik:/home/debora/ws_moveit/install/moveit_task_constructor_msgs:/home/debora/ws_moveit/install/moveit_ros_control_interface:/home/debora/ws_moveit/install/moveit_plugins:/home/debora/ws_moveit/install/moveit_simple_controller_manager:/home/debora/ws_moveit/install/moveit_setup_assistant:/home/debora/ws_moveit/install/moveit_setup_srdf_plugins:/home/debora/ws_moveit/install/moveit_setup_core_plugins:/home/debora/ws_moveit/install/moveit_setup_controllers:/home/debora/ws_moveit/install/moveit_setup_app_plugins:/home/debora/ws_moveit/install/moveit_setup_framework:/home/debora/ws_moveit/install/moveit_servo:/home/debora/ws_moveit/install/moveit_ros:/home/debora/ws_moveit/install/moveit_ros_visualization:/home/debora/ws_moveit/install/moveit_py:/home/debora/ws_moveit/install/moveit_hybrid_planning:/home/debora/ws_moveit/install/moveit_ros_planning_interface:/home/debora/ws_moveit/install/moveit_ros_benchmarks:/home/debora/ws_moveit/install/moveit_ros_warehouse:/home/debora/ws_moveit/install/moveit_ros_robot_interaction:/home/debora/ws_moveit/install/moveit_ros_perception:/home/debora/ws_moveit/install/moveit_resources_prbt_pg70_support:/home/debora/ws_moveit/install/moveit_resources_prbt_moveit_config:/home/debora/ws_moveit/install/moveit_ros_move_group:/home/debora/ws_moveit/install/moveit_planners_ompl:/home/debora/ws_moveit/install/moveit_kinematics:/home/debora/ws_moveit/install/moveit_ros_planning:/home/debora/ws_moveit/install/moveit_ros_occupancy_map_monitor:/home/debora/ws_moveit/install/moveit_resources_prbt_support:/home/debora/ws_moveit/install/moveit_resources_prbt_ikfast_manipulator_plugin:/home/debora/ws_moveit/install/moveit_resources:/home/debora/ws_moveit/install/moveit_resources_pr2_description:/home/debora/ws_moveit/install/moveit_resources_panda_moveit_config:/home/debora/ws_moveit/install/dual_arm_panda_moveit_config:/home/debora/ws_moveit/install/moveit_resources_panda_description:/home/debora/ws_moveit/install/moveit_resources_fanuc_moveit_config:/home/debora/ws_moveit/install/moveit_resources_fanuc_description:/home/debora/ws_moveit/install/moveit_planners_stomp:/home/debora/ws_moveit/install/moveit_planners_chomp:/home/debora/ws_moveit/install/chomp_motion_planner:/home/debora/ws_moveit/install/moveit_core:/home/debora/ws_moveit/install/moveit_msgs:/home/debora/ws_moveit/install/moveit_configs_utils:/home/debora/ws_moveit/install/moveit_common:/home/debora/ws_moveit/install/kortex_driver:/home/debora/ws_moveit/install/kortex_api:/home/debora/install/pilz_industrial_motion_planner_testutils:/home/debora/install/moveit_runtime:/home/debora/install/moveit:/home/debora/install/moveit_planners:/home/debora/install/pilz_industrial_motion_planner:/home/debora/install/moveit_ros_control_interface:/home/debora/install/moveit_plugins:/home/debora/install/moveit_simple_controller_manager:/home/debora/install/moveit_setup_assistant:/home/debora/install/moveit_setup_srdf_plugins:/home/debora/install/moveit_setup_core_plugins:/home/debora/install/moveit_setup_controllers:/home/debora/install/moveit_setup_app_plugins:/home/debora/install/moveit_setup_framework:/home/debora/install/moveit_servo:/home/debora/install/moveit_ros:/home/debora/install/moveit_ros_visualization:/home/debora/install/moveit_hybrid_planning:/home/debora/install/moveit_ros_planning_interface:/home/debora/install/moveit_ros_benchmarks:/home/debora/install/moveit_ros_warehouse:/home/debora/install/moveit_ros_robot_interaction:/home/debora/install/moveit_ros_perception:/home/debora/install/moveit_resources_prbt_pg70_support:/home/debora/install/moveit_resources_prbt_moveit_config:/home/debora/install/moveit_ros_move_group:/home/debora/install/moveit_planners_ompl:/home/debora/install/moveit_ros_planning:/home/debora/install/moveit_ros_occupancy_map_monitor:/home/debora/install/moveit_resources_prbt_support:/home/debora/install/moveit_resources_prbt_ikfast_manipulator_plugin:/home/debora/install/moveit_resources:/home/debora/install/moveit_resources_pr2_description:/home/debora/install/moveit_resources_panda_moveit_config:/home/debora/install/moveit_resources_panda_description:/home/debora/install/moveit_resources_fanuc_moveit_config:/home/debora/install/moveit_resources_fanuc_description:/home/debora/install/moveit_planners_chomp:/home/debora/install/moveit_kinematics:/home/debora/install/moveit_chomp_optimizer_adapter:/home/debora/install/chomp_motion_planner:/home/debora/install/moveit_core:/home/debora/install/moveit_msgs:/home/debora/install/moveit_configs_utils:/home/debora/install/moveit_common:/opt/ros/humble CMAKE_PREFIX_PATH=${CMAKE_PREFIX_PATH}:/home/debora/IARTES/ProjFinal/ros2_marvin/install/topic_to_terminal:/home/debora/IARTES/ProjFinal/ros2_marvin/install/mqtt_publish:/home/debora/ROS2Curso/ros2_ws/install/my_py_pkg:/home/debora/ws_moveit/install/moveit_configs_utils:/home/debora/install/moveit_configs_utils:/opt/ros/humble /usr/bin/cmake --build /home/debora/IARTES/ProjFinal/ros2_marvin/build/marvin_bringup -- -j4 -l4
[2.563s] DEBUG:colcon.colcon_core.event_handler.log_command:Invoking command in '/home/debora/IARTES/ProjFinal/ros2_marvin/build/marvin_bringup': AMENT_PREFIX_PATH=/home/debora/IARTES/ProjFinal/ros2_marvin/install/topic_to_terminal:/home/debora/IARTES/ProjFinal/ros2_marvin/install/mqtt_publish:/home/debora/IARTES/ProjFinal/ros2_marvin/install/marvin_bringup:/home/debora/ROS2Curso/ros2_ws/install/my_robot_bringup:/home/debora/ROS2Curso/ros2_ws/install/my_py_pkg:/home/debora/ROS2Curso/ros2_ws/install/my_cpp_pkg:/home/debora/ws_moveit/install/robotiq_hardware_tests:/home/debora/ws_moveit/install/robotiq_driver:/home/debora/ws_moveit/install/serial:/home/debora/ws_moveit/install/moveit2_tutorials:/home/debora/ws_moveit/install/moveit_visual_tools:/home/debora/ws_moveit/install/rviz_visual_tools:/home/debora/ws_moveit/install/moveit_task_constructor_visualization:/home/debora/ws_moveit/install/moveit_task_constructor_demo:/home/debora/ws_moveit/install/moveit_task_constructor_capabilities:/home/debora/ws_moveit/install/moveit_task_constructor_core:/home/debora/ws_moveit/install/rviz_marker_tools:/home/debora/ws_moveit/install/kortex_bringup:/home/debora/ws_moveit/install/kinova_gen3_7dof_robotiq_2f_85_moveit_config:/home/debora/ws_moveit/install/kinova_gen3_6dof_robotiq_2f_85_moveit_config:/home/debora/ws_moveit/install/kortex_description:/home/debora/ws_moveit/install/robotiq_description:/home/debora/ws_moveit/install/robotiq_controllers:/home/debora/ws_moveit/install/pilz_industrial_motion_planner_testutils:/home/debora/ws_moveit/install/moveit_runtime:/home/debora/ws_moveit/install/moveit:/home/debora/ws_moveit/install/moveit_planners:/home/debora/ws_moveit/install/pilz_industrial_motion_planner:/home/debora/ws_moveit/install/pick_ik:/home/debora/ws_moveit/install/moveit_task_constructor_msgs:/home/debora/ws_moveit/install/moveit_ros_control_interface:/home/debora/ws_moveit/install/moveit_plugins:/home/debora/ws_moveit/install/moveit_simple_controller_manager:/home/debora/ws_moveit/install/moveit_setup_assistant:/home/debora/ws_moveit/install/moveit_setup_srdf_plugins:/home/debora/ws_moveit/install/moveit_setup_core_plugins:/home/debora/ws_moveit/install/moveit_setup_controllers:/home/debora/ws_moveit/install/moveit_setup_app_plugins:/home/debora/ws_moveit/install/moveit_setup_framework:/home/debora/ws_moveit/install/moveit_servo:/home/debora/ws_moveit/install/moveit_ros:/home/debora/ws_moveit/install/moveit_ros_visualization:/home/debora/ws_moveit/install/moveit_py:/home/debora/ws_moveit/install/moveit_hybrid_planning:/home/debora/ws_moveit/install/moveit_ros_planning_interface:/home/debora/ws_moveit/install/moveit_ros_benchmarks:/home/debora/ws_moveit/install/moveit_ros_warehouse:/home/debora/ws_moveit/install/moveit_ros_robot_interaction:/home/debora/ws_moveit/install/moveit_ros_perception:/home/debora/ws_moveit/install/moveit_resources_prbt_pg70_support:/home/debora/ws_moveit/install/moveit_resources_prbt_moveit_config:/home/debora/ws_moveit/install/moveit_ros_move_group:/home/debora/ws_moveit/install/moveit_planners_ompl:/home/debora/ws_moveit/install/moveit_kinematics:/home/debora/ws_moveit/install/moveit_ros_planning:/home/debora/ws_moveit/install/moveit_ros_occupancy_map_monitor:/home/debora/ws_moveit/install/moveit_resources_prbt_support:/home/debora/ws_moveit/install/moveit_resources_prbt_ikfast_manipulator_plugin:/home/debora/ws_moveit/install/moveit_resources:/home/debora/ws_moveit/install/moveit_resources_pr2_description:/home/debora/ws_moveit/install/moveit_resources_panda_moveit_config:/home/debora/ws_moveit/install/dual_arm_panda_moveit_config:/home/debora/ws_moveit/install/moveit_resources_panda_description:/home/debora/ws_moveit/install/moveit_resources_fanuc_moveit_config:/home/debora/ws_moveit/install/moveit_resources_fanuc_description:/home/debora/ws_moveit/install/moveit_planners_stomp:/home/debora/ws_moveit/install/moveit_planners_chomp:/home/debora/ws_moveit/install/chomp_motion_planner:/home/debora/ws_moveit/install/moveit_core:/home/debora/ws_moveit/install/moveit_msgs:/home/debora/ws_moveit/install/moveit_configs_utils:/home/debora/ws_moveit/install/moveit_common:/home/debora/ws_moveit/install/kortex_driver:/home/debora/ws_moveit/install/kortex_api:/home/debora/install/pilz_industrial_motion_planner_testutils:/home/debora/install/moveit_runtime:/home/debora/install/moveit:/home/debora/install/moveit_planners:/home/debora/install/pilz_industrial_motion_planner:/home/debora/install/moveit_ros_control_interface:/home/debora/install/moveit_plugins:/home/debora/install/moveit_simple_controller_manager:/home/debora/install/moveit_setup_assistant:/home/debora/install/moveit_setup_srdf_plugins:/home/debora/install/moveit_setup_core_plugins:/home/debora/install/moveit_setup_controllers:/home/debora/install/moveit_setup_app_plugins:/home/debora/install/moveit_setup_framework:/home/debora/install/moveit_servo:/home/debora/install/moveit_ros:/home/debora/install/moveit_ros_visualization:/home/debora/install/moveit_hybrid_planning:/home/debora/install/moveit_ros_planning_interface:/home/debora/install/moveit_ros_benchmarks:/home/debora/install/moveit_ros_warehouse:/home/debora/install/moveit_ros_robot_interaction:/home/debora/install/moveit_ros_perception:/home/debora/install/moveit_resources_prbt_pg70_support:/home/debora/install/moveit_resources_prbt_moveit_config:/home/debora/install/moveit_ros_move_group:/home/debora/install/moveit_planners_ompl:/home/debora/install/moveit_ros_planning:/home/debora/install/moveit_ros_occupancy_map_monitor:/home/debora/install/moveit_resources_prbt_support:/home/debora/install/moveit_resources_prbt_ikfast_manipulator_plugin:/home/debora/install/moveit_resources:/home/debora/install/moveit_resources_pr2_description:/home/debora/install/moveit_resources_panda_moveit_config:/home/debora/install/moveit_resources_panda_description:/home/debora/install/moveit_resources_fanuc_moveit_config:/home/debora/install/moveit_resources_fanuc_description:/home/debora/install/moveit_planners_chomp:/home/debora/install/moveit_kinematics:/home/debora/install/moveit_chomp_optimizer_adapter:/home/debora/install/chomp_motion_planner:/home/debora/install/moveit_core:/home/debora/install/moveit_msgs:/home/debora/install/moveit_configs_utils:/home/debora/install/moveit_common:/opt/ros/humble CMAKE_PREFIX_PATH=${CMAKE_PREFIX_PATH}:/home/debora/IARTES/ProjFinal/ros2_marvin/install/topic_to_terminal:/home/debora/IARTES/ProjFinal/ros2_marvin/install/mqtt_publish:/home/debora/ROS2Curso/ros2_ws/install/my_py_pkg:/home/debora/ws_moveit/install/moveit_configs_utils:/home/debora/install/moveit_configs_utils:/opt/ros/humble /usr/bin/cmake --install /home/debora/IARTES/ProjFinal/ros2_marvin/build/marvin_bringup
[2.592s] Level 1:colcon.colcon_core.environment:create_environment_scripts_only(marvin_bringup)
[2.592s] Level 1:colcon.colcon_core.environment:checking '/home/debora/IARTES/ProjFinal/ros2_marvin/install/marvin_bringup' for CMake module files
[2.593s] Level 1:colcon.colcon_core.environment:checking '/home/debora/IARTES/ProjFinal/ros2_marvin/install/marvin_bringup' for CMake config files
[2.593s] Level 1:colcon.colcon_core.shell:create_environment_hook('marvin_bringup', 'cmake_prefix_path')
[2.593s] INFO:colcon.colcon_core.shell:Creating environment hook '/home/debora/IARTES/ProjFinal/ros2_marvin/install/marvin_bringup/share/marvin_bringup/hook/cmake_prefix_path.ps1'
[2.593s] INFO:colcon.colcon_core.shell:Creating environment descriptor '/home/debora/IARTES/ProjFinal/ros2_marvin/install/marvin_bringup/share/marvin_bringup/hook/cmake_prefix_path.dsv'
[2.595s] DEBUG:colcon.colcon_core.event_handler.log_command:Invoked command in '/home/debora/IARTES/ProjFinal/ros2_marvin/build/marvin_bringup' returned '0': AMENT_PREFIX_PATH=/home/debora/IARTES/ProjFinal/ros2_marvin/install/topic_to_terminal:/home/debora/IARTES/ProjFinal/ros2_marvin/install/mqtt_publish:/home/debora/IARTES/ProjFinal/ros2_marvin/install/marvin_bringup:/home/debora/ROS2Curso/ros2_ws/install/my_robot_bringup:/home/debora/ROS2Curso/ros2_ws/install/my_py_pkg:/home/debora/ROS2Curso/ros2_ws/install/my_cpp_pkg:/home/debora/ws_moveit/install/robotiq_hardware_tests:/home/debora/ws_moveit/install/robotiq_driver:/home/debora/ws_moveit/install/serial:/home/debora/ws_moveit/install/moveit2_tutorials:/home/debora/ws_moveit/install/moveit_visual_tools:/home/debora/ws_moveit/install/rviz_visual_tools:/home/debora/ws_moveit/install/moveit_task_constructor_visualization:/home/debora/ws_moveit/install/moveit_task_constructor_demo:/home/debora/ws_moveit/install/moveit_task_constructor_capabilities:/home/debora/ws_moveit/install/moveit_task_constructor_core:/home/debora/ws_moveit/install/rviz_marker_tools:/home/debora/ws_moveit/install/kortex_bringup:/home/debora/ws_moveit/install/kinova_gen3_7dof_robotiq_2f_85_moveit_config:/home/debora/ws_moveit/install/kinova_gen3_6dof_robotiq_2f_85_moveit_config:/home/debora/ws_moveit/install/kortex_description:/home/debora/ws_moveit/install/robotiq_description:/home/debora/ws_moveit/install/robotiq_controllers:/home/debora/ws_moveit/install/pilz_industrial_motion_planner_testutils:/home/debora/ws_moveit/install/moveit_runtime:/home/debora/ws_moveit/install/moveit:/home/debora/ws_moveit/install/moveit_planners:/home/debora/ws_moveit/install/pilz_industrial_motion_planner:/home/debora/ws_moveit/install/pick_ik:/home/debora/ws_moveit/install/moveit_task_constructor_msgs:/home/debora/ws_moveit/install/moveit_ros_control_interface:/home/debora/ws_moveit/install/moveit_plugins:/home/debora/ws_moveit/install/moveit_simple_controller_manager:/home/debora/ws_moveit/install/moveit_setup_assistant:/home/debora/ws_moveit/install/moveit_setup_srdf_plugins:/home/debora/ws_moveit/install/moveit_setup_core_plugins:/home/debora/ws_moveit/install/moveit_setup_controllers:/home/debora/ws_moveit/install/moveit_setup_app_plugins:/home/debora/ws_moveit/install/moveit_setup_framework:/home/debora/ws_moveit/install/moveit_servo:/home/debora/ws_moveit/install/moveit_ros:/home/debora/ws_moveit/install/moveit_ros_visualization:/home/debora/ws_moveit/install/moveit_py:/home/debora/ws_moveit/install/moveit_hybrid_planning:/home/debora/ws_moveit/install/moveit_ros_planning_interface:/home/debora/ws_moveit/install/moveit_ros_benchmarks:/home/debora/ws_moveit/install/moveit_ros_warehouse:/home/debora/ws_moveit/install/moveit_ros_robot_interaction:/home/debora/ws_moveit/install/moveit_ros_perception:/home/debora/ws_moveit/install/moveit_resources_prbt_pg70_support:/home/debora/ws_moveit/install/moveit_resources_prbt_moveit_config:/home/debora/ws_moveit/install/moveit_ros_move_group:/home/debora/ws_moveit/install/moveit_planners_ompl:/home/debora/ws_moveit/install/moveit_kinematics:/home/debora/ws_moveit/install/moveit_ros_planning:/home/debora/ws_moveit/install/moveit_ros_occupancy_map_monitor:/home/debora/ws_moveit/install/moveit_resources_prbt_support:/home/debora/ws_moveit/install/moveit_resources_prbt_ikfast_manipulator_plugin:/home/debora/ws_moveit/install/moveit_resources:/home/debora/ws_moveit/install/moveit_resources_pr2_description:/home/debora/ws_moveit/install/moveit_resources_panda_moveit_config:/home/debora/ws_moveit/install/dual_arm_panda_moveit_config:/home/debora/ws_moveit/install/moveit_resources_panda_description:/home/debora/ws_moveit/install/moveit_resources_fanuc_moveit_config:/home/debora/ws_moveit/install/moveit_resources_fanuc_description:/home/debora/ws_moveit/install/moveit_planners_stomp:/home/debora/ws_moveit/install/moveit_planners_chomp:/home/debora/ws_moveit/install/chomp_motion_planner:/home/debora/ws_moveit/install/moveit_core:/home/debora/ws_moveit/install/moveit_msgs:/home/debora/ws_moveit/install/moveit_configs_utils:/home/debora/ws_moveit/install/moveit_common:/home/debora/ws_moveit/install/kortex_driver:/home/debora/ws_moveit/install/kortex_api:/home/debora/install/pilz_industrial_motion_planner_testutils:/home/debora/install/moveit_runtime:/home/debora/install/moveit:/home/debora/install/moveit_planners:/home/debora/install/pilz_industrial_motion_planner:/home/debora/install/moveit_ros_control_interface:/home/debora/install/moveit_plugins:/home/debora/install/moveit_simple_controller_manager:/home/debora/install/moveit_setup_assistant:/home/debora/install/moveit_setup_srdf_plugins:/home/debora/install/moveit_setup_core_plugins:/home/debora/install/moveit_setup_controllers:/home/debora/install/moveit_setup_app_plugins:/home/debora/install/moveit_setup_framework:/home/debora/install/moveit_servo:/home/debora/install/moveit_ros:/home/debora/install/moveit_ros_visualization:/home/debora/install/moveit_hybrid_planning:/home/debora/install/moveit_ros_planning_interface:/home/debora/install/moveit_ros_benchmarks:/home/debora/install/moveit_ros_warehouse:/home/debora/install/moveit_ros_robot_interaction:/home/debora/install/moveit_ros_perception:/home/debora/install/moveit_resources_prbt_pg70_support:/home/debora/install/moveit_resources_prbt_moveit_config:/home/debora/install/moveit_ros_move_group:/home/debora/install/moveit_planners_ompl:/home/debora/install/moveit_ros_planning:/home/debora/install/moveit_ros_occupancy_map_monitor:/home/debora/install/moveit_resources_prbt_support:/home/debora/install/moveit_resources_prbt_ikfast_manipulator_plugin:/home/debora/install/moveit_resources:/home/debora/install/moveit_resources_pr2_description:/home/debora/install/moveit_resources_panda_moveit_config:/home/debora/install/moveit_resources_panda_description:/home/debora/install/moveit_resources_fanuc_moveit_config:/home/debora/install/moveit_resources_fanuc_description:/home/debora/install/moveit_planners_chomp:/home/debora/install/moveit_kinematics:/home/debora/install/moveit_chomp_optimizer_adapter:/home/debora/install/chomp_motion_planner:/home/debora/install/moveit_core:/home/debora/install/moveit_msgs:/home/debora/install/moveit_configs_utils:/home/debora/install/moveit_common:/opt/ros/humble CMAKE_PREFIX_PATH=${CMAKE_PREFIX_PATH}:/home/debora/IARTES/ProjFinal/ros2_marvin/install/topic_to_terminal:/home/debora/IARTES/ProjFinal/ros2_marvin/install/mqtt_publish:/home/debora/ROS2Curso/ros2_ws/install/my_py_pkg:/home/debora/ws_moveit/install/moveit_configs_utils:/home/debora/install/moveit_configs_utils:/opt/ros/humble /usr/bin/cmake --install /home/debora/IARTES/ProjFinal/ros2_marvin/build/marvin_bringup
[2.595s] INFO:colcon.colcon_core.shell:Creating environment hook '/home/debora/IARTES/ProjFinal/ros2_marvin/install/marvin_bringup/share/marvin_bringup/hook/cmake_prefix_path.sh'
[2.595s] Level 1:colcon.colcon_core.environment:checking '/home/debora/IARTES/ProjFinal/ros2_marvin/install/marvin_bringup/bin'
[2.595s] Level 1:colcon.colcon_core.environment:checking '/home/debora/IARTES/ProjFinal/ros2_marvin/install/marvin_bringup/lib/pkgconfig/marvin_bringup.pc'
[2.596s] Level 1:colcon.colcon_core.environment:checking '/home/debora/IARTES/ProjFinal/ros2_marvin/install/marvin_bringup/lib/python3.10/site-packages'
[2.596s] Level 1:colcon.colcon_core.environment:checking '/home/debora/IARTES/ProjFinal/ros2_marvin/install/marvin_bringup/bin'
[2.596s] INFO:colcon.colcon_core.shell:Creating package script '/home/debora/IARTES/ProjFinal/ros2_marvin/install/marvin_bringup/share/marvin_bringup/package.ps1'
[2.596s] INFO:colcon.colcon_core.shell:Creating package descriptor '/home/debora/IARTES/ProjFinal/ros2_marvin/install/marvin_bringup/share/marvin_bringup/package.dsv'
[2.597s] INFO:colcon.colcon_core.shell:Creating package script '/home/debora/IARTES/ProjFinal/ros2_marvin/install/marvin_bringup/share/marvin_bringup/package.sh'
[2.597s] INFO:colcon.colcon_core.shell:Creating package script '/home/debora/IARTES/ProjFinal/ros2_marvin/install/marvin_bringup/share/marvin_bringup/package.bash'
[2.597s] INFO:colcon.colcon_core.shell:Creating package script '/home/debora/IARTES/ProjFinal/ros2_marvin/install/marvin_bringup/share/marvin_bringup/package.zsh'
[2.597s] Level 1:colcon.colcon_core.environment:create_file_with_runtime_dependencies(/home/debora/IARTES/ProjFinal/ros2_marvin/install/marvin_bringup/share/colcon-core/packages/marvin_bringup)
[2.634s] Level 1:colcon.colcon_core.environment:create_environment_scripts_only(marvin_bringup)
[2.635s] Level 1:colcon.colcon_core.environment:checking '/home/debora/IARTES/ProjFinal/ros2_marvin/install/marvin_bringup' for CMake module files
[2.635s] Level 1:colcon.colcon_core.environment:checking '/home/debora/IARTES/ProjFinal/ros2_marvin/install/marvin_bringup' for CMake config files
[2.635s] Level 1:colcon.colcon_core.shell:create_environment_hook('marvin_bringup', 'cmake_prefix_path')
[2.635s] INFO:colcon.colcon_core.shell:Creating environment hook '/home/debora/IARTES/ProjFinal/ros2_marvin/install/marvin_bringup/share/marvin_bringup/hook/cmake_prefix_path.ps1'
[2.636s] INFO:colcon.colcon_core.shell:Creating environment descriptor '/home/debora/IARTES/ProjFinal/ros2_marvin/install/marvin_bringup/share/marvin_bringup/hook/cmake_prefix_path.dsv'
[2.636s] INFO:colcon.colcon_core.shell:Creating environment hook '/home/debora/IARTES/ProjFinal/ros2_marvin/install/marvin_bringup/share/marvin_bringup/hook/cmake_prefix_path.sh'
[2.636s] Level 1:colcon.colcon_core.environment:checking '/home/debora/IARTES/ProjFinal/ros2_marvin/install/marvin_bringup/bin'
[2.636s] Level 1:colcon.colcon_core.environment:checking '/home/debora/IARTES/ProjFinal/ros2_marvin/install/marvin_bringup/lib/pkgconfig/marvin_bringup.pc'
[2.637s] Level 1:colcon.colcon_core.environment:checking '/home/debora/IARTES/ProjFinal/ros2_marvin/install/marvin_bringup/lib/python3.10/site-packages'
[2.637s] Level 1:colcon.colcon_core.environment:checking '/home/debora/IARTES/ProjFinal/ros2_marvin/install/marvin_bringup/bin'
[2.637s] INFO:colcon.colcon_core.shell:Creating package script '/home/debora/IARTES/ProjFinal/ros2_marvin/install/marvin_bringup/share/marvin_bringup/package.ps1'
[2.637s] INFO:colcon.colcon_core.shell:Creating package descriptor '/home/debora/IARTES/ProjFinal/ros2_marvin/install/marvin_bringup/share/marvin_bringup/package.dsv'
[2.638s] INFO:colcon.colcon_core.shell:Creating package script '/home/debora/IARTES/ProjFinal/ros2_marvin/install/marvin_bringup/share/marvin_bringup/package.sh'
[2.638s] INFO:colcon.colcon_core.shell:Creating package script '/home/debora/IARTES/ProjFinal/ros2_marvin/install/marvin_bringup/share/marvin_bringup/package.bash'
[2.639s] INFO:colcon.colcon_core.shell:Creating package script '/home/debora/IARTES/ProjFinal/ros2_marvin/install/marvin_bringup/share/marvin_bringup/package.zsh'
[2.639s] Level 1:colcon.colcon_core.environment:create_file_with_runtime_dependencies(/home/debora/IARTES/ProjFinal/ros2_marvin/install/marvin_bringup/share/colcon-core/packages/marvin_bringup)
[2.639s] DEBUG:colcon.colcon_parallel_executor.executor.parallel:closing loop
[2.640s] DEBUG:colcon.colcon_parallel_executor.executor.parallel:loop closed
[2.640s] DEBUG:colcon.colcon_parallel_executor.executor.parallel:run_until_complete finished with '0'
[2.640s] DEBUG:colcon.colcon_core.event_reactor:joining thread
[2.647s] INFO:colcon.colcon_core.plugin_system:Skipping extension 'colcon_notification.desktop_notification.terminal_notifier': Not used on non-Darwin systems
[2.648s] INFO:colcon.colcon_core.plugin_system:Skipping extension 'colcon_notification.desktop_notification.win32': Not used on non-Windows systems
[2.648s] INFO:colcon.colcon_notification.desktop_notification:Sending desktop notification using 'notify2'
[2.658s] DEBUG:colcon.colcon_core.event_reactor:joined thread
[2.658s] INFO:colcon.colcon_core.shell:Creating prefix script '/home/debora/IARTES/ProjFinal/ros2_marvin/install/local_setup.ps1'
[2.663s] INFO:colcon.colcon_core.shell:Creating prefix util module '/home/debora/IARTES/ProjFinal/ros2_marvin/install/_local_setup_util_ps1.py'
[2.664s] INFO:colcon.colcon_core.shell:Creating prefix chain script '/home/debora/IARTES/ProjFinal/ros2_marvin/install/setup.ps1'
[2.668s] INFO:colcon.colcon_core.shell:Creating prefix script '/home/debora/IARTES/ProjFinal/ros2_marvin/install/local_setup.sh'
[2.669s] INFO:colcon.colcon_core.shell:Creating prefix util module '/home/debora/IARTES/ProjFinal/ros2_marvin/install/_local_setup_util_sh.py'
[2.669s] INFO:colcon.colcon_core.shell:Creating prefix chain script '/home/debora/IARTES/ProjFinal/ros2_marvin/install/setup.sh'
[2.674s] INFO:colcon.colcon_core.shell:Creating prefix script '/home/debora/IARTES/ProjFinal/ros2_marvin/install/local_setup.bash'
[2.676s] INFO:colcon.colcon_core.shell:Creating prefix chain script '/home/debora/IARTES/ProjFinal/ros2_marvin/install/setup.bash'
[2.683s] INFO:colcon.colcon_core.shell:Creating prefix script '/home/debora/IARTES/ProjFinal/ros2_marvin/install/local_setup.zsh'
[2.684s] INFO:colcon.colcon_core.shell:Creating prefix chain script '/home/debora/IARTES/ProjFinal/ros2_marvin/install/setup.zsh'
