running egg_info
creating ../../../build/marvin_control/marvin_control.egg-info
writing ../../../build/marvin_control/marvin_control.egg-info/PKG-INFO
writing dependency_links to ../../../build/marvin_control/marvin_control.egg-info/dependency_links.txt
writing entry points to ../../../build/marvin_control/marvin_control.egg-info/entry_points.txt
writing requirements to ../../../build/marvin_control/marvin_control.egg-info/requires.txt
writing top-level names to ../../../build/marvin_control/marvin_control.egg-info/top_level.txt
writing manifest file '../../../build/marvin_control/marvin_control.egg-info/SOURCES.txt'
reading manifest file '../../../build/marvin_control/marvin_control.egg-info/SOURCES.txt'
writing manifest file '../../../build/marvin_control/marvin_control.egg-info/SOURCES.txt'
running build
running build_py
creating /home/iartes/marvinAutonomousTester/build/marvin_control/build
creating /home/iartes/marvinAutonomousTester/build/marvin_control/build/lib
creating /home/iartes/marvinAutonomousTester/build/marvin_control/build/lib/marvin_control
copying marvin_control/__init__.py -> /home/iartes/marvinAutonomousTester/build/marvin_control/build/lib/marvin_control
copying marvin_control/marvin_controller.py -> /home/iartes/marvinAutonomousTester/build/marvin_control/build/lib/marvin_control
running install
running install_lib
creating /home/iartes/marvinAutonomousTester/install/marvin_control/lib/python3.10/site-packages/marvin_control
copying /home/iartes/marvinAutonomousTester/build/marvin_control/build/lib/marvin_control/__init__.py -> /home/iartes/marvinAutonomousTester/install/marvin_control/lib/python3.10/site-packages/marvin_control
copying /home/iartes/marvinAutonomousTester/build/marvin_control/build/lib/marvin_control/marvin_controller.py -> /home/iartes/marvinAutonomousTester/install/marvin_control/lib/python3.10/site-packages/marvin_control
byte-compiling /home/iartes/marvinAutonomousTester/install/marvin_control/lib/python3.10/site-packages/marvin_control/__init__.py to __init__.cpython-310.pyc
byte-compiling /home/iartes/marvinAutonomousTester/install/marvin_control/lib/python3.10/site-packages/marvin_control/marvin_controller.py to marvin_controller.cpython-310.pyc
running install_data
creating /home/iartes/marvinAutonomousTester/install/marvin_control/share/ament_index
creating /home/iartes/marvinAutonomousTester/install/marvin_control/share/ament_index/resource_index
creating /home/iartes/marvinAutonomousTester/install/marvin_control/share/ament_index/resource_index/packages
copying resource/marvin_control -> /home/iartes/marvinAutonomousTester/install/marvin_control/share/ament_index/resource_index/packages
copying package.xml -> /home/iartes/marvinAutonomousTester/install/marvin_control/share/marvin_control
running install_egg_info
Copying ../../../build/marvin_control/marvin_control.egg-info to /home/iartes/marvinAutonomousTester/install/marvin_control/lib/python3.10/site-packages/marvin_control-0.0.0-py3.10.egg-info
running install_scripts
Installing marvin_controller script to /home/iartes/marvinAutonomousTester/install/marvin_control/lib/marvin_control
writing list of installed files to '/home/iartes/marvinAutonomousTester/build/marvin_control/install.log'
