[3.172s] Invoking command in '/home/iartes/marvinAutonomousTester/ros2_marvin/src/marvin_control': PYTHONPATH=/home/iartes/marvinAutonomousTester/build/marvin_control/prefix_override:/home/iartes/marvinAutonomousTester/install/marvin_control/lib/python3.10/site-packages:${PYTHONPATH} /usr/bin/python3 -W ignore:setup.py install is deprecated setup.py egg_info --egg-base ../../../build/marvin_control build --build-base /home/iartes/marvinAutonomousTester/build/marvin_control/build install --record /home/iartes/marvinAutonomousTester/build/marvin_control/install.log --single-version-externally-managed install_data
[3.887s] running egg_info
[3.887s] creating ../../../build/marvin_control/marvin_control.egg-info
[3.887s] writing ../../../build/marvin_control/marvin_control.egg-info/PKG-INFO
[3.887s] writing dependency_links to ../../../build/marvin_control/marvin_control.egg-info/dependency_links.txt
[3.887s] writing entry points to ../../../build/marvin_control/marvin_control.egg-info/entry_points.txt
[3.888s] writing requirements to ../../../build/marvin_control/marvin_control.egg-info/requires.txt
[3.888s] writing top-level names to ../../../build/marvin_control/marvin_control.egg-info/top_level.txt
[3.888s] writing manifest file '../../../build/marvin_control/marvin_control.egg-info/SOURCES.txt'
[3.888s] reading manifest file '../../../build/marvin_control/marvin_control.egg-info/SOURCES.txt'
[3.888s] writing manifest file '../../../build/marvin_control/marvin_control.egg-info/SOURCES.txt'
[3.888s] running build
[3.888s] running build_py
[3.888s] creating /home/iartes/marvinAutonomousTester/build/marvin_control/build
[3.888s] creating /home/iartes/marvinAutonomousTester/build/marvin_control/build/lib
[3.888s] creating /home/iartes/marvinAutonomousTester/build/marvin_control/build/lib/marvin_control
[3.888s] copying marvin_control/__init__.py -> /home/iartes/marvinAutonomousTester/build/marvin_control/build/lib/marvin_control
[3.888s] copying marvin_control/marvin_controller.py -> /home/iartes/marvinAutonomousTester/build/marvin_control/build/lib/marvin_control
[3.888s] running install
[3.889s] running install_lib
[3.889s] creating /home/iartes/marvinAutonomousTester/install/marvin_control/lib/python3.10/site-packages/marvin_control
[3.889s] copying /home/iartes/marvinAutonomousTester/build/marvin_control/build/lib/marvin_control/__init__.py -> /home/iartes/marvinAutonomousTester/install/marvin_control/lib/python3.10/site-packages/marvin_control
[3.889s] copying /home/iartes/marvinAutonomousTester/build/marvin_control/build/lib/marvin_control/marvin_controller.py -> /home/iartes/marvinAutonomousTester/install/marvin_control/lib/python3.10/site-packages/marvin_control
[3.889s] byte-compiling /home/iartes/marvinAutonomousTester/install/marvin_control/lib/python3.10/site-packages/marvin_control/__init__.py to __init__.cpython-310.pyc
[3.897s] byte-compiling /home/iartes/marvinAutonomousTester/install/marvin_control/lib/python3.10/site-packages/marvin_control/marvin_controller.py to marvin_controller.cpython-310.pyc
[3.897s] running install_data
[3.897s] creating /home/iartes/marvinAutonomousTester/install/marvin_control/share/ament_index
[3.897s] creating /home/iartes/marvinAutonomousTester/install/marvin_control/share/ament_index/resource_index
[3.897s] creating /home/iartes/marvinAutonomousTester/install/marvin_control/share/ament_index/resource_index/packages
[3.898s] copying resource/marvin_control -> /home/iartes/marvinAutonomousTester/install/marvin_control/share/ament_index/resource_index/packages
[3.898s] copying package.xml -> /home/iartes/marvinAutonomousTester/install/marvin_control/share/marvin_control
[3.898s] running install_egg_info
[3.911s] Copying ../../../build/marvin_control/marvin_control.egg-info to /home/iartes/marvinAutonomousTester/install/marvin_control/lib/python3.10/site-packages/marvin_control-0.0.0-py3.10.egg-info
[3.912s] running install_scripts
[4.052s] Installing marvin_controller script to /home/iartes/marvinAutonomousTester/install/marvin_control/lib/marvin_control
[4.052s] writing list of installed files to '/home/iartes/marvinAutonomousTester/build/marvin_control/install.log'
[4.074s] Invoked command in '/home/iartes/marvinAutonomousTester/ros2_marvin/src/marvin_control' returned '0': PYTHONPATH=/home/iartes/marvinAutonomousTester/build/marvin_control/prefix_override:/home/iartes/marvinAutonomousTester/install/marvin_control/lib/python3.10/site-packages:${PYTHONPATH} /usr/bin/python3 -W ignore:setup.py install is deprecated setup.py egg_info --egg-base ../../../build/marvin_control build --build-base /home/iartes/marvinAutonomousTester/build/marvin_control/build install --record /home/iartes/marvinAutonomousTester/build/marvin_control/install.log --single-version-externally-managed install_data
