[1.215s] Invoking command in '/home/debora/IARTES/ProjFinal/ros2_marvin/src/mqtt_publish': PYTHONPATH=/home/debora/IARTES/ProjFinal/ros2_marvin/build/mqtt_publish/prefix_override:/home/debora/IARTES/ProjFinal/ros2_marvin/install/mqtt_publish/lib/python3.10/site-packages:${PYTHONPATH} /usr/bin/python3 -W ignore:setup.py install is deprecated setup.py egg_info --egg-base ../../build/mqtt_publish build --build-base /home/debora/IARTES/ProjFinal/ros2_marvin/build/mqtt_publish/build install --record /home/debora/IARTES/ProjFinal/ros2_marvin/build/mqtt_publish/install.log --single-version-externally-managed install_data
[1.437s] running egg_info
[1.452s] writing ../../build/mqtt_publish/mqtt_publish.egg-info/PKG-INFO
[1.453s] writing dependency_links to ../../build/mqtt_publish/mqtt_publish.egg-info/dependency_links.txt
[1.453s] writing entry points to ../../build/mqtt_publish/mqtt_publish.egg-info/entry_points.txt
[1.454s] writing requirements to ../../build/mqtt_publish/mqtt_publish.egg-info/requires.txt
[1.454s] writing top-level names to ../../build/mqtt_publish/mqtt_publish.egg-info/top_level.txt
[1.486s] reading manifest file '../../build/mqtt_publish/mqtt_publish.egg-info/SOURCES.txt'
[1.487s] writing manifest file '../../build/mqtt_publish/mqtt_publish.egg-info/SOURCES.txt'
[1.487s] running build
[1.488s] running build_py
[1.489s] copying mqtt_publish/__init__.py -> /home/debora/IARTES/ProjFinal/ros2_marvin/build/mqtt_publish/build/lib/mqtt_publish
[1.489s] copying mqtt_publish/mqtt_pub.py -> /home/debora/IARTES/ProjFinal/ros2_marvin/build/mqtt_publish/build/lib/mqtt_publish
[1.490s] running install
[1.495s] running install_lib
[1.512s] running install_data
[1.513s] copying resource/mqtt_publish -> /home/debora/IARTES/ProjFinal/ros2_marvin/install/mqtt_publish/share/ament_index/resource_index/packages
[1.513s] copying package.xml -> /home/debora/IARTES/ProjFinal/ros2_marvin/install/mqtt_publish/share/mqtt_publish
[1.514s] running install_egg_info
[1.530s] removing '/home/debora/IARTES/ProjFinal/ros2_marvin/install/mqtt_publish/lib/python3.10/site-packages/mqtt_publish-0.0.0-py3.10.egg-info' (and everything under it)
[1.530s] Copying ../../build/mqtt_publish/mqtt_publish.egg-info to /home/debora/IARTES/ProjFinal/ros2_marvin/install/mqtt_publish/lib/python3.10/site-packages/mqtt_publish-0.0.0-py3.10.egg-info
[1.532s] running install_scripts
[1.705s] Installing mqtt_publish script to /home/debora/IARTES/ProjFinal/ros2_marvin/install/mqtt_publish/lib/mqtt_publish
[1.706s] writing list of installed files to '/home/debora/IARTES/ProjFinal/ros2_marvin/build/mqtt_publish/install.log'
[1.762s] Invoked command in '/home/debora/IARTES/ProjFinal/ros2_marvin/src/mqtt_publish' returned '0': PYTHONPATH=/home/debora/IARTES/ProjFinal/ros2_marvin/build/mqtt_publish/prefix_override:/home/debora/IARTES/ProjFinal/ros2_marvin/install/mqtt_publish/lib/python3.10/site-packages:${PYTHONPATH} /usr/bin/python3 -W ignore:setup.py install is deprecated setup.py egg_info --egg-base ../../build/mqtt_publish build --build-base /home/debora/IARTES/ProjFinal/ros2_marvin/build/mqtt_publish/build install --record /home/debora/IARTES/ProjFinal/ros2_marvin/build/mqtt_publish/install.log --single-version-externally-managed install_data
