[0.032s] Invoking command in '/home/debora/IARTES/ProjFinal/ros2_marvin/build/marvin_bringup': CMAKE_PREFIX_PATH=${CMAKE_PREFIX_PATH}:/home/debora/ROS2Curso/ros2_ws/install/my_py_pkg:/home/debora/ws_moveit/install/moveit_configs_utils:/home/debora/install/moveit_configs_utils:/opt/ros/humble /usr/bin/cmake /home/debora/IARTES/ProjFinal/ros2_marvin/src/marvin_bringup -DCMAKE_INSTALL_PREFIX=/home/debora/IARTES/ProjFinal/ros2_marvin/install/marvin_bringup
[0.234s] -- Found ament_cmake: 1.3.8 (/opt/ros/humble/share/ament_cmake/cmake)
[0.234s] -- Override CMake install command with custom implementation using symlinks instead of copying resources
[0.234s] -- Configuring done
[0.236s] -- Generating done
[0.237s] -- Build files have been written to: /home/debora/IARTES/ProjFinal/ros2_marvin/build/marvin_bringup
[0.432s] Invoked command in '/home/debora/IARTES/ProjFinal/ros2_marvin/build/marvin_bringup' returned '0': CMAKE_PREFIX_PATH=${CMAKE_PREFIX_PATH}:/home/debora/ROS2Curso/ros2_ws/install/my_py_pkg:/home/debora/ws_moveit/install/moveit_configs_utils:/home/debora/install/moveit_configs_utils:/opt/ros/humble /usr/bin/cmake /home/debora/IARTES/ProjFinal/ros2_marvin/src/marvin_bringup -DCMAKE_INSTALL_PREFIX=/home/debora/IARTES/ProjFinal/ros2_marvin/install/marvin_bringup
[0.434s] Invoking command in '/home/debora/IARTES/ProjFinal/ros2_marvin/build/marvin_bringup': CMAKE_PREFIX_PATH=${CMAKE_PREFIX_PATH}:/home/debora/ROS2Curso/ros2_ws/install/my_py_pkg:/home/debora/ws_moveit/install/moveit_configs_utils:/home/debora/install/moveit_configs_utils:/opt/ros/humble /usr/bin/cmake --build /home/debora/IARTES/ProjFinal/ros2_marvin/build/marvin_bringup -- -j4 -l4
[0.491s] Invoked command in '/home/debora/IARTES/ProjFinal/ros2_marvin/build/marvin_bringup' returned '0': CMAKE_PREFIX_PATH=${CMAKE_PREFIX_PATH}:/home/debora/ROS2Curso/ros2_ws/install/my_py_pkg:/home/debora/ws_moveit/install/moveit_configs_utils:/home/debora/install/moveit_configs_utils:/opt/ros/humble /usr/bin/cmake --build /home/debora/IARTES/ProjFinal/ros2_marvin/build/marvin_bringup -- -j4 -l4
[0.553s] Invoking command in '/home/debora/IARTES/ProjFinal/ros2_marvin/build/marvin_bringup': CMAKE_PREFIX_PATH=${CMAKE_PREFIX_PATH}:/home/debora/ROS2Curso/ros2_ws/install/my_py_pkg:/home/debora/ws_moveit/install/moveit_configs_utils:/home/debora/install/moveit_configs_utils:/opt/ros/humble /usr/bin/cmake --install /home/debora/IARTES/ProjFinal/ros2_marvin/build/marvin_bringup
[0.566s] -- Install configuration: ""
[0.566s] -- Execute custom install script
[0.567s] -- Up-to-date symlink: /home/debora/IARTES/ProjFinal/ros2_marvin/install/marvin_bringup/share/marvin_bringup/launch/marvin_control.launch.py
[0.567s] -- Up-to-date symlink: /home/debora/IARTES/ProjFinal/ros2_marvin/install/marvin_bringup/share/ament_index/resource_index/package_run_dependencies/marvin_bringup
[0.567s] -- Up-to-date symlink: /home/debora/IARTES/ProjFinal/ros2_marvin/install/marvin_bringup/share/ament_index/resource_index/parent_prefix_path/marvin_bringup
[0.567s] -- Up-to-date symlink: /home/debora/IARTES/ProjFinal/ros2_marvin/install/marvin_bringup/share/marvin_bringup/environment/ament_prefix_path.sh
[0.568s] -- Up-to-date symlink: /home/debora/IARTES/ProjFinal/ros2_marvin/install/marvin_bringup/share/marvin_bringup/environment/ament_prefix_path.dsv
[0.568s] -- Up-to-date symlink: /home/debora/IARTES/ProjFinal/ros2_marvin/install/marvin_bringup/share/marvin_bringup/environment/path.sh
[0.568s] -- Up-to-date symlink: /home/debora/IARTES/ProjFinal/ros2_marvin/install/marvin_bringup/share/marvin_bringup/environment/path.dsv
[0.568s] -- Up-to-date symlink: /home/debora/IARTES/ProjFinal/ros2_marvin/install/marvin_bringup/share/marvin_bringup/local_setup.bash
[0.568s] -- Up-to-date symlink: /home/debora/IARTES/ProjFinal/ros2_marvin/install/marvin_bringup/share/marvin_bringup/local_setup.sh
[0.569s] -- Up-to-date symlink: /home/debora/IARTES/ProjFinal/ros2_marvin/install/marvin_bringup/share/marvin_bringup/local_setup.zsh
[0.569s] -- Up-to-date symlink: /home/debora/IARTES/ProjFinal/ros2_marvin/install/marvin_bringup/share/marvin_bringup/local_setup.dsv
[0.569s] -- Symlinking: /home/debora/IARTES/ProjFinal/ros2_marvin/install/marvin_bringup/share/marvin_bringup/package.dsv
[0.581s] -- Up-to-date symlink: /home/debora/IARTES/ProjFinal/ros2_marvin/install/marvin_bringup/share/ament_index/resource_index/packages/marvin_bringup
[0.582s] -- Up-to-date symlink: /home/debora/IARTES/ProjFinal/ros2_marvin/install/marvin_bringup/share/marvin_bringup/cmake/marvin_bringupConfig.cmake
[0.582s] -- Up-to-date symlink: /home/debora/IARTES/ProjFinal/ros2_marvin/install/marvin_bringup/share/marvin_bringup/cmake/marvin_bringupConfig-version.cmake
[0.582s] -- Up-to-date symlink: /home/debora/IARTES/ProjFinal/ros2_marvin/install/marvin_bringup/share/marvin_bringup/package.xml
[0.584s] Invoked command in '/home/debora/IARTES/ProjFinal/ros2_marvin/build/marvin_bringup' returned '0': CMAKE_PREFIX_PATH=${CMAKE_PREFIX_PATH}:/home/debora/ROS2Curso/ros2_ws/install/my_py_pkg:/home/debora/ws_moveit/install/moveit_configs_utils:/home/debora/install/moveit_configs_utils:/opt/ros/humble /usr/bin/cmake --install /home/debora/IARTES/ProjFinal/ros2_marvin/build/marvin_bringup
