[0.360s] Invoking command in '/home/debora/IARTES/ProjFinal/ros2_marvin/build/marvin_description': CMAKE_PREFIX_PATH=${CMAKE_PREFIX_PATH}:/home/debora/ROS2Curso/ros2_ws/install/my_py_pkg:/home/debora/ws_moveit/install/moveit_configs_utils:/home/debora/install/moveit_configs_utils:/opt/ros/humble /usr/bin/cmake --build /home/debora/IARTES/ProjFinal/ros2_marvin/build/marvin_description -- -j4 -l4
[0.430s] -- Found ament_cmake: 1.3.8 (/opt/ros/humble/share/ament_cmake/cmake)
[0.642s] -- Configuring done
[0.648s] -- Generating done
[0.649s] -- Build files have been written to: /home/debora/IARTES/ProjFinal/ros2_marvin/build/marvin_description
[0.680s] Invoked command in '/home/debora/IARTES/ProjFinal/ros2_marvin/build/marvin_description' returned '0': CMAKE_PREFIX_PATH=${CMAKE_PREFIX_PATH}:/home/debora/ROS2Curso/ros2_ws/install/my_py_pkg:/home/debora/ws_moveit/install/moveit_configs_utils:/home/debora/install/moveit_configs_utils:/opt/ros/humble /usr/bin/cmake --build /home/debora/IARTES/ProjFinal/ros2_marvin/build/marvin_description -- -j4 -l4
[0.738s] Invoking command in '/home/debora/IARTES/ProjFinal/ros2_marvin/build/marvin_description': CMAKE_PREFIX_PATH=${CMAKE_PREFIX_PATH}:/home/debora/ROS2Curso/ros2_ws/install/my_py_pkg:/home/debora/ws_moveit/install/moveit_configs_utils:/home/debora/install/moveit_configs_utils:/opt/ros/humble /usr/bin/cmake --install /home/debora/IARTES/ProjFinal/ros2_marvin/build/marvin_description
[0.750s] -- Install configuration: ""
[0.751s] -- Installing: /home/debora/IARTES/ProjFinal/ros2_marvin/install/marvin_description/share/marvin_description/urdf
[0.751s] -- Installing: /home/debora/IARTES/ProjFinal/ros2_marvin/install/marvin_description/share/marvin_description/urdf/marvin.urdf
[0.752s] -- Installing: /home/debora/IARTES/ProjFinal/ros2_marvin/install/marvin_description/share/marvin_description/launch
[0.752s] -- Installing: /home/debora/IARTES/ProjFinal/ros2_marvin/install/marvin_description/share/marvin_description/launch/display.launch.xml
[0.753s] -- Up-to-date: /home/debora/IARTES/ProjFinal/ros2_marvin/install/marvin_description/share/ament_index/resource_index/package_run_dependencies/marvin_description
[0.753s] -- Installing: /home/debora/IARTES/ProjFinal/ros2_marvin/install/marvin_description/share/ament_index/resource_index/parent_prefix_path/marvin_description
[0.753s] -- Up-to-date: /home/debora/IARTES/ProjFinal/ros2_marvin/install/marvin_description/share/marvin_description/environment/ament_prefix_path.sh
[0.753s] -- Installing: /home/debora/IARTES/ProjFinal/ros2_marvin/install/marvin_description/share/marvin_description/environment/ament_prefix_path.dsv
[0.754s] -- Up-to-date: /home/debora/IARTES/ProjFinal/ros2_marvin/install/marvin_description/share/marvin_description/environment/path.sh
[0.754s] -- Installing: /home/debora/IARTES/ProjFinal/ros2_marvin/install/marvin_description/share/marvin_description/environment/path.dsv
[0.754s] -- Up-to-date: /home/debora/IARTES/ProjFinal/ros2_marvin/install/marvin_description/share/marvin_description/local_setup.bash
[0.754s] -- Up-to-date: /home/debora/IARTES/ProjFinal/ros2_marvin/install/marvin_description/share/marvin_description/local_setup.sh
[0.754s] -- Up-to-date: /home/debora/IARTES/ProjFinal/ros2_marvin/install/marvin_description/share/marvin_description/local_setup.zsh
[0.754s] -- Installing: /home/debora/IARTES/ProjFinal/ros2_marvin/install/marvin_description/share/marvin_description/local_setup.dsv
[0.754s] -- Installing: /home/debora/IARTES/ProjFinal/ros2_marvin/install/marvin_description/share/marvin_description/package.dsv
[0.755s] -- Up-to-date: /home/debora/IARTES/ProjFinal/ros2_marvin/install/marvin_description/share/ament_index/resource_index/packages/marvin_description
[0.756s] -- Up-to-date: /home/debora/IARTES/ProjFinal/ros2_marvin/install/marvin_description/share/marvin_description/cmake/marvin_descriptionConfig.cmake
[0.756s] -- Up-to-date: /home/debora/IARTES/ProjFinal/ros2_marvin/install/marvin_description/share/marvin_description/cmake/marvin_descriptionConfig-version.cmake
[0.756s] -- Up-to-date: /home/debora/IARTES/ProjFinal/ros2_marvin/install/marvin_description/share/marvin_description/package.xml
[0.759s] Invoked command in '/home/debora/IARTES/ProjFinal/ros2_marvin/build/marvin_description' returned '0': CMAKE_PREFIX_PATH=${CMAKE_PREFIX_PATH}:/home/debora/ROS2Curso/ros2_ws/install/my_py_pkg:/home/debora/ws_moveit/install/moveit_configs_utils:/home/debora/install/moveit_configs_utils:/opt/ros/humble /usr/bin/cmake --install /home/debora/IARTES/ProjFinal/ros2_marvin/build/marvin_description
