[0.063s] Invoking command in '/home/debora/IARTES/ProjFinal/ros2_marvin/build/marvin_description': CMAKE_PREFIX_PATH=${CMAKE_PREFIX_PATH}:/home/debora/IARTES/ProjFinal/ros2_marvin/install/topic_to_terminal:/home/debora/IARTES/ProjFinal/ros2_marvin/install/mqtt_publish:/home/debora/ROS2Curso/ros2_ws/install/my_py_pkg:/home/debora/ws_moveit/install/moveit_configs_utils:/home/debora/install/moveit_configs_utils:/opt/ros/humble /usr/bin/cmake --build /home/debora/IARTES/ProjFinal/ros2_marvin/build/marvin_description -- -j4 -l4
[0.489s] Invoked command in '/home/debora/IARTES/ProjFinal/ros2_marvin/build/marvin_description' returned '0': CMAKE_PREFIX_PATH=${CMAKE_PREFIX_PATH}:/home/debora/IARTES/ProjFinal/ros2_marvin/install/topic_to_terminal:/home/debora/IARTES/ProjFinal/ros2_marvin/install/mqtt_publish:/home/debora/ROS2Curso/ros2_ws/install/my_py_pkg:/home/debora/ws_moveit/install/moveit_configs_utils:/home/debora/install/moveit_configs_utils:/opt/ros/humble /usr/bin/cmake --build /home/debora/IARTES/ProjFinal/ros2_marvin/build/marvin_description -- -j4 -l4
[0.561s] Invoking command in '/home/debora/IARTES/ProjFinal/ros2_marvin/build/marvin_description': CMAKE_PREFIX_PATH=${CMAKE_PREFIX_PATH}:/home/debora/IARTES/ProjFinal/ros2_marvin/install/topic_to_terminal:/home/debora/IARTES/ProjFinal/ros2_marvin/install/mqtt_publish:/home/debora/ROS2Curso/ros2_ws/install/my_py_pkg:/home/debora/ws_moveit/install/moveit_configs_utils:/home/debora/install/moveit_configs_utils:/opt/ros/humble /usr/bin/cmake --install /home/debora/IARTES/ProjFinal/ros2_marvin/build/marvin_description
[0.572s] -- Install configuration: ""
[0.572s] -- Up-to-date: /home/debora/IARTES/ProjFinal/ros2_marvin/install/marvin_description/share/marvin_description/urdf
[0.572s] -- Up-to-date: /home/debora/IARTES/ProjFinal/ros2_marvin/install/marvin_description/share/marvin_description/urdf/marvin.urdf
[0.573s] -- Up-to-date: /home/debora/IARTES/ProjFinal/ros2_marvin/install/marvin_description/share/marvin_description/launch
[0.573s] -- Installing: /home/debora/IARTES/ProjFinal/ros2_marvin/install/marvin_description/share/marvin_description/launch/display.launch.py
[0.573s] -- Up-to-date: /home/debora/IARTES/ProjFinal/ros2_marvin/install/marvin_description/share/marvin_description/launch/display.launch.xml
[0.573s] -- Up-to-date: /home/debora/IARTES/ProjFinal/ros2_marvin/install/marvin_description/share/marvin_description/launch/__pycache__
[0.573s] -- Installing: /home/debora/IARTES/ProjFinal/ros2_marvin/install/marvin_description/share/marvin_description/launch/__pycache__/display.launch.cpython-310.pyc
[0.574s] -- Up-to-date: /home/debora/IARTES/ProjFinal/ros2_marvin/install/marvin_description/share/ament_index/resource_index/package_run_dependencies/marvin_description
[0.574s] -- Up-to-date: /home/debora/IARTES/ProjFinal/ros2_marvin/install/marvin_description/share/ament_index/resource_index/parent_prefix_path/marvin_description
[0.576s] -- Up-to-date: /home/debora/IARTES/ProjFinal/ros2_marvin/install/marvin_description/share/marvin_description/environment/ament_prefix_path.sh
[0.576s] -- Up-to-date: /home/debora/IARTES/ProjFinal/ros2_marvin/install/marvin_description/share/marvin_description/environment/ament_prefix_path.dsv
[0.576s] -- Up-to-date: /home/debora/IARTES/ProjFinal/ros2_marvin/install/marvin_description/share/marvin_description/environment/path.sh
[0.576s] -- Up-to-date: /home/debora/IARTES/ProjFinal/ros2_marvin/install/marvin_description/share/marvin_description/environment/path.dsv
[0.576s] -- Up-to-date: /home/debora/IARTES/ProjFinal/ros2_marvin/install/marvin_description/share/marvin_description/local_setup.bash
[0.576s] -- Up-to-date: /home/debora/IARTES/ProjFinal/ros2_marvin/install/marvin_description/share/marvin_description/local_setup.sh
[0.576s] -- Up-to-date: /home/debora/IARTES/ProjFinal/ros2_marvin/install/marvin_description/share/marvin_description/local_setup.zsh
[0.576s] -- Up-to-date: /home/debora/IARTES/ProjFinal/ros2_marvin/install/marvin_description/share/marvin_description/local_setup.dsv
[0.576s] -- Installing: /home/debora/IARTES/ProjFinal/ros2_marvin/install/marvin_description/share/marvin_description/package.dsv
[0.577s] -- Up-to-date: /home/debora/IARTES/ProjFinal/ros2_marvin/install/marvin_description/share/ament_index/resource_index/packages/marvin_description
[0.577s] -- Up-to-date: /home/debora/IARTES/ProjFinal/ros2_marvin/install/marvin_description/share/marvin_description/cmake/marvin_descriptionConfig.cmake
[0.577s] -- Up-to-date: /home/debora/IARTES/ProjFinal/ros2_marvin/install/marvin_description/share/marvin_description/cmake/marvin_descriptionConfig-version.cmake
[0.577s] -- Up-to-date: /home/debora/IARTES/ProjFinal/ros2_marvin/install/marvin_description/share/marvin_description/package.xml
[0.579s] Invoked command in '/home/debora/IARTES/ProjFinal/ros2_marvin/build/marvin_description' returned '0': CMAKE_PREFIX_PATH=${CMAKE_PREFIX_PATH}:/home/debora/IARTES/ProjFinal/ros2_marvin/install/topic_to_terminal:/home/debora/IARTES/ProjFinal/ros2_marvin/install/mqtt_publish:/home/debora/ROS2Curso/ros2_ws/install/my_py_pkg:/home/debora/ws_moveit/install/moveit_configs_utils:/home/debora/install/moveit_configs_utils:/opt/ros/humble /usr/bin/cmake --install /home/debora/IARTES/ProjFinal/ros2_marvin/build/marvin_description
