running egg_info
creating ../../build/mqtt_publish/mqtt_publish.egg-info
writing ../../build/mqtt_publish/mqtt_publish.egg-info/PKG-INFO
writing dependency_links to ../../build/mqtt_publish/mqtt_publish.egg-info/dependency_links.txt
writing entry points to ../../build/mqtt_publish/mqtt_publish.egg-info/entry_points.txt
writing requirements to ../../build/mqtt_publish/mqtt_publish.egg-info/requires.txt
writing top-level names to ../../build/mqtt_publish/mqtt_publish.egg-info/top_level.txt
writing manifest file '../../build/mqtt_publish/mqtt_publish.egg-info/SOURCES.txt'
reading manifest file '../../build/mqtt_publish/mqtt_publish.egg-info/SOURCES.txt'
adding license file 'LICENSE'
writing manifest file '../../build/mqtt_publish/mqtt_publish.egg-info/SOURCES.txt'
running build
running build_py
creating /home/iartes/marvinAutonomousTester/build/mqtt_publish/build
creating /home/iartes/marvinAutonomousTester/build/mqtt_publish/build/lib
creating /home/iartes/marvinAutonomousTester/build/mqtt_publish/build/lib/mqtt_publish
copying mqtt_publish/__init__.py -> /home/iartes/marvinAutonomousTester/build/mqtt_publish/build/lib/mqtt_publish
copying mqtt_publish/mqtt_pub.py -> /home/iartes/marvinAutonomousTester/build/mqtt_publish/build/lib/mqtt_publish
copying mqtt_publish/__init__.py -> /home/iartes/marvinAutonomousTester/build/mqtt_publish/build/lib/mqtt_publish
copying mqtt_publish/mqtt_pub.py -> /home/iartes/marvinAutonomousTester/build/mqtt_publish/build/lib/mqtt_publish
running install
running install_lib
creating /home/iartes/marvinAutonomousTester/install/mqtt_publish/lib/python3.10/site-packages/mqtt_publish
copying /home/iartes/marvinAutonomousTester/build/mqtt_publish/build/lib/mqtt_publish/__init__.py -> /home/iartes/marvinAutonomousTester/install/mqtt_publish/lib/python3.10/site-packages/mqtt_publish
copying /home/iartes/marvinAutonomousTester/build/mqtt_publish/build/lib/mqtt_publish/mqtt_pub.py -> /home/iartes/marvinAutonomousTester/install/mqtt_publish/lib/python3.10/site-packages/mqtt_publish
byte-compiling /home/iartes/marvinAutonomousTester/install/mqtt_publish/lib/python3.10/site-packages/mqtt_publish/__init__.py to __init__.cpython-310.pyc
byte-compiling /home/iartes/marvinAutonomousTester/install/mqtt_publish/lib/python3.10/site-packages/mqtt_publish/mqtt_pub.py to mqtt_pub.cpython-310.pyc
running install_data
creating /home/iartes/marvinAutonomousTester/install/mqtt_publish/share/ament_index
creating /home/iartes/marvinAutonomousTester/install/mqtt_publish/share/ament_index/resource_index
creating /home/iartes/marvinAutonomousTester/install/mqtt_publish/share/ament_index/resource_index/packages
copying resource/mqtt_publish -> /home/iartes/marvinAutonomousTester/install/mqtt_publish/share/ament_index/resource_index/packages
copying package.xml -> /home/iartes/marvinAutonomousTester/install/mqtt_publish/share/mqtt_publish
running install_egg_info
Copying ../../build/mqtt_publish/mqtt_publish.egg-info to /home/iartes/marvinAutonomousTester/install/mqtt_publish/lib/python3.10/site-packages/mqtt_publish-0.0.0-py3.10.egg-info
running install_scripts
Installing mqtt_publish script to /home/iartes/marvinAutonomousTester/install/mqtt_publish/lib/mqtt_publish
writing list of installed files to '/home/iartes/marvinAutonomousTester/build/mqtt_publish/install.log'
