[3.172s] Invoking command in '/home/iartes/marvinAutonomousTester/comunicacao_android_ros2/mqtt_publish': PYTHONPATH=/home/iartes/marvinAutonomousTester/build/mqtt_publish/prefix_override:/home/iartes/marvinAutonomousTester/install/mqtt_publish/lib/python3.10/site-packages:${PYTHONPATH} /usr/bin/python3 -W ignore:setup.py install is deprecated setup.py egg_info --egg-base ../../build/mqtt_publish build --build-base /home/iartes/marvinAutonomousTester/build/mqtt_publish/build install --record /home/iartes/marvinAutonomousTester/build/mqtt_publish/install.log --single-version-externally-managed install_data
[3.602s] running egg_info
[3.602s] creating ../../build/mqtt_publish/mqtt_publish.egg-info
[3.623s] writing ../../build/mqtt_publish/mqtt_publish.egg-info/PKG-INFO
[3.623s] writing dependency_links to ../../build/mqtt_publish/mqtt_publish.egg-info/dependency_links.txt
[3.623s] writing entry points to ../../build/mqtt_publish/mqtt_publish.egg-info/entry_points.txt
[3.624s] writing requirements to ../../build/mqtt_publish/mqtt_publish.egg-info/requires.txt
[3.624s] writing top-level names to ../../build/mqtt_publish/mqtt_publish.egg-info/top_level.txt
[3.624s] writing manifest file '../../build/mqtt_publish/mqtt_publish.egg-info/SOURCES.txt'
[3.676s] reading manifest file '../../build/mqtt_publish/mqtt_publish.egg-info/SOURCES.txt'
[3.699s] adding license file 'LICENSE'
[3.708s] writing manifest file '../../build/mqtt_publish/mqtt_publish.egg-info/SOURCES.txt'
[3.717s] running build
[3.724s] running build_py
[3.734s] creating /home/iartes/marvinAutonomousTester/build/mqtt_publish/build
[3.742s] creating /home/iartes/marvinAutonomousTester/build/mqtt_publish/build/lib
[3.750s] creating /home/iartes/marvinAutonomousTester/build/mqtt_publish/build/lib/mqtt_publish
[3.760s] copying mqtt_publish/__init__.py -> /home/iartes/marvinAutonomousTester/build/mqtt_publish/build/lib/mqtt_publish
[3.772s] copying mqtt_publish/mqtt_pub.py -> /home/iartes/marvinAutonomousTester/build/mqtt_publish/build/lib/mqtt_publish
[3.780s] copying mqtt_publish/__init__.py -> /home/iartes/marvinAutonomousTester/build/mqtt_publish/build/lib/mqtt_publish
[3.791s] copying mqtt_publish/mqtt_pub.py -> /home/iartes/marvinAutonomousTester/build/mqtt_publish/build/lib/mqtt_publish
[3.798s] running install
[3.840s] running install_lib
[3.877s] creating /home/iartes/marvinAutonomousTester/install/mqtt_publish/lib/python3.10/site-packages/mqtt_publish
[3.878s] copying /home/iartes/marvinAutonomousTester/build/mqtt_publish/build/lib/mqtt_publish/__init__.py -> /home/iartes/marvinAutonomousTester/install/mqtt_publish/lib/python3.10/site-packages/mqtt_publish
[3.878s] copying /home/iartes/marvinAutonomousTester/build/mqtt_publish/build/lib/mqtt_publish/mqtt_pub.py -> /home/iartes/marvinAutonomousTester/install/mqtt_publish/lib/python3.10/site-packages/mqtt_publish
[3.879s] byte-compiling /home/iartes/marvinAutonomousTester/install/mqtt_publish/lib/python3.10/site-packages/mqtt_publish/__init__.py to __init__.cpython-310.pyc
[3.879s] byte-compiling /home/iartes/marvinAutonomousTester/install/mqtt_publish/lib/python3.10/site-packages/mqtt_publish/mqtt_pub.py to mqtt_pub.cpython-310.pyc
[3.880s] running install_data
[3.880s] creating /home/iartes/marvinAutonomousTester/install/mqtt_publish/share/ament_index
[3.881s] creating /home/iartes/marvinAutonomousTester/install/mqtt_publish/share/ament_index/resource_index
[3.881s] creating /home/iartes/marvinAutonomousTester/install/mqtt_publish/share/ament_index/resource_index/packages
[3.882s] copying resource/mqtt_publish -> /home/iartes/marvinAutonomousTester/install/mqtt_publish/share/ament_index/resource_index/packages
[3.882s] copying package.xml -> /home/iartes/marvinAutonomousTester/install/mqtt_publish/share/mqtt_publish
[3.883s] running install_egg_info
[3.898s] Copying ../../build/mqtt_publish/mqtt_publish.egg-info to /home/iartes/marvinAutonomousTester/install/mqtt_publish/lib/python3.10/site-packages/mqtt_publish-0.0.0-py3.10.egg-info
[3.899s] running install_scripts
[4.044s] Installing mqtt_publish script to /home/iartes/marvinAutonomousTester/install/mqtt_publish/lib/mqtt_publish
[4.044s] writing list of installed files to '/home/iartes/marvinAutonomousTester/build/mqtt_publish/install.log'
[4.078s] Invoked command in '/home/iartes/marvinAutonomousTester/comunicacao_android_ros2/mqtt_publish' returned '0': PYTHONPATH=/home/iartes/marvinAutonomousTester/build/mqtt_publish/prefix_override:/home/iartes/marvinAutonomousTester/install/mqtt_publish/lib/python3.10/site-packages:${PYTHONPATH} /usr/bin/python3 -W ignore:setup.py install is deprecated setup.py egg_info --egg-base ../../build/mqtt_publish build --build-base /home/iartes/marvinAutonomousTester/build/mqtt_publish/build install --record /home/iartes/marvinAutonomousTester/build/mqtt_publish/install.log --single-version-externally-managed install_data
