[2.177s] Invoking command in '/home/iartes/marvinAutonomousTester/ros2_marvin/src/topic_to_terminal': PYTHONPATH=/home/iartes/marvinAutonomousTester/build/topic_to_terminal/prefix_override:/home/iartes/marvinAutonomousTester/install/topic_to_terminal/lib/python3.10/site-packages:${PYTHONPATH} /usr/bin/python3 -W ignore:setup.py install is deprecated setup.py egg_info --egg-base ../../../build/topic_to_terminal build --build-base /home/iartes/marvinAutonomousTester/build/topic_to_terminal/build install --record /home/iartes/marvinAutonomousTester/build/topic_to_terminal/install.log --single-version-externally-managed install_data
[2.491s] running egg_info
[2.510s] writing ../../../build/topic_to_terminal/topic_to_terminal.egg-info/PKG-INFO
[2.510s] writing dependency_links to ../../../build/topic_to_terminal/topic_to_terminal.egg-info/dependency_links.txt
[2.511s] writing entry points to ../../../build/topic_to_terminal/topic_to_terminal.egg-info/entry_points.txt
[2.511s] writing requirements to ../../../build/topic_to_terminal/topic_to_terminal.egg-info/requires.txt
[2.511s] writing top-level names to ../../../build/topic_to_terminal/topic_to_terminal.egg-info/top_level.txt
[2.551s] reading manifest file '../../../build/topic_to_terminal/topic_to_terminal.egg-info/SOURCES.txt'
[2.552s] writing manifest file '../../../build/topic_to_terminal/topic_to_terminal.egg-info/SOURCES.txt'
[2.552s] running build
[2.552s] running build_py
[2.552s] copying topic_to_terminal/__init__.py -> /home/iartes/marvinAutonomousTester/build/topic_to_terminal/build/lib/topic_to_terminal
[2.552s] copying topic_to_terminal/node_to_terminal.py -> /home/iartes/marvinAutonomousTester/build/topic_to_terminal/build/lib/topic_to_terminal
[2.552s] running install
[2.560s] running install_lib
[2.581s] running install_data
[2.581s] copying resource/topic_to_terminal -> /home/iartes/marvinAutonomousTester/install/topic_to_terminal/share/ament_index/resource_index/packages
[2.581s] copying package.xml -> /home/iartes/marvinAutonomousTester/install/topic_to_terminal/share/topic_to_terminal
[2.581s] running install_egg_info
[2.602s] removing '/home/iartes/marvinAutonomousTester/install/topic_to_terminal/lib/python3.10/site-packages/topic_to_terminal-0.0.0-py3.10.egg-info' (and everything under it)
[2.602s] Copying ../../../build/topic_to_terminal/topic_to_terminal.egg-info to /home/iartes/marvinAutonomousTester/install/topic_to_terminal/lib/python3.10/site-packages/topic_to_terminal-0.0.0-py3.10.egg-info
[2.603s] running install_scripts
[2.732s] Installing terminal_sub script to /home/iartes/marvinAutonomousTester/install/topic_to_terminal/lib/topic_to_terminal
[2.732s] writing list of installed files to '/home/iartes/marvinAutonomousTester/build/topic_to_terminal/install.log'
[2.751s] Invoked command in '/home/iartes/marvinAutonomousTester/ros2_marvin/src/topic_to_terminal' returned '0': PYTHONPATH=/home/iartes/marvinAutonomousTester/build/topic_to_terminal/prefix_override:/home/iartes/marvinAutonomousTester/install/topic_to_terminal/lib/python3.10/site-packages:${PYTHONPATH} /usr/bin/python3 -W ignore:setup.py install is deprecated setup.py egg_info --egg-base ../../../build/topic_to_terminal build --build-base /home/iartes/marvinAutonomousTester/build/topic_to_terminal/build install --record /home/iartes/marvinAutonomousTester/build/topic_to_terminal/install.log --single-version-externally-managed install_data
