[0.193s] DEBUG:colcon:Command line arguments: ['/usr/bin/colcon', 'build']
[0.193s] DEBUG:colcon:Parsed command line arguments: Namespace(log_base=None, log_level=None, verb_name='build', build_base='build', install_base='install', merge_install=False, symlink_install=False, test_result_base=None, continue_on_error=False, executor='parallel', parallel_workers=4, event_handlers=None, ignore_user_meta=False, metas=['./colcon.meta'], base_paths=['.'], packages_ignore=None, packages_ignore_regex=None, paths=None, packages_up_to=None, packages_up_to_regex=None, packages_above=None, packages_above_and_dependencies=None, packages_above_depth=None, packages_select_by_dep=None, packages_skip_by_dep=None, packages_skip_up_to=None, packages_select_build_failed=False, packages_skip_build_finished=False, packages_select_test_failures=False, packages_skip_test_passed=False, packages_select=None, packages_skip=None, packages_select_regex=None, packages_skip_regex=None, packages_start=None, packages_end=None, allow_overriding=[], cmake_args=None, cmake_target=None, cmake_target_skip_unavailable=False, cmake_clean_cache=False, cmake_clean_first=False, cmake_force_configure=False, ament_cmake_args=None, catkin_cmake_args=None, catkin_skip_building_tests=False, mixin_files=None, mixin=None, verb_parser=<colcon_mixin.mixin.mixin_argument.MixinArgumentDecorator object at 0x7d10f4f005b0>, verb_extension=<colcon_core.verb.build.BuildVerb object at 0x7d10f506cca0>, main=<bound method BuildVerb.main of <colcon_core.verb.build.BuildVerb object at 0x7d10f506cca0>>, mixin_verb=('build',))
[0.231s] Level 1:colcon.colcon_core.package_discovery:discover_packages(colcon_meta) check parameters
[0.231s] Level 1:colcon.colcon_core.package_discovery:discover_packages(recursive) check parameters
[0.231s] Level 1:colcon.colcon_core.package_discovery:discover_packages(ignore) check parameters
[0.231s] Level 1:colcon.colcon_core.package_discovery:discover_packages(path) check parameters
[0.231s] Level 1:colcon.colcon_core.package_discovery:discover_packages(colcon_meta) discover
[0.231s] Level 1:colcon.colcon_core.package_discovery:discover_packages(recursive) discover
[0.231s] INFO:colcon.colcon_core.package_discovery:Crawling recursively for packages in '/home/debora/IARTES/ProjFinal/ros2_marvin'
[0.231s] Level 1:colcon.colcon_core.package_identification:_identify(.) by extensions ['ignore', 'ignore_ament_install']
[0.232s] Level 1:colcon.colcon_core.package_identification:_identify(.) by extension 'ignore'
[0.232s] Level 1:colcon.colcon_core.package_identification:_identify(.) by extension 'ignore_ament_install'
[0.232s] Level 1:colcon.colcon_core.package_identification:_identify(.) by extensions ['colcon_pkg']
[0.232s] Level 1:colcon.colcon_core.package_identification:_identify(.) by extension 'colcon_pkg'
[0.232s] Level 1:colcon.colcon_core.package_identification:_identify(.) by extensions ['colcon_meta']
[0.232s] Level 1:colcon.colcon_core.package_identification:_identify(.) by extension 'colcon_meta'
[0.232s] Level 1:colcon.colcon_core.package_identification:_identify(.) by extensions ['ros']
[0.232s] Level 1:colcon.colcon_core.package_identification:_identify(.) by extension 'ros'
[0.249s] Level 1:colcon.colcon_core.package_identification:_identify(.) by extensions ['cmake', 'python']
[0.249s] Level 1:colcon.colcon_core.package_identification:_identify(.) by extension 'cmake'
[0.249s] Level 1:colcon.colcon_core.package_identification:_identify(.) by extension 'python'
[0.249s] Level 1:colcon.colcon_core.package_identification:_identify(.) by extensions ['python_setup_py']
[0.249s] Level 1:colcon.colcon_core.package_identification:_identify(.) by extension 'python_setup_py'
[0.250s] Level 1:colcon.colcon_core.package_identification:_identify(build) by extensions ['ignore', 'ignore_ament_install']
[0.250s] Level 1:colcon.colcon_core.package_identification:_identify(build) by extension 'ignore'
[0.250s] Level 1:colcon.colcon_core.package_identification:_identify(build) ignored
[0.250s] Level 1:colcon.colcon_core.package_identification:_identify(install) by extensions ['ignore', 'ignore_ament_install']
[0.250s] Level 1:colcon.colcon_core.package_identification:_identify(install) by extension 'ignore'
[0.250s] Level 1:colcon.colcon_core.package_identification:_identify(install) ignored
[0.250s] Level 1:colcon.colcon_core.package_identification:_identify(log) by extensions ['ignore', 'ignore_ament_install']
[0.250s] Level 1:colcon.colcon_core.package_identification:_identify(log) by extension 'ignore'
[0.250s] Level 1:colcon.colcon_core.package_identification:_identify(log) ignored
[0.251s] Level 1:colcon.colcon_core.package_identification:_identify(src) by extensions ['ignore', 'ignore_ament_install']
[0.251s] Level 1:colcon.colcon_core.package_identification:_identify(src) by extension 'ignore'
[0.251s] Level 1:colcon.colcon_core.package_identification:_identify(src) by extension 'ignore_ament_install'
[0.251s] Level 1:colcon.colcon_core.package_identification:_identify(src) by extensions ['colcon_pkg']
[0.251s] Level 1:colcon.colcon_core.package_identification:_identify(src) by extension 'colcon_pkg'
[0.251s] Level 1:colcon.colcon_core.package_identification:_identify(src) by extensions ['colcon_meta']
[0.251s] Level 1:colcon.colcon_core.package_identification:_identify(src) by extension 'colcon_meta'
[0.251s] Level 1:colcon.colcon_core.package_identification:_identify(src) by extensions ['ros']
[0.251s] Level 1:colcon.colcon_core.package_identification:_identify(src) by extension 'ros'
[0.251s] Level 1:colcon.colcon_core.package_identification:_identify(src) by extensions ['cmake', 'python']
[0.251s] Level 1:colcon.colcon_core.package_identification:_identify(src) by extension 'cmake'
[0.251s] Level 1:colcon.colcon_core.package_identification:_identify(src) by extension 'python'
[0.251s] Level 1:colcon.colcon_core.package_identification:_identify(src) by extensions ['python_setup_py']
[0.251s] Level 1:colcon.colcon_core.package_identification:_identify(src) by extension 'python_setup_py'
[0.252s] Level 1:colcon.colcon_core.package_identification:_identify(src/marvin_bringup) by extensions ['ignore', 'ignore_ament_install']
[0.252s] Level 1:colcon.colcon_core.package_identification:_identify(src/marvin_bringup) by extension 'ignore'
[0.252s] Level 1:colcon.colcon_core.package_identification:_identify(src/marvin_bringup) by extension 'ignore_ament_install'
[0.252s] Level 1:colcon.colcon_core.package_identification:_identify(src/marvin_bringup) by extensions ['colcon_pkg']
[0.252s] Level 1:colcon.colcon_core.package_identification:_identify(src/marvin_bringup) by extension 'colcon_pkg'
[0.252s] Level 1:colcon.colcon_core.package_identification:_identify(src/marvin_bringup) by extensions ['colcon_meta']
[0.252s] Level 1:colcon.colcon_core.package_identification:_identify(src/marvin_bringup) by extension 'colcon_meta'
[0.252s] Level 1:colcon.colcon_core.package_identification:_identify(src/marvin_bringup) by extensions ['ros']
[0.252s] Level 1:colcon.colcon_core.package_identification:_identify(src/marvin_bringup) by extension 'ros'
[0.256s] DEBUG:colcon.colcon_core.package_identification:Package 'src/marvin_bringup' with type 'ros.ament_cmake' and name 'marvin_bringup'
[0.257s] Level 1:colcon.colcon_core.package_identification:_identify(src/mqtt_publish) by extensions ['ignore', 'ignore_ament_install']
[0.257s] Level 1:colcon.colcon_core.package_identification:_identify(src/mqtt_publish) by extension 'ignore'
[0.257s] Level 1:colcon.colcon_core.package_identification:_identify(src/mqtt_publish) by extension 'ignore_ament_install'
[0.257s] Level 1:colcon.colcon_core.package_identification:_identify(src/mqtt_publish) by extensions ['colcon_pkg']
[0.257s] Level 1:colcon.colcon_core.package_identification:_identify(src/mqtt_publish) by extension 'colcon_pkg'
[0.257s] Level 1:colcon.colcon_core.package_identification:_identify(src/mqtt_publish) by extensions ['colcon_meta']
[0.257s] Level 1:colcon.colcon_core.package_identification:_identify(src/mqtt_publish) by extension 'colcon_meta'
[0.257s] Level 1:colcon.colcon_core.package_identification:_identify(src/mqtt_publish) by extensions ['ros']
[0.257s] Level 1:colcon.colcon_core.package_identification:_identify(src/mqtt_publish) by extension 'ros'
[0.257s] DEBUG:colcon.colcon_core.package_identification:Package 'src/mqtt_publish' with type 'ros.ament_python' and name 'mqtt_publish'
[0.258s] Level 1:colcon.colcon_core.package_identification:_identify(src/topic_to_terminal) by extensions ['ignore', 'ignore_ament_install']
[0.258s] Level 1:colcon.colcon_core.package_identification:_identify(src/topic_to_terminal) by extension 'ignore'
[0.258s] Level 1:colcon.colcon_core.package_identification:_identify(src/topic_to_terminal) by extension 'ignore_ament_install'
[0.258s] Level 1:colcon.colcon_core.package_identification:_identify(src/topic_to_terminal) by extensions ['colcon_pkg']
[0.258s] Level 1:colcon.colcon_core.package_identification:_identify(src/topic_to_terminal) by extension 'colcon_pkg'
[0.258s] Level 1:colcon.colcon_core.package_identification:_identify(src/topic_to_terminal) by extensions ['colcon_meta']
[0.258s] Level 1:colcon.colcon_core.package_identification:_identify(src/topic_to_terminal) by extension 'colcon_meta'
[0.258s] Level 1:colcon.colcon_core.package_identification:_identify(src/topic_to_terminal) by extensions ['ros']
[0.258s] Level 1:colcon.colcon_core.package_identification:_identify(src/topic_to_terminal) by extension 'ros'
[0.259s] DEBUG:colcon.colcon_core.package_identification:Package 'src/topic_to_terminal' with type 'ros.ament_python' and name 'topic_to_terminal'
[0.259s] Level 1:colcon.colcon_core.package_discovery:discover_packages(recursive) using defaults
[0.259s] Level 1:colcon.colcon_core.package_discovery:discover_packages(ignore) discover
[0.259s] Level 1:colcon.colcon_core.package_discovery:discover_packages(ignore) using defaults
[0.259s] Level 1:colcon.colcon_core.package_discovery:discover_packages(path) discover
[0.259s] Level 1:colcon.colcon_core.package_discovery:discover_packages(path) using defaults
[0.283s] Level 1:colcon.colcon_core.package_discovery:discover_packages(prefix_path) check parameters
[0.283s] Level 1:colcon.colcon_core.package_discovery:discover_packages(prefix_path) discover
[0.291s] DEBUG:colcon.colcon_installed_package_information.package_discovery:Found 45 installed packages in /home/debora/install
[0.293s] DEBUG:colcon.colcon_installed_package_information.package_discovery:Found 69 installed packages in /home/debora/ws_moveit/install
[0.295s] DEBUG:colcon.colcon_installed_package_information.package_discovery:Found 3 installed packages in /home/debora/ROS2Curso/ros2_ws/install
[0.296s] DEBUG:colcon.colcon_installed_package_information.package_discovery:Found 342 installed packages in /opt/ros/humble
[0.297s] Level 1:colcon.colcon_core.package_discovery:discover_packages(prefix_path) using defaults
[0.391s] Level 5:colcon.colcon_core.verb:set package 'mqtt_publish' build argument 'cmake_args' from command line to 'None'
[0.391s] Level 5:colcon.colcon_core.verb:set package 'mqtt_publish' build argument 'cmake_target' from command line to 'None'
[0.391s] Level 5:colcon.colcon_core.verb:set package 'mqtt_publish' build argument 'cmake_target_skip_unavailable' from command line to 'False'
[0.391s] Level 5:colcon.colcon_core.verb:set package 'mqtt_publish' build argument 'cmake_clean_cache' from command line to 'False'
[0.391s] Level 5:colcon.colcon_core.verb:set package 'mqtt_publish' build argument 'cmake_clean_first' from command line to 'False'
[0.391s] Level 5:colcon.colcon_core.verb:set package 'mqtt_publish' build argument 'cmake_force_configure' from command line to 'False'
[0.391s] Level 5:colcon.colcon_core.verb:set package 'mqtt_publish' build argument 'ament_cmake_args' from command line to 'None'
[0.391s] Level 5:colcon.colcon_core.verb:set package 'mqtt_publish' build argument 'catkin_cmake_args' from command line to 'None'
[0.391s] Level 5:colcon.colcon_core.verb:set package 'mqtt_publish' build argument 'catkin_skip_building_tests' from command line to 'False'
[0.391s] DEBUG:colcon.colcon_core.verb:Building package 'mqtt_publish' with the following arguments: {'ament_cmake_args': None, 'build_base': '/home/debora/IARTES/ProjFinal/ros2_marvin/build/mqtt_publish', 'catkin_cmake_args': None, 'catkin_skip_building_tests': False, 'cmake_args': None, 'cmake_clean_cache': False, 'cmake_clean_first': False, 'cmake_force_configure': False, 'cmake_target': None, 'cmake_target_skip_unavailable': False, 'install_base': '/home/debora/IARTES/ProjFinal/ros2_marvin/install/mqtt_publish', 'merge_install': False, 'path': '/home/debora/IARTES/ProjFinal/ros2_marvin/src/mqtt_publish', 'symlink_install': False, 'test_result_base': None}
[0.391s] Level 5:colcon.colcon_core.verb:set package 'topic_to_terminal' build argument 'cmake_args' from command line to 'None'
[0.391s] Level 5:colcon.colcon_core.verb:set package 'topic_to_terminal' build argument 'cmake_target' from command line to 'None'
[0.391s] Level 5:colcon.colcon_core.verb:set package 'topic_to_terminal' build argument 'cmake_target_skip_unavailable' from command line to 'False'
[0.391s] Level 5:colcon.colcon_core.verb:set package 'topic_to_terminal' build argument 'cmake_clean_cache' from command line to 'False'
[0.391s] Level 5:colcon.colcon_core.verb:set package 'topic_to_terminal' build argument 'cmake_clean_first' from command line to 'False'
[0.391s] Level 5:colcon.colcon_core.verb:set package 'topic_to_terminal' build argument 'cmake_force_configure' from command line to 'False'
[0.391s] Level 5:colcon.colcon_core.verb:set package 'topic_to_terminal' build argument 'ament_cmake_args' from command line to 'None'
[0.391s] Level 5:colcon.colcon_core.verb:set package 'topic_to_terminal' build argument 'catkin_cmake_args' from command line to 'None'
[0.391s] Level 5:colcon.colcon_core.verb:set package 'topic_to_terminal' build argument 'catkin_skip_building_tests' from command line to 'False'
[0.391s] DEBUG:colcon.colcon_core.verb:Building package 'topic_to_terminal' with the following arguments: {'ament_cmake_args': None, 'build_base': '/home/debora/IARTES/ProjFinal/ros2_marvin/build/topic_to_terminal', 'catkin_cmake_args': None, 'catkin_skip_building_tests': False, 'cmake_args': None, 'cmake_clean_cache': False, 'cmake_clean_first': False, 'cmake_force_configure': False, 'cmake_target': None, 'cmake_target_skip_unavailable': False, 'install_base': '/home/debora/IARTES/ProjFinal/ros2_marvin/install/topic_to_terminal', 'merge_install': False, 'path': '/home/debora/IARTES/ProjFinal/ros2_marvin/src/topic_to_terminal', 'symlink_install': False, 'test_result_base': None}
[0.391s] Level 5:colcon.colcon_core.verb:set package 'marvin_bringup' build argument 'cmake_args' from command line to 'None'
[0.391s] Level 5:colcon.colcon_core.verb:set package 'marvin_bringup' build argument 'cmake_target' from command line to 'None'
[0.391s] Level 5:colcon.colcon_core.verb:set package 'marvin_bringup' build argument 'cmake_target_skip_unavailable' from command line to 'False'
[0.391s] Level 5:colcon.colcon_core.verb:set package 'marvin_bringup' build argument 'cmake_clean_cache' from command line to 'False'
[0.391s] Level 5:colcon.colcon_core.verb:set package 'marvin_bringup' build argument 'cmake_clean_first' from command line to 'False'
[0.391s] Level 5:colcon.colcon_core.verb:set package 'marvin_bringup' build argument 'cmake_force_configure' from command line to 'False'
[0.391s] Level 5:colcon.colcon_core.verb:set package 'marvin_bringup' build argument 'ament_cmake_args' from command line to 'None'
[0.391s] Level 5:colcon.colcon_core.verb:set package 'marvin_bringup' build argument 'catkin_cmake_args' from command line to 'None'
[0.391s] Level 5:colcon.colcon_core.verb:set package 'marvin_bringup' build argument 'catkin_skip_building_tests' from command line to 'False'
[0.392s] DEBUG:colcon.colcon_core.verb:Building package 'marvin_bringup' with the following arguments: {'ament_cmake_args': None, 'build_base': '/home/debora/IARTES/ProjFinal/ros2_marvin/build/marvin_bringup', 'catkin_cmake_args': None, 'catkin_skip_building_tests': False, 'cmake_args': None, 'cmake_clean_cache': False, 'cmake_clean_first': False, 'cmake_force_configure': False, 'cmake_target': None, 'cmake_target_skip_unavailable': False, 'install_base': '/home/debora/IARTES/ProjFinal/ros2_marvin/install/marvin_bringup', 'merge_install': False, 'path': '/home/debora/IARTES/ProjFinal/ros2_marvin/src/marvin_bringup', 'symlink_install': False, 'test_result_base': None}
[0.392s] INFO:colcon.colcon_core.executor:Executing jobs using 'parallel' executor
[0.393s] DEBUG:colcon.colcon_parallel_executor.executor.parallel:run_until_complete
[0.393s] INFO:colcon.colcon_ros.task.ament_python.build:Building ROS package in '/home/debora/IARTES/ProjFinal/ros2_marvin/src/mqtt_publish' with build type 'ament_python'
[0.393s] Level 1:colcon.colcon_core.shell:create_environment_hook('mqtt_publish', 'ament_prefix_path')
[0.400s] INFO:colcon.colcon_core.plugin_system:Skipping extension 'colcon_core.shell.bat': Not used on non-Windows systems
[0.400s] INFO:colcon.colcon_core.shell:Creating environment hook '/home/debora/IARTES/ProjFinal/ros2_marvin/install/mqtt_publish/share/mqtt_publish/hook/ament_prefix_path.ps1'
[0.401s] INFO:colcon.colcon_core.shell:Creating environment descriptor '/home/debora/IARTES/ProjFinal/ros2_marvin/install/mqtt_publish/share/mqtt_publish/hook/ament_prefix_path.dsv'
[0.402s] INFO:colcon.colcon_core.shell:Creating environment hook '/home/debora/IARTES/ProjFinal/ros2_marvin/install/mqtt_publish/share/mqtt_publish/hook/ament_prefix_path.sh'
[0.403s] INFO:colcon.colcon_core.shell:Skip shell extension 'powershell' for command environment: Not usable outside of PowerShell
[0.403s] DEBUG:colcon.colcon_core.shell:Skip shell extension 'dsv' for command environment
[0.412s] INFO:colcon.colcon_ros.task.ament_python.build:Building ROS package in '/home/debora/IARTES/ProjFinal/ros2_marvin/src/topic_to_terminal' with build type 'ament_python'
[0.412s] Level 1:colcon.colcon_core.shell:create_environment_hook('topic_to_terminal', 'ament_prefix_path')
[0.412s] INFO:colcon.colcon_core.shell:Creating environment hook '/home/debora/IARTES/ProjFinal/ros2_marvin/install/topic_to_terminal/share/topic_to_terminal/hook/ament_prefix_path.ps1'
[0.414s] INFO:colcon.colcon_core.shell:Creating environment descriptor '/home/debora/IARTES/ProjFinal/ros2_marvin/install/topic_to_terminal/share/topic_to_terminal/hook/ament_prefix_path.dsv'
[0.414s] INFO:colcon.colcon_core.shell:Creating environment hook '/home/debora/IARTES/ProjFinal/ros2_marvin/install/topic_to_terminal/share/topic_to_terminal/hook/ament_prefix_path.sh'
[0.415s] INFO:colcon.colcon_core.shell:Skip shell extension 'powershell' for command environment: Not usable outside of PowerShell
[0.415s] DEBUG:colcon.colcon_core.shell:Skip shell extension 'dsv' for command environment
[0.605s] INFO:colcon.colcon_core.task.python.build:Building Python package in '/home/debora/IARTES/ProjFinal/ros2_marvin/src/mqtt_publish'
[0.605s] INFO:colcon.colcon_core.shell:Skip shell extension 'powershell' for command environment: Not usable outside of PowerShell
[0.605s] DEBUG:colcon.colcon_core.shell:Skip shell extension 'dsv' for command environment
[0.800s] INFO:colcon.colcon_core.task.python.build:Building Python package in '/home/debora/IARTES/ProjFinal/ros2_marvin/src/topic_to_terminal'
[0.800s] INFO:colcon.colcon_core.shell:Skip shell extension 'powershell' for command environment: Not usable outside of PowerShell
[0.800s] DEBUG:colcon.colcon_core.shell:Skip shell extension 'dsv' for command environment
[1.509s] DEBUG:colcon.colcon_core.event_handler.log_command:Invoking command in '/home/debora/IARTES/ProjFinal/ros2_marvin/src/mqtt_publish': PYTHONPATH=/home/debora/IARTES/ProjFinal/ros2_marvin/build/mqtt_publish/prefix_override:/home/debora/IARTES/ProjFinal/ros2_marvin/install/mqtt_publish/lib/python3.10/site-packages:${PYTHONPATH} /usr/bin/python3 -W ignore:setup.py install is deprecated setup.py egg_info --egg-base ../../build/mqtt_publish build --build-base /home/debora/IARTES/ProjFinal/ros2_marvin/build/mqtt_publish/build install --record /home/debora/IARTES/ProjFinal/ros2_marvin/build/mqtt_publish/install.log --single-version-externally-managed install_data
[1.519s] DEBUG:colcon.colcon_core.event_handler.log_command:Invoking command in '/home/debora/IARTES/ProjFinal/ros2_marvin/src/topic_to_terminal': PYTHONPATH=/home/debora/IARTES/ProjFinal/ros2_marvin/build/topic_to_terminal/prefix_override:/home/debora/IARTES/ProjFinal/ros2_marvin/install/topic_to_terminal/lib/python3.10/site-packages:${PYTHONPATH} /usr/bin/python3 -W ignore:setup.py install is deprecated setup.py egg_info --egg-base ../../build/topic_to_terminal build --build-base /home/debora/IARTES/ProjFinal/ros2_marvin/build/topic_to_terminal/build install --record /home/debora/IARTES/ProjFinal/ros2_marvin/build/topic_to_terminal/install.log --single-version-externally-managed install_data
[2.003s] DEBUG:colcon.colcon_core.event_handler.log_command:Invoked command in '/home/debora/IARTES/ProjFinal/ros2_marvin/src/mqtt_publish' returned '0': PYTHONPATH=/home/debora/IARTES/ProjFinal/ros2_marvin/build/mqtt_publish/prefix_override:/home/debora/IARTES/ProjFinal/ros2_marvin/install/mqtt_publish/lib/python3.10/site-packages:${PYTHONPATH} /usr/bin/python3 -W ignore:setup.py install is deprecated setup.py egg_info --egg-base ../../build/mqtt_publish build --build-base /home/debora/IARTES/ProjFinal/ros2_marvin/build/mqtt_publish/build install --record /home/debora/IARTES/ProjFinal/ros2_marvin/build/mqtt_publish/install.log --single-version-externally-managed install_data
[2.017s] Level 1:colcon.colcon_core.environment:checking '/home/debora/IARTES/ProjFinal/ros2_marvin/install/mqtt_publish' for CMake module files
[2.018s] Level 1:colcon.colcon_core.environment:checking '/home/debora/IARTES/ProjFinal/ros2_marvin/install/mqtt_publish' for CMake config files
[2.020s] Level 1:colcon.colcon_core.environment:checking '/home/debora/IARTES/ProjFinal/ros2_marvin/install/mqtt_publish/lib'
[2.020s] Level 1:colcon.colcon_core.environment:checking '/home/debora/IARTES/ProjFinal/ros2_marvin/install/mqtt_publish/bin'
[2.020s] Level 1:colcon.colcon_core.environment:checking '/home/debora/IARTES/ProjFinal/ros2_marvin/install/mqtt_publish/lib/pkgconfig/mqtt_publish.pc'
[2.020s] Level 1:colcon.colcon_core.environment:checking '/home/debora/IARTES/ProjFinal/ros2_marvin/install/mqtt_publish/lib/python3.10/site-packages'
[2.020s] Level 1:colcon.colcon_core.shell:create_environment_hook('mqtt_publish', 'pythonpath')
[2.021s] INFO:colcon.colcon_core.shell:Creating environment hook '/home/debora/IARTES/ProjFinal/ros2_marvin/install/mqtt_publish/share/mqtt_publish/hook/pythonpath.ps1'
[2.021s] INFO:colcon.colcon_core.shell:Creating environment descriptor '/home/debora/IARTES/ProjFinal/ros2_marvin/install/mqtt_publish/share/mqtt_publish/hook/pythonpath.dsv'
[2.021s] INFO:colcon.colcon_core.shell:Creating environment hook '/home/debora/IARTES/ProjFinal/ros2_marvin/install/mqtt_publish/share/mqtt_publish/hook/pythonpath.sh'
[2.022s] Level 1:colcon.colcon_core.environment:checking '/home/debora/IARTES/ProjFinal/ros2_marvin/install/mqtt_publish/bin'
[2.022s] Level 1:colcon.colcon_core.environment:create_environment_scripts_only(mqtt_publish)
[2.022s] INFO:colcon.colcon_core.shell:Creating package script '/home/debora/IARTES/ProjFinal/ros2_marvin/install/mqtt_publish/share/mqtt_publish/package.ps1'
[2.023s] INFO:colcon.colcon_core.shell:Creating package descriptor '/home/debora/IARTES/ProjFinal/ros2_marvin/install/mqtt_publish/share/mqtt_publish/package.dsv'
[2.024s] INFO:colcon.colcon_core.shell:Creating package script '/home/debora/IARTES/ProjFinal/ros2_marvin/install/mqtt_publish/share/mqtt_publish/package.sh'
[2.025s] INFO:colcon.colcon_core.shell:Creating package script '/home/debora/IARTES/ProjFinal/ros2_marvin/install/mqtt_publish/share/mqtt_publish/package.bash'
[2.025s] INFO:colcon.colcon_core.shell:Creating package script '/home/debora/IARTES/ProjFinal/ros2_marvin/install/mqtt_publish/share/mqtt_publish/package.zsh'
[2.026s] Level 1:colcon.colcon_core.environment:create_file_with_runtime_dependencies(/home/debora/IARTES/ProjFinal/ros2_marvin/install/mqtt_publish/share/colcon-core/packages/mqtt_publish)
[2.027s] Level 1:colcon.colcon_core.environment:checking '/home/debora/IARTES/ProjFinal/ros2_marvin/install/topic_to_terminal' for CMake module files
[2.028s] DEBUG:colcon.colcon_core.event_handler.log_command:Invoked command in '/home/debora/IARTES/ProjFinal/ros2_marvin/src/topic_to_terminal' returned '0': PYTHONPATH=/home/debora/IARTES/ProjFinal/ros2_marvin/build/topic_to_terminal/prefix_override:/home/debora/IARTES/ProjFinal/ros2_marvin/install/topic_to_terminal/lib/python3.10/site-packages:${PYTHONPATH} /usr/bin/python3 -W ignore:setup.py install is deprecated setup.py egg_info --egg-base ../../build/topic_to_terminal build --build-base /home/debora/IARTES/ProjFinal/ros2_marvin/build/topic_to_terminal/build install --record /home/debora/IARTES/ProjFinal/ros2_marvin/build/topic_to_terminal/install.log --single-version-externally-managed install_data
[2.029s] Level 1:colcon.colcon_core.environment:checking '/home/debora/IARTES/ProjFinal/ros2_marvin/install/topic_to_terminal' for CMake config files
[2.031s] Level 1:colcon.colcon_core.environment:checking '/home/debora/IARTES/ProjFinal/ros2_marvin/install/topic_to_terminal/lib'
[2.031s] Level 1:colcon.colcon_core.environment:checking '/home/debora/IARTES/ProjFinal/ros2_marvin/install/topic_to_terminal/bin'
[2.031s] Level 1:colcon.colcon_core.environment:checking '/home/debora/IARTES/ProjFinal/ros2_marvin/install/topic_to_terminal/lib/pkgconfig/topic_to_terminal.pc'
[2.031s] Level 1:colcon.colcon_core.environment:checking '/home/debora/IARTES/ProjFinal/ros2_marvin/install/topic_to_terminal/lib/python3.10/site-packages'
[2.031s] Level 1:colcon.colcon_core.shell:create_environment_hook('topic_to_terminal', 'pythonpath')
[2.031s] INFO:colcon.colcon_core.shell:Creating environment hook '/home/debora/IARTES/ProjFinal/ros2_marvin/install/topic_to_terminal/share/topic_to_terminal/hook/pythonpath.ps1'
[2.032s] INFO:colcon.colcon_core.shell:Creating environment descriptor '/home/debora/IARTES/ProjFinal/ros2_marvin/install/topic_to_terminal/share/topic_to_terminal/hook/pythonpath.dsv'
[2.032s] INFO:colcon.colcon_core.shell:Creating environment hook '/home/debora/IARTES/ProjFinal/ros2_marvin/install/topic_to_terminal/share/topic_to_terminal/hook/pythonpath.sh'
[2.033s] Level 1:colcon.colcon_core.environment:checking '/home/debora/IARTES/ProjFinal/ros2_marvin/install/topic_to_terminal/bin'
[2.033s] Level 1:colcon.colcon_core.environment:create_environment_scripts_only(topic_to_terminal)
[2.033s] INFO:colcon.colcon_core.shell:Creating package script '/home/debora/IARTES/ProjFinal/ros2_marvin/install/topic_to_terminal/share/topic_to_terminal/package.ps1'
[2.033s] INFO:colcon.colcon_core.shell:Creating package descriptor '/home/debora/IARTES/ProjFinal/ros2_marvin/install/topic_to_terminal/share/topic_to_terminal/package.dsv'
[2.034s] INFO:colcon.colcon_core.shell:Creating package script '/home/debora/IARTES/ProjFinal/ros2_marvin/install/topic_to_terminal/share/topic_to_terminal/package.sh'
[2.034s] INFO:colcon.colcon_core.shell:Creating package script '/home/debora/IARTES/ProjFinal/ros2_marvin/install/topic_to_terminal/share/topic_to_terminal/package.bash'
[2.034s] INFO:colcon.colcon_core.shell:Creating package script '/home/debora/IARTES/ProjFinal/ros2_marvin/install/topic_to_terminal/share/topic_to_terminal/package.zsh'
[2.035s] Level 1:colcon.colcon_core.environment:create_file_with_runtime_dependencies(/home/debora/IARTES/ProjFinal/ros2_marvin/install/topic_to_terminal/share/colcon-core/packages/topic_to_terminal)
[2.035s] INFO:colcon.colcon_ros.task.ament_cmake.build:Building ROS package in '/home/debora/IARTES/ProjFinal/ros2_marvin/src/marvin_bringup' with build type 'ament_cmake'
[2.035s] INFO:colcon.colcon_cmake.task.cmake.build:Building CMake package in '/home/debora/IARTES/ProjFinal/ros2_marvin/src/marvin_bringup'
[2.035s] INFO:colcon.colcon_core.shell:Skip shell extension 'powershell' for command environment: Not usable outside of PowerShell
[2.035s] DEBUG:colcon.colcon_core.shell:Skip shell extension 'dsv' for command environment
[2.076s] DEBUG:colcon.colcon_core.event_handler.log_command:Invoking command in '/home/debora/IARTES/ProjFinal/ros2_marvin/build/marvin_bringup': AMENT_PREFIX_PATH=/home/debora/IARTES/ProjFinal/ros2_marvin/install/topic_to_terminal:/home/debora/IARTES/ProjFinal/ros2_marvin/install/mqtt_publish:${AMENT_PREFIX_PATH} CMAKE_PREFIX_PATH=${CMAKE_PREFIX_PATH}:/home/debora/ROS2Curso/ros2_ws/install/my_py_pkg:/home/debora/ws_moveit/install/moveit_configs_utils:/home/debora/install/moveit_configs_utils:/opt/ros/humble PYTHONPATH=/home/debora/IARTES/ProjFinal/ros2_marvin/install/topic_to_terminal/lib/python3.10/site-packages:/home/debora/IARTES/ProjFinal/ros2_marvin/install/mqtt_publish/lib/python3.10/site-packages:${PYTHONPATH} /usr/bin/cmake /home/debora/IARTES/ProjFinal/ros2_marvin/src/marvin_bringup -DCMAKE_INSTALL_PREFIX=/home/debora/IARTES/ProjFinal/ros2_marvin/install/marvin_bringup
[2.366s] DEBUG:colcon.colcon_core.event_handler.log_command:Invoked command in '/home/debora/IARTES/ProjFinal/ros2_marvin/build/marvin_bringup' returned '0': AMENT_PREFIX_PATH=/home/debora/IARTES/ProjFinal/ros2_marvin/install/topic_to_terminal:/home/debora/IARTES/ProjFinal/ros2_marvin/install/mqtt_publish:${AMENT_PREFIX_PATH} CMAKE_PREFIX_PATH=${CMAKE_PREFIX_PATH}:/home/debora/ROS2Curso/ros2_ws/install/my_py_pkg:/home/debora/ws_moveit/install/moveit_configs_utils:/home/debora/install/moveit_configs_utils:/opt/ros/humble PYTHONPATH=/home/debora/IARTES/ProjFinal/ros2_marvin/install/topic_to_terminal/lib/python3.10/site-packages:/home/debora/IARTES/ProjFinal/ros2_marvin/install/mqtt_publish/lib/python3.10/site-packages:${PYTHONPATH} /usr/bin/cmake /home/debora/IARTES/ProjFinal/ros2_marvin/src/marvin_bringup -DCMAKE_INSTALL_PREFIX=/home/debora/IARTES/ProjFinal/ros2_marvin/install/marvin_bringup
[2.368s] DEBUG:colcon.colcon_core.event_handler.log_command:Invoking command in '/home/debora/IARTES/ProjFinal/ros2_marvin/build/marvin_bringup': AMENT_PREFIX_PATH=/home/debora/IARTES/ProjFinal/ros2_marvin/install/topic_to_terminal:/home/debora/IARTES/ProjFinal/ros2_marvin/install/mqtt_publish:${AMENT_PREFIX_PATH} CMAKE_PREFIX_PATH=${CMAKE_PREFIX_PATH}:/home/debora/ROS2Curso/ros2_ws/install/my_py_pkg:/home/debora/ws_moveit/install/moveit_configs_utils:/home/debora/install/moveit_configs_utils:/opt/ros/humble PYTHONPATH=/home/debora/IARTES/ProjFinal/ros2_marvin/install/topic_to_terminal/lib/python3.10/site-packages:/home/debora/IARTES/ProjFinal/ros2_marvin/install/mqtt_publish/lib/python3.10/site-packages:${PYTHONPATH} /usr/bin/cmake --build /home/debora/IARTES/ProjFinal/ros2_marvin/build/marvin_bringup -- -j4 -l4
[2.430s] DEBUG:colcon.colcon_core.event_handler.log_command:Invoked command in '/home/debora/IARTES/ProjFinal/ros2_marvin/build/marvin_bringup' returned '0': AMENT_PREFIX_PATH=/home/debora/IARTES/ProjFinal/ros2_marvin/install/topic_to_terminal:/home/debora/IARTES/ProjFinal/ros2_marvin/install/mqtt_publish:${AMENT_PREFIX_PATH} CMAKE_PREFIX_PATH=${CMAKE_PREFIX_PATH}:/home/debora/ROS2Curso/ros2_ws/install/my_py_pkg:/home/debora/ws_moveit/install/moveit_configs_utils:/home/debora/install/moveit_configs_utils:/opt/ros/humble PYTHONPATH=/home/debora/IARTES/ProjFinal/ros2_marvin/install/topic_to_terminal/lib/python3.10/site-packages:/home/debora/IARTES/ProjFinal/ros2_marvin/install/mqtt_publish/lib/python3.10/site-packages:${PYTHONPATH} /usr/bin/cmake --build /home/debora/IARTES/ProjFinal/ros2_marvin/build/marvin_bringup -- -j4 -l4
[2.486s] DEBUG:colcon.colcon_core.event_handler.log_command:Invoking command in '/home/debora/IARTES/ProjFinal/ros2_marvin/build/marvin_bringup': AMENT_PREFIX_PATH=/home/debora/IARTES/ProjFinal/ros2_marvin/install/topic_to_terminal:/home/debora/IARTES/ProjFinal/ros2_marvin/install/mqtt_publish:${AMENT_PREFIX_PATH} CMAKE_PREFIX_PATH=${CMAKE_PREFIX_PATH}:/home/debora/ROS2Curso/ros2_ws/install/my_py_pkg:/home/debora/ws_moveit/install/moveit_configs_utils:/home/debora/install/moveit_configs_utils:/opt/ros/humble PYTHONPATH=/home/debora/IARTES/ProjFinal/ros2_marvin/install/topic_to_terminal/lib/python3.10/site-packages:/home/debora/IARTES/ProjFinal/ros2_marvin/install/mqtt_publish/lib/python3.10/site-packages:${PYTHONPATH} /usr/bin/cmake --install /home/debora/IARTES/ProjFinal/ros2_marvin/build/marvin_bringup
[2.517s] Level 1:colcon.colcon_core.environment:create_environment_scripts_only(marvin_bringup)
[2.517s] Level 1:colcon.colcon_core.environment:checking '/home/debora/IARTES/ProjFinal/ros2_marvin/install/marvin_bringup' for CMake module files
[2.517s] DEBUG:colcon.colcon_core.event_handler.log_command:Invoked command in '/home/debora/IARTES/ProjFinal/ros2_marvin/build/marvin_bringup' returned '0': AMENT_PREFIX_PATH=/home/debora/IARTES/ProjFinal/ros2_marvin/install/topic_to_terminal:/home/debora/IARTES/ProjFinal/ros2_marvin/install/mqtt_publish:${AMENT_PREFIX_PATH} CMAKE_PREFIX_PATH=${CMAKE_PREFIX_PATH}:/home/debora/ROS2Curso/ros2_ws/install/my_py_pkg:/home/debora/ws_moveit/install/moveit_configs_utils:/home/debora/install/moveit_configs_utils:/opt/ros/humble PYTHONPATH=/home/debora/IARTES/ProjFinal/ros2_marvin/install/topic_to_terminal/lib/python3.10/site-packages:/home/debora/IARTES/ProjFinal/ros2_marvin/install/mqtt_publish/lib/python3.10/site-packages:${PYTHONPATH} /usr/bin/cmake --install /home/debora/IARTES/ProjFinal/ros2_marvin/build/marvin_bringup
[2.518s] Level 1:colcon.colcon_core.environment:checking '/home/debora/IARTES/ProjFinal/ros2_marvin/install/marvin_bringup' for CMake config files
[2.519s] Level 1:colcon.colcon_core.shell:create_environment_hook('marvin_bringup', 'cmake_prefix_path')
[2.519s] INFO:colcon.colcon_core.shell:Creating environment hook '/home/debora/IARTES/ProjFinal/ros2_marvin/install/marvin_bringup/share/marvin_bringup/hook/cmake_prefix_path.ps1'
[2.519s] INFO:colcon.colcon_core.shell:Creating environment descriptor '/home/debora/IARTES/ProjFinal/ros2_marvin/install/marvin_bringup/share/marvin_bringup/hook/cmake_prefix_path.dsv'
[2.520s] INFO:colcon.colcon_core.shell:Creating environment hook '/home/debora/IARTES/ProjFinal/ros2_marvin/install/marvin_bringup/share/marvin_bringup/hook/cmake_prefix_path.sh'
[2.520s] Level 1:colcon.colcon_core.environment:checking '/home/debora/IARTES/ProjFinal/ros2_marvin/install/marvin_bringup/bin'
[2.520s] Level 1:colcon.colcon_core.environment:checking '/home/debora/IARTES/ProjFinal/ros2_marvin/install/marvin_bringup/lib/pkgconfig/marvin_bringup.pc'
[2.520s] Level 1:colcon.colcon_core.environment:checking '/home/debora/IARTES/ProjFinal/ros2_marvin/install/marvin_bringup/lib/python3.10/site-packages'
[2.521s] Level 1:colcon.colcon_core.environment:checking '/home/debora/IARTES/ProjFinal/ros2_marvin/install/marvin_bringup/bin'
[2.521s] INFO:colcon.colcon_core.shell:Creating package script '/home/debora/IARTES/ProjFinal/ros2_marvin/install/marvin_bringup/share/marvin_bringup/package.ps1'
[2.521s] INFO:colcon.colcon_core.shell:Creating package descriptor '/home/debora/IARTES/ProjFinal/ros2_marvin/install/marvin_bringup/share/marvin_bringup/package.dsv'
[2.521s] INFO:colcon.colcon_core.shell:Creating package script '/home/debora/IARTES/ProjFinal/ros2_marvin/install/marvin_bringup/share/marvin_bringup/package.sh'
[2.522s] INFO:colcon.colcon_core.shell:Creating package script '/home/debora/IARTES/ProjFinal/ros2_marvin/install/marvin_bringup/share/marvin_bringup/package.bash'
[2.522s] INFO:colcon.colcon_core.shell:Creating package script '/home/debora/IARTES/ProjFinal/ros2_marvin/install/marvin_bringup/share/marvin_bringup/package.zsh'
[2.522s] Level 1:colcon.colcon_core.environment:create_file_with_runtime_dependencies(/home/debora/IARTES/ProjFinal/ros2_marvin/install/marvin_bringup/share/colcon-core/packages/marvin_bringup)
[2.564s] Level 1:colcon.colcon_core.environment:create_environment_scripts_only(marvin_bringup)
[2.565s] Level 1:colcon.colcon_core.environment:checking '/home/debora/IARTES/ProjFinal/ros2_marvin/install/marvin_bringup' for CMake module files
[2.565s] Level 1:colcon.colcon_core.environment:checking '/home/debora/IARTES/ProjFinal/ros2_marvin/install/marvin_bringup' for CMake config files
[2.565s] Level 1:colcon.colcon_core.shell:create_environment_hook('marvin_bringup', 'cmake_prefix_path')
[2.566s] INFO:colcon.colcon_core.shell:Creating environment hook '/home/debora/IARTES/ProjFinal/ros2_marvin/install/marvin_bringup/share/marvin_bringup/hook/cmake_prefix_path.ps1'
[2.566s] INFO:colcon.colcon_core.shell:Creating environment descriptor '/home/debora/IARTES/ProjFinal/ros2_marvin/install/marvin_bringup/share/marvin_bringup/hook/cmake_prefix_path.dsv'
[2.567s] INFO:colcon.colcon_core.shell:Creating environment hook '/home/debora/IARTES/ProjFinal/ros2_marvin/install/marvin_bringup/share/marvin_bringup/hook/cmake_prefix_path.sh'
[2.568s] Level 1:colcon.colcon_core.environment:checking '/home/debora/IARTES/ProjFinal/ros2_marvin/install/marvin_bringup/bin'
[2.568s] Level 1:colcon.colcon_core.environment:checking '/home/debora/IARTES/ProjFinal/ros2_marvin/install/marvin_bringup/lib/pkgconfig/marvin_bringup.pc'
[2.568s] Level 1:colcon.colcon_core.environment:checking '/home/debora/IARTES/ProjFinal/ros2_marvin/install/marvin_bringup/lib/python3.10/site-packages'
[2.568s] Level 1:colcon.colcon_core.environment:checking '/home/debora/IARTES/ProjFinal/ros2_marvin/install/marvin_bringup/bin'
[2.569s] INFO:colcon.colcon_core.shell:Creating package script '/home/debora/IARTES/ProjFinal/ros2_marvin/install/marvin_bringup/share/marvin_bringup/package.ps1'
[2.569s] INFO:colcon.colcon_core.shell:Creating package descriptor '/home/debora/IARTES/ProjFinal/ros2_marvin/install/marvin_bringup/share/marvin_bringup/package.dsv'
[2.570s] INFO:colcon.colcon_core.shell:Creating package script '/home/debora/IARTES/ProjFinal/ros2_marvin/install/marvin_bringup/share/marvin_bringup/package.sh'
[2.570s] INFO:colcon.colcon_core.shell:Creating package script '/home/debora/IARTES/ProjFinal/ros2_marvin/install/marvin_bringup/share/marvin_bringup/package.bash'
[2.570s] INFO:colcon.colcon_core.shell:Creating package script '/home/debora/IARTES/ProjFinal/ros2_marvin/install/marvin_bringup/share/marvin_bringup/package.zsh'
[2.571s] Level 1:colcon.colcon_core.environment:create_file_with_runtime_dependencies(/home/debora/IARTES/ProjFinal/ros2_marvin/install/marvin_bringup/share/colcon-core/packages/marvin_bringup)
[2.572s] DEBUG:colcon.colcon_parallel_executor.executor.parallel:closing loop
[2.572s] DEBUG:colcon.colcon_parallel_executor.executor.parallel:loop closed
[2.572s] DEBUG:colcon.colcon_parallel_executor.executor.parallel:run_until_complete finished with '0'
[2.572s] DEBUG:colcon.colcon_core.event_reactor:joining thread
[2.580s] INFO:colcon.colcon_core.plugin_system:Skipping extension 'colcon_notification.desktop_notification.terminal_notifier': Not used on non-Darwin systems
[2.580s] INFO:colcon.colcon_core.plugin_system:Skipping extension 'colcon_notification.desktop_notification.win32': Not used on non-Windows systems
[2.580s] INFO:colcon.colcon_notification.desktop_notification:Sending desktop notification using 'notify2'
[2.593s] DEBUG:colcon.colcon_core.event_reactor:joined thread
[2.593s] INFO:colcon.colcon_core.shell:Creating prefix script '/home/debora/IARTES/ProjFinal/ros2_marvin/install/local_setup.ps1'
[2.595s] INFO:colcon.colcon_core.shell:Creating prefix util module '/home/debora/IARTES/ProjFinal/ros2_marvin/install/_local_setup_util_ps1.py'
[2.599s] INFO:colcon.colcon_core.shell:Creating prefix chain script '/home/debora/IARTES/ProjFinal/ros2_marvin/install/setup.ps1'
[2.604s] INFO:colcon.colcon_core.shell:Creating prefix script '/home/debora/IARTES/ProjFinal/ros2_marvin/install/local_setup.sh'
[2.605s] INFO:colcon.colcon_core.shell:Creating prefix util module '/home/debora/IARTES/ProjFinal/ros2_marvin/install/_local_setup_util_sh.py'
[2.605s] INFO:colcon.colcon_core.shell:Creating prefix chain script '/home/debora/IARTES/ProjFinal/ros2_marvin/install/setup.sh'
[2.611s] INFO:colcon.colcon_core.shell:Creating prefix script '/home/debora/IARTES/ProjFinal/ros2_marvin/install/local_setup.bash'
[2.612s] INFO:colcon.colcon_core.shell:Creating prefix chain script '/home/debora/IARTES/ProjFinal/ros2_marvin/install/setup.bash'
[2.617s] INFO:colcon.colcon_core.shell:Creating prefix script '/home/debora/IARTES/ProjFinal/ros2_marvin/install/local_setup.zsh'
[2.619s] INFO:colcon.colcon_core.shell:Creating prefix chain script '/home/debora/IARTES/ProjFinal/ros2_marvin/install/setup.zsh'
