[0.019s] Invoking command in '/home/debora/IARTES/ProjFinal/ros2_marvin/src/build/marvin_bringup': AMENT_PREFIX_PATH=/home/debora/IARTES/ProjFinal/ros2_marvin/src/install/topic_to_terminal:/home/debora/IARTES/ProjFinal/ros2_marvin/src/install/mqtt_publish:${AMENT_PREFIX_PATH} CMAKE_PREFIX_PATH=${CMAKE_PREFIX_PATH}:/home/debora/ROS2Curso/ros2_ws/install/my_py_pkg:/home/debora/ws_moveit/install/moveit_configs_utils:/home/debora/install/moveit_configs_utils:/opt/ros/humble PYTHONPATH=/home/debora/IARTES/ProjFinal/ros2_marvin/src/install/topic_to_terminal/lib/python3.10/site-packages:/home/debora/IARTES/ProjFinal/ros2_marvin/src/install/mqtt_publish/lib/python3.10/site-packages:${PYTHONPATH} /usr/bin/cmake /home/debora/IARTES/ProjFinal/ros2_marvin/src/marvin_bringup -DCMAKE_INSTALL_PREFIX=/home/debora/IARTES/ProjFinal/ros2_marvin/src/install/marvin_bringup
[0.108s] -- The C compiler identification is GNU 11.4.0
[0.185s] -- The CXX compiler identification is GNU 11.4.0
[0.186s] -- Detecting C compiler ABI info
[0.292s] -- Detecting C compiler ABI info - done
[0.297s] -- Check for working C compiler: /usr/bin/cc - skipped
[0.297s] -- Detecting C compile features
[0.297s] -- Detecting C compile features - done
[0.300s] -- Detecting CXX compiler ABI info
[0.396s] -- Detecting CXX compiler ABI info - done
[0.402s] -- Check for working CXX compiler: /usr/bin/c++ - skipped
[0.402s] -- Detecting CXX compile features
[0.402s] -- Detecting CXX compile features - done
[0.410s] -- Found ament_cmake: 1.3.8 (/opt/ros/humble/share/ament_cmake/cmake)
[0.781s] -- Found Python3: /usr/bin/python3 (found version "3.10.12") found components: Interpreter 
[1.000s] -- Configuring done
[1.001s] -- Generating done
[1.002s] -- Build files have been written to: /home/debora/IARTES/ProjFinal/ros2_marvin/src/build/marvin_bringup
[1.005s] Invoked command in '/home/debora/IARTES/ProjFinal/ros2_marvin/src/build/marvin_bringup' returned '0': AMENT_PREFIX_PATH=/home/debora/IARTES/ProjFinal/ros2_marvin/src/install/topic_to_terminal:/home/debora/IARTES/ProjFinal/ros2_marvin/src/install/mqtt_publish:${AMENT_PREFIX_PATH} CMAKE_PREFIX_PATH=${CMAKE_PREFIX_PATH}:/home/debora/ROS2Curso/ros2_ws/install/my_py_pkg:/home/debora/ws_moveit/install/moveit_configs_utils:/home/debora/install/moveit_configs_utils:/opt/ros/humble PYTHONPATH=/home/debora/IARTES/ProjFinal/ros2_marvin/src/install/topic_to_terminal/lib/python3.10/site-packages:/home/debora/IARTES/ProjFinal/ros2_marvin/src/install/mqtt_publish/lib/python3.10/site-packages:${PYTHONPATH} /usr/bin/cmake /home/debora/IARTES/ProjFinal/ros2_marvin/src/marvin_bringup -DCMAKE_INSTALL_PREFIX=/home/debora/IARTES/ProjFinal/ros2_marvin/src/install/marvin_bringup
[1.006s] Invoking command in '/home/debora/IARTES/ProjFinal/ros2_marvin/src/build/marvin_bringup': AMENT_PREFIX_PATH=/home/debora/IARTES/ProjFinal/ros2_marvin/src/install/topic_to_terminal:/home/debora/IARTES/ProjFinal/ros2_marvin/src/install/mqtt_publish:${AMENT_PREFIX_PATH} CMAKE_PREFIX_PATH=${CMAKE_PREFIX_PATH}:/home/debora/ROS2Curso/ros2_ws/install/my_py_pkg:/home/debora/ws_moveit/install/moveit_configs_utils:/home/debora/install/moveit_configs_utils:/opt/ros/humble PYTHONPATH=/home/debora/IARTES/ProjFinal/ros2_marvin/src/install/topic_to_terminal/lib/python3.10/site-packages:/home/debora/IARTES/ProjFinal/ros2_marvin/src/install/mqtt_publish/lib/python3.10/site-packages:${PYTHONPATH} /usr/bin/cmake --build /home/debora/IARTES/ProjFinal/ros2_marvin/src/build/marvin_bringup -- -j4 -l4
[1.056s] Invoked command in '/home/debora/IARTES/ProjFinal/ros2_marvin/src/build/marvin_bringup' returned '0': AMENT_PREFIX_PATH=/home/debora/IARTES/ProjFinal/ros2_marvin/src/install/topic_to_terminal:/home/debora/IARTES/ProjFinal/ros2_marvin/src/install/mqtt_publish:${AMENT_PREFIX_PATH} CMAKE_PREFIX_PATH=${CMAKE_PREFIX_PATH}:/home/debora/ROS2Curso/ros2_ws/install/my_py_pkg:/home/debora/ws_moveit/install/moveit_configs_utils:/home/debora/install/moveit_configs_utils:/opt/ros/humble PYTHONPATH=/home/debora/IARTES/ProjFinal/ros2_marvin/src/install/topic_to_terminal/lib/python3.10/site-packages:/home/debora/IARTES/ProjFinal/ros2_marvin/src/install/mqtt_publish/lib/python3.10/site-packages:${PYTHONPATH} /usr/bin/cmake --build /home/debora/IARTES/ProjFinal/ros2_marvin/src/build/marvin_bringup -- -j4 -l4
[1.100s] Invoking command in '/home/debora/IARTES/ProjFinal/ros2_marvin/src/build/marvin_bringup': AMENT_PREFIX_PATH=/home/debora/IARTES/ProjFinal/ros2_marvin/src/install/topic_to_terminal:/home/debora/IARTES/ProjFinal/ros2_marvin/src/install/mqtt_publish:${AMENT_PREFIX_PATH} CMAKE_PREFIX_PATH=${CMAKE_PREFIX_PATH}:/home/debora/ROS2Curso/ros2_ws/install/my_py_pkg:/home/debora/ws_moveit/install/moveit_configs_utils:/home/debora/install/moveit_configs_utils:/opt/ros/humble PYTHONPATH=/home/debora/IARTES/ProjFinal/ros2_marvin/src/install/topic_to_terminal/lib/python3.10/site-packages:/home/debora/IARTES/ProjFinal/ros2_marvin/src/install/mqtt_publish/lib/python3.10/site-packages:${PYTHONPATH} /usr/bin/cmake --install /home/debora/IARTES/ProjFinal/ros2_marvin/src/build/marvin_bringup
[1.110s] -- Install configuration: ""
[1.110s] -- Installing: /home/debora/IARTES/ProjFinal/ros2_marvin/src/install/marvin_bringup/share/marvin_bringup/launch
[1.111s] -- Installing: /home/debora/IARTES/ProjFinal/ros2_marvin/src/install/marvin_bringup/share/marvin_bringup/launch/marvin_control.launch.py
[1.112s] -- Installing: /home/debora/IARTES/ProjFinal/ros2_marvin/src/install/marvin_bringup/share/marvin_bringup/urdf
[1.112s] -- Installing: /home/debora/IARTES/ProjFinal/ros2_marvin/src/install/marvin_bringup/share/marvin_bringup/urdf/marvin.urdf
[1.113s] -- Installing: /home/debora/IARTES/ProjFinal/ros2_marvin/src/install/marvin_bringup/share/ament_index/resource_index/package_run_dependencies/marvin_bringup
[1.113s] -- Installing: /home/debora/IARTES/ProjFinal/ros2_marvin/src/install/marvin_bringup/share/ament_index/resource_index/parent_prefix_path/marvin_bringup
[1.113s] -- Installing: /home/debora/IARTES/ProjFinal/ros2_marvin/src/install/marvin_bringup/share/marvin_bringup/environment/ament_prefix_path.sh
[1.113s] -- Installing: /home/debora/IARTES/ProjFinal/ros2_marvin/src/install/marvin_bringup/share/marvin_bringup/environment/ament_prefix_path.dsv
[1.113s] -- Installing: /home/debora/IARTES/ProjFinal/ros2_marvin/src/install/marvin_bringup/share/marvin_bringup/environment/path.sh
[1.114s] -- Installing: /home/debora/IARTES/ProjFinal/ros2_marvin/src/install/marvin_bringup/share/marvin_bringup/environment/path.dsv
[1.114s] -- Installing: /home/debora/IARTES/ProjFinal/ros2_marvin/src/install/marvin_bringup/share/marvin_bringup/local_setup.bash
[1.114s] -- Installing: /home/debora/IARTES/ProjFinal/ros2_marvin/src/install/marvin_bringup/share/marvin_bringup/local_setup.sh
[1.114s] -- Installing: /home/debora/IARTES/ProjFinal/ros2_marvin/src/install/marvin_bringup/share/marvin_bringup/local_setup.zsh
[1.114s] -- Installing: /home/debora/IARTES/ProjFinal/ros2_marvin/src/install/marvin_bringup/share/marvin_bringup/local_setup.dsv
[1.114s] -- Installing: /home/debora/IARTES/ProjFinal/ros2_marvin/src/install/marvin_bringup/share/marvin_bringup/package.dsv
[1.115s] -- Installing: /home/debora/IARTES/ProjFinal/ros2_marvin/src/install/marvin_bringup/share/ament_index/resource_index/packages/marvin_bringup
[1.115s] -- Installing: /home/debora/IARTES/ProjFinal/ros2_marvin/src/install/marvin_bringup/share/marvin_bringup/cmake/marvin_bringupConfig.cmake
[1.115s] -- Installing: /home/debora/IARTES/ProjFinal/ros2_marvin/src/install/marvin_bringup/share/marvin_bringup/cmake/marvin_bringupConfig-version.cmake
[1.115s] -- Installing: /home/debora/IARTES/ProjFinal/ros2_marvin/src/install/marvin_bringup/share/marvin_bringup/package.xml
[1.119s] Invoked command in '/home/debora/IARTES/ProjFinal/ros2_marvin/src/build/marvin_bringup' returned '0': AMENT_PREFIX_PATH=/home/debora/IARTES/ProjFinal/ros2_marvin/src/install/topic_to_terminal:/home/debora/IARTES/ProjFinal/ros2_marvin/src/install/mqtt_publish:${AMENT_PREFIX_PATH} CMAKE_PREFIX_PATH=${CMAKE_PREFIX_PATH}:/home/debora/ROS2Curso/ros2_ws/install/my_py_pkg:/home/debora/ws_moveit/install/moveit_configs_utils:/home/debora/install/moveit_configs_utils:/opt/ros/humble PYTHONPATH=/home/debora/IARTES/ProjFinal/ros2_marvin/src/install/topic_to_terminal/lib/python3.10/site-packages:/home/debora/IARTES/ProjFinal/ros2_marvin/src/install/mqtt_publish/lib/python3.10/site-packages:${PYTHONPATH} /usr/bin/cmake --install /home/debora/IARTES/ProjFinal/ros2_marvin/src/build/marvin_bringup
