[0.455s] Invoking command in '/home/debora/IARTES/ProjFinal/ros2_marvin/build/marvin_description': CMAKE_PREFIX_PATH=${CMAKE_PREFIX_PATH}:/home/debora/IARTES/ProjFinal/ros2_marvin/install/topic_to_terminal:/home/debora/IARTES/ProjFinal/ros2_marvin/install/mqtt_publish:/home/debora/ROS2Curso/ros2_ws/install/my_py_pkg:/home/debora/ws_moveit/install/moveit_configs_utils:/home/debora/install/moveit_configs_utils:/opt/ros/humble /usr/bin/cmake /home/debora/IARTES/ProjFinal/ros2_marvin/src/marvin_description -DCMAKE_INSTALL_PREFIX=/home/debora/IARTES/ProjFinal/ros2_marvin/install/marvin_description
[0.708s] -- The C compiler identification is GNU 11.4.0
[0.957s] -- The CXX compiler identification is GNU 11.4.0
[0.975s] -- Detecting C compiler ABI info
[1.129s] -- Detecting C compiler ABI info - done
[1.140s] -- Check for working C compiler: /usr/bin/cc - skipped
[1.141s] -- Detecting C compile features
[1.142s] -- Detecting C compile features - done
[1.147s] -- Detecting CXX compiler ABI info
[1.290s] -- Detecting CXX compiler ABI info - done
[1.296s] -- Check for working CXX compiler: /usr/bin/c++ - skipped
[1.296s] -- Detecting CXX compile features
[1.296s] -- Detecting CXX compile features - done
[1.318s] -- Found ament_cmake: 1.3.8 (/opt/ros/humble/share/ament_cmake/cmake)
[1.823s] -- Found Python3: /usr/bin/python3 (found version "3.10.12") found components: Interpreter 
[2.171s] -- Found ament_lint_auto: 0.12.10 (/opt/ros/humble/share/ament_lint_auto/cmake)
[2.424s] -- Added test 'lint_cmake' to check CMake code style
[2.429s] -- Added test 'xmllint' to check XML markup files
[2.435s] -- Configuring done
[2.442s] -- Generating done
[2.443s] -- Build files have been written to: /home/debora/IARTES/ProjFinal/ros2_marvin/build/marvin_description
[2.472s] Invoked command in '/home/debora/IARTES/ProjFinal/ros2_marvin/build/marvin_description' returned '0': CMAKE_PREFIX_PATH=${CMAKE_PREFIX_PATH}:/home/debora/IARTES/ProjFinal/ros2_marvin/install/topic_to_terminal:/home/debora/IARTES/ProjFinal/ros2_marvin/install/mqtt_publish:/home/debora/ROS2Curso/ros2_ws/install/my_py_pkg:/home/debora/ws_moveit/install/moveit_configs_utils:/home/debora/install/moveit_configs_utils:/opt/ros/humble /usr/bin/cmake /home/debora/IARTES/ProjFinal/ros2_marvin/src/marvin_description -DCMAKE_INSTALL_PREFIX=/home/debora/IARTES/ProjFinal/ros2_marvin/install/marvin_description
[2.475s] Invoking command in '/home/debora/IARTES/ProjFinal/ros2_marvin/build/marvin_description': CMAKE_PREFIX_PATH=${CMAKE_PREFIX_PATH}:/home/debora/IARTES/ProjFinal/ros2_marvin/install/topic_to_terminal:/home/debora/IARTES/ProjFinal/ros2_marvin/install/mqtt_publish:/home/debora/ROS2Curso/ros2_ws/install/my_py_pkg:/home/debora/ws_moveit/install/moveit_configs_utils:/home/debora/install/moveit_configs_utils:/opt/ros/humble /usr/bin/cmake --build /home/debora/IARTES/ProjFinal/ros2_marvin/build/marvin_description -- -j4 -l4
[2.555s] Invoked command in '/home/debora/IARTES/ProjFinal/ros2_marvin/build/marvin_description' returned '0': CMAKE_PREFIX_PATH=${CMAKE_PREFIX_PATH}:/home/debora/IARTES/ProjFinal/ros2_marvin/install/topic_to_terminal:/home/debora/IARTES/ProjFinal/ros2_marvin/install/mqtt_publish:/home/debora/ROS2Curso/ros2_ws/install/my_py_pkg:/home/debora/ws_moveit/install/moveit_configs_utils:/home/debora/install/moveit_configs_utils:/opt/ros/humble /usr/bin/cmake --build /home/debora/IARTES/ProjFinal/ros2_marvin/build/marvin_description -- -j4 -l4
[2.619s] Invoking command in '/home/debora/IARTES/ProjFinal/ros2_marvin/build/marvin_description': CMAKE_PREFIX_PATH=${CMAKE_PREFIX_PATH}:/home/debora/IARTES/ProjFinal/ros2_marvin/install/topic_to_terminal:/home/debora/IARTES/ProjFinal/ros2_marvin/install/mqtt_publish:/home/debora/ROS2Curso/ros2_ws/install/my_py_pkg:/home/debora/ws_moveit/install/moveit_configs_utils:/home/debora/install/moveit_configs_utils:/opt/ros/humble /usr/bin/cmake --install /home/debora/IARTES/ProjFinal/ros2_marvin/build/marvin_description
[2.641s] -- Install configuration: ""
[2.642s] -- Installing: /home/debora/IARTES/ProjFinal/ros2_marvin/install/marvin_description/share/ament_index/resource_index/package_run_dependencies/marvin_description
[2.642s] -- Installing: /home/debora/IARTES/ProjFinal/ros2_marvin/install/marvin_description/share/ament_index/resource_index/parent_prefix_path/marvin_description
[2.643s] -- Installing: /home/debora/IARTES/ProjFinal/ros2_marvin/install/marvin_description/share/marvin_description/environment/ament_prefix_path.sh
[2.644s] -- Installing: /home/debora/IARTES/ProjFinal/ros2_marvin/install/marvin_description/share/marvin_description/environment/ament_prefix_path.dsv
[2.644s] -- Installing: /home/debora/IARTES/ProjFinal/ros2_marvin/install/marvin_description/share/marvin_description/environment/path.sh
[2.644s] -- Installing: /home/debora/IARTES/ProjFinal/ros2_marvin/install/marvin_description/share/marvin_description/environment/path.dsv
[2.645s] -- Installing: /home/debora/IARTES/ProjFinal/ros2_marvin/install/marvin_description/share/marvin_description/local_setup.bash
[2.647s] -- Installing: /home/debora/IARTES/ProjFinal/ros2_marvin/install/marvin_description/share/marvin_description/local_setup.sh
[2.647s] -- Installing: /home/debora/IARTES/ProjFinal/ros2_marvin/install/marvin_description/share/marvin_description/local_setup.zsh
[2.647s] -- Installing: /home/debora/IARTES/ProjFinal/ros2_marvin/install/marvin_description/share/marvin_description/local_setup.dsv
[2.647s] -- Installing: /home/debora/IARTES/ProjFinal/ros2_marvin/install/marvin_description/share/marvin_description/package.dsv
[2.647s] -- Installing: /home/debora/IARTES/ProjFinal/ros2_marvin/install/marvin_description/share/ament_index/resource_index/packages/marvin_description
[2.647s] -- Installing: /home/debora/IARTES/ProjFinal/ros2_marvin/install/marvin_description/share/marvin_description/cmake/marvin_descriptionConfig.cmake
[2.647s] -- Installing: /home/debora/IARTES/ProjFinal/ros2_marvin/install/marvin_description/share/marvin_description/cmake/marvin_descriptionConfig-version.cmake
[2.647s] -- Installing: /home/debora/IARTES/ProjFinal/ros2_marvin/install/marvin_description/share/marvin_description/package.xml
[2.654s] Invoked command in '/home/debora/IARTES/ProjFinal/ros2_marvin/build/marvin_description' returned '0': CMAKE_PREFIX_PATH=${CMAKE_PREFIX_PATH}:/home/debora/IARTES/ProjFinal/ros2_marvin/install/topic_to_terminal:/home/debora/IARTES/ProjFinal/ros2_marvin/install/mqtt_publish:/home/debora/ROS2Curso/ros2_ws/install/my_py_pkg:/home/debora/ws_moveit/install/moveit_configs_utils:/home/debora/install/moveit_configs_utils:/opt/ros/humble /usr/bin/cmake --install /home/debora/IARTES/ProjFinal/ros2_marvin/build/marvin_description
