running egg_info
creating ../../build/mqtt_publish/mqtt_publish.egg-info
writing ../../build/mqtt_publish/mqtt_publish.egg-info/PKG-INFO
writing dependency_links to ../../build/mqtt_publish/mqtt_publish.egg-info/dependency_links.txt
writing requirements to ../../build/mqtt_publish/mqtt_publish.egg-info/requires.txt
writing top-level names to ../../build/mqtt_publish/mqtt_publish.egg-info/top_level.txt
writing manifest file '../../build/mqtt_publish/mqtt_publish.egg-info/SOURCES.txt'
reading manifest file '../../build/mqtt_publish/mqtt_publish.egg-info/SOURCES.txt'
writing manifest file '../../build/mqtt_publish/mqtt_publish.egg-info/SOURCES.txt'
running build
running build_py
creating /home/debora/IARTES/ProjFinal/ros2_marvin/build/mqtt_publish/build
creating /home/debora/IARTES/ProjFinal/ros2_marvin/build/mqtt_publish/build/lib
creating /home/debora/IARTES/ProjFinal/ros2_marvin/build/mqtt_publish/build/lib/mqtt_publish
copying mqtt_publish/__init__.py -> /home/debora/IARTES/ProjFinal/ros2_marvin/build/mqtt_publish/build/lib/mqtt_publish
running install
running install_lib
creating /home/debora/IARTES/ProjFinal/ros2_marvin/install/mqtt_publish/lib/python3.10/site-packages/mqtt_publish
copying /home/debora/IARTES/ProjFinal/ros2_marvin/build/mqtt_publish/build/lib/mqtt_publish/__init__.py -> /home/debora/IARTES/ProjFinal/ros2_marvin/install/mqtt_publish/lib/python3.10/site-packages/mqtt_publish
byte-compiling /home/debora/IARTES/ProjFinal/ros2_marvin/install/mqtt_publish/lib/python3.10/site-packages/mqtt_publish/__init__.py to __init__.cpython-310.pyc
running install_data
creating /home/debora/IARTES/ProjFinal/ros2_marvin/install/mqtt_publish/share/ament_index
creating /home/debora/IARTES/ProjFinal/ros2_marvin/install/mqtt_publish/share/ament_index/resource_index
creating /home/debora/IARTES/ProjFinal/ros2_marvin/install/mqtt_publish/share/ament_index/resource_index/packages
copying resource/mqtt_publish -> /home/debora/IARTES/ProjFinal/ros2_marvin/install/mqtt_publish/share/ament_index/resource_index/packages
copying package.xml -> /home/debora/IARTES/ProjFinal/ros2_marvin/install/mqtt_publish/share/mqtt_publish
running install_egg_info
Copying ../../build/mqtt_publish/mqtt_publish.egg-info to /home/debora/IARTES/ProjFinal/ros2_marvin/install/mqtt_publish/lib/python3.10/site-packages/mqtt_publish-0.0.0-py3.10.egg-info
running install_scripts
writing list of installed files to '/home/debora/IARTES/ProjFinal/ros2_marvin/build/mqtt_publish/install.log'
