running egg_info
writing ../../build/mqtt_publish/mqtt_publish.egg-info/PKG-INFO
writing dependency_links to ../../build/mqtt_publish/mqtt_publish.egg-info/dependency_links.txt
writing entry points to ../../build/mqtt_publish/mqtt_publish.egg-info/entry_points.txt
writing requirements to ../../build/mqtt_publish/mqtt_publish.egg-info/requires.txt
writing top-level names to ../../build/mqtt_publish/mqtt_publish.egg-info/top_level.txt
reading manifest file '../../build/mqtt_publish/mqtt_publish.egg-info/SOURCES.txt'
adding license file 'LICENSE'
writing manifest file '../../build/mqtt_publish/mqtt_publish.egg-info/SOURCES.txt'
running build
running build_py
copying mqtt_publish/__init__.py -> /home/iartes/marvinAutonomousTester/build/mqtt_publish/build/lib/mqtt_publish
copying mqtt_publish/mqtt_pub.py -> /home/iartes/marvinAutonomousTester/build/mqtt_publish/build/lib/mqtt_publish
copying mqtt_publish/__init__.py -> /home/iartes/marvinAutonomousTester/build/mqtt_publish/build/lib/mqtt_publish
copying mqtt_publish/mqtt_pub.py -> /home/iartes/marvinAutonomousTester/build/mqtt_publish/build/lib/mqtt_publish
running install
running install_lib
running install_data
copying resource/mqtt_publish -> /home/iartes/marvinAutonomousTester/install/mqtt_publish/share/ament_index/resource_index/packages
copying package.xml -> /home/iartes/marvinAutonomousTester/install/mqtt_publish/share/mqtt_publish
running install_egg_info
removing '/home/iartes/marvinAutonomousTester/install/mqtt_publish/lib/python3.10/site-packages/mqtt_publish-0.0.0-py3.10.egg-info' (and everything under it)
Copying ../../build/mqtt_publish/mqtt_publish.egg-info to /home/iartes/marvinAutonomousTester/install/mqtt_publish/lib/python3.10/site-packages/mqtt_publish-0.0.0-py3.10.egg-info
running install_scripts
Installing mqtt_publish script to /home/iartes/marvinAutonomousTester/install/mqtt_publish/lib/mqtt_publish
writing list of installed files to '/home/iartes/marvinAutonomousTester/build/mqtt_publish/install.log'
