[0.553s] Invoking command in '/home/debora/IARTES/ProjFinal/ros2_marvin/src/build/marvin_description': CMAKE_PREFIX_PATH=${CMAKE_PREFIX_PATH}:/home/debora/IARTES/ProjFinal/ros2_marvin/src/install/topic_to_terminal:/home/debora/IARTES/ProjFinal/ros2_marvin/src/install/mqtt_publish:/home/debora/ROS2Curso/ros2_ws/install/my_py_pkg:/home/debora/ws_moveit/install/moveit_configs_utils:/home/debora/install/moveit_configs_utils:/opt/ros/humble /usr/bin/cmake --build /home/debora/IARTES/ProjFinal/ros2_marvin/src/build/marvin_description -- -j4 -l4
[0.638s] Invoked command in '/home/debora/IARTES/ProjFinal/ros2_marvin/src/build/marvin_description' returned '0': CMAKE_PREFIX_PATH=${CMAKE_PREFIX_PATH}:/home/debora/IARTES/ProjFinal/ros2_marvin/src/install/topic_to_terminal:/home/debora/IARTES/ProjFinal/ros2_marvin/src/install/mqtt_publish:/home/debora/ROS2Curso/ros2_ws/install/my_py_pkg:/home/debora/ws_moveit/install/moveit_configs_utils:/home/debora/install/moveit_configs_utils:/opt/ros/humble /usr/bin/cmake --build /home/debora/IARTES/ProjFinal/ros2_marvin/src/build/marvin_description -- -j4 -l4
[0.706s] Invoking command in '/home/debora/IARTES/ProjFinal/ros2_marvin/src/build/marvin_description': CMAKE_PREFIX_PATH=${CMAKE_PREFIX_PATH}:/home/debora/IARTES/ProjFinal/ros2_marvin/src/install/topic_to_terminal:/home/debora/IARTES/ProjFinal/ros2_marvin/src/install/mqtt_publish:/home/debora/ROS2Curso/ros2_ws/install/my_py_pkg:/home/debora/ws_moveit/install/moveit_configs_utils:/home/debora/install/moveit_configs_utils:/opt/ros/humble /usr/bin/cmake --install /home/debora/IARTES/ProjFinal/ros2_marvin/src/build/marvin_description
[0.716s] -- Install configuration: ""
[0.716s] -- Up-to-date: /home/debora/IARTES/ProjFinal/ros2_marvin/src/install/marvin_description/share/marvin_description/urdf
[0.716s] -- Up-to-date: /home/debora/IARTES/ProjFinal/ros2_marvin/src/install/marvin_description/share/marvin_description/urdf/marvin.urdf
[0.716s] -- Up-to-date: /home/debora/IARTES/ProjFinal/ros2_marvin/src/install/marvin_description/share/marvin_description/launch
[0.716s] -- Installing: /home/debora/IARTES/ProjFinal/ros2_marvin/src/install/marvin_description/share/marvin_description/launch/display.launch.xml
[0.717s] -- Up-to-date: /home/debora/IARTES/ProjFinal/ros2_marvin/src/install/marvin_description/share/ament_index/resource_index/package_run_dependencies/marvin_description
[0.717s] -- Up-to-date: /home/debora/IARTES/ProjFinal/ros2_marvin/src/install/marvin_description/share/ament_index/resource_index/parent_prefix_path/marvin_description
[0.717s] -- Up-to-date: /home/debora/IARTES/ProjFinal/ros2_marvin/src/install/marvin_description/share/marvin_description/environment/ament_prefix_path.sh
[0.717s] -- Up-to-date: /home/debora/IARTES/ProjFinal/ros2_marvin/src/install/marvin_description/share/marvin_description/environment/ament_prefix_path.dsv
[0.718s] -- Up-to-date: /home/debora/IARTES/ProjFinal/ros2_marvin/src/install/marvin_description/share/marvin_description/environment/path.sh
[0.718s] -- Up-to-date: /home/debora/IARTES/ProjFinal/ros2_marvin/src/install/marvin_description/share/marvin_description/environment/path.dsv
[0.719s] -- Up-to-date: /home/debora/IARTES/ProjFinal/ros2_marvin/src/install/marvin_description/share/marvin_description/local_setup.bash
[0.719s] -- Up-to-date: /home/debora/IARTES/ProjFinal/ros2_marvin/src/install/marvin_description/share/marvin_description/local_setup.sh
[0.719s] -- Up-to-date: /home/debora/IARTES/ProjFinal/ros2_marvin/src/install/marvin_description/share/marvin_description/local_setup.zsh
[0.719s] -- Up-to-date: /home/debora/IARTES/ProjFinal/ros2_marvin/src/install/marvin_description/share/marvin_description/local_setup.dsv
[0.719s] -- Installing: /home/debora/IARTES/ProjFinal/ros2_marvin/src/install/marvin_description/share/marvin_description/package.dsv
[0.719s] -- Up-to-date: /home/debora/IARTES/ProjFinal/ros2_marvin/src/install/marvin_description/share/ament_index/resource_index/packages/marvin_description
[0.719s] -- Up-to-date: /home/debora/IARTES/ProjFinal/ros2_marvin/src/install/marvin_description/share/marvin_description/cmake/marvin_descriptionConfig.cmake
[0.719s] -- Up-to-date: /home/debora/IARTES/ProjFinal/ros2_marvin/src/install/marvin_description/share/marvin_description/cmake/marvin_descriptionConfig-version.cmake
[0.720s] -- Up-to-date: /home/debora/IARTES/ProjFinal/ros2_marvin/src/install/marvin_description/share/marvin_description/package.xml
[0.720s] Invoked command in '/home/debora/IARTES/ProjFinal/ros2_marvin/src/build/marvin_description' returned '0': CMAKE_PREFIX_PATH=${CMAKE_PREFIX_PATH}:/home/debora/IARTES/ProjFinal/ros2_marvin/src/install/topic_to_terminal:/home/debora/IARTES/ProjFinal/ros2_marvin/src/install/mqtt_publish:/home/debora/ROS2Curso/ros2_ws/install/my_py_pkg:/home/debora/ws_moveit/install/moveit_configs_utils:/home/debora/install/moveit_configs_utils:/opt/ros/humble /usr/bin/cmake --install /home/debora/IARTES/ProjFinal/ros2_marvin/src/build/marvin_description
