-- The C compiler identification is GNU 11.4.0
-- The CXX compiler identification is GNU 11.4.0
-- Detecting C compiler ABI info
-- Detecting C compiler ABI info - done
-- Check for working C compiler: /usr/bin/cc - skipped
-- Detecting C compile features
-- Detecting C compile features - done
-- Detecting CXX compiler ABI info
-- Detecting CXX compiler ABI info - done
-- Check for working CXX compiler: /usr/bin/c++ - skipped
-- Detecting CXX compile features
-- Detecting CXX compile features - done
-- Found ament_cmake: 1.3.9 (/opt/ros/humble/share/ament_cmake/cmake)
-- Found Python3: /usr/bin/python3 (found version "3.10.12") found components: Interpreter 
-- Configuring done
-- Generating done
-- Build files have been written to: /home/iartes/marvinAutonomousTester/build/marvin_description
-- Install configuration: ""
-- Installing: /home/iartes/marvinAutonomousTester/install/marvin_description/share/marvin_description/urdf
-- Installing: /home/iartes/marvinAutonomousTester/install/marvin_description/share/marvin_description/urdf/ur3e_robotiq_2f_85_urdf.xacro
-- Installing: /home/iartes/marvinAutonomousTester/install/marvin_description/share/marvin_description/urdf/ur3e_urdf.xacro
-- Installing: /home/iartes/marvinAutonomousTester/install/marvin_description/share/marvin_description/urdf/ur3e_urdf (copy).xacro
-- Installing: /home/iartes/marvinAutonomousTester/install/marvin_description/share/marvin_description/urdf/robotiq_2f_85_urdf.xacro
-- Installing: /home/iartes/marvinAutonomousTester/install/marvin_description/share/marvin_description/worlds
-- Installing: /home/iartes/marvinAutonomousTester/install/marvin_description/share/marvin_description/worlds/marvin.world
-- Installing: /home/iartes/marvinAutonomousTester/install/marvin_description/share/ament_index/resource_index/package_run_dependencies/marvin_description
-- Installing: /home/iartes/marvinAutonomousTester/install/marvin_description/share/ament_index/resource_index/parent_prefix_path/marvin_description
-- Installing: /home/iartes/marvinAutonomousTester/install/marvin_description/share/marvin_description/environment/ament_prefix_path.sh
-- Installing: /home/iartes/marvinAutonomousTester/install/marvin_description/share/marvin_description/environment/ament_prefix_path.dsv
-- Installing: /home/iartes/marvinAutonomousTester/install/marvin_description/share/marvin_description/environment/path.sh
-- Installing: /home/iartes/marvinAutonomousTester/install/marvin_description/share/marvin_description/environment/path.dsv
-- Installing: /home/iartes/marvinAutonomousTester/install/marvin_description/share/marvin_description/local_setup.bash
-- Installing: /home/iartes/marvinAutonomousTester/install/marvin_description/share/marvin_description/local_setup.sh
-- Installing: /home/iartes/marvinAutonomousTester/install/marvin_description/share/marvin_description/local_setup.zsh
-- Installing: /home/iartes/marvinAutonomousTester/install/marvin_description/share/marvin_description/local_setup.dsv
-- Installing: /home/iartes/marvinAutonomousTester/install/marvin_description/share/marvin_description/package.dsv
-- Installing: /home/iartes/marvinAutonomousTester/install/marvin_description/share/ament_index/resource_index/packages/marvin_description
-- Installing: /home/iartes/marvinAutonomousTester/install/marvin_description/share/marvin_description/cmake/marvin_descriptionConfig.cmake
-- Installing: /home/iartes/marvinAutonomousTester/install/marvin_description/share/marvin_description/cmake/marvin_descriptionConfig-version.cmake
-- Installing: /home/iartes/marvinAutonomousTester/install/marvin_description/share/marvin_description/package.xml
