[2.026s] Invoking command in '/home/debora/IARTES/ProjFinal/ros2_marvin/src/topic_to_terminal': PYTHONPATH=/home/debora/IARTES/ProjFinal/ros2_marvin/build/topic_to_terminal/prefix_override:/home/debora/IARTES/ProjFinal/ros2_marvin/install/topic_to_terminal/lib/python3.10/site-packages:${PYTHONPATH} /usr/bin/python3 -W ignore:setup.py install is deprecated setup.py egg_info --egg-base ../../build/topic_to_terminal build --build-base /home/debora/IARTES/ProjFinal/ros2_marvin/build/topic_to_terminal/build install --record /home/debora/IARTES/ProjFinal/ros2_marvin/build/topic_to_terminal/install.log --single-version-externally-managed install_data
[2.243s] running egg_info
[2.256s] writing ../../build/topic_to_terminal/topic_to_terminal.egg-info/PKG-INFO
[2.257s] writing dependency_links to ../../build/topic_to_terminal/topic_to_terminal.egg-info/dependency_links.txt
[2.258s] writing entry points to ../../build/topic_to_terminal/topic_to_terminal.egg-info/entry_points.txt
[2.258s] writing requirements to ../../build/topic_to_terminal/topic_to_terminal.egg-info/requires.txt
[2.258s] writing top-level names to ../../build/topic_to_terminal/topic_to_terminal.egg-info/top_level.txt
[2.283s] reading manifest file '../../build/topic_to_terminal/topic_to_terminal.egg-info/SOURCES.txt'
[2.284s] writing manifest file '../../build/topic_to_terminal/topic_to_terminal.egg-info/SOURCES.txt'
[2.284s] running build
[2.285s] running build_py
[2.287s] copying topic_to_terminal/__init__.py -> /home/debora/IARTES/ProjFinal/ros2_marvin/build/topic_to_terminal/build/lib/topic_to_terminal
[2.287s] copying topic_to_terminal/node_to_terminal.py -> /home/debora/IARTES/ProjFinal/ros2_marvin/build/topic_to_terminal/build/lib/topic_to_terminal
[2.288s] running install
[2.292s] running install_lib
[2.316s] running install_data
[2.317s] copying resource/topic_to_terminal -> /home/debora/IARTES/ProjFinal/ros2_marvin/install/topic_to_terminal/share/ament_index/resource_index/packages
[2.318s] copying package.xml -> /home/debora/IARTES/ProjFinal/ros2_marvin/install/topic_to_terminal/share/topic_to_terminal
[2.318s] running install_egg_info
[2.337s] removing '/home/debora/IARTES/ProjFinal/ros2_marvin/install/topic_to_terminal/lib/python3.10/site-packages/topic_to_terminal-0.0.0-py3.10.egg-info' (and everything under it)
[2.337s] Copying ../../build/topic_to_terminal/topic_to_terminal.egg-info to /home/debora/IARTES/ProjFinal/ros2_marvin/install/topic_to_terminal/lib/python3.10/site-packages/topic_to_terminal-0.0.0-py3.10.egg-info
[2.339s] running install_scripts
[2.467s] Installing terminal_sub script to /home/debora/IARTES/ProjFinal/ros2_marvin/install/topic_to_terminal/lib/topic_to_terminal
[2.468s] writing list of installed files to '/home/debora/IARTES/ProjFinal/ros2_marvin/build/topic_to_terminal/install.log'
[2.503s] Invoked command in '/home/debora/IARTES/ProjFinal/ros2_marvin/src/topic_to_terminal' returned '0': PYTHONPATH=/home/debora/IARTES/ProjFinal/ros2_marvin/build/topic_to_terminal/prefix_override:/home/debora/IARTES/ProjFinal/ros2_marvin/install/topic_to_terminal/lib/python3.10/site-packages:${PYTHONPATH} /usr/bin/python3 -W ignore:setup.py install is deprecated setup.py egg_info --egg-base ../../build/topic_to_terminal build --build-base /home/debora/IARTES/ProjFinal/ros2_marvin/build/topic_to_terminal/build install --record /home/debora/IARTES/ProjFinal/ros2_marvin/build/topic_to_terminal/install.log --single-version-externally-managed install_data
