[0.452s] Invoking command in '/home/iartes/marvinAutonomousTester/build/action_marvin_interfaces': CMAKE_PREFIX_PATH=${CMAKE_PREFIX_PATH}:/home/iartes/chess_manipulator/install/chess_manipulator:/home/iartes/ws_moveit2/install/moveit_configs_utils:/home/iartes/ws_moveit2/install/launch_param_builder:/opt/ros/humble /usr/bin/cmake --build /home/iartes/marvinAutonomousTester/build/action_marvin_interfaces -- -j8 -l8
[0.819s] [35m[1mConsolidate compiler generated dependencies of target action_marvin_interfaces__rosidl_generator_c[0m
[0.827s] [  3%] Built target action_marvin_interfaces__cpp
[0.827s] [ 12%] Built target action_marvin_interfaces__rosidl_generator_c
[0.827s] [35m[1mConsolidate compiler generated dependencies of target action_marvin_interfaces__rosidl_typesupport_cpp[0m
[0.827s] [ 12%] Built target ament_cmake_python_copy_action_marvin_interfaces
[0.827s] [35m[1mConsolidate compiler generated dependencies of target action_marvin_interfaces__rosidl_typesupport_introspection_cpp[0m
[0.827s] [35m[1mConsolidate compiler generated dependencies of target action_marvin_interfaces__rosidl_typesupport_fastrtps_cpp[0m
[0.827s] [35m[1mConsolidate compiler generated dependencies of target action_marvin_interfaces__rosidl_typesupport_introspection_c[0m
[0.827s] [35m[1mConsolidate compiler generated dependencies of target action_marvin_interfaces__rosidl_typesupport_fastrtps_c[0m
[0.827s] [ 22%] Built target action_marvin_interfaces__rosidl_typesupport_cpp
[0.827s] [ 32%] Built target action_marvin_interfaces__rosidl_typesupport_introspection_cpp
[0.827s] [35m[1mConsolidate compiler generated dependencies of target action_marvin_interfaces__rosidl_typesupport_c[0m
[0.827s] [ 41%] Built target action_marvin_interfaces__rosidl_typesupport_fastrtps_cpp
[0.827s] [ 51%] Built target action_marvin_interfaces__rosidl_typesupport_fastrtps_c
[0.827s] [ 64%] Built target action_marvin_interfaces__rosidl_typesupport_c
[0.828s] [ 70%] Built target action_marvin_interfaces__rosidl_typesupport_introspection_c
[0.828s] [ 70%] Built target action_marvin_interfaces
[0.828s] [ 74%] Built target action_marvin_interfaces__py
[0.828s] [35m[1mConsolidate compiler generated dependencies of target action_marvin_interfaces__rosidl_generator_py[0m
[0.828s] [ 80%] Built target action_marvin_interfaces__rosidl_generator_py
[0.828s] [35m[1mConsolidate compiler generated dependencies of target action_marvin_interfaces__rosidl_typesupport_introspection_c__pyext[0m
[0.828s] [35m[1mConsolidate compiler generated dependencies of target action_marvin_interfaces__rosidl_typesupport_fastrtps_c__pyext[0m
[0.828s] [35m[1mConsolidate compiler generated dependencies of target action_marvin_interfaces__rosidl_typesupport_c__pyext[0m
[0.828s] [ 87%] Built target action_marvin_interfaces__rosidl_typesupport_introspection_c__pyext
[0.828s] [ 93%] Built target action_marvin_interfaces__rosidl_typesupport_fastrtps_c__pyext
[0.828s] [100%] Built target action_marvin_interfaces__rosidl_typesupport_c__pyext
[0.828s] running egg_info
[0.828s] writing action_marvin_interfaces.egg-info/PKG-INFO
[0.828s] writing dependency_links to action_marvin_interfaces.egg-info/dependency_links.txt
[0.828s] writing top-level names to action_marvin_interfaces.egg-info/top_level.txt
[0.828s] reading manifest file 'action_marvin_interfaces.egg-info/SOURCES.txt'
[0.828s] writing manifest file 'action_marvin_interfaces.egg-info/SOURCES.txt'
[0.828s] [100%] Built target ament_cmake_python_build_action_marvin_interfaces_egg
[0.973s] Invoked command in '/home/iartes/marvinAutonomousTester/build/action_marvin_interfaces' returned '0': CMAKE_PREFIX_PATH=${CMAKE_PREFIX_PATH}:/home/iartes/chess_manipulator/install/chess_manipulator:/home/iartes/ws_moveit2/install/moveit_configs_utils:/home/iartes/ws_moveit2/install/launch_param_builder:/opt/ros/humble /usr/bin/cmake --build /home/iartes/marvinAutonomousTester/build/action_marvin_interfaces -- -j8 -l8
[1.318s] Invoking command in '/home/iartes/marvinAutonomousTester/build/action_marvin_interfaces': CMAKE_PREFIX_PATH=${CMAKE_PREFIX_PATH}:/home/iartes/chess_manipulator/install/chess_manipulator:/home/iartes/ws_moveit2/install/moveit_configs_utils:/home/iartes/ws_moveit2/install/launch_param_builder:/opt/ros/humble /usr/bin/cmake --install /home/iartes/marvinAutonomousTester/build/action_marvin_interfaces
[1.333s] -- Install configuration: ""
[1.336s] -- Up-to-date: /home/iartes/marvinAutonomousTester/install/action_marvin_interfaces/share/ament_index/resource_index/rosidl_interfaces/action_marvin_interfaces
[1.337s] -- Up-to-date: /home/iartes/marvinAutonomousTester/install/action_marvin_interfaces/include/action_marvin_interfaces/action_marvin_interfaces
[1.337s] -- Up-to-date: /home/iartes/marvinAutonomousTester/install/action_marvin_interfaces/include/action_marvin_interfaces/action_marvin_interfaces/msg
[1.338s] -- Up-to-date: /home/iartes/marvinAutonomousTester/install/action_marvin_interfaces/include/action_marvin_interfaces/action_marvin_interfaces/msg/rosidl_generator_c__visibility_control.h
[1.338s] -- Up-to-date: /home/iartes/marvinAutonomousTester/install/action_marvin_interfaces/include/action_marvin_interfaces/action_marvin_interfaces/action
[1.339s] -- Up-to-date: /home/iartes/marvinAutonomousTester/install/action_marvin_interfaces/include/action_marvin_interfaces/action_marvin_interfaces/action/hover.h
[1.345s] -- Up-to-date: /home/iartes/marvinAutonomousTester/install/action_marvin_interfaces/include/action_marvin_interfaces/action_marvin_interfaces/action/detail
[1.358s] -- Up-to-date: /home/iartes/marvinAutonomousTester/install/action_marvin_interfaces/include/action_marvin_interfaces/action_marvin_interfaces/action/detail/hover__struct.h
[1.367s] -- Up-to-date: /home/iartes/marvinAutonomousTester/install/action_marvin_interfaces/include/action_marvin_interfaces/action_marvin_interfaces/action/detail/hover__type_support.h
[1.378s] -- Up-to-date: /home/iartes/marvinAutonomousTester/install/action_marvin_interfaces/include/action_marvin_interfaces/action_marvin_interfaces/action/detail/hover__functions.c
[1.392s] -- Up-to-date: /home/iartes/marvinAutonomousTester/install/action_marvin_interfaces/include/action_marvin_interfaces/action_marvin_interfaces/action/detail/hover__functions.h
[1.407s] -- Up-to-date: /home/iartes/marvinAutonomousTester/install/action_marvin_interfaces/share/action_marvin_interfaces/environment/library_path.sh
[1.417s] -- Up-to-date: /home/iartes/marvinAutonomousTester/install/action_marvin_interfaces/share/action_marvin_interfaces/environment/library_path.dsv
[1.425s] -- Up-to-date: /home/iartes/marvinAutonomousTester/install/action_marvin_interfaces/lib/libaction_marvin_interfaces__rosidl_generator_c.so
[1.435s] -- Up-to-date: /home/iartes/marvinAutonomousTester/install/action_marvin_interfaces/include/action_marvin_interfaces/action_marvin_interfaces
[1.445s] -- Up-to-date: /home/iartes/marvinAutonomousTester/install/action_marvin_interfaces/include/action_marvin_interfaces/action_marvin_interfaces/msg
[1.454s] -- Up-to-date: /home/iartes/marvinAutonomousTester/install/action_marvin_interfaces/include/action_marvin_interfaces/action_marvin_interfaces/msg/rosidl_typesupport_fastrtps_c__visibility_control.h
[1.463s] -- Up-to-date: /home/iartes/marvinAutonomousTester/install/action_marvin_interfaces/include/action_marvin_interfaces/action_marvin_interfaces/action
[1.474s] -- Up-to-date: /home/iartes/marvinAutonomousTester/install/action_marvin_interfaces/include/action_marvin_interfaces/action_marvin_interfaces/action/detail
[1.482s] -- Up-to-date: /home/iartes/marvinAutonomousTester/install/action_marvin_interfaces/include/action_marvin_interfaces/action_marvin_interfaces/action/detail/hover__rosidl_typesupport_fastrtps_c.h
[1.495s] -- Up-to-date: /home/iartes/marvinAutonomousTester/install/action_marvin_interfaces/lib/libaction_marvin_interfaces__rosidl_typesupport_fastrtps_c.so
[1.504s] -- Up-to-date: /home/iartes/marvinAutonomousTester/install/action_marvin_interfaces/include/action_marvin_interfaces/action_marvin_interfaces
[1.515s] -- Up-to-date: /home/iartes/marvinAutonomousTester/install/action_marvin_interfaces/include/action_marvin_interfaces/action_marvin_interfaces/msg
[1.524s] -- Up-to-date: /home/iartes/marvinAutonomousTester/install/action_marvin_interfaces/include/action_marvin_interfaces/action_marvin_interfaces/msg/rosidl_typesupport_introspection_c__visibility_control.h
[1.532s] -- Up-to-date: /home/iartes/marvinAutonomousTester/install/action_marvin_interfaces/include/action_marvin_interfaces/action_marvin_interfaces/action
[1.544s] -- Up-to-date: /home/iartes/marvinAutonomousTester/install/action_marvin_interfaces/include/action_marvin_interfaces/action_marvin_interfaces/action/detail
[1.553s] -- Up-to-date: /home/iartes/marvinAutonomousTester/install/action_marvin_interfaces/include/action_marvin_interfaces/action_marvin_interfaces/action/detail/hover__type_support.c
[1.562s] -- Up-to-date: /home/iartes/marvinAutonomousTester/install/action_marvin_interfaces/include/action_marvin_interfaces/action_marvin_interfaces/action/detail/hover__rosidl_typesupport_introspection_c.h
[1.572s] -- Up-to-date: /home/iartes/marvinAutonomousTester/install/action_marvin_interfaces/lib/libaction_marvin_interfaces__rosidl_typesupport_introspection_c.so
[1.582s] -- Up-to-date: /home/iartes/marvinAutonomousTester/install/action_marvin_interfaces/lib/libaction_marvin_interfaces__rosidl_typesupport_c.so
[1.590s] -- Up-to-date: /home/iartes/marvinAutonomousTester/install/action_marvin_interfaces/include/action_marvin_interfaces/action_marvin_interfaces
[1.603s] -- Up-to-date: /home/iartes/marvinAutonomousTester/install/action_marvin_interfaces/include/action_marvin_interfaces/action_marvin_interfaces/action
[1.614s] -- Up-to-date: /home/iartes/marvinAutonomousTester/install/action_marvin_interfaces/include/action_marvin_interfaces/action_marvin_interfaces/action/hover.hpp
[1.623s] -- Up-to-date: /home/iartes/marvinAutonomousTester/install/action_marvin_interfaces/include/action_marvin_interfaces/action_marvin_interfaces/action/detail
[1.631s] -- Up-to-date: /home/iartes/marvinAutonomousTester/install/action_marvin_interfaces/include/action_marvin_interfaces/action_marvin_interfaces/action/detail/hover__traits.hpp
[1.641s] -- Up-to-date: /home/iartes/marvinAutonomousTester/install/action_marvin_interfaces/include/action_marvin_interfaces/action_marvin_interfaces/action/detail/hover__struct.hpp
[1.642s] -- Up-to-date: /home/iartes/marvinAutonomousTester/install/action_marvin_interfaces/include/action_marvin_interfaces/action_marvin_interfaces/action/detail/hover__builder.hpp
[1.642s] -- Up-to-date: /home/iartes/marvinAutonomousTester/install/action_marvin_interfaces/include/action_marvin_interfaces/action_marvin_interfaces
[1.643s] -- Up-to-date: /home/iartes/marvinAutonomousTester/install/action_marvin_interfaces/include/action_marvin_interfaces/action_marvin_interfaces/msg
[1.643s] -- Up-to-date: /home/iartes/marvinAutonomousTester/install/action_marvin_interfaces/include/action_marvin_interfaces/action_marvin_interfaces/msg/rosidl_typesupport_fastrtps_cpp__visibility_control.h
[1.644s] -- Up-to-date: /home/iartes/marvinAutonomousTester/install/action_marvin_interfaces/include/action_marvin_interfaces/action_marvin_interfaces/action
[1.644s] -- Up-to-date: /home/iartes/marvinAutonomousTester/install/action_marvin_interfaces/include/action_marvin_interfaces/action_marvin_interfaces/action/detail
[1.645s] -- Up-to-date: /home/iartes/marvinAutonomousTester/install/action_marvin_interfaces/include/action_marvin_interfaces/action_marvin_interfaces/action/detail/hover__rosidl_typesupport_fastrtps_cpp.hpp
[1.646s] -- Up-to-date: /home/iartes/marvinAutonomousTester/install/action_marvin_interfaces/include/action_marvin_interfaces/action_marvin_interfaces/action/detail/dds_fastrtps
[1.646s] -- Up-to-date: /home/iartes/marvinAutonomousTester/install/action_marvin_interfaces/lib/libaction_marvin_interfaces__rosidl_typesupport_fastrtps_cpp.so
[1.647s] -- Up-to-date: /home/iartes/marvinAutonomousTester/install/action_marvin_interfaces/include/action_marvin_interfaces/action_marvin_interfaces
[1.647s] -- Up-to-date: /home/iartes/marvinAutonomousTester/install/action_marvin_interfaces/include/action_marvin_interfaces/action_marvin_interfaces/action
[1.648s] -- Up-to-date: /home/iartes/marvinAutonomousTester/install/action_marvin_interfaces/include/action_marvin_interfaces/action_marvin_interfaces/action/detail
[1.648s] -- Up-to-date: /home/iartes/marvinAutonomousTester/install/action_marvin_interfaces/include/action_marvin_interfaces/action_marvin_interfaces/action/detail/hover__rosidl_typesupport_introspection_cpp.hpp
[1.649s] -- Up-to-date: /home/iartes/marvinAutonomousTester/install/action_marvin_interfaces/include/action_marvin_interfaces/action_marvin_interfaces/action/detail/hover__type_support.cpp
[1.649s] -- Up-to-date: /home/iartes/marvinAutonomousTester/install/action_marvin_interfaces/lib/libaction_marvin_interfaces__rosidl_typesupport_introspection_cpp.so
[1.650s] -- Up-to-date: /home/iartes/marvinAutonomousTester/install/action_marvin_interfaces/lib/libaction_marvin_interfaces__rosidl_typesupport_cpp.so
[1.650s] -- Up-to-date: /home/iartes/marvinAutonomousTester/install/action_marvin_interfaces/share/action_marvin_interfaces/environment/pythonpath.sh
[1.651s] -- Up-to-date: /home/iartes/marvinAutonomousTester/install/action_marvin_interfaces/share/action_marvin_interfaces/environment/pythonpath.dsv
[1.651s] -- Up-to-date: /home/iartes/marvinAutonomousTester/install/action_marvin_interfaces/local/lib/python3.10/dist-packages/action_marvin_interfaces-0.0.0-py3.10.egg-info
[1.652s] -- Installing: /home/iartes/marvinAutonomousTester/install/action_marvin_interfaces/local/lib/python3.10/dist-packages/action_marvin_interfaces-0.0.0-py3.10.egg-info/SOURCES.txt
[1.652s] -- Installing: /home/iartes/marvinAutonomousTester/install/action_marvin_interfaces/local/lib/python3.10/dist-packages/action_marvin_interfaces-0.0.0-py3.10.egg-info/PKG-INFO
[1.653s] -- Installing: /home/iartes/marvinAutonomousTester/install/action_marvin_interfaces/local/lib/python3.10/dist-packages/action_marvin_interfaces-0.0.0-py3.10.egg-info/top_level.txt
[1.654s] -- Installing: /home/iartes/marvinAutonomousTester/install/action_marvin_interfaces/local/lib/python3.10/dist-packages/action_marvin_interfaces-0.0.0-py3.10.egg-info/dependency_links.txt
[1.654s] -- Up-to-date: /home/iartes/marvinAutonomousTester/install/action_marvin_interfaces/local/lib/python3.10/dist-packages/action_marvin_interfaces
[1.655s] -- Up-to-date: /home/iartes/marvinAutonomousTester/install/action_marvin_interfaces/local/lib/python3.10/dist-packages/action_marvin_interfaces/__init__.py
[1.655s] -- Up-to-date: /home/iartes/marvinAutonomousTester/install/action_marvin_interfaces/local/lib/python3.10/dist-packages/action_marvin_interfaces/action_marvin_interfaces_s__rosidl_typesupport_fastrtps_c.cpython-310-x86_64-linux-gnu.so
[1.656s] -- Up-to-date: /home/iartes/marvinAutonomousTester/install/action_marvin_interfaces/local/lib/python3.10/dist-packages/action_marvin_interfaces/libaction_marvin_interfaces__rosidl_generator_py.so
[1.656s] -- Up-to-date: /home/iartes/marvinAutonomousTester/install/action_marvin_interfaces/local/lib/python3.10/dist-packages/action_marvin_interfaces/action_marvin_interfaces_s__rosidl_typesupport_introspection_c.cpython-310-x86_64-linux-gnu.so
[1.657s] -- Up-to-date: /home/iartes/marvinAutonomousTester/install/action_marvin_interfaces/local/lib/python3.10/dist-packages/action_marvin_interfaces/_action_marvin_interfaces_s.ep.rosidl_typesupport_c.c
[1.658s] -- Up-to-date: /home/iartes/marvinAutonomousTester/install/action_marvin_interfaces/local/lib/python3.10/dist-packages/action_marvin_interfaces/_action_marvin_interfaces_s.ep.rosidl_typesupport_introspection_c.c
[1.658s] -- Up-to-date: /home/iartes/marvinAutonomousTester/install/action_marvin_interfaces/local/lib/python3.10/dist-packages/action_marvin_interfaces/action_marvin_interfaces_s__rosidl_typesupport_c.cpython-310-x86_64-linux-gnu.so
[1.659s] -- Up-to-date: /home/iartes/marvinAutonomousTester/install/action_marvin_interfaces/local/lib/python3.10/dist-packages/action_marvin_interfaces/_action_marvin_interfaces_s.ep.rosidl_typesupport_fastrtps_c.c
[1.659s] -- Up-to-date: /home/iartes/marvinAutonomousTester/install/action_marvin_interfaces/local/lib/python3.10/dist-packages/action_marvin_interfaces/action
[1.660s] -- Up-to-date: /home/iartes/marvinAutonomousTester/install/action_marvin_interfaces/local/lib/python3.10/dist-packages/action_marvin_interfaces/action/__init__.py
[1.660s] -- Up-to-date: /home/iartes/marvinAutonomousTester/install/action_marvin_interfaces/local/lib/python3.10/dist-packages/action_marvin_interfaces/action/_hover_s.c
[1.661s] -- Up-to-date: /home/iartes/marvinAutonomousTester/install/action_marvin_interfaces/local/lib/python3.10/dist-packages/action_marvin_interfaces/action/_hover.py
[1.667s] Listing '/home/iartes/marvinAutonomousTester/install/action_marvin_interfaces/local/lib/python3.10/dist-packages/action_marvin_interfaces'...
[1.667s] Listing '/home/iartes/marvinAutonomousTester/install/action_marvin_interfaces/local/lib/python3.10/dist-packages/action_marvin_interfaces/action'...
[1.671s] -- Up-to-date: /home/iartes/marvinAutonomousTester/install/action_marvin_interfaces/local/lib/python3.10/dist-packages/action_marvin_interfaces/action_marvin_interfaces_s__rosidl_typesupport_fastrtps_c.cpython-310-x86_64-linux-gnu.so
[1.672s] -- Up-to-date: /home/iartes/marvinAutonomousTester/install/action_marvin_interfaces/local/lib/python3.10/dist-packages/action_marvin_interfaces/action_marvin_interfaces_s__rosidl_typesupport_introspection_c.cpython-310-x86_64-linux-gnu.so
[1.673s] -- Up-to-date: /home/iartes/marvinAutonomousTester/install/action_marvin_interfaces/local/lib/python3.10/dist-packages/action_marvin_interfaces/action_marvin_interfaces_s__rosidl_typesupport_c.cpython-310-x86_64-linux-gnu.so
[1.674s] -- Up-to-date: /home/iartes/marvinAutonomousTester/install/action_marvin_interfaces/lib/libaction_marvin_interfaces__rosidl_generator_py.so
[1.675s] -- Up-to-date: /home/iartes/marvinAutonomousTester/install/action_marvin_interfaces/share/action_marvin_interfaces/action/Hover.idl
[1.675s] -- Up-to-date: /home/iartes/marvinAutonomousTester/install/action_marvin_interfaces/share/action_marvin_interfaces/action/Hover.action
[1.676s] -- Up-to-date: /home/iartes/marvinAutonomousTester/install/action_marvin_interfaces/share/ament_index/resource_index/package_run_dependencies/action_marvin_interfaces
[1.687s] -- Up-to-date: /home/iartes/marvinAutonomousTester/install/action_marvin_interfaces/share/ament_index/resource_index/parent_prefix_path/action_marvin_interfaces
[1.688s] -- Up-to-date: /home/iartes/marvinAutonomousTester/install/action_marvin_interfaces/share/action_marvin_interfaces/environment/ament_prefix_path.sh
[1.688s] -- Up-to-date: /home/iartes/marvinAutonomousTester/install/action_marvin_interfaces/share/action_marvin_interfaces/environment/ament_prefix_path.dsv
[1.689s] -- Up-to-date: /home/iartes/marvinAutonomousTester/install/action_marvin_interfaces/share/action_marvin_interfaces/environment/path.sh
[1.689s] -- Up-to-date: /home/iartes/marvinAutonomousTester/install/action_marvin_interfaces/share/action_marvin_interfaces/environment/path.dsv
[1.690s] -- Up-to-date: /home/iartes/marvinAutonomousTester/install/action_marvin_interfaces/share/action_marvin_interfaces/local_setup.bash
[1.690s] -- Up-to-date: /home/iartes/marvinAutonomousTester/install/action_marvin_interfaces/share/action_marvin_interfaces/local_setup.sh
[1.690s] -- Up-to-date: /home/iartes/marvinAutonomousTester/install/action_marvin_interfaces/share/action_marvin_interfaces/local_setup.zsh
[1.690s] -- Up-to-date: /home/iartes/marvinAutonomousTester/install/action_marvin_interfaces/share/action_marvin_interfaces/local_setup.dsv
[1.690s] -- Installing: /home/iartes/marvinAutonomousTester/install/action_marvin_interfaces/share/action_marvin_interfaces/package.dsv
[1.690s] -- Up-to-date: /home/iartes/marvinAutonomousTester/install/action_marvin_interfaces/share/ament_index/resource_index/packages/action_marvin_interfaces
[1.690s] -- Up-to-date: /home/iartes/marvinAutonomousTester/install/action_marvin_interfaces/share/action_marvin_interfaces/cmake/export_action_marvin_interfaces__rosidl_generator_cExport.cmake
[1.690s] -- Up-to-date: /home/iartes/marvinAutonomousTester/install/action_marvin_interfaces/share/action_marvin_interfaces/cmake/export_action_marvin_interfaces__rosidl_generator_cExport-noconfig.cmake
[1.690s] -- Up-to-date: /home/iartes/marvinAutonomousTester/install/action_marvin_interfaces/share/action_marvin_interfaces/cmake/export_action_marvin_interfaces__rosidl_typesupport_fastrtps_cExport.cmake
[1.690s] -- Up-to-date: /home/iartes/marvinAutonomousTester/install/action_marvin_interfaces/share/action_marvin_interfaces/cmake/export_action_marvin_interfaces__rosidl_typesupport_fastrtps_cExport-noconfig.cmake
[1.691s] -- Up-to-date: /home/iartes/marvinAutonomousTester/install/action_marvin_interfaces/share/action_marvin_interfaces/cmake/action_marvin_interfaces__rosidl_typesupport_introspection_cExport.cmake
[1.691s] -- Up-to-date: /home/iartes/marvinAutonomousTester/install/action_marvin_interfaces/share/action_marvin_interfaces/cmake/action_marvin_interfaces__rosidl_typesupport_introspection_cExport-noconfig.cmake
[1.691s] -- Up-to-date: /home/iartes/marvinAutonomousTester/install/action_marvin_interfaces/share/action_marvin_interfaces/cmake/action_marvin_interfaces__rosidl_typesupport_cExport.cmake
[1.691s] -- Up-to-date: /home/iartes/marvinAutonomousTester/install/action_marvin_interfaces/share/action_marvin_interfaces/cmake/action_marvin_interfaces__rosidl_typesupport_cExport-noconfig.cmake
[1.691s] -- Up-to-date: /home/iartes/marvinAutonomousTester/install/action_marvin_interfaces/share/action_marvin_interfaces/cmake/export_action_marvin_interfaces__rosidl_generator_cppExport.cmake
[1.691s] -- Up-to-date: /home/iartes/marvinAutonomousTester/install/action_marvin_interfaces/share/action_marvin_interfaces/cmake/export_action_marvin_interfaces__rosidl_typesupport_fastrtps_cppExport.cmake
[1.691s] -- Up-to-date: /home/iartes/marvinAutonomousTester/install/action_marvin_interfaces/share/action_marvin_interfaces/cmake/export_action_marvin_interfaces__rosidl_typesupport_fastrtps_cppExport-noconfig.cmake
[1.691s] -- Up-to-date: /home/iartes/marvinAutonomousTester/install/action_marvin_interfaces/share/action_marvin_interfaces/cmake/action_marvin_interfaces__rosidl_typesupport_introspection_cppExport.cmake
[1.691s] -- Up-to-date: /home/iartes/marvinAutonomousTester/install/action_marvin_interfaces/share/action_marvin_interfaces/cmake/action_marvin_interfaces__rosidl_typesupport_introspection_cppExport-noconfig.cmake
[1.691s] -- Up-to-date: /home/iartes/marvinAutonomousTester/install/action_marvin_interfaces/share/action_marvin_interfaces/cmake/action_marvin_interfaces__rosidl_typesupport_cppExport.cmake
[1.691s] -- Up-to-date: /home/iartes/marvinAutonomousTester/install/action_marvin_interfaces/share/action_marvin_interfaces/cmake/action_marvin_interfaces__rosidl_typesupport_cppExport-noconfig.cmake
[1.691s] -- Up-to-date: /home/iartes/marvinAutonomousTester/install/action_marvin_interfaces/share/action_marvin_interfaces/cmake/export_action_marvin_interfaces__rosidl_generator_pyExport.cmake
[1.691s] -- Up-to-date: /home/iartes/marvinAutonomousTester/install/action_marvin_interfaces/share/action_marvin_interfaces/cmake/export_action_marvin_interfaces__rosidl_generator_pyExport-noconfig.cmake
[1.691s] -- Up-to-date: /home/iartes/marvinAutonomousTester/install/action_marvin_interfaces/share/action_marvin_interfaces/cmake/rosidl_cmake-extras.cmake
[1.691s] -- Up-to-date: /home/iartes/marvinAutonomousTester/install/action_marvin_interfaces/share/action_marvin_interfaces/cmake/ament_cmake_export_dependencies-extras.cmake
[1.691s] -- Up-to-date: /home/iartes/marvinAutonomousTester/install/action_marvin_interfaces/share/action_marvin_interfaces/cmake/ament_cmake_export_include_directories-extras.cmake
[1.691s] -- Up-to-date: /home/iartes/marvinAutonomousTester/install/action_marvin_interfaces/share/action_marvin_interfaces/cmake/ament_cmake_export_libraries-extras.cmake
[1.692s] -- Up-to-date: /home/iartes/marvinAutonomousTester/install/action_marvin_interfaces/share/action_marvin_interfaces/cmake/ament_cmake_export_targets-extras.cmake
[1.692s] -- Up-to-date: /home/iartes/marvinAutonomousTester/install/action_marvin_interfaces/share/action_marvin_interfaces/cmake/rosidl_cmake_export_typesupport_targets-extras.cmake
[1.692s] -- Up-to-date: /home/iartes/marvinAutonomousTester/install/action_marvin_interfaces/share/action_marvin_interfaces/cmake/rosidl_cmake_export_typesupport_libraries-extras.cmake
[1.692s] -- Up-to-date: /home/iartes/marvinAutonomousTester/install/action_marvin_interfaces/share/action_marvin_interfaces/cmake/action_marvin_interfacesConfig.cmake
[1.692s] -- Up-to-date: /home/iartes/marvinAutonomousTester/install/action_marvin_interfaces/share/action_marvin_interfaces/cmake/action_marvin_interfacesConfig-version.cmake
[1.692s] -- Up-to-date: /home/iartes/marvinAutonomousTester/install/action_marvin_interfaces/share/action_marvin_interfaces/package.xml
[1.692s] Invoked command in '/home/iartes/marvinAutonomousTester/build/action_marvin_interfaces' returned '0': CMAKE_PREFIX_PATH=${CMAKE_PREFIX_PATH}:/home/iartes/chess_manipulator/install/chess_manipulator:/home/iartes/ws_moveit2/install/moveit_configs_utils:/home/iartes/ws_moveit2/install/launch_param_builder:/opt/ros/humble /usr/bin/cmake --install /home/iartes/marvinAutonomousTester/build/action_marvin_interfaces
